#
# A fatal error has been detected by the Java Runtime Environment:
#
#  SIGSEGV (0xb) at pc=0x00007fc6f934a0f9, pid=4310, tid=0x00007fc70f15c700
#
# JRE version: Java(TM) SE Runtime Environment (8.0_151-b12) (build 1.8.0_151-b12)
# Java VM: Java HotSpot(TM) 64-Bit Server VM (25.151-b12 mixed mode linux-amd64 compressed oops)
# Problematic frame:
# J 838 C1 com.google.common.collect.CustomConcurrentHashMap$Segment.getEntry(Ljava/lang/Object;I)Lcom/google/common/collect/CustomConcurrentHashMap$ReferenceEntry; (80 bytes) @ 0x00007fc6f934a0f9 [0x00007fc6f9349f80+0x179]
#
# Failed to write core dump. Core dumps have been disabled. To enable core dumping, try "ulimit -c unlimited" before starting Java again
#
# If you would like to submit a bug report, please visit:
#   http://bugreport.java.com/bugreport/crash.jsp
#

---------------  T H R E A D  ---------------

Current thread (0x00007fc70800a000):  JavaThread "main" [_thread_in_Java, id=4313, stack(0x00007fc70f05c000,0x00007fc70f15d000)]

siginfo: si_signo: 11 (SIGSEGV), si_code: 1 (SEGV_MAPERR), si_addr: 0x0000000048600590

Registers:
RAX=0x000000000000040d, RBX=0x0000000000001c78, RCX=0x000000002321b6ab, RDX=0x00000000d73a9518
RSP=0x00007fc70f159210, RBP=0x00007fc70f1595c0, RSI=0x00000000d9600530, RDI=0x0000000048600590
R8 =0x00000000d9600108, R9 =0x000000002321958a, R10=0x0000000004403782, R11=0x00000000e4090cb3
R12=0x0000000000000000, R13=0x00007fc70f159570, R14=0x00007fc70f1595d8, R15=0x00007fc70800a000
RIP=0x00007fc6f934a0f9, EFLAGS=0x0000000000010206, CSGSFS=0x0000000000000033, ERR=0x0000000000000004
  TRAPNO=0x000000000000000e

Top of Stack: (sp=0x00007fc70f159210)
0x00007fc70f159210:   00000000d73b76b0 00000000d73b7698
0x00007fc70f159220:   00000000d73b7540 00007fc631f171e1
0x00007fc70f159230:   00000000d96073e8 00000000d73b7f28
0x00007fc70f159240:   000000d2f7f11a8b 00000000d96152a8
0x00007fc70f159250:   00000000d96073e8 0000000000000001
0x00007fc70f159260:   00000000d73b76b0 00007fc6e3432870
0x00007fc70f159270:   00007fc70f1595b8 00007fc6f934230c
0x00007fc70f159280:   00007fc70f159370 00007fc70800a000
0x00007fc70f159290:   00007fc70f1592e0 00007fc6f9361766
0x00007fc70f1592a0:   00000000d73a94a0 00007fc62321b6ab
0x00007fc70f1592b0:   00000000d9600530 00000000d73a9518
0x00007fc70f1592c0:   0000000000000000 00007fc70f1592e0
0x00007fc70f1592d0:   00007fc70f159328 00007fc6f9008040
0x00007fc70f1592e0:   00007fc70f1595c0 00007fc6f933d86c
0x00007fc70f1592f0:   00007fc6e392ad67 00007fc70f159350
0x00007fc70f159300:   00007fc70f159360 00007fc6f9007d00
0x00007fc70f159310:   00007fc6f9007d00 00000000d94f8748
0x00007fc70f159320:   00000000d96073e8 0000001b31f171e1
0x00007fc70f159330:   00000000d73b7540 00000000d96073d8
0x00007fc70f159340:   0000000000000000 00000000d9607448
0x00007fc70f159350:   0000000100000021 0000000000000000
0x00007fc70f159360:   0000000000000000 00000000d73a9530
0x00007fc70f159370:   00000000a85c300b 00007fc70f159378
0x00007fc70f159380:   00007fc6e3941c0b 00000000d73b7698
0x00007fc70f159390:   00000000d9600530 000000002321b6ab
0x00007fc70f1593a0:   00000000d73a9518 00000000d9600108
0x00007fc70f1593b0:   00007fc70f1593d0 00007fc70f1595b8
0x00007fc70f1593c0:   00007fc6f938a9c4 00000000d73b7f28
0x00007fc70f1593d0:   00007fc6e39415b1 00007fc70f159470
0x00007fc70f1593e0:   00007fc6e394d8a8 0000000000000000
0x00007fc70f1593f0:   00007fc6e3941690 0000000000000000
0x00007fc70f159400:   00007fc70f1595b8 00007fc6f92febcc 

Instructions: (pc=0x00007fc6f934a0f9)
0x00007fc6f934a0d9:   dc 00 00 00 48 bf 90 cb 96 e3 c6 7f 00 00 81 e3
0x00007fc6f934a0e9:   f8 ff 7f 00 83 fb 00 0f 84 ba 13 00 00 8b 7e 24
0x00007fc6f934a0f9:   48 3b 07 48 8b df 48 b8 e0 00 af e3 c6 7f 00 00
0x00007fc6f934a109:   8b 5b 08 48 c1 e3 03 48 3b 98 10 01 00 00 75 0d 

Register to memory mapping:

RAX=0x000000000000040d is an unknown value
RBX=0x0000000000001c78 is an unknown value
RCX=0x000000002321b6ab is an unknown value
RDX=0x00000000d73a9518 is an oop
com.google.inject.Key 
 - klass: 'com/google/inject/Key'
RSP=0x00007fc70f159210 is pointing into the stack for thread: 0x00007fc70800a000
RBP=0x00007fc70f1595c0 is pointing into the stack for thread: 0x00007fc70800a000
RSI=0x00000000d9600530 is an oop
com.google.common.collect.ComputingConcurrentHashMap$ComputingSegment 
 - klass: 'com/google/common/collect/ComputingConcurrentHashMap$ComputingSegment'
RDI=0x0000000048600590 is an unknown value
R8 =0x00000000d9600108 is an oop
com.google.inject.internal.ProvisionListenerCallbackStore$1 
 - klass: 'com/google/inject/internal/ProvisionListenerCallbackStore$1'
R9 =0x000000002321958a is an unknown value
R10=0x0000000004403782 is an unknown value
R11=0x00000000e4090cb3 is an unallocated location in the heap
R12=0x0000000000000000 is an unknown value
R13=0x00007fc70f159570 is pointing into the stack for thread: 0x00007fc70800a000
R14=0x00007fc70f1595d8 is pointing into the stack for thread: 0x00007fc70800a000
R15=0x00007fc70800a000 is a thread


Stack: [0x00007fc70f05c000,0x00007fc70f15d000],  sp=0x00007fc70f159210,  free space=1012k
Native frames: (J=compiled Java code, j=interpreted, Vv=VM code, C=native code)
J 838 C1 com.google.common.collect.CustomConcurrentHashMap$Segment.getEntry(Ljava/lang/Object;I)Lcom/google/common/collect/CustomConcurrentHashMap$ReferenceEntry; (80 bytes) @ 0x00007fc6f934a0f9 [0x00007fc6f9349f80+0x179]
J 837 C1 com.google.common.collect.ComputingConcurrentHashMap$ComputingSegment.getOrCompute(Ljava/lang/Object;ILcom/google/common/base/Function;)Ljava/lang/Object; (501 bytes) @ 0x00007fc6f933d86c [0x00007fc6f933d740+0x12c]
J 711 C1 com.google.common.collect.ComputingConcurrentHashMap$ComputingMapAdapter.get(Ljava/lang/Object;)Ljava/lang/Object; (79 bytes) @ 0x00007fc6f92febcc [0x00007fc6f92fe4c0+0x70c]
j  com.google.inject.internal.ProvisionListenerCallbackStore.get(Lcom/google/inject/Key;)Lcom/google/inject/internal/ProvisionListenerStackCallback;+5
j  com.google.inject.internal.ConstructorBindingImpl.initialize(Lcom/google/inject/internal/InjectorImpl;Lcom/google/inject/internal/Errors;)V+55
j  com.google.inject.internal.InjectorImpl.initializeJitBinding(Lcom/google/inject/internal/BindingImpl;Lcom/google/inject/internal/Errors;)V+37
j  com.google.inject.internal.InjectorImpl.createJustInTimeBinding(Lcom/google/inject/Key;Lcom/google/inject/internal/Errors;ZLcom/google/inject/internal/InjectorImpl$JitLimitation;)Lcom/google/inject/internal/BindingImpl;+203
j  com.google.inject.internal.InjectorImpl.createJustInTimeBindingRecursive(Lcom/google/inject/Key;Lcom/google/inject/internal/Errors;ZLcom/google/inject/internal/InjectorImpl$JitLimitation;)Lcom/google/inject/internal/BindingImpl;+89
j  com.google.inject.internal.InjectorImpl.getJustInTimeBinding(Lcom/google/inject/Key;Lcom/google/inject/internal/Errors;Lcom/google/inject/internal/InjectorImpl$JitLimitation;)Lcom/google/inject/internal/BindingImpl;+136
J 1066 C1 com.google.inject.internal.InjectorImpl.getProvider(Lcom/google/inject/Key;)Lcom/google/inject/Provider; (43 bytes) @ 0x00007fc6f93c9e04 [0x00007fc6f93c99c0+0x444]
j  com.google.inject.internal.InjectorImpl.getProvider(Ljava/lang/Class;)Lcom/google/inject/Provider;+5
j  com.google.inject.internal.InjectorImpl.getInstance(Ljava/lang/Class;)Ljava/lang/Object;+2
j  org.sonatype.guice.bean.reflect.AbstractDeferredClass.get()Ljava/lang/Object;+8
j  com.google.inject.internal.ProviderInternalFactory.provision(Ljavax/inject/Provider;Lcom/google/inject/internal/Errors;Lcom/google/inject/spi/Dependency;Lcom/google/inject/internal/ConstructionContext;)Ljava/lang/Object;+7
j  com.google.inject.internal.InternalFactoryToInitializableAdapter.provision(Ljavax/inject/Provider;Lcom/google/inject/internal/Errors;Lcom/google/inject/spi/Dependency;Lcom/google/inject/internal/ConstructionContext;)Ljava/lang/Object;+6
j  com.google.inject.internal.ProviderInternalFactory$1.call()Ljava/lang/Object;+20
J 1057 C1 com.google.inject.internal.ProvisionListenerStackCallback$Provision.provision()Ljava/lang/Object; (157 bytes) @ 0x00007fc6f93c578c [0x00007fc6f93c5620+0x16c]
j  org.sonatype.guice.plexus.lifecycles.PlexusLifecycleManager.onProvision(Lcom/google/inject/spi/ProvisionListener$ProvisionInvocation;)V+24
J 1057 C1 com.google.inject.internal.ProvisionListenerStackCallback$Provision.provision()Ljava/lang/Object; (157 bytes) @ 0x00007fc6f93c588c [0x00007fc6f93c5620+0x26c]
j  com.google.inject.internal.ProvisionListenerStackCallback.provision(Lcom/google/inject/internal/Errors;Lcom/google/inject/internal/InternalContext;Lcom/google/inject/internal/ProvisionListenerStackCallback$ProvisionCallback;)Ljava/lang/Object;+18
j  com.google.inject.internal.ProviderInternalFactory.circularGet(Ljavax/inject/Provider;Lcom/google/inject/internal/Errors;Lcom/google/inject/internal/InternalContext;Lcom/google/inject/spi/Dependency;Z)Ljava/lang/Object;+99
j  com.google.inject.internal.InternalFactoryToInitializableAdapter.get(Lcom/google/inject/internal/Errors;Lcom/google/inject/internal/InternalContext;Lcom/google/inject/spi/Dependency;Z)Ljava/lang/Object;+19
j  com.google.inject.internal.ProviderToInternalFactoryAdapter$1.call(Lcom/google/inject/internal/InternalContext;)Ljava/lang/Object;+19
J 912 C1 com.google.inject.internal.InjectorImpl.callInContext(Lcom/google/inject/internal/ContextualCallable;)Ljava/lang/Object; (68 bytes) @ 0x00007fc6f936f8d4 [0x00007fc6f936ece0+0xbf4]
j  com.google.inject.internal.ProviderToInternalFactoryAdapter.get()Ljava/lang/Object;+21
J 1061 C1 com.google.inject.Scopes$1$1.get()Ljava/lang/Object; (113 bytes) @ 0x00007fc6f93c7c6c [0x00007fc6f93c7a20+0x24c]
J 1108 C1 com.google.inject.internal.InternalFactoryToProviderAdapter.get(Lcom/google/inject/internal/Errors;Lcom/google/inject/internal/InternalContext;Lcom/google/inject/spi/Dependency;Z)Ljava/lang/Object; (38 bytes) @ 0x00007fc6f93eca44 [0x00007fc6f93ec920+0x124]
J 1096 C1 com.google.inject.internal.InjectorImpl$3$1.call(Lcom/google/inject/internal/InternalContext;)Ljava/lang/Object; (68 bytes) @ 0x00007fc6f93e330c [0x00007fc6f93e2e40+0x4cc]
J 912 C1 com.google.inject.internal.InjectorImpl.callInContext(Lcom/google/inject/internal/ContextualCallable;)Ljava/lang/Object; (68 bytes) @ 0x00007fc6f936f5f4 [0x00007fc6f936ece0+0x914]
J 1047 C1 com.google.inject.internal.InjectorImpl$3.get()Ljava/lang/Object; (56 bytes) @ 0x00007fc6f93bdee4 [0x00007fc6f93bdbc0+0x324]
j  org.sonatype.guice.bean.locators.LazyBeanEntry.getValue()Ljava/lang/Object;+4
j  org.sonatype.guice.plexus.locators.LazyPlexusBean.getValue()Ljava/lang/Object;+4
j  org.codehaus.plexus.DefaultPlexusContainer.lookup(Ljava/lang/Class;Ljava/lang/String;Ljava/lang/String;)Ljava/lang/Object;+27
j  org.codehaus.plexus.DefaultPlexusContainer.lookup(Ljava/lang/Class;Ljava/lang/String;)Ljava/lang/Object;+4
j  org.apache.maven.plugin.internal.DefaultMavenPluginManager.populatePluginFields(Ljava/lang/Object;Lorg/apache/maven/plugin/descriptor/MojoDescriptor;Lorg/codehaus/plexus/classworlds/realm/ClassRealm;Lorg/codehaus/plexus/configuration/PlexusConfiguration;Lorg/codehaus/plexus/component/configurator/expression/ExpressionEvaluator;)V+30
j  org.apache.maven.plugin.internal.DefaultMavenPluginManager.getConfiguredMojo(Ljava/lang/Class;Lorg/apache/maven/execution/MavenSession;Lorg/apache/maven/plugin/MojoExecution;)Ljava/lang/Object;+616
j  org.apache.maven.plugin.DefaultBuildPluginManager.executeMojo(Lorg/apache/maven/execution/MavenSession;Lorg/apache/maven/plugin/MojoExecution;)V+79
j  org.apache.maven.lifecycle.internal.MojoExecutor.execute(Lorg/apache/maven/execution/MavenSession;Lorg/apache/maven/plugin/MojoExecution;Lorg/apache/maven/lifecycle/internal/ProjectIndex;Lorg/apache/maven/lifecycle/internal/DependencyContext;)V+215
j  org.apache.maven.lifecycle.internal.MojoExecutor.execute(Lorg/apache/maven/execution/MavenSession;Lorg/apache/maven/plugin/MojoExecution;Lorg/apache/maven/lifecycle/internal/ProjectIndex;Lorg/apache/maven/lifecycle/internal/DependencyContext;Lorg/apache/maven/lifecycle/internal/PhaseRecorder;)V+6
j  org.apache.maven.lifecycle.internal.MojoExecutor.execute(Lorg/apache/maven/execution/MavenSession;Ljava/util/List;Lorg/apache/maven/lifecycle/internal/ProjectIndex;)V+60
j  org.apache.maven.lifecycle.internal.LifecycleModuleBuilder.buildProject(Lorg/apache/maven/execution/MavenSession;Lorg/apache/maven/execution/MavenSession;Lorg/apache/maven/lifecycle/internal/ReactorContext;Lorg/apache/maven/project/MavenProject;Lorg/apache/maven/lifecycle/internal/TaskSegment;)V+107
j  org.apache.maven.lifecycle.internal.LifecycleModuleBuilder.buildProject(Lorg/apache/maven/execution/MavenSession;Lorg/apache/maven/lifecycle/internal/ReactorContext;Lorg/apache/maven/project/MavenProject;Lorg/apache/maven/lifecycle/internal/TaskSegment;)V+7
j  org.apache.maven.lifecycle.internal.LifecycleStarter.singleThreadedBuild(Lorg/apache/maven/execution/MavenSession;Lorg/apache/maven/lifecycle/internal/ReactorContext;Lorg/apache/maven/lifecycle/internal/ProjectBuildList;Ljava/util/List;Lorg/apache/maven/lifecycle/internal/ReactorBuildStatus;)V+77
j  org.apache.maven.lifecycle.internal.LifecycleStarter.execute(Lorg/apache/maven/execution/MavenSession;)V+421
j  org.apache.maven.DefaultMaven.doExecute(Lorg/apache/maven/execution/MavenExecutionRequest;)Lorg/apache/maven/execution/MavenExecutionResult;+585
j  org.apache.maven.DefaultMaven.execute(Lorg/apache/maven/execution/MavenExecutionRequest;)Lorg/apache/maven/execution/MavenExecutionResult;+11
j  org.apache.maven.cli.MavenCli.execute(Lorg/apache/maven/cli/MavenCli$CliRequest;)I+19
j  org.apache.maven.cli.MavenCli.doMain(Lorg/apache/maven/cli/MavenCli$CliRequest;)I+53
j  org.apache.maven.cli.MavenCli.main([Ljava/lang/String;Lorg/codehaus/plexus/classworlds/ClassWorld;)I+18
v  ~StubRoutines::call_stub
V  [libjvm.so+0x693e76]  JavaCalls::call_helper(JavaValue*, methodHandle*, JavaCallArguments*, Thread*)+0x1056
V  [libjvm.so+0x9a0837]  Reflection::invoke(instanceKlassHandle, methodHandle, Handle, bool, objArrayHandle, BasicType, objArrayHandle, bool, Thread*)+0x5d7
V  [libjvm.so+0x9a3f47]  Reflection::invoke_method(oopDesc*, Handle, objArrayHandle, Thread*)+0x147
V  [libjvm.so+0x72752b]  JVM_InvokeMethod+0x26b
j  sun.reflect.NativeMethodAccessorImpl.invoke0(Ljava/lang/reflect/Method;Ljava/lang/Object;[Ljava/lang/Object;)Ljava/lang/Object;+0
j  sun.reflect.NativeMethodAccessorImpl.invoke(Ljava/lang/Object;[Ljava/lang/Object;)Ljava/lang/Object;+100
j  sun.reflect.DelegatingMethodAccessorImpl.invoke(Ljava/lang/Object;[Ljava/lang/Object;)Ljava/lang/Object;+6
j  java.lang.reflect.Method.invoke(Ljava/lang/Object;[Ljava/lang/Object;)Ljava/lang/Object;+56
j  org.codehaus.plexus.classworlds.launcher.Launcher.launchEnhanced([Ljava/lang/String;)V+45
j  org.codehaus.plexus.classworlds.launcher.Launcher.launch([Ljava/lang/String;)V+2
j  org.codehaus.plexus.classworlds.launcher.Launcher.mainWithExitCode([Ljava/lang/String;)I+97
j  org.codehaus.plexus.classworlds.launcher.Launcher.main([Ljava/lang/String;)V+1
v  ~StubRoutines::call_stub
V  [libjvm.so+0x693e76]  JavaCalls::call_helper(JavaValue*, methodHandle*, JavaCallArguments*, Thread*)+0x1056
V  [libjvm.so+0x6d5292]  jni_invoke_static(JNIEnv_*, JavaValue*, _jobject*, JNICallType, _jmethodID*, JNI_ArgumentPusher*, Thread*)+0x362
V  [libjvm.so+0x6f1afa]  jni_CallStaticVoidMethod+0x17a
C  [libjli.so+0x80ff]  JavaMain+0x81f
C  [libpthread.so.0+0x76ba]  start_thread+0xca


---------------  P R O C E S S  ---------------

Java Threads: ( => current thread )
  0x00007fc7085fa800 JavaThread "process reaper" daemon [_thread_blocked, id=4332, stack(0x00007fc6e16fe000,0x00007fc6e1737000)]
  0x00007fc7080c1800 JavaThread "Service Thread" daemon [_thread_blocked, id=4325, stack(0x00007fc6e1c38000,0x00007fc6e1d39000)]
  0x00007fc7080be000 JavaThread "C1 CompilerThread2" daemon [_thread_blocked, id=4324, stack(0x00007fc6e1d39000,0x00007fc6e1e3a000)]
  0x00007fc7080bc800 JavaThread "C2 CompilerThread1" daemon [_thread_blocked, id=4323, stack(0x00007fc6e1e3a000,0x00007fc6e1f3b000)]
  0x00007fc7080b9800 JavaThread "C2 CompilerThread0" daemon [_thread_blocked, id=4322, stack(0x00007fc6e1f3b000,0x00007fc6e203c000)]
  0x00007fc7080b8000 JavaThread "Signal Dispatcher" daemon [_thread_blocked, id=4321, stack(0x00007fc6e203c000,0x00007fc6e213d000)]
  0x00007fc708084000 JavaThread "Finalizer" daemon [_thread_blocked, id=4320, stack(0x00007fc6e2416000,0x00007fc6e2517000)]
  0x00007fc70807f800 JavaThread "Reference Handler" daemon [_thread_blocked, id=4319, stack(0x00007fc6e2517000,0x00007fc6e2618000)]
=>0x00007fc70800a000 JavaThread "main" [_thread_in_Java, id=4313, stack(0x00007fc70f05c000,0x00007fc70f15d000)]

Other Threads:
  0x00007fc708077800 VMThread [stack: 0x00007fc6e2618000,0x00007fc6e2719000] [id=4318]
  0x00007fc7080c4000 WatcherThread [stack: 0x00007fc6e1b37000,0x00007fc6e1c38000] [id=4326]

VM state:not at safepoint (normal execution)

VM Mutex/Monitor currently owned by a thread: None

Heap:
 PSYoungGen      total 36864K, used 10304K [0x00000000d6f00000, 0x00000000d9800000, 0x0000000100000000)
  eden space 31744K, 16% used [0x00000000d6f00000,0x00000000d7411718,0x00000000d8e00000)
  from space 5120K, 99% used [0x00000000d9300000,0x00000000d97fea88,0x00000000d9800000)
  to   space 5120K, 0% used [0x00000000d8e00000,0x00000000d8e00000,0x00000000d9300000)
 ParOldGen       total 84992K, used 1544K [0x0000000084c00000, 0x0000000089f00000, 0x00000000d6f00000)
  object space 84992K, 1% used [0x0000000084c00000,0x0000000084d82348,0x0000000089f00000)
 Metaspace       used 13418K, capacity 13806K, committed 14080K, reserved 1060864K
  class space    used 1661K, capacity 1763K, committed 1792K, reserved 1048576K

Card table byte_map: [0x00007fc6f8865000,0x00007fc6f8c40000] byte_map_base: 0x00007fc6f843f000

Marking Bits: (ParMarkBitMap*) 0x00007fc70e527f80
 Begin Bits: [0x00007fc6f0260000, 0x00007fc6f2130000)
 End Bits:   [0x00007fc6f2130000, 0x00007fc6f4000000)

Polling page: 0x00007fc70f178000

CodeCache: size=245760Kb used=5274Kb max_used=5279Kb free=240485Kb
 bounds [0x00007fc6f9000000, 0x00007fc6f9530000, 0x00007fc708000000]
 total_blobs=1836 nmethods=1502 adapters=247
 compilation: enabled

Compilation events (10 events):
Event: 2,262 Thread 0x00007fc7080be000 1497       1       com.google.inject.internal.InternalContext::getDependency (5 bytes)
Event: 2,262 Thread 0x00007fc7080be000 nmethod 1497 0x00007fc6f9514090 code [0x00007fc6f95141e0, 0x00007fc6f95142f0]
Event: 2,262 Thread 0x00007fc7080be000 1498       1       com.google.inject.internal.ProviderToInternalFactoryAdapter::access$000 (5 bytes)
Event: 2,262 Thread 0x00007fc7080be000 nmethod 1498 0x00007fc6f9513dd0 code [0x00007fc6f9513f20, 0x00007fc6f9514010]
Event: 2,262 Thread 0x00007fc7080be000 1500       3       java.util.TreeMap::successor (66 bytes)
Event: 2,263 Thread 0x00007fc7080be000 nmethod 1500 0x00007fc6f9513750 code [0x00007fc6f95138e0, 0x00007fc6f9513c50]
Event: 2,263 Thread 0x00007fc7080be000 1499       3       java.util.TreeMap$PrivateEntryIterator::nextEntry (54 bytes)
Event: 2,266 Thread 0x00007fc7080be000 nmethod 1499 0x00007fc6f9521ed0 code [0x00007fc6f9522080, 0x00007fc6f9522408]
Event: 2,266 Thread 0x00007fc7080be000 1501       3       org.codehaus.plexus.classworlds.realm.Entry::matches (282 bytes)
Event: 2,269 Thread 0x00007fc7080b9800 nmethod 1442 0x00007fc6f95225d0 code [0x00007fc6f9522a00, 0x00007fc6f95261d8]

GC Heap History (4 events):
Event: 1,197 GC heap before
{Heap before GC invocations=1 (full 0):
 PSYoungGen      total 36864K, used 31744K [0x00000000d6f00000, 0x00000000d9800000, 0x0000000100000000)
  eden space 31744K, 100% used [0x00000000d6f00000,0x00000000d8e00000,0x00000000d8e00000)
  from space 5120K, 0% used [0x00000000d9300000,0x00000000d9300000,0x00000000d9800000)
  to   space 5120K, 0% used [0x00000000d8e00000,0x00000000d8e00000,0x00000000d9300000)
 ParOldGen       total 84992K, used 0K [0x0000000084c00000, 0x0000000089f00000, 0x00000000d6f00000)
  object space 84992K, 0% used [0x0000000084c00000,0x0000000084c00000,0x0000000089f00000)
 Metaspace       used 7799K, capacity 7982K, committed 8192K, reserved 1056768K
  class space    used 979K, capacity 1021K, committed 1024K, reserved 1048576K
Event: 1,203 GC heap after
Heap after GC invocations=1 (full 0):
 PSYoungGen      total 36864K, used 4594K [0x00000000d6f00000, 0x00000000d9800000, 0x0000000100000000)
  eden space 31744K, 0% used [0x00000000d6f00000,0x00000000d6f00000,0x00000000d8e00000)
  from space 5120K, 89% used [0x00000000d8e00000,0x00000000d927cb98,0x00000000d9300000)
  to   space 5120K, 0% used [0x00000000d9300000,0x00000000d9300000,0x00000000d9800000)
 ParOldGen       total 84992K, used 8K [0x0000000084c00000, 0x0000000089f00000, 0x00000000d6f00000)
  object space 84992K, 0% used [0x0000000084c00000,0x0000000084c02000,0x0000000089f00000)
 Metaspace       used 7799K, capacity 7982K, committed 8192K, reserved 1056768K
  class space    used 979K, capacity 1021K, committed 1024K, reserved 1048576K
}
Event: 2,084 GC heap before
{Heap before GC invocations=2 (full 0):
 PSYoungGen      total 36864K, used 36338K [0x00000000d6f00000, 0x00000000d9800000, 0x0000000100000000)
  eden space 31744K, 100% used [0x00000000d6f00000,0x00000000d8e00000,0x00000000d8e00000)
  from space 5120K, 89% used [0x00000000d8e00000,0x00000000d927cb98,0x00000000d9300000)
  to   space 5120K, 0% used [0x00000000d9300000,0x00000000d9300000,0x00000000d9800000)
 ParOldGen       total 84992K, used 8K [0x0000000084c00000, 0x0000000089f00000, 0x00000000d6f00000)
  object space 84992K, 0% used [0x0000000084c00000,0x0000000084c02000,0x0000000089f00000)
 Metaspace       used 13022K, capacity 13426K, committed 13568K, reserved 1060864K
  class space    used 1604K, capacity 1725K, committed 1792K, reserved 1048576K
Event: 2,092 GC heap after
Heap after GC invocations=2 (full 0):
 PSYoungGen      total 36864K, used 5114K [0x00000000d6f00000, 0x00000000d9800000, 0x0000000100000000)
  eden space 31744K, 0% used [0x00000000d6f00000,0x00000000d6f00000,0x00000000d8e00000)
  from space 5120K, 99% used [0x00000000d9300000,0x00000000d97fea88,0x00000000d9800000)
  to   space 5120K, 0% used [0x00000000d8e00000,0x00000000d8e00000,0x00000000d9300000)
 ParOldGen       total 84992K, used 1544K [0x0000000084c00000, 0x0000000089f00000, 0x00000000d6f00000)
  object space 84992K, 1% used [0x0000000084c00000,0x0000000084d82348,0x0000000089f00000)
 Metaspace       used 13022K, capacity 13426K, committed 13568K, reserved 1060864K
  class space    used 1604K, capacity 1725K, committed 1792K, reserved 1048576K
}

Deoptimization events (10 events):
Event: 1,354 Thread 0x00007fc70800a000 Uncommon trap: reason=class_check action=maybe_recompile pc=0x00007fc6f932fe94 method=java.util.HashMap.putVal(ILjava/lang/Object;Ljava/lang/Object;ZZ)Ljava/lang/Object; @ 203
Event: 1,354 Thread 0x00007fc70800a000 Uncommon trap: reason=class_check action=maybe_recompile pc=0x00007fc6f932fe94 method=java.util.HashMap.putVal(ILjava/lang/Object;Ljava/lang/Object;ZZ)Ljava/lang/Object; @ 203
Event: 1,354 Thread 0x00007fc70800a000 Uncommon trap: reason=class_check action=maybe_recompile pc=0x00007fc6f932fe94 method=java.util.HashMap.putVal(ILjava/lang/Object;Ljava/lang/Object;ZZ)Ljava/lang/Object; @ 203
Event: 1,718 Thread 0x00007fc70800a000 Uncommon trap: reason=unstable_if action=reinterpret pc=0x00007fc6f92d1918 method=org.codehaus.plexus.util.xml.pull.MXParser.parseStartTag()I @ 443
Event: 1,795 Thread 0x00007fc70800a000 Uncommon trap: reason=unstable_if action=reinterpret pc=0x00007fc6f919eeb0 method=java.lang.String.replace(CC)Ljava/lang/String; @ 26
Event: 2,038 Thread 0x00007fc70800a000 Uncommon trap: reason=unstable_if action=reinterpret pc=0x00007fc6f945c4e8 method=org.codehaus.plexus.util.xml.pull.MXParser.nextImpl()I @ 960
Event: 2,055 Thread 0x00007fc70800a000 Uncommon trap: reason=unstable_if action=reinterpret pc=0x00007fc6f9207960 method=sun.nio.cs.UTF_8$Decoder.decode([BII[C)I @ 30
Event: 2,056 Thread 0x00007fc70800a000 Uncommon trap: reason=unstable_if action=reinterpret pc=0x00007fc6f9285498 method=sun.nio.cs.UTF_8$Decoder.decodeArrayLoop(Ljava/nio/ByteBuffer;Ljava/nio/CharBuffer;)Ljava/nio/charset/CoderResult; @ 84
Event: 2,105 Thread 0x00007fc70800a000 Uncommon trap: reason=unstable_if action=reinterpret pc=0x00007fc6f939a4e8 method=java.util.HashMap.hash(Ljava/lang/Object;)I @ 1
Event: 2,105 Thread 0x00007fc70800a000 Uncommon trap: reason=unstable_if action=reinterpret pc=0x00007fc6f932ec68 method=java.util.HashMap.hash(Ljava/lang/Object;)I @ 1

Internal exceptions (10 events):
Event: 1,062 Thread 0x00007fc70800a000 Exception <a 'java/lang/ArrayIndexOutOfBoundsException'> (0x00000000d8922778) thrown at [/HUDSON/workspace/8-2-build-linux-amd64/jdk8u151/9699/hotspot/src/share/vm/runtime/sharedRuntime.cpp, line 605]
Event: 1,062 Thread 0x00007fc70800a000 Exception <a 'java/lang/ArrayIndexOutOfBoundsException'> (0x00000000d89246f8) thrown at [/HUDSON/workspace/8-2-build-linux-amd64/jdk8u151/9699/hotspot/src/share/vm/runtime/sharedRuntime.cpp, line 605]
Event: 1,194 Thread 0x00007fc70800a000 Exception <a 'java/lang/NoClassDefFoundError': org/slf4j/Logger> (0x00000000d8dc8178) thrown at [/HUDSON/workspace/8-2-build-linux-amd64/jdk8u151/9699/hotspot/src/share/vm/classfile/systemDictionary.cpp, line 199]
Event: 1,279 Thread 0x00007fc70800a000 Exception <a 'java/lang/NoClassDefFoundError': org/slf4j/LoggerFactory> (0x00000000d71417d8) thrown at [/HUDSON/workspace/8-2-build-linux-amd64/jdk8u151/9699/hotspot/src/share/vm/classfile/systemDictionary.cpp, line 199]
Event: 1,279 Thread 0x00007fc70800a000 Exception <a 'java/lang/NoClassDefFoundError'> (0x00000000d71417d8) thrown at [/HUDSON/workspace/8-2-build-linux-amd64/jdk8u151/9699/hotspot/src/share/vm/oops/instanceKlass.cpp, line 964]
Event: 1,770 Thread 0x00007fc70800a000 Exception <a 'java/lang/NoSuchFieldError': method resolution failed> (0x00000000d860e3b0) thrown at [/HUDSON/workspace/8-2-build-linux-amd64/jdk8u151/9699/hotspot/src/share/vm/prims/methodHandles.cpp, line 1146]
Event: 1,773 Thread 0x00007fc70800a000 Exception <a 'java/lang/NoSuchFieldError': method resolution failed> (0x00000000d861ba70) thrown at [/HUDSON/workspace/8-2-build-linux-amd64/jdk8u151/9699/hotspot/src/share/vm/prims/methodHandles.cpp, line 1146]
Event: 2,105 Thread 0x00007fc70800a000 Implicit null exception at 0x00007fc6f939a2f5 to 0x00007fc6f939a4d9
Event: 2,105 Thread 0x00007fc70800a000 Implicit null exception at 0x00007fc6f932ebef to 0x00007fc6f932ec59
Event: 2,260 Thread 0x00007fc70800a000 Exception <a 'java/lang/NoClassDefFoundError': org/slf4j/Logger> (0x00000000d7356a98) thrown at [/HUDSON/workspace/8-2-build-linux-amd64/jdk8u151/9699/hotspot/src/share/vm/oops/constantPool.cpp, line 235]

Events (10 events):
Event: 2,267 loading class org/codehaus/plexus/component/configurator/BasicComponentConfigurator
Event: 2,267 loading class org/codehaus/plexus/component/configurator/BasicComponentConfigurator done
Event: 2,267 loading class org/codehaus/plexus/component/configurator/BasicComponentConfigurator
Event: 2,267 loading class org/codehaus/plexus/component/configurator/BasicComponentConfigurator done
Event: 2,267 loading class org/codehaus/plexus/component/configurator/AbstractComponentConfigurator
Event: 2,267 loading class org/codehaus/plexus/component/configurator/AbstractComponentConfigurator done
Event: 2,268 loading class org/codehaus/plexus/component/configurator/converters/lookup/ConverterLookup
Event: 2,268 loading class org/codehaus/plexus/component/configurator/converters/lookup/ConverterLookup done
Event: 2,268 loading class org/codehaus/plexus/component/configurator/converters/ConfigurationConverter
Event: 2,268 loading class org/codehaus/plexus/component/configurator/converters/ConfigurationConverter done


Dynamic libraries:
00400000-00401000 r-xp 00000000 08:05 8532988                            /usr/lib/jvm/java-8-oracle/bin/java
00600000-00601000 rw-p 00000000 08:05 8532988                            /usr/lib/jvm/java-8-oracle/bin/java
00fa3000-00fc4000 rw-p 00000000 00:00 0                                  [heap]
84c00000-89f00000 rw-p 00000000 00:00 0 
89f00000-d6f00000 ---p 00000000 00:00 0 
d6f00000-d9800000 rw-p 00000000 00:00 0 
d9800000-100000000 ---p 00000000 00:00 0 
100000000-1001c0000 rw-p 00000000 00:00 0 
1001c0000-140000000 ---p 00000000 00:00 0 
7fc6b4000000-7fc6b4021000 rw-p 00000000 00:00 0 
7fc6b4021000-7fc6b8000000 ---p 00000000 00:00 0 
7fc6b8fff000-7fc6bc000000 rw-p 00000000 00:00 0 
7fc6bc000000-7fc6bc021000 rw-p 00000000 00:00 0 
7fc6bc021000-7fc6c0000000 ---p 00000000 00:00 0 
7fc6c0000000-7fc6c0021000 rw-p 00000000 00:00 0 
7fc6c0021000-7fc6c4000000 ---p 00000000 00:00 0 
7fc6c4000000-7fc6c43c4000 rw-p 00000000 00:00 0 
7fc6c43c4000-7fc6c8000000 ---p 00000000 00:00 0 
7fc6c8000000-7fc6c848f000 rw-p 00000000 00:00 0 
7fc6c848f000-7fc6cc000000 ---p 00000000 00:00 0 
7fc6cc000000-7fc6cc021000 rw-p 00000000 00:00 0 
7fc6cc021000-7fc6d0000000 ---p 00000000 00:00 0 
7fc6d0000000-7fc6d050a000 rw-p 00000000 00:00 0 
7fc6d050a000-7fc6d4000000 ---p 00000000 00:00 0 
7fc6d4000000-7fc6d4021000 rw-p 00000000 00:00 0 
7fc6d4021000-7fc6d8000000 ---p 00000000 00:00 0 
7fc6d8000000-7fc6d8021000 rw-p 00000000 00:00 0 
7fc6d8021000-7fc6dc000000 ---p 00000000 00:00 0 
7fc6dc000000-7fc6dc021000 rw-p 00000000 00:00 0 
7fc6dc021000-7fc6e0000000 ---p 00000000 00:00 0 
7fc6e12d6000-7fc6e12e7000 r-xp 00000000 08:05 8795859                    /usr/lib/jvm/java-8-oracle/jre/lib/amd64/libnio.so
7fc6e12e7000-7fc6e14e6000 ---p 00011000 08:05 8795859                    /usr/lib/jvm/java-8-oracle/jre/lib/amd64/libnio.so
7fc6e14e6000-7fc6e14e7000 rw-p 00010000 08:05 8795859                    /usr/lib/jvm/java-8-oracle/jre/lib/amd64/libnio.so
7fc6e14e7000-7fc6e14fe000 r-xp 00000000 08:05 8795856                    /usr/lib/jvm/java-8-oracle/jre/lib/amd64/libnet.so
7fc6e14fe000-7fc6e16fd000 ---p 00017000 08:05 8795856                    /usr/lib/jvm/java-8-oracle/jre/lib/amd64/libnet.so
7fc6e16fd000-7fc6e16fe000 rw-p 00016000 08:05 8795856                    /usr/lib/jvm/java-8-oracle/jre/lib/amd64/libnet.so
7fc6e16fe000-7fc6e1701000 ---p 00000000 00:00 0 
7fc6e1701000-7fc6e1937000 rw-p 00000000 00:00 0 
7fc6e1937000-7fc6e1b37000 rw-p 00000000 00:00 0 
7fc6e1b37000-7fc6e1b38000 ---p 00000000 00:00 0 
7fc6e1b38000-7fc6e1c38000 rw-p 00000000 00:00 0 
7fc6e1c38000-7fc6e1c3b000 ---p 00000000 00:00 0 
7fc6e1c3b000-7fc6e1d39000 rw-p 00000000 00:00 0 
7fc6e1d39000-7fc6e1d3c000 ---p 00000000 00:00 0 
7fc6e1d3c000-7fc6e1e3a000 rw-p 00000000 00:00 0 
7fc6e1e3a000-7fc6e1e3d000 ---p 00000000 00:00 0 
7fc6e1e3d000-7fc6e1f3b000 rw-p 00000000 00:00 0 
7fc6e1f3b000-7fc6e1f3e000 ---p 00000000 00:00 0 
7fc6e1f3e000-7fc6e203c000 rw-p 00000000 00:00 0 
7fc6e203c000-7fc6e203f000 ---p 00000000 00:00 0 
7fc6e203f000-7fc6e213d000 rw-p 00000000 00:00 0 
7fc6e213d000-7fc6e2416000 r--p 00000000 08:05 8258452                    /usr/lib/locale/locale-archive
7fc6e2416000-7fc6e2419000 ---p 00000000 00:00 0 
7fc6e2419000-7fc6e2517000 rw-p 00000000 00:00 0 
7fc6e2517000-7fc6e251a000 ---p 00000000 00:00 0 
7fc6e251a000-7fc6e2618000 rw-p 00000000 00:00 0 
7fc6e2618000-7fc6e2619000 ---p 00000000 00:00 0 
7fc6e2619000-7fc6e4000000 rw-p 00000000 00:00 0 
7fc6e4000000-7fc6e4021000 rw-p 00000000 00:00 0 
7fc6e4021000-7fc6e8000000 ---p 00000000 00:00 0 
7fc6e8000000-7fc6e8021000 rw-p 00000000 00:00 0 
7fc6e8021000-7fc6ec000000 ---p 00000000 00:00 0 
7fc6ec000000-7fc6ec021000 rw-p 00000000 00:00 0 
7fc6ec021000-7fc6f0000000 ---p 00000000 00:00 0 
7fc6f0006000-7fc6f000a000 r--s 00033000 08:05 2632031                    /home/devcx/.m2/repository/org/codehaus/plexus/plexus-utils/2.0.5/plexus-utils-2.0.5.jar
7fc6f000a000-7fc6f000b000 r--s 00005000 08:05 2241372                    /home/devcx/.m2/repository/org/apache/maven/plugins/maven-clean-plugin/2.4.1/maven-clean-plugin-2.4.1.jar
7fc6f000b000-7fc6f000c000 r--p 00000000 00:00 0 
7fc6f000c000-7fc6f0011000 r--s 0009a000 08:05 8658135                    /usr/lib/jvm/java-8-oracle/jre/lib/jsse.jar
7fc6f0011000-7fc6f0013000 r--s 0000d000 08:05 2243065                    /home/devcx/node_modules/netbeans-8.2/java/maven-nblib/netbeans-eventspy.jar
7fc6f0013000-7fc6f002f000 r--s 00393000 08:05 8658139                    /usr/lib/jvm/java-8-oracle/jre/lib/ext/cldrdata.jar
7fc6f002f000-7fc6f005e000 r--s 001c8000 08:05 2243040                    /home/devcx/node_modules/netbeans-8.2/java/maven/lib/wagon-http-2.10-shaded.jar
7fc6f005e000-7fc6f4000000 rw-p 00000000 00:00 0 
7fc6f4000000-7fc6f4021000 rw-p 00000000 00:00 0 
7fc6f4021000-7fc6f8000000 ---p 00000000 00:00 0 
7fc6f8000000-7fc6f8004000 r--s 00021000 08:05 2242995                    /home/devcx/node_modules/netbeans-8.2/java/maven/lib/maven-model-builder-3.0.5.jar
7fc6f8004000-7fc6f800e000 r--s 00116000 08:05 8658146                    /usr/lib/jvm/java-8-oracle/jre/lib/ext/localedata.jar
7fc6f800e000-7fc6f800f000 r--s 0000a000 08:05 2243056                    /home/devcx/node_modules/netbeans-8.2/java/maven/lib/maven-embedder-3.0.5.jar
7fc6f800f000-7fc6f8010000 r--s 00002000 08:05 2243043                    /home/devcx/node_modules/netbeans-8.2/java/maven/lib/wagon-http-shared-2.10.jar
7fc6f8010000-7fc6f8013000 r--s 00008000 08:05 2242942                    /home/devcx/node_modules/netbeans-8.2/java/maven/lib/maven-settings-builder-3.0.5.jar
7fc6f8013000-7fc6f8017000 r--s 00013000 08:05 2243076                    /home/devcx/node_modules/netbeans-8.2/java/maven/lib/aether-api-1.13.1.jar
7fc6f8017000-7fc6f8019000 r--s 0000c000 08:05 2242960                    /home/devcx/node_modules/netbeans-8.2/java/maven/lib/maven-aether-provider-3.0.5.jar
7fc6f8019000-7fc6f801b000 r--s 00000000 08:05 2242726                    /home/devcx/node_modules/netbeans-8.2/java/maven/lib/plexus-component-annotations-1.5.5.jar
7fc6f801b000-7fc6f801d000 r--s 00006000 08:05 2242913                    /home/devcx/node_modules/netbeans-8.2/java/maven/lib/aether-connector-wagon-1.13.1.jar
7fc6f801d000-7fc6f8024000 r--s 0002b000 08:05 2243016                    /home/devcx/node_modules/netbeans-8.2/java/maven/lib/sisu-inject-plexus-2.3.0.jar
7fc6f8024000-7fc6f8026000 r--s 0000b000 08:05 2243028                    /home/devcx/node_modules/netbeans-8.2/java/maven/lib/wagon-provider-api-2.10.jar
7fc6f8026000-7fc6f8045000 r--s 00154000 08:05 2243083                    /home/devcx/node_modules/netbeans-8.2/java/maven/lib/sisu-guava-0.9.9.jar
7fc6f8045000-7fc6f80f7000 rw-p 00000000 00:00 0 
7fc6f80f7000-7fc6f82d0000 r--s 03d5a000 08:05 8658130                    /usr/lib/jvm/java-8-oracle/jre/lib/rt.jar
7fc6f82d0000-7fc6f82d1000 ---p 00000000 00:00 0 
7fc6f82d1000-7fc6f83d1000 rw-p 00000000 00:00 0 
7fc6f83d1000-7fc6f83d2000 ---p 00000000 00:00 0 
7fc6f83d2000-7fc6f84d2000 rw-p 00000000 00:00 0 
7fc6f84d2000-7fc6f84d3000 ---p 00000000 00:00 0 
7fc6f84d3000-7fc6f85fd000 rw-p 00000000 00:00 0 
7fc6f85fd000-7fc6f8865000 ---p 00000000 00:00 0 
7fc6f8865000-7fc6f888f000 rw-p 00000000 00:00 0 
7fc6f888f000-7fc6f8af6000 ---p 00000000 00:00 0 
7fc6f8af6000-7fc6f8b0b000 rw-p 00000000 00:00 0 
7fc6f8b0b000-7fc6f8c3f000 ---p 00000000 00:00 0 
7fc6f8c3f000-7fc6f8c55000 rw-p 00000000 00:00 0 
7fc6f8c55000-7fc6f9000000 ---p 00000000 00:00 0 
7fc6f9000000-7fc6f9530000 rwxp 00000000 00:00 0 
7fc6f9530000-7fc708000000 ---p 00000000 00:00 0 
7fc708000000-7fc7089a7000 rw-p 00000000 00:00 0 
7fc7089a7000-7fc70c000000 ---p 00000000 00:00 0 
7fc70c000000-7fc70c001000 r--s 00002000 08:05 2243085                    /home/devcx/node_modules/netbeans-8.2/java/maven/lib/wagon-file-2.10.jar
7fc70c001000-7fc70c005000 r--s 00033000 08:05 2243068                    /home/devcx/node_modules/netbeans-8.2/java/maven/lib/plexus-utils-2.0.6.jar
7fc70c005000-7fc70c007000 r--s 0000b000 08:05 2243041                    /home/devcx/node_modules/netbeans-8.2/java/maven/lib/maven-plugin-api-3.0.5.jar
7fc70c007000-7fc70c009000 r--s 0000b000 08:05 2243055                    /home/devcx/node_modules/netbeans-8.2/java/maven/lib/maven-artifact-3.0.5.jar
7fc70c009000-7fc70c00f000 r--s 0003f000 08:05 2243071                    /home/devcx/node_modules/netbeans-8.2/java/maven/lib/maven-compat-3.0.5.jar
7fc70c00f000-7fc70c01b000 r--s 0007d000 08:05 2243082                    /home/devcx/node_modules/netbeans-8.2/java/maven/lib/maven-core-3.0.5.jar
7fc70c01b000-7fc70c01e000 r--s 0001d000 08:05 2243069                    /home/devcx/node_modules/netbeans-8.2/java/maven/lib/aether-impl-1.13.1.jar
7fc70c01e000-7fc70c0b5000 rw-p 00000000 00:00 0 
7fc70c0b5000-7fc70c0b6000 ---p 00000000 00:00 0 
7fc70c0b6000-7fc70c1b6000 rw-p 00000000 00:00 0 
7fc70c1b6000-7fc70c1d1000 r-xp 00000000 08:05 8795852                    /usr/lib/jvm/java-8-oracle/jre/lib/amd64/libzip.so
7fc70c1d1000-7fc70c3d1000 ---p 0001b000 08:05 8795852                    /usr/lib/jvm/java-8-oracle/jre/lib/amd64/libzip.so
7fc70c3d1000-7fc70c3d2000 rw-p 0001b000 08:05 8795852                    /usr/lib/jvm/java-8-oracle/jre/lib/amd64/libzip.so
7fc70c3d2000-7fc70c3dd000 r-xp 00000000 08:05 8912980                    /lib/x86_64-linux-gnu/libnss_files-2.23.so
7fc70c3dd000-7fc70c5dc000 ---p 0000b000 08:05 8912980                    /lib/x86_64-linux-gnu/libnss_files-2.23.so
7fc70c5dc000-7fc70c5dd000 r--p 0000a000 08:05 8912980                    /lib/x86_64-linux-gnu/libnss_files-2.23.so
7fc70c5dd000-7fc70c5de000 rw-p 0000b000 08:05 8912980                    /lib/x86_64-linux-gnu/libnss_files-2.23.so
7fc70c5de000-7fc70c5e4000 rw-p 00000000 00:00 0 
7fc70c5e4000-7fc70c5ef000 r-xp 00000000 08:05 8912983                    /lib/x86_64-linux-gnu/libnss_nis-2.23.so
7fc70c5ef000-7fc70c7ee000 ---p 0000b000 08:05 8912983                    /lib/x86_64-linux-gnu/libnss_nis-2.23.so
7fc70c7ee000-7fc70c7ef000 r--p 0000a000 08:05 8912983                    /lib/x86_64-linux-gnu/libnss_nis-2.23.so
7fc70c7ef000-7fc70c7f0000 rw-p 0000b000 08:05 8912983                    /lib/x86_64-linux-gnu/libnss_nis-2.23.so
7fc70c7f0000-7fc70c806000 r-xp 00000000 08:05 8912910                    /lib/x86_64-linux-gnu/libnsl-2.23.so
7fc70c806000-7fc70ca05000 ---p 00016000 08:05 8912910                    /lib/x86_64-linux-gnu/libnsl-2.23.so
7fc70ca05000-7fc70ca06000 r--p 00015000 08:05 8912910                    /lib/x86_64-linux-gnu/libnsl-2.23.so
7fc70ca06000-7fc70ca07000 rw-p 00016000 08:05 8912910                    /lib/x86_64-linux-gnu/libnsl-2.23.so
7fc70ca07000-7fc70ca09000 rw-p 00000000 00:00 0 
7fc70ca09000-7fc70ca11000 r-xp 00000000 08:05 8912989                    /lib/x86_64-linux-gnu/libnss_compat-2.23.so
7fc70ca11000-7fc70cc10000 ---p 00008000 08:05 8912989                    /lib/x86_64-linux-gnu/libnss_compat-2.23.so
7fc70cc10000-7fc70cc11000 r--p 00007000 08:05 8912989                    /lib/x86_64-linux-gnu/libnss_compat-2.23.so
7fc70cc11000-7fc70cc12000 rw-p 00008000 08:05 8912989                    /lib/x86_64-linux-gnu/libnss_compat-2.23.so
7fc70cc12000-7fc70cc3d000 r-xp 00000000 08:05 8795846                    /usr/lib/jvm/java-8-oracle/jre/lib/amd64/libjava.so
7fc70cc3d000-7fc70ce3c000 ---p 0002b000 08:05 8795846                    /usr/lib/jvm/java-8-oracle/jre/lib/amd64/libjava.so
7fc70ce3c000-7fc70ce3e000 rw-p 0002a000 08:05 8795846                    /usr/lib/jvm/java-8-oracle/jre/lib/amd64/libjava.so
7fc70ce3e000-7fc70ce4b000 r-xp 00000000 08:05 8795851                    /usr/lib/jvm/java-8-oracle/jre/lib/amd64/libverify.so
7fc70ce4b000-7fc70d04b000 ---p 0000d000 08:05 8795851                    /usr/lib/jvm/java-8-oracle/jre/lib/amd64/libverify.so
7fc70d04b000-7fc70d04d000 rw-p 0000d000 08:05 8795851                    /usr/lib/jvm/java-8-oracle/jre/lib/amd64/libverify.so
7fc70d04d000-7fc70d054000 r-xp 00000000 08:05 8912985                    /lib/x86_64-linux-gnu/librt-2.23.so
7fc70d054000-7fc70d253000 ---p 00007000 08:05 8912985                    /lib/x86_64-linux-gnu/librt-2.23.so
7fc70d253000-7fc70d254000 r--p 00006000 08:05 8912985                    /lib/x86_64-linux-gnu/librt-2.23.so
7fc70d254000-7fc70d255000 rw-p 00007000 08:05 8912985                    /lib/x86_64-linux-gnu/librt-2.23.so
7fc70d255000-7fc70d35d000 r-xp 00000000 08:05 8912994                    /lib/x86_64-linux-gnu/libm-2.23.so
7fc70d35d000-7fc70d55c000 ---p 00108000 08:05 8912994                    /lib/x86_64-linux-gnu/libm-2.23.so
7fc70d55c000-7fc70d55d000 r--p 00107000 08:05 8912994                    /lib/x86_64-linux-gnu/libm-2.23.so
7fc70d55d000-7fc70d55e000 rw-p 00108000 08:05 8912994                    /lib/x86_64-linux-gnu/libm-2.23.so
7fc70d55e000-7fc70e231000 r-xp 00000000 08:05 8795829                    /usr/lib/jvm/java-8-oracle/jre/lib/amd64/server/libjvm.so
7fc70e231000-7fc70e430000 ---p 00cd3000 08:05 8795829                    /usr/lib/jvm/java-8-oracle/jre/lib/amd64/server/libjvm.so
7fc70e430000-7fc70e50a000 rw-p 00cd2000 08:05 8795829                    /usr/lib/jvm/java-8-oracle/jre/lib/amd64/server/libjvm.so
7fc70e50a000-7fc70e555000 rw-p 00000000 00:00 0 
7fc70e555000-7fc70e715000 r-xp 00000000 08:05 8917478                    /lib/x86_64-linux-gnu/libc-2.23.so
7fc70e715000-7fc70e915000 ---p 001c0000 08:05 8917478                    /lib/x86_64-linux-gnu/libc-2.23.so
7fc70e915000-7fc70e919000 r--p 001c0000 08:05 8917478                    /lib/x86_64-linux-gnu/libc-2.23.so
7fc70e919000-7fc70e91b000 rw-p 001c4000 08:05 8917478                    /lib/x86_64-linux-gnu/libc-2.23.so
7fc70e91b000-7fc70e91f000 rw-p 00000000 00:00 0 
7fc70e91f000-7fc70e922000 r-xp 00000000 08:05 8912988                    /lib/x86_64-linux-gnu/libdl-2.23.so
7fc70e922000-7fc70eb21000 ---p 00003000 08:05 8912988                    /lib/x86_64-linux-gnu/libdl-2.23.so
7fc70eb21000-7fc70eb22000 r--p 00002000 08:05 8912988                    /lib/x86_64-linux-gnu/libdl-2.23.so
7fc70eb22000-7fc70eb23000 rw-p 00003000 08:05 8912988                    /lib/x86_64-linux-gnu/libdl-2.23.so
7fc70eb23000-7fc70eb39000 r-xp 00000000 08:05 8657984                    /usr/lib/jvm/java-8-oracle/lib/amd64/jli/libjli.so
7fc70eb39000-7fc70ed38000 ---p 00016000 08:05 8657984                    /usr/lib/jvm/java-8-oracle/lib/amd64/jli/libjli.so
7fc70ed38000-7fc70ed39000 rw-p 00015000 08:05 8657984                    /usr/lib/jvm/java-8-oracle/lib/amd64/jli/libjli.so
7fc70ed39000-7fc70ed51000 r-xp 00000000 08:05 8912982                    /lib/x86_64-linux-gnu/libpthread-2.23.so
7fc70ed51000-7fc70ef50000 ---p 00018000 08:05 8912982                    /lib/x86_64-linux-gnu/libpthread-2.23.so
7fc70ef50000-7fc70ef51000 r--p 00017000 08:05 8912982                    /lib/x86_64-linux-gnu/libpthread-2.23.so
7fc70ef51000-7fc70ef52000 rw-p 00018000 08:05 8912982                    /lib/x86_64-linux-gnu/libpthread-2.23.so
7fc70ef52000-7fc70ef56000 rw-p 00000000 00:00 0 
7fc70ef56000-7fc70ef7c000 r-xp 00000000 08:05 8912913                    /lib/x86_64-linux-gnu/ld-2.23.so
7fc70ef7c000-7fc70ef7e000 r--s 00009000 08:05 2243086                    /home/devcx/node_modules/netbeans-8.2/java/maven/lib/commons-cli-1.2.jar
7fc70ef7e000-7fc70ef80000 r--s 00006000 08:05 2242847                    /home/devcx/node_modules/netbeans-8.2/java/maven/lib/maven-repository-metadata-3.0.5.jar
7fc70ef80000-7fc70ef82000 r--s 0000a000 08:05 2243057                    /home/devcx/node_modules/netbeans-8.2/java/maven/lib/maven-settings-3.0.5.jar
7fc70ef82000-7fc70ef83000 r--s 00006000 08:05 2242996                    /home/devcx/node_modules/netbeans-8.2/java/maven/lib/plexus-sec-dispatcher-1.3.jar
7fc70ef83000-7fc70ef8b000 r--s 00050000 08:05 2243027                    /home/devcx/node_modules/netbeans-8.2/java/maven/lib/sisu-guice-3.1.0-no_aop.jar
7fc70ef8b000-7fc70ef8d000 r--s 00002000 08:05 2243075                    /home/devcx/node_modules/netbeans-8.2/java/maven/lib/plexus-cipher-1.7.jar
7fc70ef8d000-7fc70ef91000 r--s 0001c000 08:05 2243070                    /home/devcx/node_modules/netbeans-8.2/java/maven/lib/aether-util-1.13.1.jar
7fc70ef91000-7fc70f05c000 rw-p 00000000 00:00 0 
7fc70f05c000-7fc70f05f000 ---p 00000000 00:00 0 
7fc70f05f000-7fc70f161000 rw-p 00000000 00:00 0 
7fc70f161000-7fc70f162000 r--s 00003000 08:05 2243077                    /home/devcx/node_modules/netbeans-8.2/java/maven/lib/aether-spi-1.13.1.jar
7fc70f162000-7fc70f164000 r--s 0000d000 08:05 2242997                    /home/devcx/node_modules/netbeans-8.2/java/maven/lib/plexus-interpolation-1.14.jar
7fc70f164000-7fc70f166000 r--s 00026000 08:05 2243074                    /home/devcx/node_modules/netbeans-8.2/java/maven/lib/maven-model-3.0.5.jar
7fc70f166000-7fc70f16d000 r--s 0003f000 08:05 2243042                    /home/devcx/node_modules/netbeans-8.2/java/maven/lib/sisu-inject-bean-2.3.0.jar
7fc70f16d000-7fc70f16f000 r--s 0000a000 08:05 2243030                    /home/devcx/node_modules/netbeans-8.2/java/maven/boot/plexus-classworlds-2.4.jar
7fc70f16f000-7fc70f177000 rw-s 00000000 08:05 3156109                    /tmp/hsperfdata_devcx/4310
7fc70f177000-7fc70f178000 rw-p 00000000 00:00 0 
7fc70f178000-7fc70f179000 r--p 00000000 00:00 0 
7fc70f179000-7fc70f17b000 rw-p 00000000 00:00 0 
7fc70f17b000-7fc70f17c000 r--p 00025000 08:05 8912913                    /lib/x86_64-linux-gnu/ld-2.23.so
7fc70f17c000-7fc70f17d000 rw-p 00026000 08:05 8912913                    /lib/x86_64-linux-gnu/ld-2.23.so
7fc70f17d000-7fc70f17e000 rw-p 00000000 00:00 0 
7ffc18dac000-7ffc18dcd000 rw-p 00000000 00:00 0                          [stack]
7ffc18ddf000-7ffc18de1000 r--p 00000000 00:00 0                          [vvar]
7ffc18de1000-7ffc18de3000 r-xp 00000000 00:00 0                          [vdso]
ffffffffff600000-ffffffffff601000 r-xp 00000000 00:00 0                  [vsyscall]

VM Arguments:
jvm_args: -Dclassworlds.conf=/home/devcx/node_modules/netbeans-8.2/java/maven/bin/m2.conf -Dmaven.home=/home/devcx/node_modules/netbeans-8.2/java/maven 
java_command: org.codehaus.plexus.classworlds.launcher.Launcher -Dmaven.ext.class.path=/home/devcx/node_modules/netbeans-8.2/java/maven-nblib/netbeans-eventspy.jar clean
java_class_path (initial): /home/devcx/node_modules/netbeans-8.2/java/maven/boot/plexus-classworlds-2.4.jar
Launcher Type: SUN_STANDARD

Environment Variables:
JAVA_HOME=/usr/lib/jvm/java-8-oracle
PATH=/home/devcx/bin:/home/devcx/.local/bin:/usr/local/sbin:/usr/local/bin:/usr/sbin:/usr/bin:/sbin:/bin:/usr/games:/usr/local/games:/snap/bin:/usr/lib/jvm/java-8-oracle/bin:/usr/lib/jvm/java-8-oracle/db/bin:/usr/lib/jvm/java-8-oracle/jre/bin
LD_LIBRARY_PATH=/usr/lib/jvm/java-8-oracle/jre/lib/amd64:/usr/lib/jvm/java-8-oracle/jre/lib/i386:
SHELL=/bin/bash
DISPLAY=:0

Signal Handlers:
SIGSEGV: [libjvm.so+0xacbe10], sa_mask[0]=11111111011111111101111111111110, sa_flags=SA_RESTART|SA_SIGINFO
SIGBUS: [libjvm.so+0xacbe10], sa_mask[0]=11111111011111111101111111111110, sa_flags=SA_RESTART|SA_SIGINFO
SIGFPE: [libjvm.so+0x924f90], sa_mask[0]=11111111011111111101111111111110, sa_flags=SA_RESTART|SA_SIGINFO
SIGPIPE: [libjvm.so+0x924f90], sa_mask[0]=11111111011111111101111111111110, sa_flags=SA_RESTART|SA_SIGINFO
SIGXFSZ: [libjvm.so+0x924f90], sa_mask[0]=11111111011111111101111111111110, sa_flags=SA_RESTART|SA_SIGINFO
SIGILL: [libjvm.so+0x924f90], sa_mask[0]=11111111011111111101111111111110, sa_flags=SA_RESTART|SA_SIGINFO
SIGUSR1: SIG_DFL, sa_mask[0]=00000000000000000000000000000000, sa_flags=none
SIGUSR2: [libjvm.so+0x9267d0], sa_mask[0]=00100000000000000000000000000000, sa_flags=SA_RESTART|SA_SIGINFO
SIGHUP: [libjvm.so+0x927bd0], sa_mask[0]=11111111011111111101111111111110, sa_flags=SA_RESTART|SA_SIGINFO
SIGINT: SIG_IGN, sa_mask[0]=00000000000000000000000000000000, sa_flags=none
SIGTERM: [libjvm.so+0x927bd0], sa_mask[0]=11111111011111111101111111111110, sa_flags=SA_RESTART|SA_SIGINFO
SIGQUIT: [libjvm.so+0x927bd0], sa_mask[0]=11111111011111111101111111111110, sa_flags=SA_RESTART|SA_SIGINFO


---------------  S Y S T E M  ---------------

OS:DISTRIB_ID=Ubuntu
DISTRIB_RELEASE=16.04
DISTRIB_CODENAME=xenial
DISTRIB_DESCRIPTION="Ubuntu 16.04.3 LTS"

uname:Linux 4.4.0-101-generic #124-Ubuntu SMP Fri Nov 10 18:29:59 UTC 2017 x86_64
libc:glibc 2.23 NPTL 2.23 
rlimit: STACK 8192k, CORE 0k, NPROC 31392, NOFILE 1048576, AS infinity
load average:1,25 1,77 1,64

/proc/meminfo:
MemTotal:        8077220 kB
MemFree:         1205172 kB
MemAvailable:    2477752 kB
Buffers:          123896 kB
Cached:          1959904 kB
SwapCached:            0 kB
Active:          5301284 kB
Inactive:        1326456 kB
Active(anon):    4550228 kB
Inactive(anon):   623388 kB
Active(file):     751056 kB
Inactive(file):   703068 kB
Unevictable:         144 kB
Mlocked:             144 kB
SwapTotal:       4882428 kB
SwapFree:        4882428 kB
Dirty:              4892 kB
Writeback:             0 kB
AnonPages:       4544248 kB
Mapped:           541236 kB
Shmem:            629456 kB
Slab:             120392 kB
SReclaimable:      78776 kB
SUnreclaim:        41616 kB
KernelStack:       13296 kB
PageTables:        54564 kB
NFS_Unstable:          0 kB
Bounce:                0 kB
WritebackTmp:          0 kB
CommitLimit:     8921036 kB
Committed_AS:   10931252 kB
VmallocTotal:   34359738367 kB
VmallocUsed:           0 kB
VmallocChunk:          0 kB
HardwareCorrupted:     0 kB
AnonHugePages:   2129920 kB
CmaTotal:              0 kB
CmaFree:               0 kB
HugePages_Total:       0
HugePages_Free:        0
HugePages_Rsvd:        0
HugePages_Surp:        0
Hugepagesize:       2048 kB
DirectMap4k:      129644 kB
DirectMap2M:     8163328 kB


CPU:total 4 (initial active 4) (2 cores per cpu, 2 threads per core) family 6 model 42 stepping 7, cmov, cx8, fxsr, mmx, sse, sse2, sse3, ssse3, sse4.1, sse4.2, popcnt, avx, aes, clmul, ht, tsc, tscinvbit

/proc/cpuinfo:
processor	: 0
vendor_id	: GenuineIntel
cpu family	: 6
model		: 42
model name	: Intel(R) Core(TM) i5-2410M CPU @ 2.30GHz
stepping	: 7
microcode	: 0x25
cpu MHz		: 2699.984
cache size	: 3072 KB
physical id	: 0
siblings	: 4
core id		: 0
cpu cores	: 2
apicid		: 0
initial apicid	: 0
fpu		: yes
fpu_exception	: yes
cpuid level	: 13
wp		: yes
flags		: fpu vme de pse tsc msr pae mce cx8 apic sep mtrr pge mca cmov pat pse36 clflush dts acpi mmx fxsr sse sse2 ss ht tm pbe syscall nx rdtscp lm constant_tsc arch_perfmon pebs bts rep_good nopl xtopology nonstop_tsc aperfmperf eagerfpu pni pclmulqdq dtes64 monitor ds_cpl vmx est tm2 ssse3 cx16 xtpr pdcm pcid sse4_1 sse4_2 x2apic popcnt tsc_deadline_timer aes xsave avx lahf_lm epb tpr_shadow vnmi flexpriority ept vpid xsaveopt dtherm ida arat pln pts
bugs		:
bogomips	: 4589.77
clflush size	: 64
cache_alignment	: 64
address sizes	: 36 bits physical, 48 bits virtual
power management:

processor	: 1
vendor_id	: GenuineIntel
cpu family	: 6
model		: 42
model name	: Intel(R) Core(TM) i5-2410M CPU @ 2.30GHz
stepping	: 7
microcode	: 0x25
cpu MHz		: 2699.984
cache size	: 3072 KB
physical id	: 0
siblings	: 4
core id		: 1
cpu cores	: 2
apicid		: 2
initial apicid	: 2
fpu		: yes
fpu_exception	: yes
cpuid level	: 13
wp		: yes
flags		: fpu vme de pse tsc msr pae mce cx8 apic sep mtrr pge mca cmov pat pse36 clflush dts acpi mmx fxsr sse sse2 ss ht tm pbe syscall nx rdtscp lm constant_tsc arch_perfmon pebs bts rep_good nopl xtopology nonstop_tsc aperfmperf eagerfpu pni pclmulqdq dtes64 monitor ds_cpl vmx est tm2 ssse3 cx16 xtpr pdcm pcid sse4_1 sse4_2 x2apic popcnt tsc_deadline_timer aes xsave avx lahf_lm epb tpr_shadow vnmi flexpriority ept vpid xsaveopt dtherm ida arat pln pts
bugs		:
bogomips	: 4589.77
clflush size	: 64
cache_alignment	: 64
address sizes	: 36 bits physical, 48 bits virtual
power management:

processor	: 2
vendor_id	: GenuineIntel
cpu family	: 6
model		: 42
model name	: Intel(R) Core(TM) i5-2410M CPU @ 2.30GHz
stepping	: 7
microcode	: 0x25
cpu MHz		: 2699.984
cache size	: 3072 KB
physical id	: 0
siblings	: 4
core id		: 0
cpu cores	: 2
apicid		: 1
initial apicid	: 1
fpu		: yes
fpu_exception	: yes
cpuid level	: 13
wp		: yes
flags		: fpu vme de pse tsc msr pae mce cx8 apic sep mtrr pge mca cmov pat pse36 clflush dts acpi mmx fxsr sse sse2 ss ht tm pbe syscall nx rdtscp lm constant_tsc arch_perfmon pebs bts rep_good nopl xtopology nonstop_tsc aperfmperf eagerfpu pni pclmulqdq dtes64 monitor ds_cpl vmx est tm2 ssse3 cx16 xtpr pdcm pcid sse4_1 sse4_2 x2apic popcnt tsc_deadline_timer aes xsave avx lahf_lm epb tpr_shadow vnmi flexpriority ept vpid xsaveopt dtherm ida arat pln pts
bugs		:
bogomips	: 4589.77
clflush size	: 64
cache_alignment	: 64
address sizes	: 36 bits physical, 48 bits virtual
power management:

processor	: 3
vendor_id	: GenuineIntel
cpu family	: 6
model		: 42
model name	: Intel(R) Core(TM) i5-2410M CPU @ 2.30GHz
stepping	: 7
microcode	: 0x25
cpu MHz		: 2699.984
cache size	: 3072 KB
physical id	: 0
siblings	: 4
core id		: 1
cpu cores	: 2
apicid		: 3
initial apicid	: 3
fpu		: yes
fpu_exception	: yes
cpuid level	: 13
wp		: yes
flags		: fpu vme de pse tsc msr pae mce cx8 apic sep mtrr pge mca cmov pat pse36 clflush dts acpi mmx fxsr sse sse2 ss ht tm pbe syscall nx rdtscp lm constant_tsc arch_perfmon pebs bts rep_good nopl xtopology nonstop_tsc aperfmperf eagerfpu pni pclmulqdq dtes64 monitor ds_cpl vmx est tm2 ssse3 cx16 xtpr pdcm pcid sse4_1 sse4_2 x2apic popcnt tsc_deadline_timer aes xsave avx lahf_lm epb tpr_shadow vnmi flexpriority ept vpid xsaveopt dtherm ida arat pln pts
bugs		:
bogomips	: 4589.77
clflush size	: 64
cache_alignment	: 64
address sizes	: 36 bits physical, 48 bits virtual
power management:



Memory: 4k page, physical 8077220k(1205172k free), swap 4882428k(4882428k free)

vm_info: Java HotSpot(TM) 64-Bit Server VM (25.151-b12) for linux-amd64 JRE (1.8.0_151-b12), built on Sep  5 2017 19:20:58 by "java_re" with gcc 4.3.0 20080428 (Red Hat 4.3.0-8)

time: Fri Nov 24 20:04:35 2017
elapsed time: 2 seconds (0d 0h 0m 2s)

