#
# A fatal error has been detected by the Java Runtime Environment:
#
#  SIGSEGV (0xb) at pc=0x00007f8aa835d933, pid=16575, tid=0x00007f8aa58f2700
#
# JRE version: Java(TM) SE Runtime Environment (8.0_151-b12) (build 1.8.0_151-b12)
# Java VM: Java HotSpot(TM) 64-Bit Server VM (25.151-b12 mixed mode linux-amd64 compressed oops)
# Problematic frame:
# V  [libjvm.so+0x992933]  oopDesc* PSPromotionManager::copy_to_survivor_space<false>(oopDesc*)+0x143
#
# Failed to write core dump. Core dumps have been disabled. To enable core dumping, try "ulimit -c unlimited" before starting Java again
#
# If you would like to submit a bug report, please visit:
#   http://bugreport.java.com/bugreport/crash.jsp
#

---------------  T H R E A D  ---------------

Current thread (0x00007f8aa0024800):  GCTaskThread [stack: 0x00007f8aa57f2000,0x00007f8aa58f3000] [id=16581]

siginfo: si_signo: 11 (SIGSEGV), si_code: 1 (SEGV_MAPERR), si_addr: 0x0000000001700190

Registers:
RAX=0x00007f8aa89619a0, RBX=0x000000008538fd44, RCX=0x0000000000000003, RDX=0x0000000000000001
RSP=0x00007f8aa58f19a0, RBP=0x00007f8aa58f1a10, RSI=0x00000000db400360, RDI=0x0000000001700188
R8 =0x000000008538fd50, R9 =0x00007f8aa89950f0, R10=0x00007f8aa8985eb9, R11=0x00007f8aa8b58350
R12=0x00000000db400360, R13=0x002e0032002c0028, R14=0x0000000000000000, R15=0x00007f8aa0075328
RIP=0x00007f8aa835d933, EFLAGS=0x0000000000010206, CSGSFS=0x0000000000000033, ERR=0x0000000000000004
  TRAPNO=0x000000000000000e

Top of Stack: (sp=0x00007f8aa58f19a0)
0x00007f8aa58f19a0:   00007f8aa58f1a20 00007f8aa8985eb9
0x00007f8aa58f19b0:   00007f8aa00752e8 00007f8aa00752c0
0x00007f8aa58f19c0:   00000000853777d9 0000000000000400
0x00007f8aa58f19d0:   00000000df3c830a 0000000000001000
0x00007f8aa58f19e0:   00000000dfa56d8d 000000008538fd44
0x00007f8aa58f19f0:   00007f8aa00752c0 00007f8aa8961990
0x00007f8aa58f1a00:   0000000000000000 00007f8aa0075328
0x00007f8aa58f1a10:   00007f8aa58f1b00 00007f8aa835d200
0x00007f8aa58f1a20:   00007f8aa58f1aa0 00007f8aa58f1a90
0x00007f8aa58f1a30:   00007f8aa58f1aa0 00007f8aa58f1a60
0x00007f8aa58f1a40:   00007f8aa58f1a70 00007f8aa58f1ac0
0x00007f8aa58f1a50:   00000000dfa4e135 00007f8aa0075358
0x00007f8aa58f1a60:   00007f8aa0025728 00007f8aa0075320
0x00007f8aa58f1a70:   00007f8aa91b14ff 0000000084da7c54
0x00007f8aa58f1a80:   00007f8aa58f1b00 00007f8aa82d02bf
0x00007f8aa58f1a90:   00000001001936f8 0000000084de45bc
0x00007f8aa58f1aa0:   00007f8aa58f1b00 00007f8aa801e210
0x00007f8aa58f1ab0:   0000000084de4481 00007f8aa89950f0
0x00007f8aa58f1ac0:   000000008538fd45 00007f8aa0075320
0x00007f8aa58f1ad0:   0000000000000000 0000000084de4810
0x00007f8aa58f1ae0:   0000000084de4800 00007f8aa5e88f24
0x00007f8aa58f1af0:   00007f8aa0017a30 00007f8aa5e88f81
0x00007f8aa58f1b00:   00007f8aa58f1bc0 00007f8aa7dcceae
0x00007f8aa58f1b10:   00007f8aa001ea50 00007f8aa5e88f80
0x00007f8aa58f1b20:   00007f8aa5e88f01 00007f8aa8985eb9
0x00007f8aa58f1b30:   00007f8aa00752c0 000000008533a6c0
0x00007f8aa58f1b40:   00007f8aa0017770 00007f8aa5e8b9d4
0x00007f8aa58f1b50:   0000000084de3008 0000000000000200
0x00007f8aa58f1b60:   0000000084df0020 00007f8aa5e88f19
0x00007f8aa58f1b70:   0000000000000240 00007f8aa5e89000
0x00007f8aa58f1b80:   00007f8aa5e89100 00007f8aa5e88f24
0x00007f8aa58f1b90:   00007f8aa5e88f19 00007f8aa0026c80 

Instructions: (pc=0x00007f8aa835d933)
0x00007f8aa835d913:   83 e0 07 48 83 f8 05 75 d3 31 db eb d6 48 8b 05
0x00007f8aa835d923:   b1 4e 5e 00 8b 7e 08 8b 48 08 48 d3 e7 48 03 38
0x00007f8aa835d933:   8b 77 08 83 fe 00 0f 8f 0a ff ff ff 0f 85 4b 02
0x00007f8aa835d943:   00 00 0f 1f 00 48 8b 07 4c 89 e6 4c 89 55 98 ff 

Register to memory mapping:

RAX=0x00007f8aa89619a0: <offset 0xf969a0> in /usr/lib/jvm/java-8-oracle/jre/lib/amd64/server/libjvm.so at 0x00007f8aa79cb000
RBX=0x000000008538fd44 is pointing into object: 0x000000008538fd30
java.util.concurrent.ConcurrentHashMap$Node 
 - klass: 'java/util/concurrent/ConcurrentHashMap$Node'
RCX=0x0000000000000003 is an unknown value
RDX=0x0000000000000001 is an unknown value
RSP=0x00007f8aa58f19a0 is an unknown value
RBP=0x00007f8aa58f1a10 is an unknown value
RSI=0x00000000db400360 is an oop

[error occurred during error reporting (printing register info), id 0xb]

Stack: [0x00007f8aa57f2000,0x00007f8aa58f3000],  sp=0x00007f8aa58f19a0,  free space=1022k
Native frames: (J=compiled Java code, j=interpreted, Vv=VM code, C=native code)
V  [libjvm.so+0x992933]  oopDesc* PSPromotionManager::copy_to_survivor_space<false>(oopDesc*)+0x143
V  [libjvm.so+0x992200]  PSPromotionManager::drain_stacks_depth(bool)+0x830
V  [libjvm.so+0x401eae]  CardTableExtension::scavenge_contents_parallel(ObjectStartArray*, MutableSpace*, HeapWord*, PSPromotionManager*, unsigned int, unsigned int)+0xafe
V  [libjvm.so+0x995a7b]  OldToYoungRootsTask::do_it(GCTaskManager*, unsigned int)+0x4b
V  [libjvm.so+0x5daecf]  GCTaskThread::run()+0x12f
V  [libjvm.so+0x92a728]  java_start(Thread*)+0x108


---------------  P R O C E S S  ---------------

Java Threads: ( => current thread )
  0x00007f8aa0b70800 JavaThread "resolver-4" daemon [_thread_blocked, id=16619, stack(0x00007f8a47dfe000,0x00007f8a47eff000)]
  0x00007f8aa0b70000 JavaThread "resolver-3" daemon [_thread_blocked, id=16618, stack(0x00007f8a47eff000,0x00007f8a48000000)]
  0x00007f8aa0b6e800 JavaThread "resolver-2" daemon [_thread_blocked, id=16617, stack(0x00007f8a54005000,0x00007f8a54106000)]
  0x00007f8aa0b82000 JavaThread "resolver-1" daemon [_thread_blocked, id=16616, stack(0x00007f8a545bc000,0x00007f8a546bd000)]
  0x00007f8aa058e000 JavaThread "process reaper" daemon [_thread_blocked, id=16600, stack(0x00007f8a57b76000,0x00007f8a57baf000)]
  0x00007f8aa00c9800 JavaThread "Service Thread" daemon [_thread_blocked, id=16589, stack(0x00007f8a8c158000,0x00007f8a8c259000)]
  0x00007f8aa00be000 JavaThread "C1 CompilerThread2" daemon [_thread_blocked, id=16588, stack(0x00007f8a8c259000,0x00007f8a8c35a000)]
  0x00007f8aa00bc800 JavaThread "C2 CompilerThread1" daemon [_thread_blocked, id=16587, stack(0x00007f8a8c35a000,0x00007f8a8c45b000)]
  0x00007f8aa00b9800 JavaThread "C2 CompilerThread0" daemon [_thread_blocked, id=16586, stack(0x00007f8a8c45b000,0x00007f8a8c55c000)]
  0x00007f8aa00b8000 JavaThread "Signal Dispatcher" daemon [_thread_blocked, id=16585, stack(0x00007f8a8c55c000,0x00007f8a8c65d000)]
  0x00007f8aa0084000 JavaThread "Finalizer" daemon [_thread_blocked, id=16584, stack(0x00007f8a8c936000,0x00007f8a8ca37000)]
  0x00007f8aa007f800 JavaThread "Reference Handler" daemon [_thread_blocked, id=16583, stack(0x00007f8a8ca37000,0x00007f8a8cb38000)]
  0x00007f8aa000a000 JavaThread "main" [_thread_blocked, id=16577, stack(0x00007f8aa94c9000,0x00007f8aa95ca000)]

Other Threads:
  0x00007f8aa0077800 VMThread [stack: 0x00007f8a8cb38000,0x00007f8a8cc39000] [id=16582]
  0x00007f8aa00cc000 WatcherThread [stack: 0x00007f8a8c057000,0x00007f8a8c158000] [id=16590]

=>0x00007f8aa0024800 (exited) GCTaskThread [stack: 0x00007f8aa57f2000,0x00007f8aa58f3000] [id=16581]

VM state:at safepoint (normal execution)

VM Mutex/Monitor currently owned by a thread:  ([mutex/lock_event])
[0x00007f8aa0006260] Threads_lock - owner thread: 0x00007f8aa0077800
[0x00007f8aa0006760] Heap_lock - owner thread: 0x00007f8aa000a000

Heap:
 PSYoungGen      total 70144K, used 33230K [0x00000000d6f00000, 0x00000000dfc00000, 0x0000000100000000)
  eden space 61440K, 39% used [0x00000000d6f00000,0x00000000d86f57a0,0x00000000dab00000)
  from space 8704K, 99% used [0x00000000df380000,0x00000000dfbfe280,0x00000000dfc00000)
  to   space 9728K, 23% used [0x00000000de900000,0x00000000deb40000,0x00000000df280000)
 ParOldGen       total 84992K, used 8185K [0x0000000084c00000, 0x0000000089f00000, 0x00000000d6f00000)
  object space 84992K, 9% used [0x0000000084c00000,0x00000000853fe720,0x0000000089f00000)
 Metaspace       used 18367K, capacity 18962K, committed 19328K, reserved 1067008K
  class space    used 2134K, capacity 2316K, committed 2432K, reserved 1048576K

Card table byte_map: [0x00007f8aa5e88000,0x00007f8aa6263000] byte_map_base: 0x00007f8aa5a62000

Marking Bits: (ParMarkBitMap*) 0x00007f8aa8994f80
 Begin Bits: [0x00007f8a8d260000, 0x00007f8a8f130000)
 End Bits:   [0x00007f8a8f130000, 0x00007f8a91000000)

Polling page: 0x00007f8aa95e5000

CodeCache: size=245760Kb used=10294Kb max_used=10875Kb free=235465Kb
 bounds [0x00007f8a91000000, 0x00007f8a91b00000, 0x00007f8aa0000000]
 total_blobs=3465 nmethods=3090 adapters=288
 compilation: enabled

Compilation events (10 events):
Event: 28,015 Thread 0x00007f8aa00be000 3643       3       sun.reflect.generics.parser.SignatureParser::parseClassTypeSignatureSuffix (29 bytes)
Event: 28,015 Thread 0x00007f8aa00be000 nmethod 3643 0x00007f8a914e4690 code [0x00007f8a914e4840, 0x00007f8a914e4bb8]
Event: 28,015 Thread 0x00007f8aa00be000 3644       3       sun.reflect.generics.tree.ClassTypeSignature::make (9 bytes)
Event: 28,015 Thread 0x00007f8aa00be000 nmethod 3644 0x00007f8a914e41d0 code [0x00007f8a914e4340, 0x00007f8a914e4590]
Event: 28,015 Thread 0x00007f8aa00be000 3645       3       sun.reflect.generics.tree.ClassTypeSignature::<init> (10 bytes)
Event: 28,015 Thread 0x00007f8aa00be000 nmethod 3645 0x00007f8a9113d150 code [0x00007f8a9113d2c0, 0x00007f8a9113d490]
Event: 28,017 Thread 0x00007f8aa00bc800 nmethod 3641 0x00007f8a91581990 code [0x00007f8a91581b20, 0x00007f8a91581f08]
Event: 28,378 Thread 0x00007f8aa00be000 3648   !   3       org.sonatype.aether.impl.internal.TrackingFileManager::close (44 bytes)
Event: 28,379 Thread 0x00007f8aa00be000 nmethod 3648 0x00007f8a91704390 code [0x00007f8a917045a0, 0x00007f8a91705108]
Event: 28,404 Thread 0x00007f8aa00be000 3649       3       org.netbeans.shaded.json.simple.JSONValue::toJSONString (191 bytes)

GC Heap History (10 events):
Event: 5,863 GC heap after
Heap after GC invocations=2 (full 0):
 PSYoungGen      total 36864K, used 5106K [0x00000000d6f00000, 0x00000000d9800000, 0x0000000100000000)
  eden space 31744K, 0% used [0x00000000d6f00000,0x00000000d6f00000,0x00000000d8e00000)
  from space 5120K, 99% used [0x00000000d9300000,0x00000000d97fc910,0x00000000d9800000)
  to   space 5120K, 0% used [0x00000000d8e00000,0x00000000d8e00000,0x00000000d9300000)
 ParOldGen       total 84992K, used 1633K [0x0000000084c00000, 0x0000000089f00000, 0x00000000d6f00000)
  object space 84992K, 1% used [0x0000000084c00000,0x0000000084d987f8,0x0000000089f00000)
 Metaspace       used 13101K, capacity 13490K, committed 13824K, reserved 1060864K
  class space    used 1611K, capacity 1725K, committed 1792K, reserved 1048576K
}
Event: 7,550 GC heap before
{Heap before GC invocations=3 (full 0):
 PSYoungGen      total 36864K, used 36850K [0x00000000d6f00000, 0x00000000d9800000, 0x0000000100000000)
  eden space 31744K, 100% used [0x00000000d6f00000,0x00000000d8e00000,0x00000000d8e00000)
  from space 5120K, 99% used [0x00000000d9300000,0x00000000d97fc910,0x00000000d9800000)
  to   space 5120K, 0% used [0x00000000d8e00000,0x00000000d8e00000,0x00000000d9300000)
 ParOldGen       total 84992K, used 1633K [0x0000000084c00000, 0x0000000089f00000, 0x00000000d6f00000)
  object space 84992K, 1% used [0x0000000084c00000,0x0000000084d987f8,0x0000000089f00000)
 Metaspace       used 13467K, capacity 13866K, committed 14080K, reserved 1060864K
  class space    used 1633K, capacity 1761K, committed 1792K, reserved 1048576K
Event: 7,595 GC heap after
Heap after GC invocations=3 (full 0):
 PSYoungGen      total 36864K, used 5120K [0x00000000d6f00000, 0x00000000db700000, 0x0000000100000000)
  eden space 31744K, 0% used [0x00000000d6f00000,0x00000000d6f00000,0x00000000d8e00000)
  from space 5120K, 100% used [0x00000000d8e00000,0x00000000d9300000,0x00000000d9300000)
  to   space 5120K, 0% used [0x00000000db200000,0x00000000db200000,0x00000000db700000)
 ParOldGen       total 84992K, used 2549K [0x0000000084c00000, 0x0000000089f00000, 0x00000000d6f00000)
  object space 84992K, 3% used [0x0000000084c00000,0x0000000084e7d7b0,0x0000000089f00000)
 Metaspace       used 13467K, capacity 13866K, committed 14080K, reserved 1060864K
  class space    used 1633K, capacity 1761K, committed 1792K, reserved 1048576K
}
Event: 9,243 GC heap before
{Heap before GC invocations=4 (full 0):
 PSYoungGen      total 36864K, used 36864K [0x00000000d6f00000, 0x00000000db700000, 0x0000000100000000)
  eden space 31744K, 100% used [0x00000000d6f00000,0x00000000d8e00000,0x00000000d8e00000)
  from space 5120K, 100% used [0x00000000d8e00000,0x00000000d9300000,0x00000000d9300000)
  to   space 5120K, 0% used [0x00000000db200000,0x00000000db200000,0x00000000db700000)
 ParOldGen       total 84992K, used 2549K [0x0000000084c00000, 0x0000000089f00000, 0x00000000d6f00000)
  object space 84992K, 3% used [0x0000000084c00000,0x0000000084e7d7b0,0x0000000089f00000)
 Metaspace       used 13689K, capacity 14076K, committed 14336K, reserved 1062912K
  class space    used 1635K, capacity 1764K, committed 1792K, reserved 1048576K
Event: 9,265 GC heap after
Heap after GC invocations=4 (full 0):
 PSYoungGen      total 68608K, used 5120K [0x00000000d6f00000, 0x00000000db700000, 0x0000000100000000)
  eden space 63488K, 0% used [0x00000000d6f00000,0x00000000d6f00000,0x00000000dad00000)
  from space 5120K, 100% used [0x00000000db200000,0x00000000db700000,0x00000000db700000)
  to   space 5120K, 0% used [0x00000000dad00000,0x00000000dad00000,0x00000000db200000)
 ParOldGen       total 84992K, used 4041K [0x0000000084c00000, 0x0000000089f00000, 0x00000000d6f00000)
  object space 84992K, 4% used [0x0000000084c00000,0x0000000084ff27c0,0x0000000089f00000)
 Metaspace       used 13689K, capacity 14076K, committed 14336K, reserved 1062912K
  class space    used 1635K, capacity 1764K, committed 1792K, reserved 1048576K
}
Event: 12,973 GC heap before
{Heap before GC invocations=5 (full 0):
 PSYoungGen      total 68608K, used 68608K [0x00000000d6f00000, 0x00000000db700000, 0x0000000100000000)
  eden space 63488K, 100% used [0x00000000d6f00000,0x00000000dad00000,0x00000000dad00000)
  from space 5120K, 100% used [0x00000000db200000,0x00000000db700000,0x00000000db700000)
  to   space 5120K, 0% used [0x00000000dad00000,0x00000000dad00000,0x00000000db200000)
 ParOldGen       total 84992K, used 4041K [0x0000000084c00000, 0x0000000089f00000, 0x00000000d6f00000)
  object space 84992K, 4% used [0x0000000084c00000,0x0000000084ff27c0,0x0000000089f00000)
 Metaspace       used 14914K, capacity 15308K, committed 15488K, reserved 1062912K
  class space    used 1747K, capacity 1876K, committed 1920K, reserved 1048576K
Event: 12,993 GC heap after
Heap after GC invocations=5 (full 0):
 PSYoungGen      total 68608K, used 5104K [0x00000000d6f00000, 0x00000000dfc00000, 0x0000000100000000)
  eden space 63488K, 0% used [0x00000000d6f00000,0x00000000d6f00000,0x00000000dad00000)
  from space 5120K, 99% used [0x00000000dad00000,0x00000000db1fc010,0x00000000db200000)
  to   space 8704K, 0% used [0x00000000df380000,0x00000000df380000,0x00000000dfc00000)
 ParOldGen       total 84992K, used 7230K [0x0000000084c00000, 0x0000000089f00000, 0x00000000d6f00000)
  object space 84992K, 8% used [0x0000000084c00000,0x000000008530fa80,0x0000000089f00000)
 Metaspace       used 14914K, capacity 15308K, committed 15488K, reserved 1062912K
  class space    used 1747K, capacity 1876K, committed 1920K, reserved 1048576K
}
Event: 23,264 GC heap before
{Heap before GC invocations=6 (full 0):
 PSYoungGen      total 68608K, used 68592K [0x00000000d6f00000, 0x00000000dfc00000, 0x0000000100000000)
  eden space 63488K, 100% used [0x00000000d6f00000,0x00000000dad00000,0x00000000dad00000)
  from space 5120K, 99% used [0x00000000dad00000,0x00000000db1fc010,0x00000000db200000)
  to   space 8704K, 0% used [0x00000000df380000,0x00000000df380000,0x00000000dfc00000)
 ParOldGen       total 84992K, used 7230K [0x0000000084c00000, 0x0000000089f00000, 0x00000000d6f00000)
  object space 84992K, 8% used [0x0000000084c00000,0x000000008530fa80,0x0000000089f00000)
 Metaspace       used 16810K, capacity 17364K, committed 17536K, reserved 1064960K
  class space    used 1968K, capacity 2151K, committed 2176K, reserved 1048576K
Event: 23,291 GC heap after
Heap after GC invocations=6 (full 0):
 PSYoungGen      total 70144K, used 8696K [0x00000000d6f00000, 0x00000000dfc00000, 0x0000000100000000)
  eden space 61440K, 0% used [0x00000000d6f00000,0x00000000d6f00000,0x00000000dab00000)
  from space 8704K, 99% used [0x00000000df380000,0x00000000dfbfe280,0x00000000dfc00000)
  to   space 9728K, 0% used [0x00000000de900000,0x00000000de900000,0x00000000df280000)
 ParOldGen       total 84992K, used 7401K [0x0000000084c00000, 0x0000000089f00000, 0x00000000d6f00000)
  object space 84992K, 8% used [0x0000000084c00000,0x000000008533a6c0,0x0000000089f00000)
 Metaspace       used 16810K, capacity 17364K, committed 17536K, reserved 1064960K
  class space    used 1968K, capacity 2151K, committed 2176K, reserved 1048576K
}
Event: 28,407 GC heap before
{Heap before GC invocations=7 (full 0):
 PSYoungGen      total 70144K, used 33230K [0x00000000d6f00000, 0x00000000dfc00000, 0x0000000100000000)
  eden space 61440K, 39% used [0x00000000d6f00000,0x00000000d86f57a0,0x00000000dab00000)
  from space 8704K, 99% used [0x00000000df380000,0x00000000dfbfe280,0x00000000dfc00000)
  to   space 9728K, 0% used [0x00000000de900000,0x00000000de900000,0x00000000df280000)
 ParOldGen       total 84992K, used 7401K [0x0000000084c00000, 0x0000000089f00000, 0x00000000d6f00000)
  object space 84992K, 8% used [0x0000000084c00000,0x000000008533a6c0,0x0000000089f00000)
 Metaspace       used 18367K, capacity 18962K, committed 19328K, reserved 1067008K
  class space    used 2134K, capacity 2316K, committed 2432K, reserved 1048576K

Deoptimization events (10 events):
Event: 26,334 Thread 0x00007f8aa000a000 Uncommon trap: reason=class_check action=maybe_recompile pc=0x00007f8a916b5dec method=java.util.Hashtable.put(Ljava/lang/Object;Ljava/lang/Object;)Ljava/lang/Object; @ 18
Event: 26,335 Thread 0x00007f8aa000a000 Uncommon trap: reason=class_check action=maybe_recompile pc=0x00007f8a916b5dec method=java.util.Hashtable.put(Ljava/lang/Object;Ljava/lang/Object;)Ljava/lang/Object; @ 18
Event: 27,993 Thread 0x00007f8aa000a000 Uncommon trap: reason=class_check action=maybe_recompile pc=0x00007f8a917625a8 method=java.util.Hashtable.get(Ljava/lang/Object;)Ljava/lang/Object; @ 6
Event: 27,993 Thread 0x00007f8aa000a000 Uncommon trap: reason=class_check action=maybe_recompile pc=0x00007f8a917625a8 method=java.util.Hashtable.get(Ljava/lang/Object;)Ljava/lang/Object; @ 6
Event: 27,993 Thread 0x00007f8aa000a000 Uncommon trap: reason=class_check action=maybe_recompile pc=0x00007f8a917625a8 method=java.util.Hashtable.get(Ljava/lang/Object;)Ljava/lang/Object; @ 6
Event: 27,993 Thread 0x00007f8aa000a000 Uncommon trap: reason=class_check action=maybe_recompile pc=0x00007f8a917625a8 method=java.util.Hashtable.get(Ljava/lang/Object;)Ljava/lang/Object; @ 6
Event: 28,012 Thread 0x00007f8aa000a000 Uncommon trap: reason=bimorphic action=maybe_recompile pc=0x00007f8a916fd130 method=java.util.regex.Pattern$Start.match(Ljava/util/regex/Matcher;ILjava/lang/CharSequence;)Z @ 44
Event: 28,012 Thread 0x00007f8aa000a000 Uncommon trap: reason=bimorphic action=maybe_recompile pc=0x00007f8a916fd130 method=java.util.regex.Pattern$Start.match(Ljava/util/regex/Matcher;ILjava/lang/CharSequence;)Z @ 44
Event: 28,012 Thread 0x00007f8aa000a000 Uncommon trap: reason=bimorphic action=maybe_recompile pc=0x00007f8a916fd130 method=java.util.regex.Pattern$Start.match(Ljava/util/regex/Matcher;ILjava/lang/CharSequence;)Z @ 44
Event: 28,012 Thread 0x00007f8aa000a000 Uncommon trap: reason=bimorphic action=maybe_recompile pc=0x00007f8a916fd130 method=java.util.regex.Pattern$Start.match(Ljava/util/regex/Matcher;ILjava/lang/CharSequence;)Z @ 44

Internal exceptions (10 events):
Event: 5,786 Thread 0x00007f8aa000a000 Implicit null exception at 0x00007f8a913143af to 0x00007f8a91314419
Event: 6,584 Thread 0x00007f8aa000a000 Implicit null exception at 0x00007f8a91552c3e to 0x00007f8a91552f59
Event: 9,380 Thread 0x00007f8aa000a000 Implicit null exception at 0x00007f8a91377518 to 0x00007f8a913775a6
Event: 10,601 Thread 0x00007f8aa000a000 Exception <a 'java/lang/NoClassDefFoundError': org/slf4j/Logger> (0x00000000d83126a0) thrown at [/HUDSON/workspace/8-2-build-linux-amd64/jdk8u151/9699/hotspot/src/share/vm/oops/constantPool.cpp, line 235]
Event: 11,126 Thread 0x00007f8aa000a000 Exception <a 'java/lang/NoClassDefFoundError': org/slf4j/Logger> (0x00000000d8acf0e8) thrown at [/HUDSON/workspace/8-2-build-linux-amd64/jdk8u151/9699/hotspot/src/share/vm/oops/constantPool.cpp, line 235]
Event: 14,706 Thread 0x00007f8aa000a000 Exception <a 'java/lang/NoClassDefFoundError': org/slf4j/Logger> (0x00000000d8ad3f28) thrown at [/HUDSON/workspace/8-2-build-linux-amd64/jdk8u151/9699/hotspot/src/share/vm/oops/constantPool.cpp, line 235]
Event: 15,394 Thread 0x00007f8aa000a000 Exception <a 'java/lang/NoClassDefFoundError': org/slf4j/Logger> (0x00000000d9360008) thrown at [/HUDSON/workspace/8-2-build-linux-amd64/jdk8u151/9699/hotspot/src/share/vm/oops/constantPool.cpp, line 235]
Event: 15,509 Thread 0x00007f8aa0b6e800 Implicit null exception at 0x00007f8a91923708 to 0x00007f8a919237c1
Event: 15,612 Thread 0x00007f8aa000a000 Implicit null exception at 0x00007f8a91a32fbe to 0x00007f8a91a332d9
Event: 23,101 Thread 0x00007f8aa000a000 Exception <a 'java/lang/NoClassDefFoundError': org/slf4j/Logger> (0x00000000daacfe08) thrown at [/HUDSON/workspace/8-2-build-linux-amd64/jdk8u151/9699/hotspot/src/share/vm/oops/constantPool.cpp, line 235]

Events (10 events):
Event: 28,012 Thread 0x00007f8aa000a000 Uncommon trap: trap_request=0xffffffc6 fr.pc=0x00007f8a916fd130
Event: 28,012 Thread 0x00007f8aa000a000 DEOPT PACKING pc=0x00007f8a916fd130 sp=0x00007f8aa95c6ed0
Event: 28,012 Thread 0x00007f8aa000a000 DEOPT UNPACKING pc=0x00007f8a91005229 sp=0x00007f8aa95c6e40 mode 2
Event: 28,013 loading class org/apache/maven/artifact/versioning/VersionRange
Event: 28,013 loading class org/apache/maven/artifact/versioning/VersionRange done
Event: 28,013 loading class org/apache/maven/artifact/versioning/VersionRange
Event: 28,013 loading class org/apache/maven/artifact/versioning/VersionRange done
Event: 28,013 loading class org/apache/maven/artifact/versioning/VersionRange
Event: 28,013 loading class org/apache/maven/artifact/versioning/VersionRange done
Event: 28,407 Executing VM operation: ParallelGCSystemGC


Dynamic libraries:
00400000-00401000 r-xp 00000000 08:05 8532988                            /usr/lib/jvm/java-8-oracle/bin/java
00600000-00601000 rw-p 00000000 08:05 8532988                            /usr/lib/jvm/java-8-oracle/bin/java
00625000-00646000 rw-p 00000000 00:00 0                                  [heap]
84c00000-89f00000 rw-p 00000000 00:00 0 
89f00000-d6f00000 ---p 00000000 00:00 0 
d6f00000-dfc00000 rw-p 00000000 00:00 0 
dfc00000-100000000 ---p 00000000 00:00 0 
100000000-100260000 rw-p 00000000 00:00 0 
100260000-140000000 ---p 00000000 00:00 0 
7f8a30000000-7f8a30021000 rw-p 00000000 00:00 0 
7f8a30021000-7f8a34000000 ---p 00000000 00:00 0 
7f8a34000000-7f8a34021000 rw-p 00000000 00:00 0 
7f8a34021000-7f8a38000000 ---p 00000000 00:00 0 
7f8a38000000-7f8a38021000 rw-p 00000000 00:00 0 
7f8a38021000-7f8a3c000000 ---p 00000000 00:00 0 
7f8a3c000000-7f8a3c02b000 rw-p 00000000 00:00 0 
7f8a3c02b000-7f8a40000000 ---p 00000000 00:00 0 
7f8a40000000-7f8a40021000 rw-p 00000000 00:00 0 
7f8a40021000-7f8a44000000 ---p 00000000 00:00 0 
7f8a478fb000-7f8a4797b000 rw-p 00000000 00:00 0 
7f8a4797b000-7f8a47afe000 ---p 00000000 00:00 0 
7f8a47afe000-7f8a47bfc000 rw-p 00000000 00:00 0 
7f8a47bfc000-7f8a47bff000 ---p 00000000 00:00 0 
7f8a47bff000-7f8a47cfd000 rw-p 00000000 00:00 0 
7f8a47cfd000-7f8a47d00000 ---p 00000000 00:00 0 
7f8a47d00000-7f8a47dfe000 rw-p 00000000 00:00 0 
7f8a47dfe000-7f8a47e01000 ---p 00000000 00:00 0 
7f8a47e01000-7f8a47eff000 rw-p 00000000 00:00 0 
7f8a47eff000-7f8a47f02000 ---p 00000000 00:00 0 
7f8a47f02000-7f8a48000000 rw-p 00000000 00:00 0 
7f8a48000000-7f8a48021000 rw-p 00000000 00:00 0 
7f8a48021000-7f8a4c000000 ---p 00000000 00:00 0 
7f8a4c000000-7f8a4c021000 rw-p 00000000 00:00 0 
7f8a4c021000-7f8a50000000 ---p 00000000 00:00 0 
7f8a50000000-7f8a50021000 rw-p 00000000 00:00 0 
7f8a50021000-7f8a54000000 ---p 00000000 00:00 0 
7f8a54005000-7f8a54008000 ---p 00000000 00:00 0 
7f8a54008000-7f8a54306000 rw-p 00000000 00:00 0 
7f8a54306000-7f8a54506000 rw-p 00000000 00:00 0 
7f8a545a3000-7f8a545a5000 r--s 00007000 08:05 2762512                    /home/devcx/.m2/repository/org/apache/maven/shared/maven-filtering/1.0-beta-2/maven-filtering-1.0-beta-2.jar
7f8a545a5000-7f8a545a7000 r--s 00005000 08:05 2762508                    /home/devcx/.m2/repository/xpp3/xpp3_min/1.1.4c/xpp3_min-1.1.4c.jar
7f8a545a7000-7f8a545b2000 r--s 0005f000 08:05 2762507                    /home/devcx/.m2/repository/com/thoughtworks/xstream/xstream/1.3.1/xstream-1.3.1.jar
7f8a545b2000-7f8a545b5000 r--s 0000a000 08:05 2762505                    /home/devcx/.m2/repository/org/codehaus/plexus/plexus-io/1.0.1/plexus-io-1.0.1.jar
7f8a545b5000-7f8a545b9000 r--s 00029000 08:05 2762504                    /home/devcx/.m2/repository/org/codehaus/plexus/plexus-archiver/1.2/plexus-archiver-1.2.jar
7f8a545b9000-7f8a545ba000 r--s 00004000 08:05 2762503                    /home/devcx/.m2/repository/org/apache/maven/maven-archiver/2.4.1/maven-archiver-2.4.1.jar
7f8a545ba000-7f8a545bc000 r--s 00011000 08:05 2107131                    /home/devcx/.m2/repository/org/apache/maven/plugins/maven-war-plugin/2.1.1/maven-war-plugin-2.1.1.jar
7f8a545bc000-7f8a545bf000 ---p 00000000 00:00 0 
7f8a545bf000-7f8a546bd000 rw-p 00000000 00:00 0 
7f8a546bd000-7f8a546be000 r--s 00002000 08:05 2761673                    /home/devcx/.m2/repository/org/apache/maven/reporting/maven-reporting-api/2.0.9/maven-reporting-api-2.0.9.jar
7f8a546be000-7f8a546c1000 r--s 00034000 08:05 2761667                    /home/devcx/.m2/repository/org/codehaus/plexus/plexus-utils/2.1/plexus-utils-2.1.jar
7f8a546c1000-7f8a546c3000 r--s 00006000 08:05 2761666                    /home/devcx/.m2/repository/org/apache/maven/shared/maven-common-artifact-filters/1.3/maven-common-artifact-filters-1.3.jar
7f8a546c3000-7f8a546c5000 r--s 0000d000 08:05 2761664                    /home/devcx/.m2/repository/org/apache/maven/surefire/maven-surefire-common/2.10/maven-surefire-common-2.10.jar
7f8a546c5000-7f8a546ca000 r--s 00023000 08:05 2761663                    /home/devcx/.m2/repository/org/apache/maven/surefire/surefire-api/2.10/surefire-api-2.10.jar
7f8a546ca000-7f8a546cc000 r--s 00007000 08:05 2371089                    /home/devcx/.m2/repository/org/apache/maven/surefire/surefire-booter/2.10/surefire-booter-2.10.jar
7f8a546cc000-7f8a546ce000 r--s 00006000 08:05 1972656                    /home/devcx/.m2/repository/org/apache/maven/plugins/maven-surefire-plugin/2.10/maven-surefire-plugin-2.10.jar
7f8a546ce000-7f8a546d3000 r--s 00041000 08:05 3022216                    /home/devcx/.m2/repository/commons-lang/commons-lang/2.6/commons-lang-2.6.jar
7f8a546d3000-7f8a546e1000 r--s 0007f000 08:05 3022215                    /home/devcx/.m2/repository/commons-collections/commons-collections/3.2.1/commons-collections-3.2.1.jar
7f8a546e1000-7f8a546e3000 r--s 00006000 08:05 3022214                    /home/devcx/.m2/repository/org/apache/maven/shared/maven-invoker/2.0.11/maven-invoker-2.0.11.jar
7f8a546e3000-7f8a546e4000 r--s 00007000 08:05 2895379                    /home/devcx/.m2/repository/org/apache/maven/shared/maven-plugin-testing-harness/1.1/maven-plugin-testing-harness-1.1.jar
7f8a546e4000-7f8a546e6000 r--s 00006000 08:05 2895376                    /home/devcx/.m2/repository/org/apache/maven/shared/maven-common-artifact-filters/1.2/maven-common-artifact-filters-1.2.jar
7f8a546e6000-7f8a546e8000 r--s 00007000 08:05 2895375                    /home/devcx/.m2/repository/org/apache/maven/shared/maven-dependency-tree/1.2/maven-dependency-tree-1.2.jar
7f8a546e8000-7f8a546ea000 r--s 00009000 08:05 2895373                    /home/devcx/.m2/repository/asm/asm/3.0/asm-3.0.jar
7f8a546ea000-7f8a546ec000 r--s 00005000 08:05 2895372                    /home/devcx/.m2/repository/org/apache/maven/shared/maven-dependency-analyzer/1.2/maven-dependency-analyzer-1.2.jar
7f8a546ec000-7f8a546ef000 r--s 0000c000 08:05 2895369                    /home/devcx/.m2/repository/org/codehaus/plexus/plexus-io/2.0/plexus-io-2.0.jar
7f8a546ef000-7f8a546f1000 r--s 00008000 08:05 2895367                    /home/devcx/.m2/repository/org/apache/maven/shared/maven-shared-io/1.1/maven-shared-io-1.1.jar
7f8a546f1000-7f8a546f3000 r--s 00008000 08:05 2895366                    /home/devcx/.m2/repository/org/apache/maven/shared/file-management/1.2.1/file-management-1.2.1.jar
7f8a546f3000-7f8a546f7000 r--s 00034000 08:05 2895365                    /home/devcx/.m2/repository/org/codehaus/plexus/plexus-utils/3.0/plexus-utils-3.0.jar
7f8a546f7000-7f8a546fb000 r--s 00028000 08:05 2762729                    /home/devcx/.m2/repository/org/codehaus/plexus/plexus-archiver/2.0/plexus-archiver-2.0.jar
7f8a546fb000-7f8a546fd000 r--s 00004000 08:05 2895361                    /home/devcx/.m2/repository/org/apache/maven/doxia/doxia-module-xhtml/1.0/doxia-module-xhtml-1.0.jar
7f8a546fd000-7f8a546fe000 r--s 00006000 08:05 2895359                    /home/devcx/.m2/repository/org/apache/maven/doxia/doxia-module-xdoc/1.0/doxia-module-xdoc-1.0.jar
7f8a546fe000-7f8a546ff000 r--s 00004000 08:05 2895358                    /home/devcx/.m2/repository/org/apache/maven/doxia/doxia-module-fml/1.0/doxia-module-fml-1.0.jar
7f8a546ff000-7f8a54701000 r--s 0000a000 08:05 2762726                    /home/devcx/.m2/repository/org/apache/maven/doxia/doxia-module-apt/1.0/doxia-module-apt-1.0.jar
7f8a54701000-7f8a54702000 r--s 0000b000 08:05 2762723                    /home/devcx/.m2/repository/org/apache/maven/doxia/doxia-decoration-model/1.0/doxia-decoration-model-1.0.jar
7f8a54702000-7f8a5470a000 r--s 00058000 08:05 2762722                    /home/devcx/.m2/repository/org/apache/velocity/velocity/1.5/velocity-1.5.jar
7f8a5470a000-7f8a5470b000 r--s 00001000 08:05 2762720                    /home/devcx/.m2/repository/org/codehaus/plexus/plexus-velocity/1.1.7/plexus-velocity-1.1.7.jar
7f8a5470b000-7f8a5470c000 r--s 00002000 08:05 2762719                    /home/devcx/.m2/repository/org/codehaus/plexus/plexus-i18n/1.0-beta-7/plexus-i18n-1.0-beta-7.jar
7f8a5470c000-7f8a5470e000 r--s 0000a000 08:05 2762716                    /home/devcx/.m2/repository/org/apache/maven/doxia/doxia-site-renderer/1.0/doxia-site-renderer-1.0.jar
7f8a5470e000-7f8a5470f000 r--s 00002000 08:05 2762715                    /home/devcx/.m2/repository/org/apache/maven/doxia/doxia-sink-api/1.0/doxia-sink-api-1.0.jar
7f8a5470f000-7f8a54714000 r--s 00016000 08:05 2499151                    /home/devcx/.m2/repository/xml-apis/xml-apis/1.0.b2/xml-apis-1.0.b2.jar
7f8a54714000-7f8a54716000 r--s 0000e000 08:05 2762714                    /home/devcx/.m2/repository/oro/oro/2.0.8/oro-2.0.8.jar
7f8a54716000-7f8a54718000 r--s 00008000 08:05 2895349                    /home/devcx/.m2/repository/commons-logging/commons-logging/1.0.4/commons-logging-1.0.4.jar
7f8a54718000-7f8a5471c000 r--s 00026000 08:05 2895348                    /home/devcx/.m2/repository/commons-digester/commons-digester/1.6/commons-digester-1.6.jar
7f8a5471c000-7f8a54721000 r--s 0002a000 08:05 2895347                    /home/devcx/.m2/repository/commons-beanutils/commons-beanutils/1.7.0/commons-beanutils-1.7.0.jar
7f8a54721000-7f8a54724000 r--s 00014000 08:05 2895345                    /home/devcx/.m2/repository/commons-validator/commons-validator/1.2.0/commons-validator-1.2.0.jar
7f8a54724000-7f8a54727000 r--s 00018000 08:05 2895343                    /home/devcx/.m2/repository/commons-io/commons-io/1.4/commons-io-1.4.jar
7f8a54727000-7f8a54729000 r--s 00009000 08:05 2895342                    /home/devcx/.m2/repository/org/apache/maven/shared/maven-doxia-tools/1.0.2/maven-doxia-tools-1.0.2.jar
7f8a54729000-7f8a5472c000 r--s 0000b000 08:05 2762710                    /home/devcx/.m2/repository/org/apache/maven/doxia/doxia-core/1.0/doxia-core-1.0.jar
7f8a5472c000-7f8a5472e000 r--s 00004000 08:05 2762709                    /home/devcx/.m2/repository/org/apache/maven/reporting/maven-reporting-impl/2.0.5/maven-reporting-impl-2.0.5.jar
7f8a5472e000-7f8a5472f000 r--s 00002000 08:05 2762708                    /home/devcx/.m2/repository/org/apache/maven/reporting/maven-reporting-api/3.0/maven-reporting-api-3.0.jar
7f8a5472f000-7f8a54732000 r--s 0001e000 08:05 2107234                    /home/devcx/.m2/repository/org/apache/maven/plugins/maven-dependency-plugin/2.3/maven-dependency-plugin-2.3.jar
7f8a54732000-7f8a54734000 r--s 00002000 08:05 2760932                    /home/devcx/.m2/repository/org/codehaus/plexus/plexus-compiler-javac/1.8.1/plexus-compiler-javac-1.8.1.jar
7f8a54734000-7f8a54736000 r--s 00000000 08:05 2760934                    /home/devcx/.m2/repository/org/codehaus/plexus/plexus-compiler-manager/1.8.1/plexus-compiler-manager-1.8.1.jar
7f8a54736000-7f8a54737000 r--s 00004000 08:05 2760931                    /home/devcx/.m2/repository/org/codehaus/plexus/plexus-compiler-api/1.8.1/plexus-compiler-api-1.8.1.jar
7f8a54737000-7f8a54739000 r--s 00006000 08:05 2107206                    /home/devcx/.m2/repository/org/apache/maven/plugins/maven-compiler-plugin/2.3.2/maven-compiler-plugin-2.3.2.jar
7f8a54739000-7f8a5473b000 r--s 0000d000 08:05 2632035                    /home/devcx/.m2/repository/org/codehaus/plexus/plexus-interpolation/1.13/plexus-interpolation-1.13.jar
7f8a5473b000-7f8a5473c000 r--s 00001000 08:05 2632034                    /home/devcx/.m2/repository/org/sonatype/plexus/plexus-build-api/0.0.4/plexus-build-api-0.0.4.jar
7f8a5473c000-7f8a5473e000 r--s 00009000 08:05 2632032                    /home/devcx/.m2/repository/org/apache/maven/shared/maven-filtering/1.0/maven-filtering-1.0.jar
7f8a5473e000-7f8a54742000 r--s 00033000 08:05 2632031                    /home/devcx/.m2/repository/org/codehaus/plexus/plexus-utils/2.0.5/plexus-utils-2.0.5.jar
7f8a54742000-7f8a54745000 r--s 0001b000 08:05 2632024                    /home/devcx/.m2/repository/junit/junit/3.8.1/junit-3.8.1.jar
7f8a54745000-7f8a54747000 r--s 00002000 08:05 2632025                    /home/devcx/.m2/repository/org/codehaus/plexus/plexus-interactivity-api/1.0-alpha-4/plexus-interactivity-api-1.0-alpha-4.jar
7f8a54747000-7f8a54749000 r--s 00006000 08:05 2632026                    /home/devcx/.m2/repository/commons-cli/commons-cli/1.0/commons-cli-1.0.jar
7f8a54749000-7f8a5474a000 r--s 00001000 08:05 2632023                    /home/devcx/.m2/repository/org/apache/maven/doxia/doxia-sink-api/1.0-alpha-7/doxia-sink-api-1.0-alpha-7.jar
7f8a5474a000-7f8a5474b000 r--s 00002000 08:05 2632022                    /home/devcx/.m2/repository/org/apache/maven/reporting/maven-reporting-api/2.0.6/maven-reporting-api-2.0.6.jar
7f8a5474b000-7f8a5474d000 r--s 00005000 08:05 1972623                    /home/devcx/.m2/repository/org/apache/maven/plugins/maven-resources-plugin/2.5/maven-resources-plugin-2.5.jar
7f8a5474d000-7f8a5475e000 r-xp 00000000 08:05 8795859                    /usr/lib/jvm/java-8-oracle/jre/lib/amd64/libnio.so
7f8a5475e000-7f8a5495d000 ---p 00011000 08:05 8795859                    /usr/lib/jvm/java-8-oracle/jre/lib/amd64/libnio.so
7f8a5495d000-7f8a5495e000 rw-p 00010000 08:05 8795859                    /usr/lib/jvm/java-8-oracle/jre/lib/amd64/libnio.so
7f8a5495e000-7f8a5795f000 rw-p 00000000 00:00 0 
7f8a5795f000-7f8a57976000 r-xp 00000000 08:05 8795856                    /usr/lib/jvm/java-8-oracle/jre/lib/amd64/libnet.so
7f8a57976000-7f8a57b75000 ---p 00017000 08:05 8795856                    /usr/lib/jvm/java-8-oracle/jre/lib/amd64/libnet.so
7f8a57b75000-7f8a57b76000 rw-p 00016000 08:05 8795856                    /usr/lib/jvm/java-8-oracle/jre/lib/amd64/libnet.so
7f8a57b76000-7f8a57b79000 ---p 00000000 00:00 0 
7f8a57b79000-7f8a57baf000 rw-p 00000000 00:00 0 
7f8a57baf000-7f8a57bb0000 r--p 00000000 00:00 0 
7f8a57bb0000-7f8a57db0000 rw-p 00000000 00:00 0 
7f8a57db0000-7f8a57db5000 r--s 0009a000 08:05 8658135                    /usr/lib/jvm/java-8-oracle/jre/lib/jsse.jar
7f8a57db5000-7f8a57fb5000 rw-p 00000000 00:00 0 
7f8a57fb5000-7f8a57fd1000 r--s 00393000 08:05 8658139                    /usr/lib/jvm/java-8-oracle/jre/lib/ext/cldrdata.jar
7f8a57fd1000-7f8a58000000 r--s 001c8000 08:05 2243040                    /home/devcx/node_modules/netbeans-8.2/java/maven/lib/wagon-http-2.10-shaded.jar
7f8a58000000-7f8a58021000 rw-p 00000000 00:00 0 
7f8a58021000-7f8a5c000000 ---p 00000000 00:00 0 
7f8a5c000000-7f8a5c021000 rw-p 00000000 00:00 0 
7f8a5c021000-7f8a60000000 ---p 00000000 00:00 0 
7f8a60000000-7f8a62469000 rw-p 00000000 00:00 0 
7f8a62469000-7f8a64000000 ---p 00000000 00:00 0 
7f8a64000000-7f8a64cbe000 rw-p 00000000 00:00 0 
7f8a64cbe000-7f8a68000000 ---p 00000000 00:00 0 
7f8a68000000-7f8a68021000 rw-p 00000000 00:00 0 
7f8a68021000-7f8a6c000000 ---p 00000000 00:00 0 
7f8a6c000000-7f8a6e275000 rw-p 00000000 00:00 0 
7f8a6e275000-7f8a70000000 ---p 00000000 00:00 0 
7f8a70000000-7f8a70021000 rw-p 00000000 00:00 0 
7f8a70021000-7f8a74000000 ---p 00000000 00:00 0 
7f8a74000000-7f8a74021000 rw-p 00000000 00:00 0 
7f8a74021000-7f8a78000000 ---p 00000000 00:00 0 
7f8a78000000-7f8a7828f000 rw-p 00000000 00:00 0 
7f8a7828f000-7f8a7c000000 ---p 00000000 00:00 0 
7f8a7c000000-7f8a7c021000 rw-p 00000000 00:00 0 
7f8a7c021000-7f8a80000000 ---p 00000000 00:00 0 
7f8a80000000-7f8a80021000 rw-p 00000000 00:00 0 
7f8a80021000-7f8a84000000 ---p 00000000 00:00 0 
7f8a84000000-7f8a84021000 rw-p 00000000 00:00 0 
7f8a84021000-7f8a88000000 ---p 00000000 00:00 0 
7f8a88000000-7f8a88021000 rw-p 00000000 00:00 0 
7f8a88021000-7f8a8c000000 ---p 00000000 00:00 0 
7f8a8c000000-7f8a8c002000 r--s 0000d000 08:05 2243065                    /home/devcx/node_modules/netbeans-8.2/java/maven-nblib/netbeans-eventspy.jar
7f8a8c002000-7f8a8c006000 r--s 00021000 08:05 2242995                    /home/devcx/node_modules/netbeans-8.2/java/maven/lib/maven-model-builder-3.0.5.jar
7f8a8c006000-7f8a8c010000 r--s 00116000 08:05 8658146                    /usr/lib/jvm/java-8-oracle/jre/lib/ext/localedata.jar
7f8a8c010000-7f8a8c011000 r--s 0000a000 08:05 2243056                    /home/devcx/node_modules/netbeans-8.2/java/maven/lib/maven-embedder-3.0.5.jar
7f8a8c011000-7f8a8c012000 r--s 00002000 08:05 2243043                    /home/devcx/node_modules/netbeans-8.2/java/maven/lib/wagon-http-shared-2.10.jar
7f8a8c012000-7f8a8c015000 r--s 00008000 08:05 2242942                    /home/devcx/node_modules/netbeans-8.2/java/maven/lib/maven-settings-builder-3.0.5.jar
7f8a8c015000-7f8a8c019000 r--s 00013000 08:05 2243076                    /home/devcx/node_modules/netbeans-8.2/java/maven/lib/aether-api-1.13.1.jar
7f8a8c019000-7f8a8c01b000 r--s 0000c000 08:05 2242960                    /home/devcx/node_modules/netbeans-8.2/java/maven/lib/maven-aether-provider-3.0.5.jar
7f8a8c01b000-7f8a8c01d000 r--s 00000000 08:05 2242726                    /home/devcx/node_modules/netbeans-8.2/java/maven/lib/plexus-component-annotations-1.5.5.jar
7f8a8c01d000-7f8a8c01f000 r--s 00006000 08:05 2242913                    /home/devcx/node_modules/netbeans-8.2/java/maven/lib/aether-connector-wagon-1.13.1.jar
7f8a8c01f000-7f8a8c026000 r--s 0002b000 08:05 2243016                    /home/devcx/node_modules/netbeans-8.2/java/maven/lib/sisu-inject-plexus-2.3.0.jar
7f8a8c026000-7f8a8c028000 r--s 0000b000 08:05 2243028                    /home/devcx/node_modules/netbeans-8.2/java/maven/lib/wagon-provider-api-2.10.jar
7f8a8c028000-7f8a8c02c000 r--s 00033000 08:05 2243068                    /home/devcx/node_modules/netbeans-8.2/java/maven/lib/plexus-utils-2.0.6.jar
7f8a8c02c000-7f8a8c038000 r--s 0007d000 08:05 2243082                    /home/devcx/node_modules/netbeans-8.2/java/maven/lib/maven-core-3.0.5.jar
7f8a8c038000-7f8a8c057000 r--s 00154000 08:05 2243083                    /home/devcx/node_modules/netbeans-8.2/java/maven/lib/sisu-guava-0.9.9.jar
7f8a8c057000-7f8a8c058000 ---p 00000000 00:00 0 
7f8a8c058000-7f8a8c158000 rw-p 00000000 00:00 0 
7f8a8c158000-7f8a8c15b000 ---p 00000000 00:00 0 
7f8a8c15b000-7f8a8c259000 rw-p 00000000 00:00 0 
7f8a8c259000-7f8a8c25c000 ---p 00000000 00:00 0 
7f8a8c25c000-7f8a8c35a000 rw-p 00000000 00:00 0 
7f8a8c35a000-7f8a8c35d000 ---p 00000000 00:00 0 
7f8a8c35d000-7f8a8c45b000 rw-p 00000000 00:00 0 
7f8a8c45b000-7f8a8c45e000 ---p 00000000 00:00 0 
7f8a8c45e000-7f8a8c55c000 rw-p 00000000 00:00 0 
7f8a8c55c000-7f8a8c55f000 ---p 00000000 00:00 0 
7f8a8c55f000-7f8a8c65d000 rw-p 00000000 00:00 0 
7f8a8c65d000-7f8a8c936000 r--p 00000000 08:05 8258452                    /usr/lib/locale/locale-archive
7f8a8c936000-7f8a8c939000 ---p 00000000 00:00 0 
7f8a8c939000-7f8a8ca37000 rw-p 00000000 00:00 0 
7f8a8ca37000-7f8a8ca3a000 ---p 00000000 00:00 0 
7f8a8ca3a000-7f8a8cb38000 rw-p 00000000 00:00 0 
7f8a8cb38000-7f8a8cb39000 ---p 00000000 00:00 0 
7f8a8cb39000-7f8a91000000 rw-p 00000000 00:00 0 
7f8a91000000-7f8a91b00000 rwxp 00000000 00:00 0 
7f8a91b00000-7f8aa0000000 ---p 00000000 00:00 0 
7f8aa0000000-7f8aa0cd1000 rw-p 00000000 00:00 0 
7f8aa0cd1000-7f8aa4000000 ---p 00000000 00:00 0 
7f8aa4000000-7f8aa4001000 r--s 00002000 08:05 2243085                    /home/devcx/node_modules/netbeans-8.2/java/maven/lib/wagon-file-2.10.jar
7f8aa4001000-7f8aa4003000 r--s 0000b000 08:05 2243041                    /home/devcx/node_modules/netbeans-8.2/java/maven/lib/maven-plugin-api-3.0.5.jar
7f8aa4003000-7f8aa4005000 r--s 0000b000 08:05 2243055                    /home/devcx/node_modules/netbeans-8.2/java/maven/lib/maven-artifact-3.0.5.jar
7f8aa4005000-7f8aa400b000 r--s 0003f000 08:05 2243071                    /home/devcx/node_modules/netbeans-8.2/java/maven/lib/maven-compat-3.0.5.jar
7f8aa400b000-7f8aa400e000 r--s 0001d000 08:05 2243069                    /home/devcx/node_modules/netbeans-8.2/java/maven/lib/aether-impl-1.13.1.jar
7f8aa400e000-7f8aa49c9000 rw-p 00000000 00:00 0 
7f8aa49c9000-7f8aa4ba2000 r--s 03d5a000 08:05 8658130                    /usr/lib/jvm/java-8-oracle/jre/lib/rt.jar
7f8aa4ba2000-7f8aa57f2000 rw-p 00000000 00:00 0 
7f8aa57f2000-7f8aa57f3000 ---p 00000000 00:00 0 
7f8aa57f3000-7f8aa58f3000 rw-p 00000000 00:00 0 
7f8aa58f3000-7f8aa58f4000 ---p 00000000 00:00 0 
7f8aa58f4000-7f8aa59f4000 rw-p 00000000 00:00 0 
7f8aa59f4000-7f8aa59f5000 ---p 00000000 00:00 0 
7f8aa59f5000-7f8aa5af5000 rw-p 00000000 00:00 0 
7f8aa5af5000-7f8aa5af6000 ---p 00000000 00:00 0 
7f8aa5af6000-7f8aa5c20000 rw-p 00000000 00:00 0 
7f8aa5c20000-7f8aa5e88000 ---p 00000000 00:00 0 
7f8aa5e88000-7f8aa5eb2000 rw-p 00000000 00:00 0 
7f8aa5eb2000-7f8aa6119000 ---p 00000000 00:00 0 
7f8aa6119000-7f8aa6160000 rw-p 00000000 00:00 0 
7f8aa6160000-7f8aa6262000 ---p 00000000 00:00 0 
7f8aa6262000-7f8aa628f000 rw-p 00000000 00:00 0 
7f8aa628f000-7f8aa6623000 ---p 00000000 00:00 0 
7f8aa6623000-7f8aa663e000 r-xp 00000000 08:05 8795852                    /usr/lib/jvm/java-8-oracle/jre/lib/amd64/libzip.so
7f8aa663e000-7f8aa683e000 ---p 0001b000 08:05 8795852                    /usr/lib/jvm/java-8-oracle/jre/lib/amd64/libzip.so
7f8aa683e000-7f8aa683f000 rw-p 0001b000 08:05 8795852                    /usr/lib/jvm/java-8-oracle/jre/lib/amd64/libzip.so
7f8aa683f000-7f8aa684a000 r-xp 00000000 08:05 8912980                    /lib/x86_64-linux-gnu/libnss_files-2.23.so
7f8aa684a000-7f8aa6a49000 ---p 0000b000 08:05 8912980                    /lib/x86_64-linux-gnu/libnss_files-2.23.so
7f8aa6a49000-7f8aa6a4a000 r--p 0000a000 08:05 8912980                    /lib/x86_64-linux-gnu/libnss_files-2.23.so
7f8aa6a4a000-7f8aa6a4b000 rw-p 0000b000 08:05 8912980                    /lib/x86_64-linux-gnu/libnss_files-2.23.so
7f8aa6a4b000-7f8aa6a51000 rw-p 00000000 00:00 0 
7f8aa6a51000-7f8aa6a5c000 r-xp 00000000 08:05 8912983                    /lib/x86_64-linux-gnu/libnss_nis-2.23.so
7f8aa6a5c000-7f8aa6c5b000 ---p 0000b000 08:05 8912983                    /lib/x86_64-linux-gnu/libnss_nis-2.23.so
7f8aa6c5b000-7f8aa6c5c000 r--p 0000a000 08:05 8912983                    /lib/x86_64-linux-gnu/libnss_nis-2.23.so
7f8aa6c5c000-7f8aa6c5d000 rw-p 0000b000 08:05 8912983                    /lib/x86_64-linux-gnu/libnss_nis-2.23.so
7f8aa6c5d000-7f8aa6c73000 r-xp 00000000 08:05 8912910                    /lib/x86_64-linux-gnu/libnsl-2.23.so
7f8aa6c73000-7f8aa6e72000 ---p 00016000 08:05 8912910                    /lib/x86_64-linux-gnu/libnsl-2.23.so
7f8aa6e72000-7f8aa6e73000 r--p 00015000 08:05 8912910                    /lib/x86_64-linux-gnu/libnsl-2.23.so
7f8aa6e73000-7f8aa6e74000 rw-p 00016000 08:05 8912910                    /lib/x86_64-linux-gnu/libnsl-2.23.so
7f8aa6e74000-7f8aa6e76000 rw-p 00000000 00:00 0 
7f8aa6e76000-7f8aa6e7e000 r-xp 00000000 08:05 8912989                    /lib/x86_64-linux-gnu/libnss_compat-2.23.so
7f8aa6e7e000-7f8aa707d000 ---p 00008000 08:05 8912989                    /lib/x86_64-linux-gnu/libnss_compat-2.23.so
7f8aa707d000-7f8aa707e000 r--p 00007000 08:05 8912989                    /lib/x86_64-linux-gnu/libnss_compat-2.23.so
7f8aa707e000-7f8aa707f000 rw-p 00008000 08:05 8912989                    /lib/x86_64-linux-gnu/libnss_compat-2.23.so
7f8aa707f000-7f8aa70aa000 r-xp 00000000 08:05 8795846                    /usr/lib/jvm/java-8-oracle/jre/lib/amd64/libjava.so
7f8aa70aa000-7f8aa72a9000 ---p 0002b000 08:05 8795846                    /usr/lib/jvm/java-8-oracle/jre/lib/amd64/libjava.so
7f8aa72a9000-7f8aa72ab000 rw-p 0002a000 08:05 8795846                    /usr/lib/jvm/java-8-oracle/jre/lib/amd64/libjava.so
7f8aa72ab000-7f8aa72b8000 r-xp 00000000 08:05 8795851                    /usr/lib/jvm/java-8-oracle/jre/lib/amd64/libverify.so
7f8aa72b8000-7f8aa74b8000 ---p 0000d000 08:05 8795851                    /usr/lib/jvm/java-8-oracle/jre/lib/amd64/libverify.so
7f8aa74b8000-7f8aa74ba000 rw-p 0000d000 08:05 8795851                    /usr/lib/jvm/java-8-oracle/jre/lib/amd64/libverify.so
7f8aa74ba000-7f8aa74c1000 r-xp 00000000 08:05 8912985                    /lib/x86_64-linux-gnu/librt-2.23.so
7f8aa74c1000-7f8aa76c0000 ---p 00007000 08:05 8912985                    /lib/x86_64-linux-gnu/librt-2.23.so
7f8aa76c0000-7f8aa76c1000 r--p 00006000 08:05 8912985                    /lib/x86_64-linux-gnu/librt-2.23.so
7f8aa76c1000-7f8aa76c2000 rw-p 00007000 08:05 8912985                    /lib/x86_64-linux-gnu/librt-2.23.so
7f8aa76c2000-7f8aa77ca000 r-xp 00000000 08:05 8912994                    /lib/x86_64-linux-gnu/libm-2.23.so
7f8aa77ca000-7f8aa79c9000 ---p 00108000 08:05 8912994                    /lib/x86_64-linux-gnu/libm-2.23.so
7f8aa79c9000-7f8aa79ca000 r--p 00107000 08:05 8912994                    /lib/x86_64-linux-gnu/libm-2.23.so
7f8aa79ca000-7f8aa79cb000 rw-p 00108000 08:05 8912994                    /lib/x86_64-linux-gnu/libm-2.23.so
7f8aa79cb000-7f8aa869e000 r-xp 00000000 08:05 8795829                    /usr/lib/jvm/java-8-oracle/jre/lib/amd64/server/libjvm.so
7f8aa869e000-7f8aa889d000 ---p 00cd3000 08:05 8795829                    /usr/lib/jvm/java-8-oracle/jre/lib/amd64/server/libjvm.so
7f8aa889d000-7f8aa8977000 rw-p 00cd2000 08:05 8795829                    /usr/lib/jvm/java-8-oracle/jre/lib/amd64/server/libjvm.so
7f8aa8977000-7f8aa89c2000 rw-p 00000000 00:00 0 
7f8aa89c2000-7f8aa8b82000 r-xp 00000000 08:05 8917478                    /lib/x86_64-linux-gnu/libc-2.23.so
7f8aa8b82000-7f8aa8d82000 ---p 001c0000 08:05 8917478                    /lib/x86_64-linux-gnu/libc-2.23.so
7f8aa8d82000-7f8aa8d86000 r--p 001c0000 08:05 8917478                    /lib/x86_64-linux-gnu/libc-2.23.so
7f8aa8d86000-7f8aa8d88000 rw-p 001c4000 08:05 8917478                    /lib/x86_64-linux-gnu/libc-2.23.so
7f8aa8d88000-7f8aa8d8c000 rw-p 00000000 00:00 0 
7f8aa8d8c000-7f8aa8d8f000 r-xp 00000000 08:05 8912988                    /lib/x86_64-linux-gnu/libdl-2.23.so
7f8aa8d8f000-7f8aa8f8e000 ---p 00003000 08:05 8912988                    /lib/x86_64-linux-gnu/libdl-2.23.so
7f8aa8f8e000-7f8aa8f8f000 r--p 00002000 08:05 8912988                    /lib/x86_64-linux-gnu/libdl-2.23.so
7f8aa8f8f000-7f8aa8f90000 rw-p 00003000 08:05 8912988                    /lib/x86_64-linux-gnu/libdl-2.23.so
7f8aa8f90000-7f8aa8fa6000 r-xp 00000000 08:05 8657984                    /usr/lib/jvm/java-8-oracle/lib/amd64/jli/libjli.so
7f8aa8fa6000-7f8aa91a5000 ---p 00016000 08:05 8657984                    /usr/lib/jvm/java-8-oracle/lib/amd64/jli/libjli.so
7f8aa91a5000-7f8aa91a6000 rw-p 00015000 08:05 8657984                    /usr/lib/jvm/java-8-oracle/lib/amd64/jli/libjli.so
7f8aa91a6000-7f8aa91be000 r-xp 00000000 08:05 8912982                    /lib/x86_64-linux-gnu/libpthread-2.23.so
7f8aa91be000-7f8aa93bd000 ---p 00018000 08:05 8912982                    /lib/x86_64-linux-gnu/libpthread-2.23.so
7f8aa93bd000-7f8aa93be000 r--p 00017000 08:05 8912982                    /lib/x86_64-linux-gnu/libpthread-2.23.so
7f8aa93be000-7f8aa93bf000 rw-p 00018000 08:05 8912982                    /lib/x86_64-linux-gnu/libpthread-2.23.so
7f8aa93bf000-7f8aa93c3000 rw-p 00000000 00:00 0 
7f8aa93c3000-7f8aa93e9000 r-xp 00000000 08:05 8912913                    /lib/x86_64-linux-gnu/ld-2.23.so
7f8aa93e9000-7f8aa93eb000 r--s 00009000 08:05 2243086                    /home/devcx/node_modules/netbeans-8.2/java/maven/lib/commons-cli-1.2.jar
7f8aa93eb000-7f8aa93ed000 r--s 00006000 08:05 2242847                    /home/devcx/node_modules/netbeans-8.2/java/maven/lib/maven-repository-metadata-3.0.5.jar
7f8aa93ed000-7f8aa93ef000 r--s 0000a000 08:05 2243057                    /home/devcx/node_modules/netbeans-8.2/java/maven/lib/maven-settings-3.0.5.jar
7f8aa93ef000-7f8aa93f0000 r--s 00006000 08:05 2242996                    /home/devcx/node_modules/netbeans-8.2/java/maven/lib/plexus-sec-dispatcher-1.3.jar
7f8aa93f0000-7f8aa93f8000 r--s 00050000 08:05 2243027                    /home/devcx/node_modules/netbeans-8.2/java/maven/lib/sisu-guice-3.1.0-no_aop.jar
7f8aa93f8000-7f8aa93fa000 r--s 00002000 08:05 2243075                    /home/devcx/node_modules/netbeans-8.2/java/maven/lib/plexus-cipher-1.7.jar
7f8aa93fa000-7f8aa93fe000 r--s 0001c000 08:05 2243070                    /home/devcx/node_modules/netbeans-8.2/java/maven/lib/aether-util-1.13.1.jar
7f8aa93fe000-7f8aa94c9000 rw-p 00000000 00:00 0 
7f8aa94c9000-7f8aa94cc000 ---p 00000000 00:00 0 
7f8aa94cc000-7f8aa95ce000 rw-p 00000000 00:00 0 
7f8aa95ce000-7f8aa95cf000 r--s 00003000 08:05 2243077                    /home/devcx/node_modules/netbeans-8.2/java/maven/lib/aether-spi-1.13.1.jar
7f8aa95cf000-7f8aa95d1000 r--s 0000d000 08:05 2242997                    /home/devcx/node_modules/netbeans-8.2/java/maven/lib/plexus-interpolation-1.14.jar
7f8aa95d1000-7f8aa95d3000 r--s 00026000 08:05 2243074                    /home/devcx/node_modules/netbeans-8.2/java/maven/lib/maven-model-3.0.5.jar
7f8aa95d3000-7f8aa95da000 r--s 0003f000 08:05 2243042                    /home/devcx/node_modules/netbeans-8.2/java/maven/lib/sisu-inject-bean-2.3.0.jar
7f8aa95da000-7f8aa95dc000 r--s 0000a000 08:05 2243030                    /home/devcx/node_modules/netbeans-8.2/java/maven/boot/plexus-classworlds-2.4.jar
7f8aa95dc000-7f8aa95e4000 rw-s 00000000 08:05 3154106                    /tmp/hsperfdata_devcx/16575
7f8aa95e4000-7f8aa95e5000 rw-p 00000000 00:00 0 
7f8aa95e5000-7f8aa95e6000 ---p 00000000 00:00 0 
7f8aa95e6000-7f8aa95e8000 rw-p 00000000 00:00 0 
7f8aa95e8000-7f8aa95e9000 r--p 00025000 08:05 8912913                    /lib/x86_64-linux-gnu/ld-2.23.so
7f8aa95e9000-7f8aa95ea000 rw-p 00026000 08:05 8912913                    /lib/x86_64-linux-gnu/ld-2.23.so
7f8aa95ea000-7f8aa95eb000 rw-p 00000000 00:00 0 
7ffcc361c000-7ffcc363d000 rw-p 00000000 00:00 0                          [stack]
7ffcc367f000-7ffcc3681000 r--p 00000000 00:00 0                          [vvar]
7ffcc3681000-7ffcc3683000 r-xp 00000000 00:00 0                          [vdso]
ffffffffff600000-ffffffffff601000 r-xp 00000000 00:00 0                  [vsyscall]

VM Arguments:
jvm_args: -Dclassworlds.conf=/home/devcx/node_modules/netbeans-8.2/java/maven/bin/m2.conf -Dmaven.home=/home/devcx/node_modules/netbeans-8.2/java/maven 
java_command: org.codehaus.plexus.classworlds.launcher.Launcher -Dnetbeans.deploy=true -Dmaven.ext.class.path=/home/devcx/node_modules/netbeans-8.2/java/maven-nblib/netbeans-eventspy.jar package
java_class_path (initial): /home/devcx/node_modules/netbeans-8.2/java/maven/boot/plexus-classworlds-2.4.jar
Launcher Type: SUN_STANDARD

Environment Variables:
JAVA_HOME=/usr/lib/jvm/java-8-oracle
PATH=/home/devcx/bin:/home/devcx/.local/bin:/usr/local/sbin:/usr/local/bin:/usr/sbin:/usr/bin:/sbin:/bin:/usr/games:/usr/local/games:/snap/bin:/usr/lib/jvm/java-8-oracle/bin:/usr/lib/jvm/java-8-oracle/db/bin:/usr/lib/jvm/java-8-oracle/jre/bin
LD_LIBRARY_PATH=/usr/lib/jvm/java-8-oracle/jre/lib/amd64:/usr/lib/jvm/java-8-oracle/jre/lib/i386:
SHELL=/bin/bash
DISPLAY=:0

Signal Handlers:
SIGSEGV: [libjvm.so+0xacbe10], sa_mask[0]=11111111011111111101111111111110, sa_flags=SA_RESTART|SA_SIGINFO
SIGBUS: [libjvm.so+0xacbe10], sa_mask[0]=11111111011111111101111111111110, sa_flags=SA_RESTART|SA_SIGINFO
SIGFPE: [libjvm.so+0x924f90], sa_mask[0]=11111111011111111101111111111110, sa_flags=SA_RESTART|SA_SIGINFO
SIGPIPE: [libjvm.so+0x924f90], sa_mask[0]=11111111011111111101111111111110, sa_flags=SA_RESTART|SA_SIGINFO
SIGXFSZ: [libjvm.so+0x924f90], sa_mask[0]=11111111011111111101111111111110, sa_flags=SA_RESTART|SA_SIGINFO
SIGILL: [libjvm.so+0x924f90], sa_mask[0]=11111111011111111101111111111110, sa_flags=SA_RESTART|SA_SIGINFO
SIGUSR1: SIG_DFL, sa_mask[0]=00000000000000000000000000000000, sa_flags=none
SIGUSR2: [libjvm.so+0x9267d0], sa_mask[0]=00100000000000000000000000000000, sa_flags=SA_RESTART|SA_SIGINFO
SIGHUP: [libjvm.so+0x927bd0], sa_mask[0]=11111111011111111101111111111110, sa_flags=SA_RESTART|SA_SIGINFO
SIGINT: SIG_IGN, sa_mask[0]=00000000000000000000000000000000, sa_flags=none
SIGTERM: [libjvm.so+0x927bd0], sa_mask[0]=11111111011111111101111111111110, sa_flags=SA_RESTART|SA_SIGINFO
SIGQUIT: [libjvm.so+0x927bd0], sa_mask[0]=11111111011111111101111111111110, sa_flags=SA_RESTART|SA_SIGINFO


---------------  S Y S T E M  ---------------

OS:DISTRIB_ID=Ubuntu
DISTRIB_RELEASE=16.04
DISTRIB_CODENAME=xenial
DISTRIB_DESCRIPTION="Ubuntu 16.04.3 LTS"

uname:Linux 4.4.0-101-generic #124-Ubuntu SMP Fri Nov 10 18:29:59 UTC 2017 x86_64
libc:glibc 2.23 NPTL 2.23 
rlimit: STACK 8192k, CORE 0k, NPROC 31392, NOFILE 1048576, AS infinity
load average:16,58 7,49 3,33

/proc/meminfo:
MemTotal:        8077220 kB
MemFree:         1011844 kB
MemAvailable:    2596048 kB
Buffers:          197748 kB
Cached:          2875068 kB
SwapCached:        86188 kB
Active:          4403808 kB
Inactive:        2335904 kB
Active(anon):    3358060 kB
Inactive(anon):  1639944 kB
Active(file):    1045748 kB
Inactive(file):   695960 kB
Unevictable:         208 kB
Mlocked:             208 kB
SwapTotal:       4882428 kB
SwapFree:        4606776 kB
Dirty:              9580 kB
Writeback:             0 kB
AnonPages:       3592308 kB
Mapped:          1066508 kB
Shmem:           1331108 kB
Slab:             177404 kB
SReclaimable:     126856 kB
SUnreclaim:        50548 kB
KernelStack:       14048 kB
PageTables:        66080 kB
NFS_Unstable:          0 kB
Bounce:                0 kB
WritebackTmp:          0 kB
CommitLimit:     8921036 kB
Committed_AS:   13023356 kB
VmallocTotal:   34359738367 kB
VmallocUsed:           0 kB
VmallocChunk:          0 kB
HardwareCorrupted:     0 kB
AnonHugePages:   1515520 kB
CmaTotal:              0 kB
CmaFree:               0 kB
HugePages_Total:       0
HugePages_Free:        0
HugePages_Rsvd:        0
HugePages_Surp:        0
Hugepagesize:       2048 kB
DirectMap4k:      197228 kB
DirectMap2M:     8095744 kB


CPU:total 4 (initial active 4) (2 cores per cpu, 2 threads per core) family 6 model 42 stepping 7, cmov, cx8, fxsr, mmx, sse, sse2, sse3, ssse3, sse4.1, sse4.2, popcnt, avx, aes, clmul, ht, tsc, tscinvbit

/proc/cpuinfo:
processor	: 0
vendor_id	: GenuineIntel
cpu family	: 6
model		: 42
model name	: Intel(R) Core(TM) i5-2410M CPU @ 2.30GHz
stepping	: 7
microcode	: 0x25
cpu MHz		: 1712.511
cache size	: 3072 KB
physical id	: 0
siblings	: 4
core id		: 0
cpu cores	: 2
apicid		: 0
initial apicid	: 0
fpu		: yes
fpu_exception	: yes
cpuid level	: 13
wp		: yes
flags		: fpu vme de pse tsc msr pae mce cx8 apic sep mtrr pge mca cmov pat pse36 clflush dts acpi mmx fxsr sse sse2 ss ht tm pbe syscall nx rdtscp lm constant_tsc arch_perfmon pebs bts rep_good nopl xtopology nonstop_tsc aperfmperf eagerfpu pni pclmulqdq dtes64 monitor ds_cpl vmx est tm2 ssse3 cx16 xtpr pdcm pcid sse4_1 sse4_2 x2apic popcnt tsc_deadline_timer aes xsave avx lahf_lm epb tpr_shadow vnmi flexpriority ept vpid xsaveopt dtherm ida arat pln pts
bugs		:
bogomips	: 4589.60
clflush size	: 64
cache_alignment	: 64
address sizes	: 36 bits physical, 48 bits virtual
power management:

processor	: 1
vendor_id	: GenuineIntel
cpu family	: 6
model		: 42
model name	: Intel(R) Core(TM) i5-2410M CPU @ 2.30GHz
stepping	: 7
microcode	: 0x25
cpu MHz		: 1798.761
cache size	: 3072 KB
physical id	: 0
siblings	: 4
core id		: 1
cpu cores	: 2
apicid		: 2
initial apicid	: 2
fpu		: yes
fpu_exception	: yes
cpuid level	: 13
wp		: yes
flags		: fpu vme de pse tsc msr pae mce cx8 apic sep mtrr pge mca cmov pat pse36 clflush dts acpi mmx fxsr sse sse2 ss ht tm pbe syscall nx rdtscp lm constant_tsc arch_perfmon pebs bts rep_good nopl xtopology nonstop_tsc aperfmperf eagerfpu pni pclmulqdq dtes64 monitor ds_cpl vmx est tm2 ssse3 cx16 xtpr pdcm pcid sse4_1 sse4_2 x2apic popcnt tsc_deadline_timer aes xsave avx lahf_lm epb tpr_shadow vnmi flexpriority ept vpid xsaveopt dtherm ida arat pln pts
bugs		:
bogomips	: 4589.60
clflush size	: 64
cache_alignment	: 64
address sizes	: 36 bits physical, 48 bits virtual
power management:

processor	: 2
vendor_id	: GenuineIntel
cpu family	: 6
model		: 42
model name	: Intel(R) Core(TM) i5-2410M CPU @ 2.30GHz
stepping	: 7
microcode	: 0x25
cpu MHz		: 1707.210
cache size	: 3072 KB
physical id	: 0
siblings	: 4
core id		: 0
cpu cores	: 2
apicid		: 1
initial apicid	: 1
fpu		: yes
fpu_exception	: yes
cpuid level	: 13
wp		: yes
flags		: fpu vme de pse tsc msr pae mce cx8 apic sep mtrr pge mca cmov pat pse36 clflush dts acpi mmx fxsr sse sse2 ss ht tm pbe syscall nx rdtscp lm constant_tsc arch_perfmon pebs bts rep_good nopl xtopology nonstop_tsc aperfmperf eagerfpu pni pclmulqdq dtes64 monitor ds_cpl vmx est tm2 ssse3 cx16 xtpr pdcm pcid sse4_1 sse4_2 x2apic popcnt tsc_deadline_timer aes xsave avx lahf_lm epb tpr_shadow vnmi flexpriority ept vpid xsaveopt dtherm ida arat pln pts
bugs		:
bogomips	: 4589.60
clflush size	: 64
cache_alignment	: 64
address sizes	: 36 bits physical, 48 bits virtual
power management:

processor	: 3
vendor_id	: GenuineIntel
cpu family	: 6
model		: 42
model name	: Intel(R) Core(TM) i5-2410M CPU @ 2.30GHz
stepping	: 7
microcode	: 0x25
cpu MHz		: 1711.523
cache size	: 3072 KB
physical id	: 0
siblings	: 4
core id		: 1
cpu cores	: 2
apicid		: 3
initial apicid	: 3
fpu		: yes
fpu_exception	: yes
cpuid level	: 13
wp		: yes
flags		: fpu vme de pse tsc msr pae mce cx8 apic sep mtrr pge mca cmov pat pse36 clflush dts acpi mmx fxsr sse sse2 ss ht tm pbe syscall nx rdtscp lm constant_tsc arch_perfmon pebs bts rep_good nopl xtopology nonstop_tsc aperfmperf eagerfpu pni pclmulqdq dtes64 monitor ds_cpl vmx est tm2 ssse3 cx16 xtpr pdcm pcid sse4_1 sse4_2 x2apic popcnt tsc_deadline_timer aes xsave avx lahf_lm epb tpr_shadow vnmi flexpriority ept vpid xsaveopt dtherm ida arat pln pts
bugs		:
bogomips	: 4589.60
clflush size	: 64
cache_alignment	: 64
address sizes	: 36 bits physical, 48 bits virtual
power management:



Memory: 4k page, physical 8077220k(1009672k free), swap 4882428k(4606776k free)

vm_info: Java HotSpot(TM) 64-Bit Server VM (25.151-b12) for linux-amd64 JRE (1.8.0_151-b12), built on Sep  5 2017 19:20:58 by "java_re" with gcc 4.3.0 20080428 (Red Hat 4.3.0-8)

time: Tue Nov 28 17:55:38 2017
elapsed time: 28 seconds (0d 0h 0m 28s)

