#
# A fatal error has been detected by the Java Runtime Environment:
#
#  SIGSEGV (0xb) at pc=0x00007f533b0ae5b6, pid=21935, tid=0x00007f533c983700
#
# JRE version: Java(TM) SE Runtime Environment (8.0_151-b12) (build 1.8.0_151-b12)
# Java VM: Java HotSpot(TM) 64-Bit Server VM (25.151-b12 mixed mode linux-amd64 compressed oops)
# Problematic frame:
# V  [libjvm.so+0x3285b6]  BiasedLocking::revoke_and_rebias(Handle, bool, Thread*)+0x36
#
# Failed to write core dump. Core dumps have been disabled. To enable core dumping, try "ulimit -c unlimited" before starting Java again
#
# If you would like to submit a bug report, please visit:
#   http://bugreport.java.com/bugreport/crash.jsp
#

---------------  T H R E A D  ---------------

Current thread (0x00007f533400a000):  JavaThread "main" [_thread_in_vm, id=21938, stack(0x00007f533c883000,0x00007f533c984000)]

siginfo: si_signo: 11 (SIGSEGV), si_code: 1 (SEGV_MAPERR), si_addr: 0x00000000424000f0

Registers:
RAX=0x0000000000000000, RBX=0x00007f533400a630, RCX=0x00007f533400a000, RDX=0x00007f533400a000
RSP=0x00007f533c9813e0, RBP=0x00007f533c9814d0, RSI=0x00007f533400a630, RDI=0x00000000424000f0
R8 =0x00007f5334008a40, R9 =0x000000000000000b, R10=0x000000000000000c, R11=0x00007f533b205610
R12=0x00007f533400a000, R13=0x00007f533c9815f0, R14=0x000000010008c8d8, R15=0x00007f533400a000
RIP=0x00007f533b0ae5b6, EFLAGS=0x0000000000010202, CSGSFS=0x0000000000000033, ERR=0x0000000000000004
  TRAPNO=0x000000000000000e

Top of Stack: (sp=0x00007f533c9813e0)
0x00007f533c9813e0:   00007f533400a000 00007f533c981410
0x00007f533c9813f0:   000000010008c690 00007f533400a630
0x00007f533c981400:   00007f533c981470 00007f533b3ce619
0x00007f533c981410:   00007f533400a000 00007f5334008a00
0x00007f533c981420:   00007f533400a590 00007f533400a630
0x00007f533c981430:   00007f533400a678 00000000000000d8
0x00007f533c981440:   00007f533c981480 00007ffd305accd5
0x00007f533c981450:   00007f533c9814b0 000000010008c690
0x00007f533c981460:   00007f533c9814a0 00007ffd305accd5
0x00007f533c981470:   00007f533c9814d0 000000010008c8d8
0x00007f533c981480:   0000000000000001 00007f533c9815e0
0x00007f533c981490:   00007f533400a000 000000010008c8d8
0x00007f533c9814a0:   00007f533c9814d0 00007f533400a630
0x00007f533c9814b0:   00007f533400a000 00007f533c9815f0
0x00007f533c9814c0:   000000010008c8d8 00007f533c981590
0x00007f533c9814d0:   00007f533c981500 00007f533b7be112
0x00007f533c9814e0:   00007f533c981500 00000000424000f0
0x00007f533c9814f0:   00007f533c9815e0 00007f533400a000
0x00007f533c981500:   00007f533c981670 00007f533b3ccafe
0x00007f533c981510:   00007f533c981840 00007f533404d010
0x00007f533c981520:   00007f533c981860 01007f5334008990
0x00007f533c981530:   00007f5324800088 00000000342d8330
0x00007f533c981540:   00007f533c9818b0 00007f533b74d81f
0x00007f533c981550:   00007f533c981528 00007f533c981840
0x00007f533c981560:   0000000000000001 00007f53340066c0
0x00007f533c981570:   00007f53340073a0 0000000000000001
0x00007f533c981580:   00007f5324c88618 00007f533400a000
0x00007f533c981590:   0000000000000000 00000000122d299d
0x00007f533c9815a0:   00007f533c981501 00007f53340152d0
0x00007f533c9815b0:   00007f5334015340 00007f5334015440
0x00007f533c9815c0:   00007f533400b064 00007f533400b080
0x00007f533c9815d0:   0000000400000002 00007f533b4146a0 

Instructions: (pc=0x00007f533b0ae5b6)
0x00007f533b0ae596:   e8 4c 89 75 f0 48 81 ec f0 00 00 00 40 88 b5 17
0x00007f533b0ae5a6:   ff ff ff 48 89 bd 28 ff ff ff 48 89 fe 48 8b 3f
0x00007f533b0ae5b6:   4c 8b 2f 4c 89 e8 83 e0 07 48 83 f8 05 0f 84 37
0x00007f533b0ae5c6:   01 00 00 31 d2 48 85 f6 74 03 48 8b 16 48 8b 02 

Register to memory mapping:

RAX=0x0000000000000000 is an unknown value
RBX=0x00007f533400a630 is an unknown value
RCX=0x00007f533400a000 is a thread
RDX=0x00007f533400a000 is a thread
RSP=0x00007f533c9813e0 is pointing into the stack for thread: 0x00007f533400a000
RBP=0x00007f533c9814d0 is pointing into the stack for thread: 0x00007f533400a000
RSI=0x00007f533400a630 is an unknown value
RDI=0x00000000424000f0 is an unknown value
R8 =0x00007f5334008a40 is an unknown value
R9 =0x000000000000000b is an unknown value
R10=0x000000000000000c is an unknown value
R11=0x00007f533b205610: <offset 0x47f610> in /usr/lib/jvm/java-8-oracle/jre/lib/amd64/server/libjvm.so at 0x00007f533ad86000
R12=0x00007f533400a000 is a thread
R13=0x00007f533c9815f0 is pointing into the stack for thread: 0x00007f533400a000
R14=0x000000010008c8d8 is pointing into metadata
R15=0x00007f533400a000 is a thread


Stack: [0x00007f533c883000,0x00007f533c984000],  sp=0x00007f533c9813e0,  free space=1016k
Native frames: (J=compiled Java code, j=interpreted, Vv=VM code, C=native code)
V  [libjvm.so+0x3285b6]  BiasedLocking::revoke_and_rebias(Handle, bool, Thread*)+0x36
V  [libjvm.so+0xa38112]  ObjectSynchronizer::fast_enter(Handle, BasicLock*, bool, Thread*)+0x42
V  [libjvm.so+0x646afe]  InstanceKlass::link_class_impl(instanceKlassHandle, bool, Thread*)+0x2ce
V  [libjvm.so+0x64810f]  InstanceKlass::initialize_impl(instanceKlassHandle, Thread*)+0x6f
V  [libjvm.so+0x648611]  InstanceKlass::initialize(Thread*)+0x41
V  [libjvm.so+0x68879a]  InterpreterRuntime::_new(JavaThread*, ConstantPool*, int)+0x23a
j  org.sonatype.guice.plexus.lifecycles.PlexusLifecycleManager.<clinit>()V+37
v  ~StubRoutines::call_stub
V  [libjvm.so+0x693e76]  JavaCalls::call_helper(JavaValue*, methodHandle*, JavaCallArguments*, Thread*)+0x1056
V  [libjvm.so+0x645c37]  InstanceKlass::call_class_initializer_impl(instanceKlassHandle, Thread*)+0xd7
V  [libjvm.so+0x64824c]  InstanceKlass::initialize_impl(instanceKlassHandle, Thread*)+0x1ac
V  [libjvm.so+0x648611]  InstanceKlass::initialize(Thread*)+0x41
V  [libjvm.so+0x68879a]  InterpreterRuntime::_new(JavaThread*, ConstantPool*, int)+0x23a
j  org.codehaus.plexus.DefaultPlexusContainer.<init>(Lorg/codehaus/plexus/ContainerConfiguration;[Lcom/google/inject/Module;)V+217
j  org.codehaus.plexus.DefaultPlexusContainer.<init>(Lorg/codehaus/plexus/ContainerConfiguration;)V+5
j  org.apache.maven.cli.MavenCli.container(Lorg/apache/maven/cli/MavenCli$CliRequest;)V+81
j  org.apache.maven.cli.MavenCli.doMain(Lorg/apache/maven/cli/MavenCli$CliRequest;)I+27
j  org.apache.maven.cli.MavenCli.main([Ljava/lang/String;Lorg/codehaus/plexus/classworlds/ClassWorld;)I+18
v  ~StubRoutines::call_stub
V  [libjvm.so+0x693e76]  JavaCalls::call_helper(JavaValue*, methodHandle*, JavaCallArguments*, Thread*)+0x1056
V  [libjvm.so+0x9a0837]  Reflection::invoke(instanceKlassHandle, methodHandle, Handle, bool, objArrayHandle, BasicType, objArrayHandle, bool, Thread*)+0x5d7
V  [libjvm.so+0x9a3f47]  Reflection::invoke_method(oopDesc*, Handle, objArrayHandle, Thread*)+0x147
V  [libjvm.so+0x72752b]  JVM_InvokeMethod+0x26b
j  sun.reflect.NativeMethodAccessorImpl.invoke0(Ljava/lang/reflect/Method;Ljava/lang/Object;[Ljava/lang/Object;)Ljava/lang/Object;+0
j  sun.reflect.NativeMethodAccessorImpl.invoke(Ljava/lang/Object;[Ljava/lang/Object;)Ljava/lang/Object;+100
j  sun.reflect.DelegatingMethodAccessorImpl.invoke(Ljava/lang/Object;[Ljava/lang/Object;)Ljava/lang/Object;+6
j  java.lang.reflect.Method.invoke(Ljava/lang/Object;[Ljava/lang/Object;)Ljava/lang/Object;+56
j  org.codehaus.plexus.classworlds.launcher.Launcher.launchEnhanced([Ljava/lang/String;)V+45
j  org.codehaus.plexus.classworlds.launcher.Launcher.launch([Ljava/lang/String;)V+2
j  org.codehaus.plexus.classworlds.launcher.Launcher.mainWithExitCode([Ljava/lang/String;)I+97
j  org.codehaus.plexus.classworlds.launcher.Launcher.main([Ljava/lang/String;)V+1
v  ~StubRoutines::call_stub
V  [libjvm.so+0x693e76]  JavaCalls::call_helper(JavaValue*, methodHandle*, JavaCallArguments*, Thread*)+0x1056
V  [libjvm.so+0x6d5292]  jni_invoke_static(JNIEnv_*, JavaValue*, _jobject*, JNICallType, _jmethodID*, JNI_ArgumentPusher*, Thread*)+0x362
V  [libjvm.so+0x6f1afa]  jni_CallStaticVoidMethod+0x17a
C  [libjli.so+0x80ff]  JavaMain+0x81f
C  [libpthread.so.0+0x76ba]  start_thread+0xca

Java frames: (J=compiled Java code, j=interpreted, Vv=VM code)
j  org.sonatype.guice.plexus.lifecycles.PlexusLifecycleManager.<clinit>()V+37
v  ~StubRoutines::call_stub
j  org.codehaus.plexus.DefaultPlexusContainer.<init>(Lorg/codehaus/plexus/ContainerConfiguration;[Lcom/google/inject/Module;)V+217
j  org.codehaus.plexus.DefaultPlexusContainer.<init>(Lorg/codehaus/plexus/ContainerConfiguration;)V+5
j  org.apache.maven.cli.MavenCli.container(Lorg/apache/maven/cli/MavenCli$CliRequest;)V+81
j  org.apache.maven.cli.MavenCli.doMain(Lorg/apache/maven/cli/MavenCli$CliRequest;)I+27
j  org.apache.maven.cli.MavenCli.main([Ljava/lang/String;Lorg/codehaus/plexus/classworlds/ClassWorld;)I+18
v  ~StubRoutines::call_stub
j  sun.reflect.NativeMethodAccessorImpl.invoke0(Ljava/lang/reflect/Method;Ljava/lang/Object;[Ljava/lang/Object;)Ljava/lang/Object;+0
j  sun.reflect.NativeMethodAccessorImpl.invoke(Ljava/lang/Object;[Ljava/lang/Object;)Ljava/lang/Object;+100
j  sun.reflect.DelegatingMethodAccessorImpl.invoke(Ljava/lang/Object;[Ljava/lang/Object;)Ljava/lang/Object;+6
j  java.lang.reflect.Method.invoke(Ljava/lang/Object;[Ljava/lang/Object;)Ljava/lang/Object;+56
j  org.codehaus.plexus.classworlds.launcher.Launcher.launchEnhanced([Ljava/lang/String;)V+45
j  org.codehaus.plexus.classworlds.launcher.Launcher.launch([Ljava/lang/String;)V+2
j  org.codehaus.plexus.classworlds.launcher.Launcher.mainWithExitCode([Ljava/lang/String;)I+97
j  org.codehaus.plexus.classworlds.launcher.Launcher.main([Ljava/lang/String;)V+1
v  ~StubRoutines::call_stub

---------------  P R O C E S S  ---------------

Java Threads: ( => current thread )
  0x00007f53340d1800 JavaThread "Service Thread" daemon [_thread_blocked, id=21951, stack(0x00007f530f41e000,0x00007f530f51f000)]
  0x00007f53340be000 JavaThread "C1 CompilerThread2" daemon [_thread_blocked, id=21950, stack(0x00007f530f51f000,0x00007f530f620000)]
  0x00007f53340bc800 JavaThread "C2 CompilerThread1" daemon [_thread_blocked, id=21949, stack(0x00007f530f620000,0x00007f530f721000)]
  0x00007f53340b9800 JavaThread "C2 CompilerThread0" daemon [_thread_blocked, id=21948, stack(0x00007f530f721000,0x00007f530f822000)]
  0x00007f53340b8000 JavaThread "Signal Dispatcher" daemon [_thread_blocked, id=21947, stack(0x00007f530f822000,0x00007f530f923000)]
  0x00007f5334084000 JavaThread "Finalizer" daemon [_thread_blocked, id=21945, stack(0x00007f530fbfc000,0x00007f530fcfd000)]
  0x00007f533407f800 JavaThread "Reference Handler" daemon [_thread_blocked, id=21944, stack(0x00007f530fcfd000,0x00007f530fdfe000)]
=>0x00007f533400a000 JavaThread "main" [_thread_in_vm, id=21938, stack(0x00007f533c883000,0x00007f533c984000)]

Other Threads:
  0x00007f5334077800 VMThread [stack: 0x00007f530fdfe000,0x00007f530feff000] [id=21943]
  0x00007f53340d4000 WatcherThread [stack: 0x00007f530f31d000,0x00007f530f41e000] [id=21952]

VM state:not at safepoint (normal execution)

VM Mutex/Monitor currently owned by a thread: None

Heap:
 PSYoungGen      total 36864K, used 5721K [0x00000000d6f00000, 0x00000000d9800000, 0x0000000100000000)
  eden space 31744K, 18% used [0x00000000d6f00000,0x00000000d74967e0,0x00000000d8e00000)
  from space 5120K, 0% used [0x00000000d9300000,0x00000000d9300000,0x00000000d9800000)
  to   space 5120K, 0% used [0x00000000d8e00000,0x00000000d8e00000,0x00000000d9300000)
 ParOldGen       total 84992K, used 0K [0x0000000084c00000, 0x0000000089f00000, 0x00000000d6f00000)
  object space 84992K, 0% used [0x0000000084c00000,0x0000000084c00000,0x0000000089f00000)
 Metaspace       used 4710K, capacity 5272K, committed 5504K, reserved 1056768K
  class space    used 527K, capacity 572K, committed 640K, reserved 1048576K

Card table byte_map: [0x00007f5339243000,0x00007f533961e000] byte_map_base: 0x00007f5338e1d000

Marking Bits: (ParMarkBitMap*) 0x00007f533bd4ff80
 Begin Bits: [0x00007f531c260000, 0x00007f531e130000)
 End Bits:   [0x00007f531e130000, 0x00007f5320000000)

Polling page: 0x00007f533c9a0000

CodeCache: size=245760Kb used=1550Kb max_used=1550Kb free=244209Kb
 bounds [0x00007f5325000000, 0x00007f5325270000, 0x00007f5334000000]
 total_blobs=487 nmethods=219 adapters=182
 compilation: enabled

Compilation events (10 events):
Event: 0,304 Thread 0x00007f53340be000 nmethod 212 0x00007f5325181b50 code [0x00007f5325181cc0, 0x00007f5325182088]
Event: 0,304 Thread 0x00007f53340be000  213       1       java.util.jar.Manifest::getEntries (5 bytes)
Event: 0,304 Thread 0x00007f53340be000 nmethod 213 0x00007f5325182150 code [0x00007f53251822a0, 0x00007f53251823b0]
Event: 0,304 Thread 0x00007f53340be000  214       1       java.util.jar.Manifest::getMainAttributes (5 bytes)
Event: 0,304 Thread 0x00007f53340be000 nmethod 214 0x00007f5325182410 code [0x00007f5325182560, 0x00007f5325182670]
Event: 0,304 Thread 0x00007f53340be000  215       1       java.util.jar.JarFile::access$300 (5 bytes)
Event: 0,304 Thread 0x00007f53340be000 nmethod 215 0x00007f53251826d0 code [0x00007f5325182820, 0x00007f5325182910]
Event: 0,304 Thread 0x00007f53340be000  217  s    3       java.lang.StringBuffer::toString (36 bytes)
Event: 0,304 Thread 0x00007f53340be000 nmethod 217 0x00007f5325182990 code [0x00007f5325182b20, 0x00007f5325182fa8]
Event: 0,305 Thread 0x00007f53340be000  218  s    3       sun.misc.URLClassPath::getLookupCache (98 bytes)

GC Heap History (0 events):
No events

Deoptimization events (0 events):
No events

Internal exceptions (6 events):
Event: 0,048 Thread 0x00007f533400a000 Exception <a 'java/lang/NoSuchMethodError': Method sun.misc.Unsafe.defineClass(Ljava/lang/String;[BII)Ljava/lang/Class; name or signature does not match> (0x00000000d6f07ca8) thrown at [/HUDSON/workspace/8-2-build-linux-amd64/jdk8u151/9699/hotspot/src/sha
Event: 0,049 Thread 0x00007f533400a000 Exception <a 'java/lang/NoSuchMethodError': Method sun.misc.Unsafe.prefetchRead(Ljava/lang/Object;J)V name or signature does not match> (0x00000000d6f07f90) thrown at [/HUDSON/workspace/8-2-build-linux-amd64/jdk8u151/9699/hotspot/src/share/vm/prims/jni.cp
Event: 0,219 Thread 0x00007f533400a000 Exception <a 'java/security/PrivilegedActionException'> (0x00000000d7202658) thrown at [/HUDSON/workspace/8-2-build-linux-amd64/jdk8u151/9699/hotspot/src/share/vm/prims/jvm.cpp, line 1390]
Event: 0,220 Thread 0x00007f533400a000 Exception <a 'java/security/PrivilegedActionException'> (0x00000000d7202868) thrown at [/HUDSON/workspace/8-2-build-linux-amd64/jdk8u151/9699/hotspot/src/share/vm/prims/jvm.cpp, line 1390]
Event: 0,220 Thread 0x00007f533400a000 Exception <a 'java/security/PrivilegedActionException'> (0x00000000d7204eb8) thrown at [/HUDSON/workspace/8-2-build-linux-amd64/jdk8u151/9699/hotspot/src/share/vm/prims/jvm.cpp, line 1390]
Event: 0,220 Thread 0x00007f533400a000 Exception <a 'java/security/PrivilegedActionException'> (0x00000000d72050c8) thrown at [/HUDSON/workspace/8-2-build-linux-amd64/jdk8u151/9699/hotspot/src/share/vm/prims/jvm.cpp, line 1390]

Events (10 events):
Event: 0,304 loading class org/sonatype/guice/bean/inject/PropertyBinding
Event: 0,304 loading class org/sonatype/guice/bean/inject/PropertyBinding done
Event: 0,304 loading class org/codehaus/plexus/logging/LogEnabled
Event: 0,304 loading class org/codehaus/plexus/logging/LogEnabled done
Event: 0,304 loading class org/codehaus/plexus/personality/plexus/lifecycle/phase/Contextualizable
Event: 0,304 loading class org/codehaus/plexus/personality/plexus/lifecycle/phase/Contextualizable done
Event: 0,305 loading class org/codehaus/plexus/personality/plexus/lifecycle/phase/Initializable
Event: 0,305 loading class org/codehaus/plexus/personality/plexus/lifecycle/phase/Initializable done
Event: 0,305 loading class org/codehaus/plexus/personality/plexus/lifecycle/phase/Disposable
Event: 0,305 loading class org/codehaus/plexus/personality/plexus/lifecycle/phase/Disposable done


Dynamic libraries:
00400000-00401000 r-xp 00000000 08:05 8532988                            /usr/lib/jvm/java-8-oracle/bin/java
00600000-00601000 rw-p 00000000 08:05 8532988                            /usr/lib/jvm/java-8-oracle/bin/java
01ffe000-0201f000 rw-p 00000000 00:00 0                                  [heap]
84c00000-89f00000 rw-p 00000000 00:00 0 
89f00000-d6f00000 ---p 00000000 00:00 0 
d6f00000-d9800000 rw-p 00000000 00:00 0 
d9800000-100000000 ---p 00000000 00:00 0 
100000000-1000a0000 rw-p 00000000 00:00 0 
1000a0000-140000000 ---p 00000000 00:00 0 
7f52e8000000-7f52e8021000 rw-p 00000000 00:00 0 
7f52e8021000-7f52ec000000 ---p 00000000 00:00 0 
7f52ec000000-7f52ec021000 rw-p 00000000 00:00 0 
7f52ec021000-7f52f0000000 ---p 00000000 00:00 0 
7f52f0000000-7f52f0021000 rw-p 00000000 00:00 0 
7f52f0021000-7f52f4000000 ---p 00000000 00:00 0 
7f52f4000000-7f52f4164000 rw-p 00000000 00:00 0 
7f52f4164000-7f52f8000000 ---p 00000000 00:00 0 
7f52f8000000-7f52f8021000 rw-p 00000000 00:00 0 
7f52f8021000-7f52fc000000 ---p 00000000 00:00 0 
7f52fc000000-7f52fc0e9000 rw-p 00000000 00:00 0 
7f52fc0e9000-7f5300000000 ---p 00000000 00:00 0 
7f5300000000-7f5300021000 rw-p 00000000 00:00 0 
7f5300021000-7f5304000000 ---p 00000000 00:00 0 
7f5304000000-7f5304021000 rw-p 00000000 00:00 0 
7f5304021000-7f5308000000 ---p 00000000 00:00 0 
7f5308000000-7f5308021000 rw-p 00000000 00:00 0 
7f5308021000-7f530c000000 ---p 00000000 00:00 0 
7f530f31d000-7f530f31e000 ---p 00000000 00:00 0 
7f530f31e000-7f530f41e000 rw-p 00000000 00:00 0 
7f530f41e000-7f530f421000 ---p 00000000 00:00 0 
7f530f421000-7f530f51f000 rw-p 00000000 00:00 0 
7f530f51f000-7f530f522000 ---p 00000000 00:00 0 
7f530f522000-7f530f620000 rw-p 00000000 00:00 0 
7f530f620000-7f530f623000 ---p 00000000 00:00 0 
7f530f623000-7f530f721000 rw-p 00000000 00:00 0 
7f530f721000-7f530f724000 ---p 00000000 00:00 0 
7f530f724000-7f530f822000 rw-p 00000000 00:00 0 
7f530f822000-7f530f825000 ---p 00000000 00:00 0 
7f530f825000-7f530f923000 rw-p 00000000 00:00 0 
7f530f923000-7f530fbfc000 r--p 00000000 08:05 8258452                    /usr/lib/locale/locale-archive
7f530fbfc000-7f530fbff000 ---p 00000000 00:00 0 
7f530fbff000-7f530fcfd000 rw-p 00000000 00:00 0 
7f530fcfd000-7f530fd00000 ---p 00000000 00:00 0 
7f530fd00000-7f530fdfe000 rw-p 00000000 00:00 0 
7f530fdfe000-7f530fdff000 ---p 00000000 00:00 0 
7f530fdff000-7f5310000000 rw-p 00000000 00:00 0 
7f5310000000-7f5310021000 rw-p 00000000 00:00 0 
7f5310021000-7f5314000000 ---p 00000000 00:00 0 
7f5314000000-7f5314021000 rw-p 00000000 00:00 0 
7f5314021000-7f5318000000 ---p 00000000 00:00 0 
7f5318000000-7f5318021000 rw-p 00000000 00:00 0 
7f5318021000-7f531c000000 ---p 00000000 00:00 0 
7f531c054000-7f531c05e000 r--s 00116000 08:05 8658146                    /usr/lib/jvm/java-8-oracle/jre/lib/ext/localedata.jar
7f531c05e000-7f5320000000 rw-p 00000000 00:00 0 
7f5320000000-7f5320021000 rw-p 00000000 00:00 0 
7f5320021000-7f5324000000 ---p 00000000 00:00 0 
7f5324005000-7f5324021000 r--s 00393000 08:05 8658139                    /usr/lib/jvm/java-8-oracle/jre/lib/ext/cldrdata.jar
7f5324021000-7f5324022000 r--s 0000a000 08:05 2243056                    /home/devcx/node_modules/netbeans-8.2/java/maven/lib/maven-embedder-3.0.5.jar
7f5324022000-7f5324023000 r--s 00002000 08:05 2243043                    /home/devcx/node_modules/netbeans-8.2/java/maven/lib/wagon-http-shared-2.10.jar
7f5324023000-7f5324026000 r--s 00008000 08:05 2242942                    /home/devcx/node_modules/netbeans-8.2/java/maven/lib/maven-settings-builder-3.0.5.jar
7f5324026000-7f532402a000 r--s 00013000 08:05 2243076                    /home/devcx/node_modules/netbeans-8.2/java/maven/lib/aether-api-1.13.1.jar
7f532402a000-7f532402c000 r--s 0000c000 08:05 2242960                    /home/devcx/node_modules/netbeans-8.2/java/maven/lib/maven-aether-provider-3.0.5.jar
7f532402c000-7f532402e000 r--s 00000000 08:05 2242726                    /home/devcx/node_modules/netbeans-8.2/java/maven/lib/plexus-component-annotations-1.5.5.jar
7f532402e000-7f5324030000 r--s 00006000 08:05 2242913                    /home/devcx/node_modules/netbeans-8.2/java/maven/lib/aether-connector-wagon-1.13.1.jar
7f5324030000-7f5324037000 r--s 0002b000 08:05 2243016                    /home/devcx/node_modules/netbeans-8.2/java/maven/lib/sisu-inject-plexus-2.3.0.jar
7f5324037000-7f5324038000 r--s 00002000 08:05 2243085                    /home/devcx/node_modules/netbeans-8.2/java/maven/lib/wagon-file-2.10.jar
7f5324038000-7f532403a000 r--s 0000b000 08:05 2243028                    /home/devcx/node_modules/netbeans-8.2/java/maven/lib/wagon-provider-api-2.10.jar
7f532403a000-7f532403e000 r--s 00033000 08:05 2243068                    /home/devcx/node_modules/netbeans-8.2/java/maven/lib/plexus-utils-2.0.6.jar
7f532403e000-7f532406d000 r--s 001c8000 08:05 2243040                    /home/devcx/node_modules/netbeans-8.2/java/maven/lib/wagon-http-2.10-shaded.jar
7f532406d000-7f532406f000 r--s 0000b000 08:05 2243041                    /home/devcx/node_modules/netbeans-8.2/java/maven/lib/maven-plugin-api-3.0.5.jar
7f532406f000-7f5324071000 r--s 0000b000 08:05 2243055                    /home/devcx/node_modules/netbeans-8.2/java/maven/lib/maven-artifact-3.0.5.jar
7f5324071000-7f5324077000 r--s 0003f000 08:05 2243071                    /home/devcx/node_modules/netbeans-8.2/java/maven/lib/maven-compat-3.0.5.jar
7f5324077000-7f5324096000 r--s 00154000 08:05 2243083                    /home/devcx/node_modules/netbeans-8.2/java/maven/lib/sisu-guava-0.9.9.jar
7f5324096000-7f5324cc0000 rw-p 00000000 00:00 0 
7f5324cc0000-7f5325000000 ---p 00000000 00:00 0 
7f5325000000-7f5325270000 rwxp 00000000 00:00 0 
7f5325270000-7f5334000000 ---p 00000000 00:00 0 
7f5334000000-7f533456c000 rw-p 00000000 00:00 0 
7f533456c000-7f5338000000 ---p 00000000 00:00 0 
7f5338000000-7f533800c000 r--s 0007d000 08:05 2243082                    /home/devcx/node_modules/netbeans-8.2/java/maven/lib/maven-core-3.0.5.jar
7f533800c000-7f533800f000 r--s 0001d000 08:05 2243069                    /home/devcx/node_modules/netbeans-8.2/java/maven/lib/aether-impl-1.13.1.jar
7f533800f000-7f5338584000 rw-p 00000000 00:00 0 
7f5338584000-7f533875d000 r--s 03d5a000 08:05 8658130                    /usr/lib/jvm/java-8-oracle/jre/lib/rt.jar
7f533875d000-7f5338bad000 rw-p 00000000 00:00 0 
7f5338bad000-7f5338bae000 ---p 00000000 00:00 0 
7f5338bae000-7f5338cae000 rw-p 00000000 00:00 0 
7f5338cae000-7f5338caf000 ---p 00000000 00:00 0 
7f5338caf000-7f5338daf000 rw-p 00000000 00:00 0 
7f5338daf000-7f5338db0000 ---p 00000000 00:00 0 
7f5338db0000-7f5338eb0000 rw-p 00000000 00:00 0 
7f5338eb0000-7f5338eb1000 ---p 00000000 00:00 0 
7f5338eb1000-7f5338fdb000 rw-p 00000000 00:00 0 
7f5338fdb000-7f5339243000 ---p 00000000 00:00 0 
7f5339243000-7f533926d000 rw-p 00000000 00:00 0 
7f533926d000-7f53394d4000 ---p 00000000 00:00 0 
7f53394d4000-7f53394e9000 rw-p 00000000 00:00 0 
7f53394e9000-7f533961d000 ---p 00000000 00:00 0 
7f533961d000-7f5339628000 rw-p 00000000 00:00 0 
7f5339628000-7f53399de000 ---p 00000000 00:00 0 
7f53399de000-7f53399f9000 r-xp 00000000 08:05 8795852                    /usr/lib/jvm/java-8-oracle/jre/lib/amd64/libzip.so
7f53399f9000-7f5339bf9000 ---p 0001b000 08:05 8795852                    /usr/lib/jvm/java-8-oracle/jre/lib/amd64/libzip.so
7f5339bf9000-7f5339bfa000 rw-p 0001b000 08:05 8795852                    /usr/lib/jvm/java-8-oracle/jre/lib/amd64/libzip.so
7f5339bfa000-7f5339c05000 r-xp 00000000 08:05 8912980                    /lib/x86_64-linux-gnu/libnss_files-2.23.so
7f5339c05000-7f5339e04000 ---p 0000b000 08:05 8912980                    /lib/x86_64-linux-gnu/libnss_files-2.23.so
7f5339e04000-7f5339e05000 r--p 0000a000 08:05 8912980                    /lib/x86_64-linux-gnu/libnss_files-2.23.so
7f5339e05000-7f5339e06000 rw-p 0000b000 08:05 8912980                    /lib/x86_64-linux-gnu/libnss_files-2.23.so
7f5339e06000-7f5339e0c000 rw-p 00000000 00:00 0 
7f5339e0c000-7f5339e17000 r-xp 00000000 08:05 8912983                    /lib/x86_64-linux-gnu/libnss_nis-2.23.so
7f5339e17000-7f533a016000 ---p 0000b000 08:05 8912983                    /lib/x86_64-linux-gnu/libnss_nis-2.23.so
7f533a016000-7f533a017000 r--p 0000a000 08:05 8912983                    /lib/x86_64-linux-gnu/libnss_nis-2.23.so
7f533a017000-7f533a018000 rw-p 0000b000 08:05 8912983                    /lib/x86_64-linux-gnu/libnss_nis-2.23.so
7f533a018000-7f533a02e000 r-xp 00000000 08:05 8912910                    /lib/x86_64-linux-gnu/libnsl-2.23.so
7f533a02e000-7f533a22d000 ---p 00016000 08:05 8912910                    /lib/x86_64-linux-gnu/libnsl-2.23.so
7f533a22d000-7f533a22e000 r--p 00015000 08:05 8912910                    /lib/x86_64-linux-gnu/libnsl-2.23.so
7f533a22e000-7f533a22f000 rw-p 00016000 08:05 8912910                    /lib/x86_64-linux-gnu/libnsl-2.23.so
7f533a22f000-7f533a231000 rw-p 00000000 00:00 0 
7f533a231000-7f533a239000 r-xp 00000000 08:05 8912989                    /lib/x86_64-linux-gnu/libnss_compat-2.23.so
7f533a239000-7f533a438000 ---p 00008000 08:05 8912989                    /lib/x86_64-linux-gnu/libnss_compat-2.23.so
7f533a438000-7f533a439000 r--p 00007000 08:05 8912989                    /lib/x86_64-linux-gnu/libnss_compat-2.23.so
7f533a439000-7f533a43a000 rw-p 00008000 08:05 8912989                    /lib/x86_64-linux-gnu/libnss_compat-2.23.so
7f533a43a000-7f533a465000 r-xp 00000000 08:05 8795846                    /usr/lib/jvm/java-8-oracle/jre/lib/amd64/libjava.so
7f533a465000-7f533a664000 ---p 0002b000 08:05 8795846                    /usr/lib/jvm/java-8-oracle/jre/lib/amd64/libjava.so
7f533a664000-7f533a666000 rw-p 0002a000 08:05 8795846                    /usr/lib/jvm/java-8-oracle/jre/lib/amd64/libjava.so
7f533a666000-7f533a673000 r-xp 00000000 08:05 8795851                    /usr/lib/jvm/java-8-oracle/jre/lib/amd64/libverify.so
7f533a673000-7f533a873000 ---p 0000d000 08:05 8795851                    /usr/lib/jvm/java-8-oracle/jre/lib/amd64/libverify.so
7f533a873000-7f533a875000 rw-p 0000d000 08:05 8795851                    /usr/lib/jvm/java-8-oracle/jre/lib/amd64/libverify.so
7f533a875000-7f533a87c000 r-xp 00000000 08:05 8912985                    /lib/x86_64-linux-gnu/librt-2.23.so
7f533a87c000-7f533aa7b000 ---p 00007000 08:05 8912985                    /lib/x86_64-linux-gnu/librt-2.23.so
7f533aa7b000-7f533aa7c000 r--p 00006000 08:05 8912985                    /lib/x86_64-linux-gnu/librt-2.23.so
7f533aa7c000-7f533aa7d000 rw-p 00007000 08:05 8912985                    /lib/x86_64-linux-gnu/librt-2.23.so
7f533aa7d000-7f533ab85000 r-xp 00000000 08:05 8912994                    /lib/x86_64-linux-gnu/libm-2.23.so
7f533ab85000-7f533ad84000 ---p 00108000 08:05 8912994                    /lib/x86_64-linux-gnu/libm-2.23.so
7f533ad84000-7f533ad85000 r--p 00107000 08:05 8912994                    /lib/x86_64-linux-gnu/libm-2.23.so
7f533ad85000-7f533ad86000 rw-p 00108000 08:05 8912994                    /lib/x86_64-linux-gnu/libm-2.23.so
7f533ad86000-7f533ba59000 r-xp 00000000 08:05 8795829                    /usr/lib/jvm/java-8-oracle/jre/lib/amd64/server/libjvm.so
7f533ba59000-7f533bc58000 ---p 00cd3000 08:05 8795829                    /usr/lib/jvm/java-8-oracle/jre/lib/amd64/server/libjvm.so
7f533bc58000-7f533bd32000 rw-p 00cd2000 08:05 8795829                    /usr/lib/jvm/java-8-oracle/jre/lib/amd64/server/libjvm.so
7f533bd32000-7f533bd7d000 rw-p 00000000 00:00 0 
7f533bd7d000-7f533bf3d000 r-xp 00000000 08:05 8917478                    /lib/x86_64-linux-gnu/libc-2.23.so
7f533bf3d000-7f533c13d000 ---p 001c0000 08:05 8917478                    /lib/x86_64-linux-gnu/libc-2.23.so
7f533c13d000-7f533c141000 r--p 001c0000 08:05 8917478                    /lib/x86_64-linux-gnu/libc-2.23.so
7f533c141000-7f533c143000 rw-p 001c4000 08:05 8917478                    /lib/x86_64-linux-gnu/libc-2.23.so
7f533c143000-7f533c147000 rw-p 00000000 00:00 0 
7f533c147000-7f533c14a000 r-xp 00000000 08:05 8912988                    /lib/x86_64-linux-gnu/libdl-2.23.so
7f533c14a000-7f533c349000 ---p 00003000 08:05 8912988                    /lib/x86_64-linux-gnu/libdl-2.23.so
7f533c349000-7f533c34a000 r--p 00002000 08:05 8912988                    /lib/x86_64-linux-gnu/libdl-2.23.so
7f533c34a000-7f533c34b000 rw-p 00003000 08:05 8912988                    /lib/x86_64-linux-gnu/libdl-2.23.so
7f533c34b000-7f533c361000 r-xp 00000000 08:05 8657984                    /usr/lib/jvm/java-8-oracle/lib/amd64/jli/libjli.so
7f533c361000-7f533c560000 ---p 00016000 08:05 8657984                    /usr/lib/jvm/java-8-oracle/lib/amd64/jli/libjli.so
7f533c560000-7f533c561000 rw-p 00015000 08:05 8657984                    /usr/lib/jvm/java-8-oracle/lib/amd64/jli/libjli.so
7f533c561000-7f533c579000 r-xp 00000000 08:05 8912982                    /lib/x86_64-linux-gnu/libpthread-2.23.so
7f533c579000-7f533c778000 ---p 00018000 08:05 8912982                    /lib/x86_64-linux-gnu/libpthread-2.23.so
7f533c778000-7f533c779000 r--p 00017000 08:05 8912982                    /lib/x86_64-linux-gnu/libpthread-2.23.so
7f533c779000-7f533c77a000 rw-p 00018000 08:05 8912982                    /lib/x86_64-linux-gnu/libpthread-2.23.so
7f533c77a000-7f533c77e000 rw-p 00000000 00:00 0 
7f533c77e000-7f533c7a4000 r-xp 00000000 08:05 8912913                    /lib/x86_64-linux-gnu/ld-2.23.so
7f533c7a4000-7f533c7a6000 r--s 00009000 08:05 2243086                    /home/devcx/node_modules/netbeans-8.2/java/maven/lib/commons-cli-1.2.jar
7f533c7a6000-7f533c7a8000 r--s 00006000 08:05 2242847                    /home/devcx/node_modules/netbeans-8.2/java/maven/lib/maven-repository-metadata-3.0.5.jar
7f533c7a8000-7f533c7aa000 r--s 0000a000 08:05 2243057                    /home/devcx/node_modules/netbeans-8.2/java/maven/lib/maven-settings-3.0.5.jar
7f533c7aa000-7f533c7ab000 r--s 00006000 08:05 2242996                    /home/devcx/node_modules/netbeans-8.2/java/maven/lib/plexus-sec-dispatcher-1.3.jar
7f533c7ab000-7f533c7ac000 r--s 00003000 08:05 2243077                    /home/devcx/node_modules/netbeans-8.2/java/maven/lib/aether-spi-1.13.1.jar
7f533c7ac000-7f533c7b4000 r--s 00050000 08:05 2243027                    /home/devcx/node_modules/netbeans-8.2/java/maven/lib/sisu-guice-3.1.0-no_aop.jar
7f533c7b4000-7f533c7b6000 r--s 00002000 08:05 2243075                    /home/devcx/node_modules/netbeans-8.2/java/maven/lib/plexus-cipher-1.7.jar
7f533c7b6000-7f533c7b8000 r--s 0000d000 08:05 2242997                    /home/devcx/node_modules/netbeans-8.2/java/maven/lib/plexus-interpolation-1.14.jar
7f533c7b8000-7f533c883000 rw-p 00000000 00:00 0 
7f533c883000-7f533c886000 ---p 00000000 00:00 0 
7f533c886000-7f533c988000 rw-p 00000000 00:00 0 
7f533c988000-7f533c98c000 r--s 0001c000 08:05 2243070                    /home/devcx/node_modules/netbeans-8.2/java/maven/lib/aether-util-1.13.1.jar
7f533c98c000-7f533c98e000 r--s 00026000 08:05 2243074                    /home/devcx/node_modules/netbeans-8.2/java/maven/lib/maven-model-3.0.5.jar
7f533c98e000-7f533c995000 r--s 0003f000 08:05 2243042                    /home/devcx/node_modules/netbeans-8.2/java/maven/lib/sisu-inject-bean-2.3.0.jar
7f533c995000-7f533c997000 r--s 0000a000 08:05 2243030                    /home/devcx/node_modules/netbeans-8.2/java/maven/boot/plexus-classworlds-2.4.jar
7f533c997000-7f533c99f000 rw-s 00000000 08:05 3156255                    /tmp/hsperfdata_devcx/21935
7f533c99f000-7f533c9a0000 rw-p 00000000 00:00 0 
7f533c9a0000-7f533c9a1000 r--p 00000000 00:00 0 
7f533c9a1000-7f533c9a3000 rw-p 00000000 00:00 0 
7f533c9a3000-7f533c9a4000 r--p 00025000 08:05 8912913                    /lib/x86_64-linux-gnu/ld-2.23.so
7f533c9a4000-7f533c9a5000 rw-p 00026000 08:05 8912913                    /lib/x86_64-linux-gnu/ld-2.23.so
7f533c9a5000-7f533c9a6000 rw-p 00000000 00:00 0 
7ffd303ed000-7ffd3040e000 rw-p 00000000 00:00 0                          [stack]
7ffd305aa000-7ffd305ac000 r--p 00000000 00:00 0                          [vvar]
7ffd305ac000-7ffd305ae000 r-xp 00000000 00:00 0                          [vdso]
ffffffffff600000-ffffffffff601000 r-xp 00000000 00:00 0                  [vsyscall]

VM Arguments:
jvm_args: -Dclassworlds.conf=/home/devcx/node_modules/netbeans-8.2/java/maven/bin/m2.conf -Dmaven.home=/home/devcx/node_modules/netbeans-8.2/java/maven 
java_command: org.codehaus.plexus.classworlds.launcher.Launcher -Dmaven.ext.class.path=/home/devcx/node_modules/netbeans-8.2/java/maven-nblib/netbeans-eventspy.jar clean
java_class_path (initial): /home/devcx/node_modules/netbeans-8.2/java/maven/boot/plexus-classworlds-2.4.jar
Launcher Type: SUN_STANDARD

Environment Variables:
JAVA_HOME=/usr/lib/jvm/java-8-oracle
PATH=/home/devcx/bin:/home/devcx/.local/bin:/usr/local/sbin:/usr/local/bin:/usr/sbin:/usr/bin:/sbin:/bin:/usr/games:/usr/local/games:/snap/bin:/usr/lib/jvm/java-8-oracle/bin:/usr/lib/jvm/java-8-oracle/db/bin:/usr/lib/jvm/java-8-oracle/jre/bin
LD_LIBRARY_PATH=/usr/lib/jvm/java-8-oracle/jre/lib/amd64:/usr/lib/jvm/java-8-oracle/jre/lib/i386:
SHELL=/bin/bash
DISPLAY=:0

Signal Handlers:
SIGSEGV: [libjvm.so+0xacbe10], sa_mask[0]=11111111011111111101111111111110, sa_flags=SA_RESTART|SA_SIGINFO
SIGBUS: [libjvm.so+0xacbe10], sa_mask[0]=11111111011111111101111111111110, sa_flags=SA_RESTART|SA_SIGINFO
SIGFPE: [libjvm.so+0x924f90], sa_mask[0]=11111111011111111101111111111110, sa_flags=SA_RESTART|SA_SIGINFO
SIGPIPE: [libjvm.so+0x924f90], sa_mask[0]=11111111011111111101111111111110, sa_flags=SA_RESTART|SA_SIGINFO
SIGXFSZ: [libjvm.so+0x924f90], sa_mask[0]=11111111011111111101111111111110, sa_flags=SA_RESTART|SA_SIGINFO
SIGILL: [libjvm.so+0x924f90], sa_mask[0]=11111111011111111101111111111110, sa_flags=SA_RESTART|SA_SIGINFO
SIGUSR1: SIG_DFL, sa_mask[0]=00000000000000000000000000000000, sa_flags=none
SIGUSR2: [libjvm.so+0x9267d0], sa_mask[0]=00100000000000000000000000000000, sa_flags=SA_RESTART|SA_SIGINFO
SIGHUP: [libjvm.so+0x927bd0], sa_mask[0]=11111111011111111101111111111110, sa_flags=SA_RESTART|SA_SIGINFO
SIGINT: SIG_IGN, sa_mask[0]=00000000000000000000000000000000, sa_flags=none
SIGTERM: [libjvm.so+0x927bd0], sa_mask[0]=11111111011111111101111111111110, sa_flags=SA_RESTART|SA_SIGINFO
SIGQUIT: [libjvm.so+0x927bd0], sa_mask[0]=11111111011111111101111111111110, sa_flags=SA_RESTART|SA_SIGINFO


---------------  S Y S T E M  ---------------

OS:DISTRIB_ID=Ubuntu
DISTRIB_RELEASE=16.04
DISTRIB_CODENAME=xenial
DISTRIB_DESCRIPTION="Ubuntu 16.04.3 LTS"

uname:Linux 4.4.0-101-generic #124-Ubuntu SMP Fri Nov 10 18:29:59 UTC 2017 x86_64
libc:glibc 2.23 NPTL 2.23 
rlimit: STACK 8192k, CORE 0k, NPROC 31392, NOFILE 1048576, AS infinity
load average:4,90 2,34 1,50

/proc/meminfo:
MemTotal:        8077220 kB
MemFree:         1400416 kB
MemAvailable:    1874688 kB
Buffers:           43960 kB
Cached:          1413048 kB
SwapCached:       164388 kB
Active:          4691048 kB
Inactive:        1684388 kB
Active(anon):    4190028 kB
Inactive(anon):  1545144 kB
Active(file):     501020 kB
Inactive(file):   139244 kB
Unevictable:         144 kB
Mlocked:             144 kB
SwapTotal:       4882428 kB
SwapFree:        3731884 kB
Dirty:               672 kB
Writeback:             0 kB
AnonPages:       4849384 kB
Mapped:           457616 kB
Shmem:            816872 kB
Slab:             162868 kB
SReclaimable:     109876 kB
SUnreclaim:        52992 kB
KernelStack:       14032 kB
PageTables:        62984 kB
NFS_Unstable:          0 kB
Bounce:                0 kB
WritebackTmp:          0 kB
CommitLimit:     8921036 kB
Committed_AS:   13192264 kB
VmallocTotal:   34359738367 kB
VmallocUsed:           0 kB
VmallocChunk:          0 kB
HardwareCorrupted:     0 kB
AnonHugePages:   2881536 kB
CmaTotal:              0 kB
CmaFree:               0 kB
HugePages_Total:       0
HugePages_Free:        0
HugePages_Rsvd:        0
HugePages_Surp:        0
Hugepagesize:       2048 kB
DirectMap4k:      174700 kB
DirectMap2M:     8118272 kB


CPU:total 4 (initial active 4) (2 cores per cpu, 2 threads per core) family 6 model 42 stepping 7, cmov, cx8, fxsr, mmx, sse, sse2, sse3, ssse3, sse4.1, sse4.2, popcnt, avx, aes, clmul, ht, tsc, tscinvbit

/proc/cpuinfo:
processor	: 0
vendor_id	: GenuineIntel
cpu family	: 6
model		: 42
model name	: Intel(R) Core(TM) i5-2410M CPU @ 2.30GHz
stepping	: 7
microcode	: 0x25
cpu MHz		: 2701.691
cache size	: 3072 KB
physical id	: 0
siblings	: 4
core id		: 0
cpu cores	: 2
apicid		: 0
initial apicid	: 0
fpu		: yes
fpu_exception	: yes
cpuid level	: 13
wp		: yes
flags		: fpu vme de pse tsc msr pae mce cx8 apic sep mtrr pge mca cmov pat pse36 clflush dts acpi mmx fxsr sse sse2 ss ht tm pbe syscall nx rdtscp lm constant_tsc arch_perfmon pebs bts rep_good nopl xtopology nonstop_tsc aperfmperf eagerfpu pni pclmulqdq dtes64 monitor ds_cpl vmx est tm2 ssse3 cx16 xtpr pdcm pcid sse4_1 sse4_2 x2apic popcnt tsc_deadline_timer aes xsave avx lahf_lm epb tpr_shadow vnmi flexpriority ept vpid xsaveopt dtherm ida arat pln pts
bugs		:
bogomips	: 4589.51
clflush size	: 64
cache_alignment	: 64
address sizes	: 36 bits physical, 48 bits virtual
power management:

processor	: 1
vendor_id	: GenuineIntel
cpu family	: 6
model		: 42
model name	: Intel(R) Core(TM) i5-2410M CPU @ 2.30GHz
stepping	: 7
microcode	: 0x25
cpu MHz		: 2699.984
cache size	: 3072 KB
physical id	: 0
siblings	: 4
core id		: 1
cpu cores	: 2
apicid		: 2
initial apicid	: 2
fpu		: yes
fpu_exception	: yes
cpuid level	: 13
wp		: yes
flags		: fpu vme de pse tsc msr pae mce cx8 apic sep mtrr pge mca cmov pat pse36 clflush dts acpi mmx fxsr sse sse2 ss ht tm pbe syscall nx rdtscp lm constant_tsc arch_perfmon pebs bts rep_good nopl xtopology nonstop_tsc aperfmperf eagerfpu pni pclmulqdq dtes64 monitor ds_cpl vmx est tm2 ssse3 cx16 xtpr pdcm pcid sse4_1 sse4_2 x2apic popcnt tsc_deadline_timer aes xsave avx lahf_lm epb tpr_shadow vnmi flexpriority ept vpid xsaveopt dtherm ida arat pln pts
bugs		:
bogomips	: 4589.51
clflush size	: 64
cache_alignment	: 64
address sizes	: 36 bits physical, 48 bits virtual
power management:

processor	: 2
vendor_id	: GenuineIntel
cpu family	: 6
model		: 42
model name	: Intel(R) Core(TM) i5-2410M CPU @ 2.30GHz
stepping	: 7
microcode	: 0x25
cpu MHz		: 2735.652
cache size	: 3072 KB
physical id	: 0
siblings	: 4
core id		: 0
cpu cores	: 2
apicid		: 1
initial apicid	: 1
fpu		: yes
fpu_exception	: yes
cpuid level	: 13
wp		: yes
flags		: fpu vme de pse tsc msr pae mce cx8 apic sep mtrr pge mca cmov pat pse36 clflush dts acpi mmx fxsr sse sse2 ss ht tm pbe syscall nx rdtscp lm constant_tsc arch_perfmon pebs bts rep_good nopl xtopology nonstop_tsc aperfmperf eagerfpu pni pclmulqdq dtes64 monitor ds_cpl vmx est tm2 ssse3 cx16 xtpr pdcm pcid sse4_1 sse4_2 x2apic popcnt tsc_deadline_timer aes xsave avx lahf_lm epb tpr_shadow vnmi flexpriority ept vpid xsaveopt dtherm ida arat pln pts
bugs		:
bogomips	: 4589.51
clflush size	: 64
cache_alignment	: 64
address sizes	: 36 bits physical, 48 bits virtual
power management:

processor	: 3
vendor_id	: GenuineIntel
cpu family	: 6
model		: 42
model name	: Intel(R) Core(TM) i5-2410M CPU @ 2.30GHz
stepping	: 7
microcode	: 0x25
cpu MHz		: 2699.984
cache size	: 3072 KB
physical id	: 0
siblings	: 4
core id		: 1
cpu cores	: 2
apicid		: 3
initial apicid	: 3
fpu		: yes
fpu_exception	: yes
cpuid level	: 13
wp		: yes
flags		: fpu vme de pse tsc msr pae mce cx8 apic sep mtrr pge mca cmov pat pse36 clflush dts acpi mmx fxsr sse sse2 ss ht tm pbe syscall nx rdtscp lm constant_tsc arch_perfmon pebs bts rep_good nopl xtopology nonstop_tsc aperfmperf eagerfpu pni pclmulqdq dtes64 monitor ds_cpl vmx est tm2 ssse3 cx16 xtpr pdcm pcid sse4_1 sse4_2 x2apic popcnt tsc_deadline_timer aes xsave avx lahf_lm epb tpr_shadow vnmi flexpriority ept vpid xsaveopt dtherm ida arat pln pts
bugs		:
bogomips	: 4589.51
clflush size	: 64
cache_alignment	: 64
address sizes	: 36 bits physical, 48 bits virtual
power management:



Memory: 4k page, physical 8077220k(1400416k free), swap 4882428k(3731884k free)

vm_info: Java HotSpot(TM) 64-Bit Server VM (25.151-b12) for linux-amd64 JRE (1.8.0_151-b12), built on Sep  5 2017 19:20:58 by "java_re" with gcc 4.3.0 20080428 (Red Hat 4.3.0-8)

time: Thu Dec  7 15:22:49 2017
elapsed time: 0 seconds (0d 0h 0m 0s)

