#
# A fatal error has been detected by the Java Runtime Environment:
#
#  SIGSEGV (0xb) at pc=0x00007f616d02349c, pid=21377, tid=0x00007f6183310700
#
# JRE version: Java(TM) SE Runtime Environment (8.0_151-b12) (build 1.8.0_151-b12)
# Java VM: Java HotSpot(TM) 64-Bit Server VM (25.151-b12 mixed mode linux-amd64 compressed oops)
# Problematic frame:
# j  java.io.FilterInputStream.close()V+4
#
# Failed to write core dump. Core dumps have been disabled. To enable core dumping, try "ulimit -c unlimited" before starting Java again
#
# If you would like to submit a bug report, please visit:
#   http://bugreport.java.com/bugreport/crash.jsp
#

---------------  T H R E A D  ---------------

Current thread (0x00007f617c00a000):  JavaThread "main" [_thread_in_Java, id=21379, stack(0x00007f6183210000,0x00007f6183311000)]

siginfo: si_signo: 11 (SIGSEGV), si_code: 1 (SEGV_MAPERR), si_addr: 0x0000000048606fe0

Registers:
RAX=0x0000000000000000, RBX=0x0000000000000008, RCX=0x0000000048606fd8, RDX=0x0000000090000001
RSP=0x00007f618330e4b8, RBP=0x00007f618330e508, RSI=0x00000000d8607548, RDI=0x00000000000001f8
R8 =0x00000000d861e548, R9 =0x000000000000000a, R10=0x00007f61826dfb00, R11=0x0000000000000298
R12=0x0000000000000000, R13=0x00007f6157b9ec54, R14=0x00007f618330e518, R15=0x00007f617c00a000
RIP=0x00007f616d02349c, EFLAGS=0x0000000000010246, CSGSFS=0x0000000000000033, ERR=0x0000000000000004
  TRAPNO=0x000000000000000e

Top of Stack: (sp=0x00007f618330e4b8)
0x00007f618330e4b8:   00007f616d0082bd 0000000048606fd8
0x00007f618330e4c8:   00007f618330e4c8 00007f6157b9ec54
0x00007f618330e4d8:   00007f618330e518 00007f6157b9ee90
0x00007f618330e4e8:   0000000000000000 00007f6157b9ec68
0x00007f618330e4f8:   0000000000000000 00007f618330e518
0x00007f618330e508:   00007f618330e560 00007f616d0082bd
0x00007f618330e518:   00000000d8603358 00007f618330e520
0x00007f618330e528:   00007f6157d4aa81 00007f618330e578
0x00007f618330e538:   00007f6157d4ab40 0000000000000000
0x00007f618330e548:   00007f6157d4aad0 00007f618330e518
0x00007f618330e558:   00007f618330e578 00007f618330e5c0
0x00007f618330e568:   00007f616d0082bd 0000000000000000
0x00007f618330e578:   00000000d8603358 00007f618330e580
0x00007f618330e588:   00007f6157ea7766 00007f618330e5d8
0x00007f618330e598:   00007f6157ea7a50 0000000000000000
0x00007f618330e5a8:   00007f6157ea77a0 00007f618330e578
0x00007f618330e5b8:   00007f618330e5d8 00007f618330e620
0x00007f618330e5c8:   00007f616d0082bd 0000000000000000
0x00007f618330e5d8:   00000000d8603358 00007f618330e5e0
0x00007f618330e5e8:   00007f6158006b6c 00007f618330e658
0x00007f618330e5f8:   00007f615800bd18 0000000000000000
0x00007f618330e608:   00007f6158006c08 00007f618330e5d8
0x00007f618330e618:   00007f618330e648 00007f618330e6a0
0x00007f618330e628:   00007f616d0082bd 0000000000000000
0x00007f618330e638:   00000000d8607548 00000000d8603358
0x00007f618330e648:   00000000d7b0bb88 00000000d7b13150
0x00007f618330e658:   00000000d7af0778 00007f618330e660
0x00007f618330e668:   00007f61580067a6 00007f618330e6d0
0x00007f618330e678:   00007f615800bd18 0000000000000000
0x00007f618330e688:   00007f6158006810 00007f618330e648
0x00007f618330e698:   00007f618330e6c0 00007f618330e718
0x00007f618330e6a8:   00007f616d008040 00000000d7b1e468 

Instructions: (pc=0x00007f616d02349c)
0x00007f616d02347c:   10 4c 8b 68 d8 41 83 ed 04 41 c1 e5 03 49 03 c5
0x00007f616d02348c:   48 89 45 e0 4c 8d 6c 24 08 4c 89 6d f0 ff 63 50
0x00007f616d02349c:   8b 41 08 48 c1 e0 03 4c 8b 75 e0 4d 85 f6 0f 84
0x00007f616d0234ac:   95 00 00 00 49 8b 56 10 48 3b d0 0f 85 0f 00 00 

Register to memory mapping:

RAX=0x0000000000000000 is an unknown value
RBX=0x0000000000000008 is an unknown value
RCX=0x0000000048606fd8 is an unknown value
RDX=0x0000000090000001 is an unallocated location in the heap
RSP=0x00007f618330e4b8 is pointing into the stack for thread: 0x00007f617c00a000
RBP=0x00007f618330e508 is pointing into the stack for thread: 0x00007f617c00a000
RSI=0x00000000d8607548 is an oop
org.codehaus.plexus.util.xml.pull.MXParser 
 - klass: 'org/codehaus/plexus/util/xml/pull/MXParser'
RDI=0x00000000000001f8 is an unknown value
R8 =0x00000000d861e548 is an oop
[C 
 - klass: {type array char}
 - length: 20
R9 =0x000000000000000a is an unknown value
R10=0x00007f61826dfb00: <offset 0xfccb00> in /usr/lib/jvm/java-8-oracle/jre/lib/amd64/server/libjvm.so at 0x00007f6181713000
R11=0x0000000000000298 is an unknown value
R12=0x0000000000000000 is an unknown value
R13=0x00007f6157b9ec54 is pointing into metadata
R14=0x00007f618330e518 is pointing into the stack for thread: 0x00007f617c00a000
R15=0x00007f617c00a000 is a thread


Stack: [0x00007f6183210000,0x00007f6183311000],  sp=0x00007f618330e4b8,  free space=1017k
Native frames: (J=compiled Java code, j=interpreted, Vv=VM code, C=native code)
j  java.io.FilterInputStream.close()V+4
j  sun.net.www.protocol.jar.JarURLConnection$JarURLInputStream.close()V+1
j  org.codehaus.plexus.util.IOUtil.close(Ljava/io/InputStream;)V+6
j  org.sonatype.guice.plexus.scanners.PlexusXmlScanner.parseComponentsXml(Ljava/net/URL;Lorg/sonatype/guice/plexus/scanners/PlexusTypeRegistry;)V+76
j  org.sonatype.guice.plexus.scanners.PlexusXmlScanner.scan(Lorg/sonatype/guice/bean/reflect/ClassSpace;Z)Ljava/util/Map;+78
j  org.sonatype.guice.plexus.binders.PlexusXmlBeanModule.configure(Lcom/google/inject/Binder;)Lorg/sonatype/guice/plexus/config/PlexusBeanSource;+72
j  org.sonatype.guice.plexus.binders.PlexusBindingModule.configure(Lcom/google/inject/Binder;)V+41
j  com.google.inject.spi.Elements$RecordingBinder.install(Lcom/google/inject/Module;)V+31
j  com.google.inject.spi.Elements.getElements(Lcom/google/inject/Stage;Ljava/lang/Iterable;)Ljava/util/List;+40
j  com.google.inject.spi.Elements.getElements([Lcom/google/inject/Module;)Ljava/util/List;+7
j  org.sonatype.guice.bean.binders.MergedModule.configure(Lcom/google/inject/Binder;)V+48
j  com.google.inject.spi.Elements$RecordingBinder.install(Lcom/google/inject/Module;)V+31
j  com.google.inject.spi.Elements.getElements(Lcom/google/inject/Stage;Ljava/lang/Iterable;)Ljava/util/List;+40
j  com.google.inject.internal.InjectorShell$Builder.build(Lcom/google/inject/internal/Initializer;Lcom/google/inject/internal/ProcessedBindingData;Lcom/google/inject/internal/util/Stopwatch;Lcom/google/inject/internal/Errors;)Ljava/util/List;+99
j  com.google.inject.internal.InternalInjectorCreator.build()Lcom/google/inject/Injector;+48
j  com.google.inject.Guice.createInjector(Lcom/google/inject/Stage;Ljava/lang/Iterable;)Lcom/google/inject/Injector;+15
j  com.google.inject.Guice.createInjector(Ljava/lang/Iterable;)Lcom/google/inject/Injector;+4
j  com.google.inject.Guice.createInjector([Lcom/google/inject/Module;)Lcom/google/inject/Injector;+4
j  org.codehaus.plexus.DefaultPlexusContainer.addPlexusInjector(Ljava/util/List;[Lcom/google/inject/Module;)V+88
j  org.codehaus.plexus.DefaultPlexusContainer.<init>(Lorg/codehaus/plexus/ContainerConfiguration;[Lcom/google/inject/Module;)V+380
j  org.codehaus.plexus.DefaultPlexusContainer.<init>(Lorg/codehaus/plexus/ContainerConfiguration;)V+5
j  org.apache.maven.cli.MavenCli.container(Lorg/apache/maven/cli/MavenCli$CliRequest;)V+81
j  org.apache.maven.cli.MavenCli.doMain(Lorg/apache/maven/cli/MavenCli$CliRequest;)I+27
j  org.apache.maven.cli.MavenCli.main([Ljava/lang/String;Lorg/codehaus/plexus/classworlds/ClassWorld;)I+18
v  ~StubRoutines::call_stub
V  [libjvm.so+0x693e76]  JavaCalls::call_helper(JavaValue*, methodHandle*, JavaCallArguments*, Thread*)+0x1056
V  [libjvm.so+0x9a0837]  Reflection::invoke(instanceKlassHandle, methodHandle, Handle, bool, objArrayHandle, BasicType, objArrayHandle, bool, Thread*)+0x5d7
V  [libjvm.so+0x9a3f47]  Reflection::invoke_method(oopDesc*, Handle, objArrayHandle, Thread*)+0x147
V  [libjvm.so+0x72752b]  JVM_InvokeMethod+0x26b
j  sun.reflect.NativeMethodAccessorImpl.invoke0(Ljava/lang/reflect/Method;Ljava/lang/Object;[Ljava/lang/Object;)Ljava/lang/Object;+0
j  sun.reflect.NativeMethodAccessorImpl.invoke(Ljava/lang/Object;[Ljava/lang/Object;)Ljava/lang/Object;+100
j  sun.reflect.DelegatingMethodAccessorImpl.invoke(Ljava/lang/Object;[Ljava/lang/Object;)Ljava/lang/Object;+6
j  java.lang.reflect.Method.invoke(Ljava/lang/Object;[Ljava/lang/Object;)Ljava/lang/Object;+56
j  org.codehaus.plexus.classworlds.launcher.Launcher.launchEnhanced([Ljava/lang/String;)V+45
j  org.codehaus.plexus.classworlds.launcher.Launcher.launch([Ljava/lang/String;)V+2
j  org.codehaus.plexus.classworlds.launcher.Launcher.mainWithExitCode([Ljava/lang/String;)I+97
j  org.codehaus.plexus.classworlds.launcher.Launcher.main([Ljava/lang/String;)V+1
v  ~StubRoutines::call_stub
V  [libjvm.so+0x693e76]  JavaCalls::call_helper(JavaValue*, methodHandle*, JavaCallArguments*, Thread*)+0x1056
V  [libjvm.so+0x6d5292]  jni_invoke_static(JNIEnv_*, JavaValue*, _jobject*, JNICallType, _jmethodID*, JNI_ArgumentPusher*, Thread*)+0x362
V  [libjvm.so+0x6f1afa]  jni_CallStaticVoidMethod+0x17a
C  [libjli.so+0x80ff]  JavaMain+0x81f
C  [libpthread.so.0+0x76ba]  start_thread+0xca


---------------  P R O C E S S  ---------------

Java Threads: ( => current thread )
  0x00007f617c0c9800 JavaThread "Service Thread" daemon [_thread_blocked, id=21391, stack(0x00007f6155e97000,0x00007f6155f98000)]
  0x00007f617c0be000 JavaThread "C1 CompilerThread2" daemon [_thread_blocked, id=21390, stack(0x00007f6155f98000,0x00007f6156099000)]
  0x00007f617c0bc800 JavaThread "C2 CompilerThread1" daemon [_thread_in_native, id=21389, stack(0x00007f6156099000,0x00007f615619a000)]
  0x00007f617c0b9800 JavaThread "C2 CompilerThread0" daemon [_thread_in_native, id=21388, stack(0x00007f615619a000,0x00007f615629b000)]
  0x00007f617c0b8000 JavaThread "Signal Dispatcher" daemon [_thread_blocked, id=21387, stack(0x00007f615629b000,0x00007f615639c000)]
  0x00007f617c084000 JavaThread "Finalizer" daemon [_thread_blocked, id=21386, stack(0x00007f6156675000,0x00007f6156776000)]
  0x00007f617c07f800 JavaThread "Reference Handler" daemon [_thread_blocked, id=21385, stack(0x00007f6156776000,0x00007f6156877000)]
=>0x00007f617c00a000 JavaThread "main" [_thread_in_Java, id=21379, stack(0x00007f6183210000,0x00007f6183311000)]

Other Threads:
  0x00007f617c077800 VMThread [stack: 0x00007f6156877000,0x00007f6156978000] [id=21384]
  0x00007f617c0cc000 WatcherThread [stack: 0x00007f6155d96000,0x00007f6155e97000] [id=21392]

VM state:not at safepoint (normal execution)

VM Mutex/Monitor currently owned by a thread: None

Heap:
 PSYoungGen      total 36864K, used 24134K [0x00000000d6f00000, 0x00000000d9800000, 0x0000000100000000)
  eden space 31744K, 76% used [0x00000000d6f00000,0x00000000d86919f8,0x00000000d8e00000)
  from space 5120K, 0% used [0x00000000d9300000,0x00000000d9300000,0x00000000d9800000)
  to   space 5120K, 0% used [0x00000000d8e00000,0x00000000d8e00000,0x00000000d9300000)
 ParOldGen       total 84992K, used 0K [0x0000000084c00000, 0x0000000089f00000, 0x00000000d6f00000)
  object space 84992K, 0% used [0x0000000084c00000,0x0000000084c00000,0x0000000089f00000)
 Metaspace       used 7021K, capacity 7240K, committed 7424K, reserved 1056768K
  class space    used 870K, capacity 924K, committed 1024K, reserved 1048576K

Card table byte_map: [0x00007f616c865000,0x00007f616cc40000] byte_map_base: 0x00007f616c43f000

Marking Bits: (ParMarkBitMap*) 0x00007f61826dcf80
 Begin Bits: [0x00007f6158260000, 0x00007f615a130000)
 End Bits:   [0x00007f615a130000, 0x00007f615c000000)

Polling page: 0x00007f618332d000

CodeCache: size=245760Kb used=2516Kb max_used=2516Kb free=243244Kb
 bounds [0x00007f616d000000, 0x00007f616d280000, 0x00007f617c000000]
 total_blobs=784 nmethods=509 adapters=187
 compilation: enabled

Compilation events (10 events):
Event: 0,621 Thread 0x00007f617c0be000 nmethod 515 0x00007f616d268050 code [0x00007f616d2681a0, 0x00007f616d2682b0]
Event: 0,621 Thread 0x00007f617c0be000  516       1       org.sonatype.guice.bean.reflect.NamedClass::getName (5 bytes)
Event: 0,621 Thread 0x00007f617c0be000 nmethod 516 0x00007f616d268310 code [0x00007f616d268460, 0x00007f616d268570]
Event: 0,622 Thread 0x00007f617c0be000  517       2       org.sonatype.guice.plexus.scanners.PlexusXmlScanner::parseRequirement (223 bytes)
Event: 0,624 Thread 0x00007f617c0b9800 nmethod 436 0x00007f616d26c2d0 code [0x00007f616d26c5e0, 0x00007f616d26eb68]
Event: 0,624 Thread 0x00007f617c0b9800  494       4       org.codehaus.plexus.util.xml.pull.MXParser::nextImpl (1190 bytes)
Event: 0,625 Thread 0x00007f617c0be000 nmethod 517 0x00007f616d26a510 code [0x00007f616d26a840, 0x00007f616d26b478]
Event: 0,625 Thread 0x00007f617c0be000  521  s    2       java.lang.StringBuffer::charAt (28 bytes)
Event: 0,626 Thread 0x00007f617c0be000 nmethod 521 0x00007f616d267990 code [0x00007f616d267b00, 0x00007f616d267ea8]
Event: 0,626 Thread 0x00007f617c0be000  522       2       sun.misc.ASCIICaseInsensitiveComparator::lowerCaseHashCode (36 bytes)

GC Heap History (0 events):
No events

Deoptimization events (0 events):
No events

Internal exceptions (10 events):
Event: 0,211 Thread 0x00007f617c00a000 Exception <a 'java/security/PrivilegedActionException'> (0x00000000d7202658) thrown at [/HUDSON/workspace/8-2-build-linux-amd64/jdk8u151/9699/hotspot/src/share/vm/prims/jvm.cpp, line 1390]
Event: 0,211 Thread 0x00007f617c00a000 Exception <a 'java/security/PrivilegedActionException'> (0x00000000d7202868) thrown at [/HUDSON/workspace/8-2-build-linux-amd64/jdk8u151/9699/hotspot/src/share/vm/prims/jvm.cpp, line 1390]
Event: 0,211 Thread 0x00007f617c00a000 Exception <a 'java/security/PrivilegedActionException'> (0x00000000d7204eb8) thrown at [/HUDSON/workspace/8-2-build-linux-amd64/jdk8u151/9699/hotspot/src/share/vm/prims/jvm.cpp, line 1390]
Event: 0,211 Thread 0x00007f617c00a000 Exception <a 'java/security/PrivilegedActionException'> (0x00000000d72050c8) thrown at [/HUDSON/workspace/8-2-build-linux-amd64/jdk8u151/9699/hotspot/src/share/vm/prims/jvm.cpp, line 1390]
Event: 0,387 Thread 0x00007f617c00a000 Exception <a 'java/lang/ArrayIndexOutOfBoundsException': 18> (0x00000000d7823d08) thrown at [/HUDSON/workspace/8-2-build-linux-amd64/jdk8u151/9699/hotspot/src/share/vm/interpreter/interpreterRuntime.cpp, line 366]
Event: 0,387 Thread 0x00007f617c00a000 Exception <a 'java/lang/ArrayIndexOutOfBoundsException': 43> (0x00000000d7824ba8) thrown at [/HUDSON/workspace/8-2-build-linux-amd64/jdk8u151/9699/hotspot/src/share/vm/interpreter/interpreterRuntime.cpp, line 366]
Event: 0,388 Thread 0x00007f617c00a000 Exception <a 'java/lang/ArrayIndexOutOfBoundsException': 92> (0x00000000d7826440) thrown at [/HUDSON/workspace/8-2-build-linux-amd64/jdk8u151/9699/hotspot/src/share/vm/interpreter/interpreterRuntime.cpp, line 366]
Event: 0,443 Thread 0x00007f617c00a000 Exception <a 'java/lang/ArrayIndexOutOfBoundsException'> (0x00000000d7a17d70) thrown at [/HUDSON/workspace/8-2-build-linux-amd64/jdk8u151/9699/hotspot/src/share/vm/runtime/sharedRuntime.cpp, line 605]
Event: 0,444 Thread 0x00007f617c00a000 Exception <a 'java/lang/ArrayIndexOutOfBoundsException'> (0x00000000d7a19498) thrown at [/HUDSON/workspace/8-2-build-linux-amd64/jdk8u151/9699/hotspot/src/share/vm/runtime/sharedRuntime.cpp, line 605]
Event: 0,456 Thread 0x00007f617c00a000 Exception <a 'java/lang/ArrayIndexOutOfBoundsException'> (0x00000000d7a6b518) thrown at [/HUDSON/workspace/8-2-build-linux-amd64/jdk8u151/9699/hotspot/src/share/vm/runtime/sharedRuntime.cpp, line 605]

Events (10 events):
Event: 0,623 loading class org/apache/maven/repository/metadata/GraphConflictResolver
Event: 0,623 loading class org/apache/maven/repository/metadata/GraphConflictResolver done
Event: 0,623 loading class org/apache/maven/repository/metadata/GraphConflictResolver
Event: 0,623 loading class org/apache/maven/repository/metadata/GraphConflictResolver done
Event: 0,625 loading class org/apache/maven/wagon/Wagon
Event: 0,625 loading class org/apache/maven/wagon/Wagon done
Event: 0,625 loading class org/apache/maven/wagon/Wagon
Event: 0,625 loading class org/apache/maven/wagon/Wagon done
Event: 0,626 loading class org/apache/maven/wagon/Wagon
Event: 0,626 loading class org/apache/maven/wagon/Wagon done


Dynamic libraries:
00400000-00401000 r-xp 00000000 08:05 8532988                            /usr/lib/jvm/java-8-oracle/bin/java
00600000-00601000 rw-p 00000000 08:05 8532988                            /usr/lib/jvm/java-8-oracle/bin/java
01489000-014aa000 rw-p 00000000 00:00 0                                  [heap]
84c00000-89f00000 rw-p 00000000 00:00 0 
89f00000-d6f00000 ---p 00000000 00:00 0 
d6f00000-d9800000 rw-p 00000000 00:00 0 
d9800000-100000000 ---p 00000000 00:00 0 
100000000-100100000 rw-p 00000000 00:00 0 
100100000-140000000 ---p 00000000 00:00 0 
7f6130000000-7f6130021000 rw-p 00000000 00:00 0 
7f6130021000-7f6134000000 ---p 00000000 00:00 0 
7f6134000000-7f6134021000 rw-p 00000000 00:00 0 
7f6134021000-7f6138000000 ---p 00000000 00:00 0 
7f6138000000-7f61383d3000 rw-p 00000000 00:00 0 
7f61383d3000-7f613c000000 ---p 00000000 00:00 0 
7f613c000000-7f613c316000 rw-p 00000000 00:00 0 
7f613c316000-7f6140000000 ---p 00000000 00:00 0 
7f6140000000-7f6140021000 rw-p 00000000 00:00 0 
7f6140021000-7f6144000000 ---p 00000000 00:00 0 
7f6144000000-7f61442d5000 rw-p 00000000 00:00 0 
7f61442d5000-7f6148000000 ---p 00000000 00:00 0 
7f6148000000-7f6148021000 rw-p 00000000 00:00 0 
7f6148021000-7f614c000000 ---p 00000000 00:00 0 
7f614c000000-7f614c021000 rw-p 00000000 00:00 0 
7f614c021000-7f6150000000 ---p 00000000 00:00 0 
7f6150000000-7f6150021000 rw-p 00000000 00:00 0 
7f6150021000-7f6154000000 ---p 00000000 00:00 0 
7f6155cfd000-7f6155cff000 r--s 0000d000 08:05 2243065                    /home/devcx/node_modules/netbeans-8.2/java/maven-nblib/netbeans-eventspy.jar
7f6155cff000-7f6155d03000 r--s 00021000 08:05 2242995                    /home/devcx/node_modules/netbeans-8.2/java/maven/lib/maven-model-builder-3.0.5.jar
7f6155d03000-7f6155d0d000 r--s 00116000 08:05 8658146                    /usr/lib/jvm/java-8-oracle/jre/lib/ext/localedata.jar
7f6155d0d000-7f6155d29000 r--s 00393000 08:05 8658139                    /usr/lib/jvm/java-8-oracle/jre/lib/ext/cldrdata.jar
7f6155d29000-7f6155d2a000 r--s 0000a000 08:05 2243056                    /home/devcx/node_modules/netbeans-8.2/java/maven/lib/maven-embedder-3.0.5.jar
7f6155d2a000-7f6155d2d000 r--s 00008000 08:05 2242942                    /home/devcx/node_modules/netbeans-8.2/java/maven/lib/maven-settings-builder-3.0.5.jar
7f6155d2d000-7f6155d31000 r--s 00013000 08:05 2243076                    /home/devcx/node_modules/netbeans-8.2/java/maven/lib/aether-api-1.13.1.jar
7f6155d31000-7f6155d33000 r--s 0000c000 08:05 2242960                    /home/devcx/node_modules/netbeans-8.2/java/maven/lib/maven-aether-provider-3.0.5.jar
7f6155d33000-7f6155d35000 r--s 00000000 08:05 2242726                    /home/devcx/node_modules/netbeans-8.2/java/maven/lib/plexus-component-annotations-1.5.5.jar
7f6155d35000-7f6155d37000 r--s 00006000 08:05 2242913                    /home/devcx/node_modules/netbeans-8.2/java/maven/lib/aether-connector-wagon-1.13.1.jar
7f6155d37000-7f6155d3e000 r--s 0002b000 08:05 2243016                    /home/devcx/node_modules/netbeans-8.2/java/maven/lib/sisu-inject-plexus-2.3.0.jar
7f6155d3e000-7f6155d42000 r--s 00033000 08:05 2243068                    /home/devcx/node_modules/netbeans-8.2/java/maven/lib/plexus-utils-2.0.6.jar
7f6155d42000-7f6155d71000 r--s 001c8000 08:05 2243040                    /home/devcx/node_modules/netbeans-8.2/java/maven/lib/wagon-http-2.10-shaded.jar
7f6155d71000-7f6155d77000 r--s 0003f000 08:05 2243071                    /home/devcx/node_modules/netbeans-8.2/java/maven/lib/maven-compat-3.0.5.jar
7f6155d77000-7f6155d96000 r--s 00154000 08:05 2243083                    /home/devcx/node_modules/netbeans-8.2/java/maven/lib/sisu-guava-0.9.9.jar
7f6155d96000-7f6155d97000 ---p 00000000 00:00 0 
7f6155d97000-7f6155e97000 rw-p 00000000 00:00 0 
7f6155e97000-7f6155e9a000 ---p 00000000 00:00 0 
7f6155e9a000-7f6155f98000 rw-p 00000000 00:00 0 
7f6155f98000-7f6155f9b000 ---p 00000000 00:00 0 
7f6155f9b000-7f6156099000 rw-p 00000000 00:00 0 
7f6156099000-7f615609c000 ---p 00000000 00:00 0 
7f615609c000-7f615619a000 rw-p 00000000 00:00 0 
7f615619a000-7f615619d000 ---p 00000000 00:00 0 
7f615619d000-7f615629b000 rw-p 00000000 00:00 0 
7f615629b000-7f615629e000 ---p 00000000 00:00 0 
7f615629e000-7f615639c000 rw-p 00000000 00:00 0 
7f615639c000-7f6156675000 r--p 00000000 08:05 8258452                    /usr/lib/locale/locale-archive
7f6156675000-7f6156678000 ---p 00000000 00:00 0 
7f6156678000-7f6156776000 rw-p 00000000 00:00 0 
7f6156776000-7f6156779000 ---p 00000000 00:00 0 
7f6156779000-7f6156877000 rw-p 00000000 00:00 0 
7f6156877000-7f6156878000 ---p 00000000 00:00 0 
7f6156878000-7f6157887000 rw-p 00000000 00:00 0 
7f6157887000-7f6157a60000 r--s 03d5a000 08:05 8658130                    /usr/lib/jvm/java-8-oracle/jre/lib/rt.jar
7f6157a60000-7f61580a0000 rw-p 00000000 00:00 0 
7f61580a0000-7f6158260000 ---p 00000000 00:00 0 
7f6158260000-7f615c000000 rw-p 00000000 00:00 0 
7f615c000000-7f615c021000 rw-p 00000000 00:00 0 
7f615c021000-7f6160000000 ---p 00000000 00:00 0 
7f6160000000-7f6160021000 rw-p 00000000 00:00 0 
7f6160021000-7f6164000000 ---p 00000000 00:00 0 
7f6164000000-7f6164021000 rw-p 00000000 00:00 0 
7f6164021000-7f6168000000 ---p 00000000 00:00 0 
7f6168000000-7f6168021000 rw-p 00000000 00:00 0 
7f6168021000-7f616c000000 ---p 00000000 00:00 0 
7f616c000000-7f616c001000 r--s 00002000 08:05 2243043                    /home/devcx/node_modules/netbeans-8.2/java/maven/lib/wagon-http-shared-2.10.jar
7f616c001000-7f616c003000 r--s 0000b000 08:05 2243028                    /home/devcx/node_modules/netbeans-8.2/java/maven/lib/wagon-provider-api-2.10.jar
7f616c003000-7f616c461000 rw-p 00000000 00:00 0 
7f616c461000-7f616c462000 ---p 00000000 00:00 0 
7f616c462000-7f616c562000 rw-p 00000000 00:00 0 
7f616c562000-7f616c563000 ---p 00000000 00:00 0 
7f616c563000-7f616c663000 rw-p 00000000 00:00 0 
7f616c663000-7f616c664000 ---p 00000000 00:00 0 
7f616c664000-7f616c764000 rw-p 00000000 00:00 0 
7f616c764000-7f616c765000 ---p 00000000 00:00 0 
7f616c765000-7f616c88f000 rw-p 00000000 00:00 0 
7f616c88f000-7f616caf6000 ---p 00000000 00:00 0 
7f616caf6000-7f616cb0b000 rw-p 00000000 00:00 0 
7f616cb0b000-7f616cc3f000 ---p 00000000 00:00 0 
7f616cc3f000-7f616cc4b000 rw-p 00000000 00:00 0 
7f616cc4b000-7f616d000000 ---p 00000000 00:00 0 
7f616d000000-7f616d290000 rwxp 00000000 00:00 0 
7f616d290000-7f617c000000 ---p 00000000 00:00 0 
7f617c000000-7f617c75f000 rw-p 00000000 00:00 0 
7f617c75f000-7f6180000000 ---p 00000000 00:00 0 
7f6180000000-7f6180001000 r--s 00002000 08:05 2243085                    /home/devcx/node_modules/netbeans-8.2/java/maven/lib/wagon-file-2.10.jar
7f6180001000-7f6180003000 r--s 0000b000 08:05 2243041                    /home/devcx/node_modules/netbeans-8.2/java/maven/lib/maven-plugin-api-3.0.5.jar
7f6180003000-7f6180005000 r--s 0000b000 08:05 2243055                    /home/devcx/node_modules/netbeans-8.2/java/maven/lib/maven-artifact-3.0.5.jar
7f6180005000-7f6180011000 r--s 0007d000 08:05 2243082                    /home/devcx/node_modules/netbeans-8.2/java/maven/lib/maven-core-3.0.5.jar
7f6180011000-7f6180014000 r--s 0001d000 08:05 2243069                    /home/devcx/node_modules/netbeans-8.2/java/maven/lib/aether-impl-1.13.1.jar
7f6180014000-7f6180103000 rw-p 00000000 00:00 0 
7f6180103000-7f618036b000 ---p 00000000 00:00 0 
7f618036b000-7f6180386000 r-xp 00000000 08:05 8795852                    /usr/lib/jvm/java-8-oracle/jre/lib/amd64/libzip.so
7f6180386000-7f6180586000 ---p 0001b000 08:05 8795852                    /usr/lib/jvm/java-8-oracle/jre/lib/amd64/libzip.so
7f6180586000-7f6180587000 rw-p 0001b000 08:05 8795852                    /usr/lib/jvm/java-8-oracle/jre/lib/amd64/libzip.so
7f6180587000-7f6180592000 r-xp 00000000 08:05 8912980                    /lib/x86_64-linux-gnu/libnss_files-2.23.so
7f6180592000-7f6180791000 ---p 0000b000 08:05 8912980                    /lib/x86_64-linux-gnu/libnss_files-2.23.so
7f6180791000-7f6180792000 r--p 0000a000 08:05 8912980                    /lib/x86_64-linux-gnu/libnss_files-2.23.so
7f6180792000-7f6180793000 rw-p 0000b000 08:05 8912980                    /lib/x86_64-linux-gnu/libnss_files-2.23.so
7f6180793000-7f6180799000 rw-p 00000000 00:00 0 
7f6180799000-7f61807a4000 r-xp 00000000 08:05 8912983                    /lib/x86_64-linux-gnu/libnss_nis-2.23.so
7f61807a4000-7f61809a3000 ---p 0000b000 08:05 8912983                    /lib/x86_64-linux-gnu/libnss_nis-2.23.so
7f61809a3000-7f61809a4000 r--p 0000a000 08:05 8912983                    /lib/x86_64-linux-gnu/libnss_nis-2.23.so
7f61809a4000-7f61809a5000 rw-p 0000b000 08:05 8912983                    /lib/x86_64-linux-gnu/libnss_nis-2.23.so
7f61809a5000-7f61809bb000 r-xp 00000000 08:05 8912910                    /lib/x86_64-linux-gnu/libnsl-2.23.so
7f61809bb000-7f6180bba000 ---p 00016000 08:05 8912910                    /lib/x86_64-linux-gnu/libnsl-2.23.so
7f6180bba000-7f6180bbb000 r--p 00015000 08:05 8912910                    /lib/x86_64-linux-gnu/libnsl-2.23.so
7f6180bbb000-7f6180bbc000 rw-p 00016000 08:05 8912910                    /lib/x86_64-linux-gnu/libnsl-2.23.so
7f6180bbc000-7f6180bbe000 rw-p 00000000 00:00 0 
7f6180bbe000-7f6180bc6000 r-xp 00000000 08:05 8912989                    /lib/x86_64-linux-gnu/libnss_compat-2.23.so
7f6180bc6000-7f6180dc5000 ---p 00008000 08:05 8912989                    /lib/x86_64-linux-gnu/libnss_compat-2.23.so
7f6180dc5000-7f6180dc6000 r--p 00007000 08:05 8912989                    /lib/x86_64-linux-gnu/libnss_compat-2.23.so
7f6180dc6000-7f6180dc7000 rw-p 00008000 08:05 8912989                    /lib/x86_64-linux-gnu/libnss_compat-2.23.so
7f6180dc7000-7f6180df2000 r-xp 00000000 08:05 8795846                    /usr/lib/jvm/java-8-oracle/jre/lib/amd64/libjava.so
7f6180df2000-7f6180ff1000 ---p 0002b000 08:05 8795846                    /usr/lib/jvm/java-8-oracle/jre/lib/amd64/libjava.so
7f6180ff1000-7f6180ff3000 rw-p 0002a000 08:05 8795846                    /usr/lib/jvm/java-8-oracle/jre/lib/amd64/libjava.so
7f6180ff3000-7f6181000000 r-xp 00000000 08:05 8795851                    /usr/lib/jvm/java-8-oracle/jre/lib/amd64/libverify.so
7f6181000000-7f6181200000 ---p 0000d000 08:05 8795851                    /usr/lib/jvm/java-8-oracle/jre/lib/amd64/libverify.so
7f6181200000-7f6181202000 rw-p 0000d000 08:05 8795851                    /usr/lib/jvm/java-8-oracle/jre/lib/amd64/libverify.so
7f6181202000-7f6181209000 r-xp 00000000 08:05 8912985                    /lib/x86_64-linux-gnu/librt-2.23.so
7f6181209000-7f6181408000 ---p 00007000 08:05 8912985                    /lib/x86_64-linux-gnu/librt-2.23.so
7f6181408000-7f6181409000 r--p 00006000 08:05 8912985                    /lib/x86_64-linux-gnu/librt-2.23.so
7f6181409000-7f618140a000 rw-p 00007000 08:05 8912985                    /lib/x86_64-linux-gnu/librt-2.23.so
7f618140a000-7f6181512000 r-xp 00000000 08:05 8912994                    /lib/x86_64-linux-gnu/libm-2.23.so
7f6181512000-7f6181711000 ---p 00108000 08:05 8912994                    /lib/x86_64-linux-gnu/libm-2.23.so
7f6181711000-7f6181712000 r--p 00107000 08:05 8912994                    /lib/x86_64-linux-gnu/libm-2.23.so
7f6181712000-7f6181713000 rw-p 00108000 08:05 8912994                    /lib/x86_64-linux-gnu/libm-2.23.so
7f6181713000-7f61823e6000 r-xp 00000000 08:05 8795829                    /usr/lib/jvm/java-8-oracle/jre/lib/amd64/server/libjvm.so
7f61823e6000-7f61825e5000 ---p 00cd3000 08:05 8795829                    /usr/lib/jvm/java-8-oracle/jre/lib/amd64/server/libjvm.so
7f61825e5000-7f61826bf000 rw-p 00cd2000 08:05 8795829                    /usr/lib/jvm/java-8-oracle/jre/lib/amd64/server/libjvm.so
7f61826bf000-7f618270a000 rw-p 00000000 00:00 0 
7f618270a000-7f61828ca000 r-xp 00000000 08:05 8917478                    /lib/x86_64-linux-gnu/libc-2.23.so
7f61828ca000-7f6182aca000 ---p 001c0000 08:05 8917478                    /lib/x86_64-linux-gnu/libc-2.23.so
7f6182aca000-7f6182ace000 r--p 001c0000 08:05 8917478                    /lib/x86_64-linux-gnu/libc-2.23.so
7f6182ace000-7f6182ad0000 rw-p 001c4000 08:05 8917478                    /lib/x86_64-linux-gnu/libc-2.23.so
7f6182ad0000-7f6182ad4000 rw-p 00000000 00:00 0 
7f6182ad4000-7f6182ad7000 r-xp 00000000 08:05 8912988                    /lib/x86_64-linux-gnu/libdl-2.23.so
7f6182ad7000-7f6182cd6000 ---p 00003000 08:05 8912988                    /lib/x86_64-linux-gnu/libdl-2.23.so
7f6182cd6000-7f6182cd7000 r--p 00002000 08:05 8912988                    /lib/x86_64-linux-gnu/libdl-2.23.so
7f6182cd7000-7f6182cd8000 rw-p 00003000 08:05 8912988                    /lib/x86_64-linux-gnu/libdl-2.23.so
7f6182cd8000-7f6182cee000 r-xp 00000000 08:05 8657984                    /usr/lib/jvm/java-8-oracle/lib/amd64/jli/libjli.so
7f6182cee000-7f6182eed000 ---p 00016000 08:05 8657984                    /usr/lib/jvm/java-8-oracle/lib/amd64/jli/libjli.so
7f6182eed000-7f6182eee000 rw-p 00015000 08:05 8657984                    /usr/lib/jvm/java-8-oracle/lib/amd64/jli/libjli.so
7f6182eee000-7f6182f06000 r-xp 00000000 08:05 8912982                    /lib/x86_64-linux-gnu/libpthread-2.23.so
7f6182f06000-7f6183105000 ---p 00018000 08:05 8912982                    /lib/x86_64-linux-gnu/libpthread-2.23.so
7f6183105000-7f6183106000 r--p 00017000 08:05 8912982                    /lib/x86_64-linux-gnu/libpthread-2.23.so
7f6183106000-7f6183107000 rw-p 00018000 08:05 8912982                    /lib/x86_64-linux-gnu/libpthread-2.23.so
7f6183107000-7f618310b000 rw-p 00000000 00:00 0 
7f618310b000-7f6183131000 r-xp 00000000 08:05 8912913                    /lib/x86_64-linux-gnu/ld-2.23.so
7f6183131000-7f6183133000 r--s 00009000 08:05 2243086                    /home/devcx/node_modules/netbeans-8.2/java/maven/lib/commons-cli-1.2.jar
7f6183133000-7f6183135000 r--s 00006000 08:05 2242847                    /home/devcx/node_modules/netbeans-8.2/java/maven/lib/maven-repository-metadata-3.0.5.jar
7f6183135000-7f6183137000 r--s 0000a000 08:05 2243057                    /home/devcx/node_modules/netbeans-8.2/java/maven/lib/maven-settings-3.0.5.jar
7f6183137000-7f6183138000 r--s 00006000 08:05 2242996                    /home/devcx/node_modules/netbeans-8.2/java/maven/lib/plexus-sec-dispatcher-1.3.jar
7f6183138000-7f6183139000 r--s 00003000 08:05 2243077                    /home/devcx/node_modules/netbeans-8.2/java/maven/lib/aether-spi-1.13.1.jar
7f6183139000-7f6183141000 r--s 00050000 08:05 2243027                    /home/devcx/node_modules/netbeans-8.2/java/maven/lib/sisu-guice-3.1.0-no_aop.jar
7f6183141000-7f6183143000 r--s 00002000 08:05 2243075                    /home/devcx/node_modules/netbeans-8.2/java/maven/lib/plexus-cipher-1.7.jar
7f6183143000-7f6183145000 r--s 0000d000 08:05 2242997                    /home/devcx/node_modules/netbeans-8.2/java/maven/lib/plexus-interpolation-1.14.jar
7f6183145000-7f6183210000 rw-p 00000000 00:00 0 
7f6183210000-7f6183213000 ---p 00000000 00:00 0 
7f6183213000-7f6183315000 rw-p 00000000 00:00 0 
7f6183315000-7f6183319000 r--s 0001c000 08:05 2243070                    /home/devcx/node_modules/netbeans-8.2/java/maven/lib/aether-util-1.13.1.jar
7f6183319000-7f618331b000 r--s 00026000 08:05 2243074                    /home/devcx/node_modules/netbeans-8.2/java/maven/lib/maven-model-3.0.5.jar
7f618331b000-7f6183322000 r--s 0003f000 08:05 2243042                    /home/devcx/node_modules/netbeans-8.2/java/maven/lib/sisu-inject-bean-2.3.0.jar
7f6183322000-7f6183324000 r--s 0000a000 08:05 2243030                    /home/devcx/node_modules/netbeans-8.2/java/maven/boot/plexus-classworlds-2.4.jar
7f6183324000-7f618332c000 rw-s 00000000 08:05 3156557                    /tmp/hsperfdata_devcx/21377
7f618332c000-7f618332d000 rw-p 00000000 00:00 0 
7f618332d000-7f618332e000 r--p 00000000 00:00 0 
7f618332e000-7f6183330000 rw-p 00000000 00:00 0 
7f6183330000-7f6183331000 r--p 00025000 08:05 8912913                    /lib/x86_64-linux-gnu/ld-2.23.so
7f6183331000-7f6183332000 rw-p 00026000 08:05 8912913                    /lib/x86_64-linux-gnu/ld-2.23.so
7f6183332000-7f6183333000 rw-p 00000000 00:00 0 
7ffeb2241000-7ffeb2262000 rw-p 00000000 00:00 0                          [stack]
7ffeb23af000-7ffeb23b1000 r--p 00000000 00:00 0                          [vvar]
7ffeb23b1000-7ffeb23b3000 r-xp 00000000 00:00 0                          [vdso]
ffffffffff600000-ffffffffff601000 r-xp 00000000 00:00 0                  [vsyscall]

VM Arguments:
jvm_args: -Dclassworlds.conf=/home/devcx/node_modules/netbeans-8.2/java/maven/bin/m2.conf -Dmaven.home=/home/devcx/node_modules/netbeans-8.2/java/maven 
java_command: org.codehaus.plexus.classworlds.launcher.Launcher -Dmaven.ext.class.path=/home/devcx/node_modules/netbeans-8.2/java/maven-nblib/netbeans-eventspy.jar clean
java_class_path (initial): /home/devcx/node_modules/netbeans-8.2/java/maven/boot/plexus-classworlds-2.4.jar
Launcher Type: SUN_STANDARD

Environment Variables:
JAVA_HOME=/usr/lib/jvm/java-8-oracle
PATH=/home/devcx/bin:/home/devcx/.local/bin:/usr/local/sbin:/usr/local/bin:/usr/sbin:/usr/bin:/sbin:/bin:/usr/games:/usr/local/games:/snap/bin:/usr/lib/jvm/java-8-oracle/bin:/usr/lib/jvm/java-8-oracle/db/bin:/usr/lib/jvm/java-8-oracle/jre/bin
LD_LIBRARY_PATH=/usr/lib/jvm/java-8-oracle/jre/lib/amd64:/usr/lib/jvm/java-8-oracle/jre/lib/i386:
SHELL=/bin/bash
DISPLAY=:0

Signal Handlers:
SIGSEGV: [libjvm.so+0xacbe10], sa_mask[0]=11111111011111111101111111111110, sa_flags=SA_RESTART|SA_SIGINFO
SIGBUS: [libjvm.so+0xacbe10], sa_mask[0]=11111111011111111101111111111110, sa_flags=SA_RESTART|SA_SIGINFO
SIGFPE: [libjvm.so+0x924f90], sa_mask[0]=11111111011111111101111111111110, sa_flags=SA_RESTART|SA_SIGINFO
SIGPIPE: [libjvm.so+0x924f90], sa_mask[0]=11111111011111111101111111111110, sa_flags=SA_RESTART|SA_SIGINFO
SIGXFSZ: [libjvm.so+0x924f90], sa_mask[0]=11111111011111111101111111111110, sa_flags=SA_RESTART|SA_SIGINFO
SIGILL: [libjvm.so+0x924f90], sa_mask[0]=11111111011111111101111111111110, sa_flags=SA_RESTART|SA_SIGINFO
SIGUSR1: SIG_DFL, sa_mask[0]=00000000000000000000000000000000, sa_flags=none
SIGUSR2: [libjvm.so+0x9267d0], sa_mask[0]=00100000000000000000000000000000, sa_flags=SA_RESTART|SA_SIGINFO
SIGHUP: [libjvm.so+0x927bd0], sa_mask[0]=11111111011111111101111111111110, sa_flags=SA_RESTART|SA_SIGINFO
SIGINT: SIG_IGN, sa_mask[0]=00000000000000000000000000000000, sa_flags=none
SIGTERM: [libjvm.so+0x927bd0], sa_mask[0]=11111111011111111101111111111110, sa_flags=SA_RESTART|SA_SIGINFO
SIGQUIT: [libjvm.so+0x927bd0], sa_mask[0]=11111111011111111101111111111110, sa_flags=SA_RESTART|SA_SIGINFO


---------------  S Y S T E M  ---------------

OS:DISTRIB_ID=Ubuntu
DISTRIB_RELEASE=16.04
DISTRIB_CODENAME=xenial
DISTRIB_DESCRIPTION="Ubuntu 16.04.3 LTS"

uname:Linux 4.4.0-101-generic #124-Ubuntu SMP Fri Nov 10 18:29:59 UTC 2017 x86_64
libc:glibc 2.23 NPTL 2.23 
rlimit: STACK 8192k, CORE 0k, NPROC 31392, NOFILE 1048576, AS infinity
load average:0,85 1,06 1,05

/proc/meminfo:
MemTotal:        8077220 kB
MemFree:          977060 kB
MemAvailable:    1311420 kB
Buffers:           36940 kB
Cached:          1290648 kB
SwapCached:       145624 kB
Active:          5133036 kB
Inactive:        1664236 kB
Active(anon):    4778512 kB
Inactive(anon):  1516164 kB
Active(file):     354524 kB
Inactive(file):   148072 kB
Unevictable:         144 kB
Mlocked:             144 kB
SwapTotal:       4882428 kB
SwapFree:        3612680 kB
Dirty:               396 kB
Writeback:             0 kB
AnonPages:       5404812 kB
Mapped:           462920 kB
Shmem:            824656 kB
Slab:             158172 kB
SReclaimable:     105392 kB
SUnreclaim:        52780 kB
KernelStack:       14896 kB
PageTables:        68612 kB
NFS_Unstable:          0 kB
Bounce:                0 kB
WritebackTmp:          0 kB
CommitLimit:     8921036 kB
Committed_AS:   14331076 kB
VmallocTotal:   34359738367 kB
VmallocUsed:           0 kB
VmallocChunk:          0 kB
HardwareCorrupted:     0 kB
AnonHugePages:   3037184 kB
CmaTotal:              0 kB
CmaFree:               0 kB
HugePages_Total:       0
HugePages_Free:        0
HugePages_Rsvd:        0
HugePages_Surp:        0
Hugepagesize:       2048 kB
DirectMap4k:      172652 kB
DirectMap2M:     8120320 kB


CPU:total 4 (initial active 4) (2 cores per cpu, 2 threads per core) family 6 model 42 stepping 7, cmov, cx8, fxsr, mmx, sse, sse2, sse3, ssse3, sse4.1, sse4.2, popcnt, avx, aes, clmul, ht, tsc, tscinvbit

/proc/cpuinfo:
processor	: 0
vendor_id	: GenuineIntel
cpu family	: 6
model		: 42
model name	: Intel(R) Core(TM) i5-2410M CPU @ 2.30GHz
stepping	: 7
microcode	: 0x25
cpu MHz		: 2699.984
cache size	: 3072 KB
physical id	: 0
siblings	: 4
core id		: 0
cpu cores	: 2
apicid		: 0
initial apicid	: 0
fpu		: yes
fpu_exception	: yes
cpuid level	: 13
wp		: yes
flags		: fpu vme de pse tsc msr pae mce cx8 apic sep mtrr pge mca cmov pat pse36 clflush dts acpi mmx fxsr sse sse2 ss ht tm pbe syscall nx rdtscp lm constant_tsc arch_perfmon pebs bts rep_good nopl xtopology nonstop_tsc aperfmperf eagerfpu pni pclmulqdq dtes64 monitor ds_cpl vmx est tm2 ssse3 cx16 xtpr pdcm pcid sse4_1 sse4_2 x2apic popcnt tsc_deadline_timer aes xsave avx lahf_lm epb tpr_shadow vnmi flexpriority ept vpid xsaveopt dtherm ida arat pln pts
bugs		:
bogomips	: 4589.51
clflush size	: 64
cache_alignment	: 64
address sizes	: 36 bits physical, 48 bits virtual
power management:

processor	: 1
vendor_id	: GenuineIntel
cpu family	: 6
model		: 42
model name	: Intel(R) Core(TM) i5-2410M CPU @ 2.30GHz
stepping	: 7
microcode	: 0x25
cpu MHz		: 2699.984
cache size	: 3072 KB
physical id	: 0
siblings	: 4
core id		: 1
cpu cores	: 2
apicid		: 2
initial apicid	: 2
fpu		: yes
fpu_exception	: yes
cpuid level	: 13
wp		: yes
flags		: fpu vme de pse tsc msr pae mce cx8 apic sep mtrr pge mca cmov pat pse36 clflush dts acpi mmx fxsr sse sse2 ss ht tm pbe syscall nx rdtscp lm constant_tsc arch_perfmon pebs bts rep_good nopl xtopology nonstop_tsc aperfmperf eagerfpu pni pclmulqdq dtes64 monitor ds_cpl vmx est tm2 ssse3 cx16 xtpr pdcm pcid sse4_1 sse4_2 x2apic popcnt tsc_deadline_timer aes xsave avx lahf_lm epb tpr_shadow vnmi flexpriority ept vpid xsaveopt dtherm ida arat pln pts
bugs		:
bogomips	: 4589.51
clflush size	: 64
cache_alignment	: 64
address sizes	: 36 bits physical, 48 bits virtual
power management:

processor	: 2
vendor_id	: GenuineIntel
cpu family	: 6
model		: 42
model name	: Intel(R) Core(TM) i5-2410M CPU @ 2.30GHz
stepping	: 7
microcode	: 0x25
cpu MHz		: 2699.984
cache size	: 3072 KB
physical id	: 0
siblings	: 4
core id		: 0
cpu cores	: 2
apicid		: 1
initial apicid	: 1
fpu		: yes
fpu_exception	: yes
cpuid level	: 13
wp		: yes
flags		: fpu vme de pse tsc msr pae mce cx8 apic sep mtrr pge mca cmov pat pse36 clflush dts acpi mmx fxsr sse sse2 ss ht tm pbe syscall nx rdtscp lm constant_tsc arch_perfmon pebs bts rep_good nopl xtopology nonstop_tsc aperfmperf eagerfpu pni pclmulqdq dtes64 monitor ds_cpl vmx est tm2 ssse3 cx16 xtpr pdcm pcid sse4_1 sse4_2 x2apic popcnt tsc_deadline_timer aes xsave avx lahf_lm epb tpr_shadow vnmi flexpriority ept vpid xsaveopt dtherm ida arat pln pts
bugs		:
bogomips	: 4589.51
clflush size	: 64
cache_alignment	: 64
address sizes	: 36 bits physical, 48 bits virtual
power management:

processor	: 3
vendor_id	: GenuineIntel
cpu family	: 6
model		: 42
model name	: Intel(R) Core(TM) i5-2410M CPU @ 2.30GHz
stepping	: 7
microcode	: 0x25
cpu MHz		: 2699.984
cache size	: 3072 KB
physical id	: 0
siblings	: 4
core id		: 1
cpu cores	: 2
apicid		: 3
initial apicid	: 3
fpu		: yes
fpu_exception	: yes
cpuid level	: 13
wp		: yes
flags		: fpu vme de pse tsc msr pae mce cx8 apic sep mtrr pge mca cmov pat pse36 clflush dts acpi mmx fxsr sse sse2 ss ht tm pbe syscall nx rdtscp lm constant_tsc arch_perfmon pebs bts rep_good nopl xtopology nonstop_tsc aperfmperf eagerfpu pni pclmulqdq dtes64 monitor ds_cpl vmx est tm2 ssse3 cx16 xtpr pdcm pcid sse4_1 sse4_2 x2apic popcnt tsc_deadline_timer aes xsave avx lahf_lm epb tpr_shadow vnmi flexpriority ept vpid xsaveopt dtherm ida arat pln pts
bugs		:
bogomips	: 4589.51
clflush size	: 64
cache_alignment	: 64
address sizes	: 36 bits physical, 48 bits virtual
power management:



Memory: 4k page, physical 8077220k(977060k free), swap 4882428k(3612680k free)

vm_info: Java HotSpot(TM) 64-Bit Server VM (25.151-b12) for linux-amd64 JRE (1.8.0_151-b12), built on Sep  5 2017 19:20:58 by "java_re" with gcc 4.3.0 20080428 (Red Hat 4.3.0-8)

time: Thu Dec  7 15:15:21 2017
elapsed time: 0 seconds (0d 0h 0m 0s)

