#
# A fatal error has been detected by the Java Runtime Environment:
#
#  SIGSEGV (0xb) at pc=0x00007fbf39024e18, pid=21342, tid=0x00007fbf4fb18700
#
# JRE version: Java(TM) SE Runtime Environment (8.0_151-b12) (build 1.8.0_151-b12)
# Java VM: Java HotSpot(TM) 64-Bit Server VM (25.151-b12 mixed mode linux-amd64 compressed oops)
# Problematic frame:
# j  com.sun.tools.javac.code.SymbolMetadata.getAttributesForCompletion(Lcom/sun/tools/javac/comp/Annotate$AnnotateRepeatedContext;)Lcom/sun/tools/javac/util/List;+37
#
# Failed to write core dump. Core dumps have been disabled. To enable core dumping, try "ulimit -c unlimited" before starting Java again
#
# If you would like to submit a bug report, please visit:
#   http://bugreport.java.com/bugreport/crash.jsp
#

---------------  T H R E A D  ---------------

Current thread (0x00007fbf4800a000):  JavaThread "main" [_thread_in_Java, id=21344, stack(0x00007fbf4fa18000,0x00007fbf4fb19000)]

siginfo: si_signo: 11 (SIGSEGV), si_code: 2 (SEGV_ACCERR), si_addr: 0x00000000c8802628

Registers:
RAX=0x00000001001f0820, RBX=0x0000000000000021, RCX=0x00007fbf21492430, RDX=0x00000000c8802620
RSP=0x00007fbf4fb154e8, RBP=0x00007fbf4fb15528, RSI=0x00000000d8803020, RDI=0x00000001000d0688
R8 =0x00000000d88054b0, R9 =0x000000000000000e, R10=0x00007fbf4eeebc20, R11=0x00007fbf4bfb2000
R12=0x0000000000000000, R13=0x00007fbf21493a0a, R14=0x00007fbf4fb15578, R15=0x00007fbf4800a000
RIP=0x00007fbf39024e18, EFLAGS=0x0000000000010246, CSGSFS=0x0000000000000033, ERR=0x0000000000000004
  TRAPNO=0x000000000000000e

Top of Stack: (sp=0x00007fbf4fb154e8)
0x00007fbf4fb154e8:   00007fbf4fb154e8 00007fbf21493a05
0x00007fbf4fb154f8:   00007fbf4fb15578 00007fbf21494b50
0x00007fbf4fb15508:   0000000000000000 00007fbf21493a80
0x00007fbf4fb15518:   0000000000000000 00007fbf4fb15570
0x00007fbf4fb15528:   00007fbf4fb155c8 00007fbf39008040
0x00007fbf4fb15538:   00000000d88054b0 00000000d88054b0
0x00007fbf4fb15548:   00000000d8801468 00000000d8803020
0x00007fbf4fb15558:   00000000d8808df0 0000000000000001
0x00007fbf4fb15568:   00000000d8801338 00000000d8802fe8
0x00007fbf4fb15578:   00000000d85d1ba0 00000000d85d1ba0
0x00007fbf4fb15588:   00007fbf4fb15588 00007fbf2149388c
0x00007fbf4fb15598:   00007fbf4fb155e0 00007fbf21494b50
0x00007fbf4fb155a8:   0000000000000000 00007fbf214938a0
0x00007fbf4fb155b8:   00007fbf4fb15570 00007fbf4fb155d8
0x00007fbf4fb155c8:   00007fbf4fb15628 00007fbf390082bd
0x00007fbf4fb155d8:   00000000d8802fe8 00000000d85d1ba0
0x00007fbf4fb155e8:   00007fbf4fb155e8 00007fbf21bfac3d
0x00007fbf4fb155f8:   00007fbf4fb15640 00007fbf21c7e690
0x00007fbf4fb15608:   0000000000000000 00007fbf21bfac50
0x00007fbf4fb15618:   00007fbf4fb155d8 00007fbf4fb15638
0x00007fbf4fb15628:   00007fbf4fb15688 00007fbf390082bd
0x00007fbf4fb15638:   00000000d8802fe8 00000000d85d1b40
0x00007fbf4fb15648:   00007fbf4fb15648 00007fbf2195224e
0x00007fbf4fb15658:   00007fbf4fb156e0 00007fbf2193c988
0x00007fbf4fb15668:   0000000000000000 00007fbf21952278
0x00007fbf4fb15678:   00007fbf4fb15638 00007fbf4fb156c8
0x00007fbf4fb15688:   00007fbf4fb15728 00007fbf390082bd
0x00007fbf4fb15698:   0000000000000000 00000000d8802f50
0x00007fbf4fb156a8:   0000000084e8b6f0 00000000daf79178
0x00007fbf4fb156b8:   00000000d8801370 00000000d8801338
0x00007fbf4fb156c8:   00000000d85d1b40 00000000d7ca8760
0x00007fbf4fb156d8:   0000000084e8b3c0 00000000db1a0238 

Instructions: (pc=0x00007fbf39024e18)
0x00007fbf39024df8:   40 02 00 00 49 ba 00 00 00 00 00 00 00 00 4d 89
0x00007fbf39024e08:   97 40 02 00 00 5a eb 08 48 8b d0 48 8b 44 d9 50
0x00007fbf39024e18:   8b 5a 08 48 c1 e3 03 48 8b 4d e0 48 85 c9 0f 84
0x00007fbf39024e28:   8a 00 00 00 48 8b 79 10 48 3b fb 0f 85 0f 00 00 

Register to memory mapping:

RAX=0x00000001001f0820 is pointing into metadata
RBX=0x0000000000000021 is an unknown value
RCX=0x00007fbf21492430 is pointing into metadata
RDX=0x00000000c8802620 is an unallocated location in the heap
RSP=0x00007fbf4fb154e8 is pointing into the stack for thread: 0x00007fbf4800a000
RBP=0x00007fbf4fb15528 is pointing into the stack for thread: 0x00007fbf4800a000
RSI=0x00000000d8803020 is an oop
java.util.LinkedHashMap$LinkedValueIterator 
 - klass: 'java/util/LinkedHashMap$LinkedValueIterator'
RDI=0x00000001000d0688 is pointing into metadata
R8 =0x00000000d88054b0 is an oop
com.sun.tools.javac.code.SymbolMetadata$Placeholder 
 - klass: 'com/sun/tools/javac/code/SymbolMetadata$Placeholder'
R9 =0x000000000000000e is an unknown value
R10=0x00007fbf4eeebc20: <offset 0xfd0c20> in /usr/lib/jvm/java-8-oracle/jre/lib/amd64/server/libjvm.so at 0x00007fbf4df1b000
R11=0x00007fbf4bfb2000 is an unknown value
R12=0x0000000000000000 is an unknown value
R13=0x00007fbf21493a0a is pointing into metadata
R14=0x00007fbf4fb15578 is pointing into the stack for thread: 0x00007fbf4800a000
R15=0x00007fbf4800a000 is a thread


Stack: [0x00007fbf4fa18000,0x00007fbf4fb19000],  sp=0x00007fbf4fb154e8,  free space=1013k
Native frames: (J=compiled Java code, j=interpreted, Vv=VM code, C=native code)
j  com.sun.tools.javac.code.SymbolMetadata.getAttributesForCompletion(Lcom/sun/tools/javac/comp/Annotate$AnnotateRepeatedContext;)Lcom/sun/tools/javac/util/List;+37
j  com.sun.tools.javac.code.SymbolMetadata.setDeclarationAttributesWithCompletion(Lcom/sun/tools/javac/comp/Annotate$AnnotateRepeatedContext;)V+36
j  com.sun.tools.javac.code.Symbol.setDeclarationAttributesWithCompletion(Lcom/sun/tools/javac/comp/Annotate$AnnotateRepeatedContext;)V+5
j  com.sun.tools.javac.comp.MemberEnter.actualEnterAnnotations(Lcom/sun/tools/javac/util/List;Lcom/sun/tools/javac/comp/Env;Lcom/sun/tools/javac/code/Symbol;)V+310
j  com.sun.tools.javac.comp.MemberEnter.access$600(Lcom/sun/tools/javac/comp/MemberEnter;Lcom/sun/tools/javac/util/List;Lcom/sun/tools/javac/comp/Env;Lcom/sun/tools/javac/code/Symbol;)V+4
j  com.sun.tools.javac.comp.MemberEnter$5.run()V+196
j  com.sun.tools.javac.comp.Annotate.flush()V+38
j  com.sun.tools.javac.comp.Annotate.enterDone()V+11
j  com.sun.tools.javac.comp.Enter.complete(Lcom/sun/tools/javac/util/List;Lcom/sun/tools/javac/code/Symbol$ClassSymbol;)V+198
j  com.sun.tools.javac.comp.Enter.main(Lcom/sun/tools/javac/util/List;)V+3
j  com.sun.tools.javac.main.JavaCompiler.enterTrees(Lcom/sun/tools/javac/util/List;)Lcom/sun/tools/javac/util/List;+64
j  com.sun.tools.javac.main.JavaCompiler.compile(Lcom/sun/tools/javac/util/List;Lcom/sun/tools/javac/util/List;Ljava/lang/Iterable;)V+151
j  com.sun.tools.javac.main.Main.compile([Ljava/lang/String;[Ljava/lang/String;Lcom/sun/tools/javac/util/Context;Lcom/sun/tools/javac/util/List;Ljava/lang/Iterable;)Lcom/sun/tools/javac/main/Main$Result;+1299
j  com.sun.tools.javac.main.Main.compile([Ljava/lang/String;Lcom/sun/tools/javac/util/Context;Lcom/sun/tools/javac/util/List;Ljava/lang/Iterable;)Lcom/sun/tools/javac/main/Main$Result;+7
j  com.sun.tools.javac.main.Main.compile([Ljava/lang/String;Lcom/sun/tools/javac/util/Context;)Lcom/sun/tools/javac/main/Main$Result;+7
j  com.sun.tools.javac.main.Main.compile([Ljava/lang/String;)Lcom/sun/tools/javac/main/Main$Result;+15
j  com.sun.tools.javac.Main.compile([Ljava/lang/String;Ljava/io/PrintWriter;)I+13
v  ~StubRoutines::call_stub
V  [libjvm.so+0x693e76]  JavaCalls::call_helper(JavaValue*, methodHandle*, JavaCallArguments*, Thread*)+0x1056
V  [libjvm.so+0x9a0837]  Reflection::invoke(instanceKlassHandle, methodHandle, Handle, bool, objArrayHandle, BasicType, objArrayHandle, bool, Thread*)+0x5d7
V  [libjvm.so+0x9a3f47]  Reflection::invoke_method(oopDesc*, Handle, objArrayHandle, Thread*)+0x147
V  [libjvm.so+0x72752b]  JVM_InvokeMethod+0x26b
J 2054  sun.reflect.NativeMethodAccessorImpl.invoke0(Ljava/lang/reflect/Method;Ljava/lang/Object;[Ljava/lang/Object;)Ljava/lang/Object; (0 bytes) @ 0x00007fbf3963606d [0x00007fbf39635f80+0xed]
J 2053 C1 sun.reflect.NativeMethodAccessorImpl.invoke(Ljava/lang/Object;[Ljava/lang/Object;)Ljava/lang/Object; (104 bytes) @ 0x00007fbf3963673c [0x00007fbf396363a0+0x39c]
J 1744 C1 sun.reflect.DelegatingMethodAccessorImpl.invoke(Ljava/lang/Object;[Ljava/lang/Object;)Ljava/lang/Object; (10 bytes) @ 0x00007fbf395917ec [0x00007fbf39591780+0x6c]
J 1743 C1 java.lang.reflect.Method.invoke(Ljava/lang/Object;[Ljava/lang/Object;)Ljava/lang/Object; (62 bytes) @ 0x00007fbf3959137c [0x00007fbf39591260+0x11c]
j  org.codehaus.plexus.compiler.javac.JavacCompiler.compileInProcess([Ljava/lang/String;)Ljava/util/List;+277
j  org.codehaus.plexus.compiler.javac.JavacCompiler.compile(Lorg/codehaus/plexus/compiler/CompilerConfiguration;)Ljava/util/List;+198
j  org.apache.maven.plugin.AbstractCompilerMojo.execute()V+1511
j  org.apache.maven.plugin.CompilerMojo.execute()V+1
j  org.apache.maven.plugin.DefaultBuildPluginManager.executeMojo(Lorg/apache/maven/execution/MavenSession;Lorg/apache/maven/plugin/MojoExecution;)V+101
j  org.apache.maven.lifecycle.internal.MojoExecutor.execute(Lorg/apache/maven/execution/MavenSession;Lorg/apache/maven/plugin/MojoExecution;Lorg/apache/maven/lifecycle/internal/ProjectIndex;Lorg/apache/maven/lifecycle/internal/DependencyContext;)V+215
j  org.apache.maven.lifecycle.internal.MojoExecutor.execute(Lorg/apache/maven/execution/MavenSession;Lorg/apache/maven/plugin/MojoExecution;Lorg/apache/maven/lifecycle/internal/ProjectIndex;Lorg/apache/maven/lifecycle/internal/DependencyContext;Lorg/apache/maven/lifecycle/internal/PhaseRecorder;)V+6
j  org.apache.maven.lifecycle.internal.MojoExecutor.execute(Lorg/apache/maven/execution/MavenSession;Ljava/util/List;Lorg/apache/maven/lifecycle/internal/ProjectIndex;)V+60
j  org.apache.maven.lifecycle.internal.LifecycleModuleBuilder.buildProject(Lorg/apache/maven/execution/MavenSession;Lorg/apache/maven/execution/MavenSession;Lorg/apache/maven/lifecycle/internal/ReactorContext;Lorg/apache/maven/project/MavenProject;Lorg/apache/maven/lifecycle/internal/TaskSegment;)V+107
j  org.apache.maven.lifecycle.internal.LifecycleModuleBuilder.buildProject(Lorg/apache/maven/execution/MavenSession;Lorg/apache/maven/lifecycle/internal/ReactorContext;Lorg/apache/maven/project/MavenProject;Lorg/apache/maven/lifecycle/internal/TaskSegment;)V+7
j  org.apache.maven.lifecycle.internal.LifecycleStarter.singleThreadedBuild(Lorg/apache/maven/execution/MavenSession;Lorg/apache/maven/lifecycle/internal/ReactorContext;Lorg/apache/maven/lifecycle/internal/ProjectBuildList;Ljava/util/List;Lorg/apache/maven/lifecycle/internal/ReactorBuildStatus;)V+77
j  org.apache.maven.lifecycle.internal.LifecycleStarter.execute(Lorg/apache/maven/execution/MavenSession;)V+421
j  org.apache.maven.DefaultMaven.doExecute(Lorg/apache/maven/execution/MavenExecutionRequest;)Lorg/apache/maven/execution/MavenExecutionResult;+585
j  org.apache.maven.DefaultMaven.execute(Lorg/apache/maven/execution/MavenExecutionRequest;)Lorg/apache/maven/execution/MavenExecutionResult;+11
j  org.apache.maven.cli.MavenCli.execute(Lorg/apache/maven/cli/MavenCli$CliRequest;)I+19
j  org.apache.maven.cli.MavenCli.doMain(Lorg/apache/maven/cli/MavenCli$CliRequest;)I+53
j  org.apache.maven.cli.MavenCli.main([Ljava/lang/String;Lorg/codehaus/plexus/classworlds/ClassWorld;)I+18
v  ~StubRoutines::call_stub
V  [libjvm.so+0x693e76]  JavaCalls::call_helper(JavaValue*, methodHandle*, JavaCallArguments*, Thread*)+0x1056
V  [libjvm.so+0x9a0837]  Reflection::invoke(instanceKlassHandle, methodHandle, Handle, bool, objArrayHandle, BasicType, objArrayHandle, bool, Thread*)+0x5d7
V  [libjvm.so+0x9a3f47]  Reflection::invoke_method(oopDesc*, Handle, objArrayHandle, Thread*)+0x147
V  [libjvm.so+0x72752b]  JVM_InvokeMethod+0x26b
j  sun.reflect.NativeMethodAccessorImpl.invoke0(Ljava/lang/reflect/Method;Ljava/lang/Object;[Ljava/lang/Object;)Ljava/lang/Object;+0
j  sun.reflect.NativeMethodAccessorImpl.invoke(Ljava/lang/Object;[Ljava/lang/Object;)Ljava/lang/Object;+100
j  sun.reflect.DelegatingMethodAccessorImpl.invoke(Ljava/lang/Object;[Ljava/lang/Object;)Ljava/lang/Object;+6
j  java.lang.reflect.Method.invoke(Ljava/lang/Object;[Ljava/lang/Object;)Ljava/lang/Object;+56
j  org.codehaus.plexus.classworlds.launcher.Launcher.launchEnhanced([Ljava/lang/String;)V+45
j  org.codehaus.plexus.classworlds.launcher.Launcher.launch([Ljava/lang/String;)V+2
j  org.codehaus.plexus.classworlds.launcher.Launcher.mainWithExitCode([Ljava/lang/String;)I+97
j  org.codehaus.plexus.classworlds.launcher.Launcher.main([Ljava/lang/String;)V+1
v  ~StubRoutines::call_stub
V  [libjvm.so+0x693e76]  JavaCalls::call_helper(JavaValue*, methodHandle*, JavaCallArguments*, Thread*)+0x1056
V  [libjvm.so+0x6d5292]  jni_invoke_static(JNIEnv_*, JavaValue*, _jobject*, JNICallType, _jmethodID*, JNI_ArgumentPusher*, Thread*)+0x362
V  [libjvm.so+0x6f1afa]  jni_CallStaticVoidMethod+0x17a
C  [libjli.so+0x80ff]  JavaMain+0x81f
C  [libpthread.so.0+0x76ba]  start_thread+0xca


---------------  P R O C E S S  ---------------

Java Threads: ( => current thread )
  0x00007fbf485fe000 JavaThread "process reaper" daemon [_thread_blocked, id=21359, stack(0x00007fbf220c6000,0x00007fbf220ff000)]
  0x00007fbf480c1800 JavaThread "Service Thread" daemon [_thread_blocked, id=21356, stack(0x00007fbf22610000,0x00007fbf22711000)]
  0x00007fbf480be000 JavaThread "C1 CompilerThread2" daemon [_thread_blocked, id=21355, stack(0x00007fbf22711000,0x00007fbf22812000)]
  0x00007fbf480bc800 JavaThread "C2 CompilerThread1" daemon [_thread_in_native, id=21354, stack(0x00007fbf22812000,0x00007fbf22913000)]
  0x00007fbf480b9800 JavaThread "C2 CompilerThread0" daemon [_thread_in_native, id=21353, stack(0x00007fbf22913000,0x00007fbf22a14000)]
  0x00007fbf480b8000 JavaThread "Signal Dispatcher" daemon [_thread_blocked, id=21352, stack(0x00007fbf22a14000,0x00007fbf22b15000)]
  0x00007fbf48084000 JavaThread "Finalizer" daemon [_thread_blocked, id=21351, stack(0x00007fbf22dee000,0x00007fbf22eef000)]
  0x00007fbf4807f800 JavaThread "Reference Handler" daemon [_thread_blocked, id=21350, stack(0x00007fbf22eef000,0x00007fbf22ff0000)]
=>0x00007fbf4800a000 JavaThread "main" [_thread_in_Java, id=21344, stack(0x00007fbf4fa18000,0x00007fbf4fb19000)]

Other Threads:
  0x00007fbf48078000 VMThread [stack: 0x00007fbf22ff0000,0x00007fbf230f1000] [id=21349]
  0x00007fbf480c4000 WatcherThread [stack: 0x00007fbf2250f000,0x00007fbf22610000] [id=21357]

VM state:not at safepoint (normal execution)

VM Mutex/Monitor currently owned by a thread: None

Heap:
 PSYoungGen      total 68608K, used 30957K [0x00000000d6f00000, 0x00000000dfe00000, 0x0000000100000000)
  eden space 63488K, 40% used [0x00000000d6f00000,0x00000000d88433e8,0x00000000dad00000)
  from space 5120K, 99% used [0x00000000dad00000,0x00000000db1f8020,0x00000000db200000)
  to   space 9728K, 0% used [0x00000000df480000,0x00000000df480000,0x00000000dfe00000)
 ParOldGen       total 84992K, used 6845K [0x0000000084c00000, 0x0000000089f00000, 0x00000000d6f00000)
  object space 84992K, 8% used [0x0000000084c00000,0x00000000852af650,0x0000000089f00000)
 Metaspace       used 19112K, capacity 19608K, committed 19712K, reserved 1067008K
  class space    used 2298K, capacity 2460K, committed 2560K, reserved 1048576K

Card table byte_map: [0x00007fbf4c3d8000,0x00007fbf4c7b3000] byte_map_base: 0x00007fbf4bfb2000

Marking Bits: (ParMarkBitMap*) 0x00007fbf4eee4f80
 Begin Bits: [0x00007fbf30260000, 0x00007fbf32130000)
 End Bits:   [0x00007fbf32130000, 0x00007fbf34000000)

Polling page: 0x00007fbf4fb35000

CodeCache: size=245760Kb used=8742Kb max_used=8742Kb free=237017Kb
 bounds [0x00007fbf39000000, 0x00007fbf39890000, 0x00007fbf48000000]
 total_blobs=3279 nmethods=2912 adapters=279
 compilation: enabled

Compilation events (10 events):
Event: 3,361 Thread 0x00007fbf480be000 nmethod 2921 0x00007fbf39888ad0 code [0x00007fbf39888c40, 0x00007fbf39888df0]
Event: 3,361 Thread 0x00007fbf480be000 2919       2       com.sun.tools.javac.util.JCDiagnostic$Factory::qualify (39 bytes)
Event: 3,362 Thread 0x00007fbf480be000 nmethod 2919 0x00007fbf39888310 code [0x00007fbf398884c0, 0x00007fbf39888878]
Event: 3,362 Thread 0x00007fbf480be000 2927       2       com.sun.tools.javac.comp.Infer$InferenceContext::asUndetVar (20 bytes)
Event: 3,362 Thread 0x00007fbf480be000 nmethod 2927 0x00007fbf39887cd0 code [0x00007fbf39887e60, 0x00007fbf398880f8]
Event: 3,362 Thread 0x00007fbf480be000 2930       2       com.sun.tools.javac.code.Types::isSubtype (186 bytes)
Event: 3,364 Thread 0x00007fbf480be000 nmethod 2930 0x00007fbf39886b10 code [0x00007fbf39886da0, 0x00007fbf39887658]
Event: 3,364 Thread 0x00007fbf480be000 2929       2       com.sun.tools.javac.code.Types$Subst::subst (21 bytes)
Event: 3,364 Thread 0x00007fbf480be000 nmethod 2929 0x00007fbf3988b9d0 code [0x00007fbf3988bb40, 0x00007fbf3988bd28]
Event: 3,364 Thread 0x00007fbf480be000 2918       2       com.sun.tools.javac.code.Types$4::visitClassType (10 bytes)

GC Heap History (10 events):
Event: 0,762 GC heap before
{Heap before GC invocations=1 (full 0):
 PSYoungGen      total 36864K, used 31744K [0x00000000d6f00000, 0x00000000d9800000, 0x0000000100000000)
  eden space 31744K, 100% used [0x00000000d6f00000,0x00000000d8e00000,0x00000000d8e00000)
  from space 5120K, 0% used [0x00000000d9300000,0x00000000d9300000,0x00000000d9800000)
  to   space 5120K, 0% used [0x00000000d8e00000,0x00000000d8e00000,0x00000000d9300000)
 ParOldGen       total 84992K, used 0K [0x0000000084c00000, 0x0000000089f00000, 0x00000000d6f00000)
  object space 84992K, 0% used [0x0000000084c00000,0x0000000084c00000,0x0000000089f00000)
 Metaspace       used 7781K, capacity 7982K, committed 8192K, reserved 1056768K
  class space    used 978K, capacity 1021K, committed 1024K, reserved 1048576K
Event: 0,767 GC heap after
Heap after GC invocations=1 (full 0):
 PSYoungGen      total 36864K, used 4594K [0x00000000d6f00000, 0x00000000d9800000, 0x0000000100000000)
  eden space 31744K, 0% used [0x00000000d6f00000,0x00000000d6f00000,0x00000000d8e00000)
  from space 5120K, 89% used [0x00000000d8e00000,0x00000000d927cb98,0x00000000d9300000)
  to   space 5120K, 0% used [0x00000000d9300000,0x00000000d9300000,0x00000000d9800000)
 ParOldGen       total 84992K, used 8K [0x0000000084c00000, 0x0000000089f00000, 0x00000000d6f00000)
  object space 84992K, 0% used [0x0000000084c00000,0x0000000084c02000,0x0000000089f00000)
 Metaspace       used 7781K, capacity 7982K, committed 8192K, reserved 1056768K
  class space    used 978K, capacity 1021K, committed 1024K, reserved 1048576K
}
Event: 1,403 GC heap before
{Heap before GC invocations=2 (full 0):
 PSYoungGen      total 36864K, used 36338K [0x00000000d6f00000, 0x00000000d9800000, 0x0000000100000000)
  eden space 31744K, 100% used [0x00000000d6f00000,0x00000000d8e00000,0x00000000d8e00000)
  from space 5120K, 89% used [0x00000000d8e00000,0x00000000d927cb98,0x00000000d9300000)
  to   space 5120K, 0% used [0x00000000d9300000,0x00000000d9300000,0x00000000d9800000)
 ParOldGen       total 84992K, used 8K [0x0000000084c00000, 0x0000000089f00000, 0x00000000d6f00000)
  object space 84992K, 0% used [0x0000000084c00000,0x0000000084c02000,0x0000000089f00000)
 Metaspace       used 13022K, capacity 13424K, committed 13568K, reserved 1060864K
  class space    used 1603K, capacity 1723K, committed 1792K, reserved 1048576K
Event: 1,410 GC heap after
Heap after GC invocations=2 (full 0):
 PSYoungGen      total 36864K, used 4299K [0x00000000d6f00000, 0x00000000d9800000, 0x0000000100000000)
  eden space 31744K, 0% used [0x00000000d6f00000,0x00000000d6f00000,0x00000000d8e00000)
  from space 5120K, 83% used [0x00000000d9300000,0x00000000d9732ee8,0x00000000d9800000)
  to   space 5120K, 0% used [0x00000000d8e00000,0x00000000d8e00000,0x00000000d9300000)
 ParOldGen       total 84992K, used 16K [0x0000000084c00000, 0x0000000089f00000, 0x00000000d6f00000)
  object space 84992K, 0% used [0x0000000084c00000,0x0000000084c04000,0x0000000089f00000)
 Metaspace       used 13022K, capacity 13424K, committed 13568K, reserved 1060864K
  class space    used 1603K, capacity 1723K, committed 1792K, reserved 1048576K
}
Event: 1,809 GC heap before
{Heap before GC invocations=3 (full 0):
 PSYoungGen      total 36864K, used 36043K [0x00000000d6f00000, 0x00000000d9800000, 0x0000000100000000)
  eden space 31744K, 100% used [0x00000000d6f00000,0x00000000d8e00000,0x00000000d8e00000)
  from space 5120K, 83% used [0x00000000d9300000,0x00000000d9732ee8,0x00000000d9800000)
  to   space 5120K, 0% used [0x00000000d8e00000,0x00000000d8e00000,0x00000000d9300000)
 ParOldGen       total 84992K, used 16K [0x0000000084c00000, 0x0000000089f00000, 0x00000000d6f00000)
  object space 84992K, 0% used [0x0000000084c00000,0x0000000084c04000,0x0000000089f00000)
 Metaspace       used 13462K, capacity 13802K, committed 14080K, reserved 1060864K
  class space    used 1634K, capacity 1761K, committed 1792K, reserved 1048576K
Event: 1,818 GC heap after
Heap after GC invocations=3 (full 0):
 PSYoungGen      total 36864K, used 5120K [0x00000000d6f00000, 0x00000000db700000, 0x0000000100000000)
  eden space 31744K, 0% used [0x00000000d6f00000,0x00000000d6f00000,0x00000000d8e00000)
  from space 5120K, 100% used [0x00000000d8e00000,0x00000000d9300000,0x00000000d9300000)
  to   space 5120K, 0% used [0x00000000db200000,0x00000000db200000,0x00000000db700000)
 ParOldGen       total 84992K, used 893K [0x0000000084c00000, 0x0000000089f00000, 0x00000000d6f00000)
  object space 84992K, 1% used [0x0000000084c00000,0x0000000084cdf6b8,0x0000000089f00000)
 Metaspace       used 13462K, capacity 13802K, committed 14080K, reserved 1060864K
  class space    used 1634K, capacity 1761K, committed 1792K, reserved 1048576K
}
Event: 2,211 GC heap before
{Heap before GC invocations=4 (full 0):
 PSYoungGen      total 36864K, used 36864K [0x00000000d6f00000, 0x00000000db700000, 0x0000000100000000)
  eden space 31744K, 100% used [0x00000000d6f00000,0x00000000d8e00000,0x00000000d8e00000)
  from space 5120K, 100% used [0x00000000d8e00000,0x00000000d9300000,0x00000000d9300000)
  to   space 5120K, 0% used [0x00000000db200000,0x00000000db200000,0x00000000db700000)
 ParOldGen       total 84992K, used 893K [0x0000000084c00000, 0x0000000089f00000, 0x00000000d6f00000)
  object space 84992K, 1% used [0x0000000084c00000,0x0000000084cdf6b8,0x0000000089f00000)
 Metaspace       used 13641K, capacity 14012K, committed 14080K, reserved 1060864K
  class space    used 1636K, capacity 1764K, committed 1792K, reserved 1048576K
Event: 2,231 GC heap after
Heap after GC invocations=4 (full 0):
 PSYoungGen      total 68608K, used 5104K [0x00000000d6f00000, 0x00000000db700000, 0x0000000100000000)
  eden space 63488K, 0% used [0x00000000d6f00000,0x00000000d6f00000,0x00000000dad00000)
  from space 5120K, 99% used [0x00000000db200000,0x00000000db6fc010,0x00000000db700000)
  to   space 5120K, 0% used [0x00000000dad00000,0x00000000dad00000,0x00000000db200000)
 ParOldGen       total 84992K, used 2197K [0x0000000084c00000, 0x0000000089f00000, 0x00000000d6f00000)
  object space 84992K, 2% used [0x0000000084c00000,0x0000000084e256b8,0x0000000089f00000)
 Metaspace       used 13641K, capacity 14012K, committed 14080K, reserved 1060864K
  class space    used 1636K, capacity 1764K, committed 1792K, reserved 1048576K
}
Event: 3,078 GC heap before
{Heap before GC invocations=5 (full 0):
 PSYoungGen      total 68608K, used 68592K [0x00000000d6f00000, 0x00000000db700000, 0x0000000100000000)
  eden space 63488K, 100% used [0x00000000d6f00000,0x00000000dad00000,0x00000000dad00000)
  from space 5120K, 99% used [0x00000000db200000,0x00000000db6fc010,0x00000000db700000)
  to   space 5120K, 0% used [0x00000000dad00000,0x00000000dad00000,0x00000000db200000)
 ParOldGen       total 84992K, used 2197K [0x0000000084c00000, 0x0000000089f00000, 0x00000000d6f00000)
  object space 84992K, 2% used [0x0000000084c00000,0x0000000084e256b8,0x0000000089f00000)
 Metaspace       used 18630K, capacity 19128K, committed 19328K, reserved 1067008K
  class space    used 2266K, capacity 2428K, committed 2432K, reserved 1048576K
Event: 3,098 GC heap after
Heap after GC invocations=5 (full 0):
 PSYoungGen      total 68608K, used 5088K [0x00000000d6f00000, 0x00000000dfe00000, 0x0000000100000000)
  eden space 63488K, 0% used [0x00000000d6f00000,0x00000000d6f00000,0x00000000dad00000)
  from space 5120K, 99% used [0x00000000dad00000,0x00000000db1f8020,0x00000000db200000)
  to   space 9728K, 0% used [0x00000000df480000,0x00000000df480000,0x00000000dfe00000)
 ParOldGen       total 84992K, used 6845K [0x0000000084c00000, 0x0000000089f00000, 0x00000000d6f00000)
  object space 84992K, 8% used [0x0000000084c00000,0x00000000852af650,0x0000000089f00000)
 Metaspace       used 18630K, capacity 19128K, committed 19328K, reserved 1067008K
  class space    used 2266K, capacity 2428K, committed 2432K, reserved 1048576K
}

Deoptimization events (10 events):
Event: 1,861 Thread 0x00007fbf4800a000 Uncommon trap: reason=class_check action=maybe_recompile pc=0x00007fbf395c85dc method=org.apache.maven.model.interpolation.StringSearchModelInterpolator$InterpolateObjectAction.interpolateMapField(Ljava/lang/Object;Ljava/lang/reflect/Field;)V @ 126
Event: 1,889 Thread 0x00007fbf4800a000 Uncommon trap: reason=class_check action=maybe_recompile pc=0x00007fbf395c85dc method=org.apache.maven.model.interpolation.StringSearchModelInterpolator$InterpolateObjectAction.interpolateMapField(Ljava/lang/Object;Ljava/lang/reflect/Field;)V @ 126
Event: 2,289 Thread 0x00007fbf4800a000 Uncommon trap: reason=unstable_if action=reinterpret pc=0x00007fbf3936c9b0 method=java.util.HashMap.hash(Ljava/lang/Object;)I @ 1
Event: 2,921 Thread 0x00007fbf4800a000 Uncommon trap: reason=unstable_if action=reinterpret pc=0x00007fbf3975d788 method=java.util.jar.Manifest$FastInputStream.readLine([BII)I @ 87
Event: 2,968 Thread 0x00007fbf4800a000 Uncommon trap: reason=class_check action=maybe_recompile pc=0x00007fbf391d8398 method=sun.misc.URLClassPath.getLoader(I)Lsun/misc/URLClassPath$Loader; @ 94
Event: 2,983 Thread 0x00007fbf4800a000 Uncommon trap: reason=unstable_if action=reinterpret pc=0x00007fbf391d85a8 method=java.util.HashMap.putVal(ILjava/lang/Object;Ljava/lang/Object;ZZ)Ljava/lang/Object; @ 193
Event: 2,983 Thread 0x00007fbf4800a000 Uncommon trap: reason=unstable_if action=reinterpret pc=0x00007fbf391ed71c method=sun.misc.URLClassPath$JarLoader.getResource(Ljava/lang/String;Z)Lsun/misc/Resource; @ 62
Event: 2,984 Thread 0x00007fbf4800a000 Uncommon trap: reason=unstable_if action=reinterpret pc=0x00007fbf391d01d8 method=java.util.HashMap.putVal(ILjava/lang/Object;Ljava/lang/Object;ZZ)Ljava/lang/Object; @ 193
Event: 2,987 Thread 0x00007fbf4800a000 Uncommon trap: reason=unstable_if action=reinterpret pc=0x00007fbf396843f0 method=java.nio.charset.CharsetDecoder.decode(Ljava/nio/ByteBuffer;Ljava/nio/CharBuffer;Z)Ljava/nio/charset/CoderResult; @ 1
Event: 3,043 Thread 0x00007fbf4800a000 Uncommon trap: reason=unstable_if action=reinterpret pc=0x00007fbf3979afd0 method=com.sun.tools.javac.parser.UnicodeReader.scanChar()V @ 37

Internal exceptions (10 events):
Event: 3,171 Thread 0x00007fbf4800a000 Exception <a 'java/io/FileNotFoundException'> (0x00000000d79817f0) thrown at [/HUDSON/workspace/8-2-build-linux-amd64/jdk8u151/9699/hotspot/src/share/vm/prims/jni.cpp, line 709]
Event: 3,171 Thread 0x00007fbf4800a000 Exception <a 'java/io/FileNotFoundException'> (0x00000000d7982470) thrown at [/HUDSON/workspace/8-2-build-linux-amd64/jdk8u151/9699/hotspot/src/share/vm/prims/jni.cpp, line 709]
Event: 3,171 Thread 0x00007fbf4800a000 Exception <a 'java/io/FileNotFoundException'> (0x00000000d79830f0) thrown at [/HUDSON/workspace/8-2-build-linux-amd64/jdk8u151/9699/hotspot/src/share/vm/prims/jni.cpp, line 709]
Event: 3,172 Thread 0x00007fbf4800a000 Exception <a 'java/io/FileNotFoundException'> (0x00000000d7983d98) thrown at [/HUDSON/workspace/8-2-build-linux-amd64/jdk8u151/9699/hotspot/src/share/vm/prims/jni.cpp, line 709]
Event: 3,172 Thread 0x00007fbf4800a000 Exception <a 'java/io/FileNotFoundException'> (0x00000000d7984a58) thrown at [/HUDSON/workspace/8-2-build-linux-amd64/jdk8u151/9699/hotspot/src/share/vm/prims/jni.cpp, line 709]
Event: 3,172 Thread 0x00007fbf4800a000 Exception <a 'java/io/FileNotFoundException'> (0x00000000d7985720) thrown at [/HUDSON/workspace/8-2-build-linux-amd64/jdk8u151/9699/hotspot/src/share/vm/prims/jni.cpp, line 709]
Event: 3,172 Thread 0x00007fbf4800a000 Exception <a 'java/io/FileNotFoundException'> (0x00000000d79863c0) thrown at [/HUDSON/workspace/8-2-build-linux-amd64/jdk8u151/9699/hotspot/src/share/vm/prims/jni.cpp, line 709]
Event: 3,172 Thread 0x00007fbf4800a000 Exception <a 'java/io/FileNotFoundException'> (0x00000000d7987068) thrown at [/HUDSON/workspace/8-2-build-linux-amd64/jdk8u151/9699/hotspot/src/share/vm/prims/jni.cpp, line 709]
Event: 3,172 Thread 0x00007fbf4800a000 Exception <a 'java/io/FileNotFoundException'> (0x00000000d7987d28) thrown at [/HUDSON/workspace/8-2-build-linux-amd64/jdk8u151/9699/hotspot/src/share/vm/prims/jni.cpp, line 709]
Event: 3,172 Thread 0x00007fbf4800a000 Exception <a 'java/io/FileNotFoundException'> (0x00000000d7988a18) thrown at [/HUDSON/workspace/8-2-build-linux-amd64/jdk8u151/9699/hotspot/src/share/vm/prims/jni.cpp, line 709]

Events (10 events):
Event: 3,234 Thread 0x00007fbf4800a000 DEOPT PACKING pc=0x00007fbf398092e2 sp=0x00007fbf4fb14970
Event: 3,234 Thread 0x00007fbf4800a000 DEOPT UNPACKING pc=0x00007fbf39047633 sp=0x00007fbf4fb14718 mode 0
Event: 3,235 Thread 0x00007fbf4800a000 DEOPT PACKING pc=0x00007fbf39808bc9 sp=0x00007fbf4fb148f0
Event: 3,235 Thread 0x00007fbf4800a000 DEOPT UNPACKING pc=0x00007fbf39047633 sp=0x00007fbf4fb14668 mode 0
Event: 3,306 Thread 0x00007fbf4800a000 DEOPT PACKING pc=0x00007fbf3982ac45 sp=0x00007fbf4fb14190
Event: 3,306 Thread 0x00007fbf4800a000 DEOPT UNPACKING pc=0x00007fbf39047633 sp=0x00007fbf4fb13fe8 mode 0
Event: 3,330 loading class javax/lang/model/element/ElementKind
Event: 3,330 loading class javax/lang/model/element/ElementKind done
Event: 3,351 Thread 0x00007fbf4800a000 DEOPT PACKING pc=0x00007fbf39814ed2 sp=0x00007fbf4fb14fd0
Event: 3,351 Thread 0x00007fbf4800a000 DEOPT UNPACKING pc=0x00007fbf39047633 sp=0x00007fbf4fb14d28 mode 0


Dynamic libraries:
00400000-00401000 r-xp 00000000 08:05 8532988                            /usr/lib/jvm/java-8-oracle/bin/java
00600000-00601000 rw-p 00000000 08:05 8532988                            /usr/lib/jvm/java-8-oracle/bin/java
024de000-024ff000 rw-p 00000000 00:00 0                                  [heap]
84c00000-89f00000 rw-p 00000000 00:00 0 
89f00000-d6f00000 ---p 00000000 00:00 0 
d6f00000-dfe00000 rw-p 00000000 00:00 0 
dfe00000-100000000 ---p 00000000 00:00 0 
100000000-100280000 rw-p 00000000 00:00 0 
100280000-140000000 ---p 00000000 00:00 0 
7fbef4000000-7fbef4021000 rw-p 00000000 00:00 0 
7fbef4021000-7fbef8000000 ---p 00000000 00:00 0 
7fbef8fff000-7fbefc000000 rw-p 00000000 00:00 0 
7fbefc000000-7fbefc021000 rw-p 00000000 00:00 0 
7fbefc021000-7fbf00000000 ---p 00000000 00:00 0 
7fbf00000000-7fbf00021000 rw-p 00000000 00:00 0 
7fbf00021000-7fbf04000000 ---p 00000000 00:00 0 
7fbf04000000-7fbf050e3000 rw-p 00000000 00:00 0 
7fbf050e3000-7fbf08000000 ---p 00000000 00:00 0 
7fbf08000000-7fbf08be2000 rw-p 00000000 00:00 0 
7fbf08be2000-7fbf0c000000 ---p 00000000 00:00 0 
7fbf0c000000-7fbf0c021000 rw-p 00000000 00:00 0 
7fbf0c021000-7fbf10000000 ---p 00000000 00:00 0 
7fbf10000000-7fbf1131c000 rw-p 00000000 00:00 0 
7fbf1131c000-7fbf14000000 ---p 00000000 00:00 0 
7fbf14000000-7fbf14021000 rw-p 00000000 00:00 0 
7fbf14021000-7fbf18000000 ---p 00000000 00:00 0 
7fbf18000000-7fbf18021000 rw-p 00000000 00:00 0 
7fbf18021000-7fbf1c000000 ---p 00000000 00:00 0 
7fbf1c000000-7fbf1c021000 rw-p 00000000 00:00 0 
7fbf1c021000-7fbf20000000 ---p 00000000 00:00 0 
7fbf21413000-7fbf214d3000 rw-p 00000000 00:00 0 
7fbf214d3000-7fbf21613000 ---p 00000000 00:00 0 
7fbf21613000-7fbf21629000 r--s 00187000 08:05 2631575                    /home/devcx/.m2/repository/org/aspectj/aspectjweaver/1.6.11/aspectjweaver-1.6.11.jar
7fbf21629000-7fbf2162d000 r--s 00019000 08:05 2631574                    /home/devcx/.m2/repository/org/aspectj/aspectjrt/1.6.11/aspectjrt-1.6.11.jar
7fbf2162d000-7fbf21630000 r--s 00015000 08:05 2631571                    /home/devcx/.m2/repository/commons-pool/commons-pool/1.5.4/commons-pool-1.5.4.jar
7fbf21630000-7fbf21633000 r--s 00025000 08:05 2631570                    /home/devcx/.m2/repository/commons-dbcp/commons-dbcp/1.4/commons-dbcp-1.4.jar
7fbf21633000-7fbf21635000 r--s 00005000 08:05 2631567                    /home/devcx/.m2/repository/org/slf4j/slf4j-api/1.6.1/slf4j-api-1.6.1.jar
7fbf21635000-7fbf2164a000 r--s 000e1000 08:05 2631565                    /home/devcx/.m2/repository/net/sf/ehcache/ehcache-core/2.4.3/ehcache-core-2.4.3.jar
7fbf2164a000-7fbf2164e000 r--s 0001e000 08:05 2631563                    /home/devcx/.m2/repository/org/hibernate/hibernate-ehcache/4.3.10.Final/hibernate-ehcache-4.3.10.Final.jar
7fbf2164e000-7fbf21650000 r--s 00011000 08:05 2631562                    /home/devcx/.m2/repository/org/jboss/jandex/1.1.0.Final/jandex-1.1.0.Final.jar
7fbf21650000-7fbf21655000 r--s 00068000 08:05 2631561                    /home/devcx/.m2/repository/antlr/antlr/2.7.7/antlr-2.7.7.jar
7fbf21655000-7fbf2165f000 r--s 000a5000 08:05 2107291                    /home/devcx/.m2/repository/org/javassist/javassist/3.18.1-GA/javassist-3.18.1-GA.jar
7fbf2165f000-7fbf21664000 r--s 00017000 08:05 2499156                    /home/devcx/.m2/repository/org/hibernate/javax/persistence/hibernate-jpa-2.1-api/1.0.0.Final/hibernate-jpa-2.1-api-1.0.0.Final.jar
7fbf21664000-7fbf21667000 r--s 00010000 08:05 2499155                    /home/devcx/.m2/repository/org/hibernate/common/hibernate-commons-annotations/4.0.5.Final/hibernate-commons-annotations-4.0.5.Final.jar
7fbf21667000-7fbf2166c000 r--s 00016000 08:05 2499151                    /home/devcx/.m2/repository/xml-apis/xml-apis/1.0.b2/xml-apis-1.0.b2.jar
7fbf2166c000-7fbf21671000 r--s 00048000 08:05 2499150                    /home/devcx/.m2/repository/dom4j/dom4j/1.6.1/dom4j-1.6.1.jar
7fbf21671000-7fbf21672000 r--s 00006000 08:05 2499145                    /home/devcx/.m2/repository/org/jboss/spec/javax/transaction/jboss-transaction-api_1.2_spec/1.0.0.Final/jboss-transaction-api_1.2_spec-1.0.0.Final.jar
7fbf21672000-7fbf21673000 r--s 00002000 08:05 2499144                    /home/devcx/.m2/repository/org/jboss/logging/jboss-logging-annotations/1.2.0.Beta1/jboss-logging-annotations-1.2.0.Beta1.jar
7fbf21673000-7fbf21675000 r--s 0000c000 08:05 2499141                    /home/devcx/.m2/repository/org/jboss/logging/jboss-logging/3.1.3.GA/jboss-logging-3.1.3.GA.jar
7fbf21675000-7fbf216d4000 r--s 004ab000 08:05 2499140                    /home/devcx/.m2/repository/org/hibernate/hibernate-core/4.3.10.Final/hibernate-core-4.3.10.Final.jar
7fbf216d4000-7fbf216d6000 r--s 00002000 08:05 2499139                    /home/devcx/.m2/repository/org/glassfish/hk2/spring-bridge/2.4.0-b12/spring-bridge-2.4.0-b12.jar
7fbf216d6000-7fbf216dd000 r--s 0005b000 08:05 2499136                    /home/devcx/.m2/repository/org/glassfish/hk2/external/asm-all-repackaged/2.4.0-b12/asm-all-repackaged-2.4.0-b12.jar
7fbf216dd000-7fbf216e0000 r--s 00013000 08:05 2499134                    /home/devcx/.m2/repository/org/glassfish/hk2/class-model/2.4.0-b12/class-model-2.4.0-b12.jar
7fbf216e0000-7fbf216e2000 r--s 0000c000 08:05 2499132                    /home/devcx/.m2/repository/org/glassfish/hk2/hk2-runlevel/2.4.0-b12/hk2-runlevel-2.4.0-b12.jar
7fbf216e2000-7fbf216f5000 r--s 000b4000 08:05 2499131                    /home/devcx/.m2/repository/org/glassfish/hk2/external/bean-validator/2.4.0-b12/bean-validator-2.4.0-b12.jar
7fbf216f5000-7fbf216f7000 r--s 00003000 08:05 2499127                    /home/devcx/.m2/repository/org/jvnet/tiger-types/1.4/tiger-types-1.4.jar
7fbf216f7000-7fbf216fc000 r--s 0002d000 08:05 2499128                    /home/devcx/.m2/repository/org/glassfish/hk2/hk2-config/2.4.0-b12/hk2-config-2.4.0-b12.jar
7fbf216fc000-7fbf216ff000 r--s 0001a000 08:05 2499125                    /home/devcx/.m2/repository/org/glassfish/hk2/core/2.4.0-b12/core-2.4.0-b12.jar
7fbf216ff000-7fbf21700000 r--s 00001000 08:05 2499124                    /home/devcx/.m2/repository/org/glassfish/hk2/config-types/2.4.0-b12/config-types-2.4.0-b12.jar
7fbf21700000-7fbf21701000 r--s 00000000 08:05 2371081                    /home/devcx/.m2/repository/javax/inject/javax.inject/1/javax.inject-1.jar
7fbf21701000-7fbf21704000 r--s 00015000 08:05 2371080                    /home/devcx/.m2/repository/org/glassfish/hk2/hk2-utils/2.4.0-b12/hk2-utils-2.4.0-b12.jar
7fbf21704000-7fbf21705000 r--s 00000000 08:05 2499119                    /home/devcx/.m2/repository/org/glassfish/hk2/hk2/2.4.0-b12/hk2-2.4.0-b12.jar
7fbf21705000-7fbf21707000 r--s 00004000 08:05 2499118                    /home/devcx/.m2/repository/org/glassfish/jersey/ext/jersey-spring3/2.18/jersey-spring3-2.18.jar
7fbf21707000-7fbf21711000 r--s 00052000 08:05 2499115                    /home/devcx/.m2/repository/org/springframework/spring-messaging/4.2.4.RELEASE/spring-messaging-4.2.4.RELEASE.jar
7fbf21711000-7fbf2171a000 r--s 00062000 08:05 2499114                    /home/devcx/.m2/repository/org/springframework/spring-websocket/4.2.4.RELEASE/spring-websocket-4.2.4.RELEASE.jar
7fbf2171a000-7fbf21722000 r--s 0003a000 08:05 2499111                    /home/devcx/.m2/repository/org/springframework/spring-tx/4.3.6.RELEASE/spring-tx-4.3.6.RELEASE.jar
7fbf21722000-7fbf2172c000 r--s 0005f000 08:05 2499110                    /home/devcx/.m2/repository/org/springframework/spring-jdbc/4.3.6.RELEASE/spring-jdbc-4.3.6.RELEASE.jar
7fbf2172c000-7fbf21736000 r--s 0006b000 08:05 2499108                    /home/devcx/.m2/repository/org/springframework/spring-orm/4.3.6.RELEASE/spring-orm-4.3.6.RELEASE.jar
7fbf21736000-7fbf21738000 r--s 0000e000 08:05 2499105                    /home/devcx/.m2/repository/commons-logging/commons-logging/1.2/commons-logging-1.2.jar
7fbf21738000-7fbf2174e000 r--s 000fb000 08:05 2499106                    /home/devcx/.m2/repository/org/springframework/spring-core/4.3.6.RELEASE/spring-core-4.3.6.RELEASE.jar
7fbf2174e000-7fbf21753000 r--s 0003c000 08:05 2499102                    /home/devcx/.m2/repository/org/springframework/spring-expression/4.3.6.RELEASE/spring-expression-4.3.6.RELEASE.jar
7fbf21753000-7fbf2176c000 r--s 000fd000 08:05 2499100                    /home/devcx/.m2/repository/org/springframework/spring-context/4.3.6.RELEASE/spring-context-4.3.6.RELEASE.jar
7fbf2176c000-7fbf2177a000 r--s 000ad000 08:05 2499097                    /home/devcx/.m2/repository/org/springframework/spring-beans/4.3.6.RELEASE/spring-beans-4.3.6.RELEASE.jar
7fbf2177a000-7fbf21783000 r--s 00054000 08:05 2499095                    /home/devcx/.m2/repository/org/springframework/spring-aop/4.3.6.RELEASE/spring-aop-4.3.6.RELEASE.jar
7fbf21783000-7fbf21795000 r--s 000b6000 08:05 2499092                    /home/devcx/.m2/repository/org/springframework/spring-web/4.3.6.RELEASE/spring-web-4.3.6.RELEASE.jar
7fbf21795000-7fbf2179c000 r--s 0009f000 08:05 2499090                    /home/devcx/.m2/repository/org/postgresql/postgresql/9.4.1212.jre7/postgresql-9.4.1212.jre7.jar
7fbf2179c000-7fbf217a1000 r--s 0002f000 08:05 2499089                    /home/devcx/.m2/repository/com/google/code/gson/gson/2.3.1/gson-2.3.1.jar
7fbf217a1000-7fbf217b6000 r--s 000cc000 08:05 2371068                    /home/devcx/.m2/repository/org/glassfish/jersey/core/jersey-server/2.18/jersey-server-2.18.jar
7fbf217b6000-7fbf21830000 r--s 010f7000 08:05 8533095                    /usr/lib/jvm/java-8-oracle/lib/tools.jar
7fbf21830000-7fbf21834000 r--s 00019000 08:05 2371075                    /home/devcx/.m2/repository/javax/ws/rs/javax.ws.rs-api/2.0.1/javax.ws.rs-api-2.0.1.jar
7fbf21834000-7fbf21838000 r--s 0000c000 08:05 2371073                    /home/devcx/.m2/repository/javax/validation/validation-api/1.1.0.Final/validation-api-1.1.0.Final.jar
7fbf21838000-7fbf2183b000 r--s 0000f000 08:05 2371071                    /home/devcx/.m2/repository/org/glassfish/jersey/media/jersey-media-jaxb/2.18/jersey-media-jaxb-2.18.jar
7fbf2183b000-7fbf2183f000 r--s 00023000 08:05 2371069                    /home/devcx/.m2/repository/org/glassfish/jersey/core/jersey-client/2.18/jersey-client-2.18.jar
7fbf2183f000-7fbf21840000 r--s 00004000 08:05 2371064                    /home/devcx/.m2/repository/org/glassfish/hk2/osgi-resource-locator/1.0.1/osgi-resource-locator-1.0.1.jar
7fbf21840000-7fbf21843000 r--s 00027000 08:05 2371062                    /home/devcx/.m2/repository/org/glassfish/hk2/hk2-locator/2.4.0-b12/hk2-locator-2.4.0-b12.jar
7fbf21843000-7fbf21845000 r--s 00002000 08:05 2371059                    /home/devcx/.m2/repository/org/glassfish/hk2/external/aopalliance-repackaged/2.4.0-b12/aopalliance-repackaged-2.4.0-b12.jar
7fbf21845000-7fbf2184a000 r--s 00028000 08:05 2371060                    /home/devcx/.m2/repository/org/glassfish/hk2/hk2-api/2.4.0-b12/hk2-api-2.4.0-b12.jar
7fbf2184a000-7fbf21861000 r--s 000d2000 08:05 2371057                    /home/devcx/.m2/repository/org/glassfish/jersey/bundles/repackaged/jersey-guava/2.18/jersey-guava-2.18.jar
7fbf21861000-7fbf21863000 r--s 00005000 08:05 2371054                    /home/devcx/.m2/repository/javax/annotation/javax.annotation-api/1.2/javax.annotation-api-1.2.jar
7fbf21863000-7fbf21871000 r--s 0009b000 08:05 2371052                    /home/devcx/.m2/repository/org/glassfish/jersey/core/jersey-common/2.18/jersey-common-2.18.jar
7fbf21871000-7fbf21872000 r--s 00001000 08:05 2371050                    /home/devcx/.m2/repository/org/glassfish/hk2/external/javax.inject/2.4.0-b12/javax.inject-2.4.0-b12.jar
7fbf21872000-7fbf21875000 r--s 0000c000 08:05 2371051                    /home/devcx/.m2/repository/org/glassfish/jersey/containers/jersey-container-servlet-core/2.18/jersey-container-servlet-core-2.18.jar
7fbf21875000-7fbf21877000 r--s 00003000 08:05 2371045                    /home/devcx/.m2/repository/org/glassfish/jersey/containers/jersey-container-servlet/2.18/jersey-container-servlet-2.18.jar
7fbf21877000-7fbf2187a000 r--s 00012000 08:05 2371027                    /home/devcx/.m2/repository/javax/servlet/javax.servlet-api/3.0.1/javax.servlet-api-3.0.1.jar
7fbf2187a000-7fbf21883000 r--s 001d1000 08:05 1180251                    /home/devcx/NetBeansProjects/tcc/alg-judge/lib/portugol-online.jar
7fbf21883000-7fbf21a83000 rw-p 00000000 00:00 0 
7fbf21a83000-7fbf21a85000 r--s 00002000 08:05 2760932                    /home/devcx/.m2/repository/org/codehaus/plexus/plexus-compiler-javac/1.8.1/plexus-compiler-javac-1.8.1.jar
7fbf21a85000-7fbf21a87000 r--s 00000000 08:05 2760934                    /home/devcx/.m2/repository/org/codehaus/plexus/plexus-compiler-manager/1.8.1/plexus-compiler-manager-1.8.1.jar
7fbf21a87000-7fbf21a88000 r--s 00004000 08:05 2760931                    /home/devcx/.m2/repository/org/codehaus/plexus/plexus-compiler-api/1.8.1/plexus-compiler-api-1.8.1.jar
7fbf21a88000-7fbf21a8a000 r--s 00006000 08:05 2107206                    /home/devcx/.m2/repository/org/apache/maven/plugins/maven-compiler-plugin/2.3.2/maven-compiler-plugin-2.3.2.jar
7fbf21a8a000-7fbf21a8c000 r--s 0000d000 08:05 2632035                    /home/devcx/.m2/repository/org/codehaus/plexus/plexus-interpolation/1.13/plexus-interpolation-1.13.jar
7fbf21a8c000-7fbf21a8d000 r--s 00001000 08:05 2632034                    /home/devcx/.m2/repository/org/sonatype/plexus/plexus-build-api/0.0.4/plexus-build-api-0.0.4.jar
7fbf21a8d000-7fbf21a8f000 r--s 00009000 08:05 2632032                    /home/devcx/.m2/repository/org/apache/maven/shared/maven-filtering/1.0/maven-filtering-1.0.jar
7fbf21a8f000-7fbf21a93000 r--s 00033000 08:05 2632031                    /home/devcx/.m2/repository/org/codehaus/plexus/plexus-utils/2.0.5/plexus-utils-2.0.5.jar
7fbf21a93000-7fbf21a96000 r--s 0001b000 08:05 2632024                    /home/devcx/.m2/repository/junit/junit/3.8.1/junit-3.8.1.jar
7fbf21a96000-7fbf21a98000 r--s 00002000 08:05 2632025                    /home/devcx/.m2/repository/org/codehaus/plexus/plexus-interactivity-api/1.0-alpha-4/plexus-interactivity-api-1.0-alpha-4.jar
7fbf21a98000-7fbf21a9a000 r--s 00006000 08:05 2632026                    /home/devcx/.m2/repository/commons-cli/commons-cli/1.0/commons-cli-1.0.jar
7fbf21a9a000-7fbf21a9b000 r--s 00001000 08:05 2632023                    /home/devcx/.m2/repository/org/apache/maven/doxia/doxia-sink-api/1.0-alpha-7/doxia-sink-api-1.0-alpha-7.jar
7fbf21a9b000-7fbf21a9c000 r--s 00002000 08:05 2632022                    /home/devcx/.m2/repository/org/apache/maven/reporting/maven-reporting-api/2.0.6/maven-reporting-api-2.0.6.jar
7fbf21a9c000-7fbf21a9e000 r--s 00005000 08:05 1972623                    /home/devcx/.m2/repository/org/apache/maven/plugins/maven-resources-plugin/2.5/maven-resources-plugin-2.5.jar
7fbf21a9e000-7fbf21c9e000 rw-p 00000000 00:00 0 
7fbf21c9e000-7fbf21caf000 r-xp 00000000 08:05 8795859                    /usr/lib/jvm/java-8-oracle/jre/lib/amd64/libnio.so
7fbf21caf000-7fbf21eae000 ---p 00011000 08:05 8795859                    /usr/lib/jvm/java-8-oracle/jre/lib/amd64/libnio.so
7fbf21eae000-7fbf21eaf000 rw-p 00010000 08:05 8795859                    /usr/lib/jvm/java-8-oracle/jre/lib/amd64/libnio.so
7fbf21eaf000-7fbf21ec6000 r-xp 00000000 08:05 8795856                    /usr/lib/jvm/java-8-oracle/jre/lib/amd64/libnet.so
7fbf21ec6000-7fbf220c5000 ---p 00017000 08:05 8795856                    /usr/lib/jvm/java-8-oracle/jre/lib/amd64/libnet.so
7fbf220c5000-7fbf220c6000 rw-p 00016000 08:05 8795856                    /usr/lib/jvm/java-8-oracle/jre/lib/amd64/libnet.so
7fbf220c6000-7fbf220c9000 ---p 00000000 00:00 0 
7fbf220c9000-7fbf220ff000 rw-p 00000000 00:00 0 
7fbf220ff000-7fbf22100000 r--p 00000000 00:00 0 
7fbf22100000-7fbf22300000 rw-p 00000000 00:00 0 
7fbf22300000-7fbf22305000 r--s 0009a000 08:05 8658135                    /usr/lib/jvm/java-8-oracle/jre/lib/jsse.jar
7fbf22305000-7fbf22505000 rw-p 00000000 00:00 0 
7fbf22505000-7fbf2250f000 r--s 00116000 08:05 8658146                    /usr/lib/jvm/java-8-oracle/jre/lib/ext/localedata.jar
7fbf2250f000-7fbf22510000 ---p 00000000 00:00 0 
7fbf22510000-7fbf22610000 rw-p 00000000 00:00 0 
7fbf22610000-7fbf22613000 ---p 00000000 00:00 0 
7fbf22613000-7fbf22711000 rw-p 00000000 00:00 0 
7fbf22711000-7fbf22714000 ---p 00000000 00:00 0 
7fbf22714000-7fbf22812000 rw-p 00000000 00:00 0 
7fbf22812000-7fbf22815000 ---p 00000000 00:00 0 
7fbf22815000-7fbf22913000 rw-p 00000000 00:00 0 
7fbf22913000-7fbf22916000 ---p 00000000 00:00 0 
7fbf22916000-7fbf22a14000 rw-p 00000000 00:00 0 
7fbf22a14000-7fbf22a17000 ---p 00000000 00:00 0 
7fbf22a17000-7fbf22b15000 rw-p 00000000 00:00 0 
7fbf22b15000-7fbf22dee000 r--p 00000000 08:05 8258452                    /usr/lib/locale/locale-archive
7fbf22dee000-7fbf22df1000 ---p 00000000 00:00 0 
7fbf22df1000-7fbf22eef000 rw-p 00000000 00:00 0 
7fbf22eef000-7fbf22ef2000 ---p 00000000 00:00 0 
7fbf22ef2000-7fbf22ff0000 rw-p 00000000 00:00 0 
7fbf22ff0000-7fbf22ff1000 ---p 00000000 00:00 0 
7fbf22ff1000-7fbf24000000 rw-p 00000000 00:00 0 
7fbf24000000-7fbf24021000 rw-p 00000000 00:00 0 
7fbf24021000-7fbf28000000 ---p 00000000 00:00 0 
7fbf28000000-7fbf28021000 rw-p 00000000 00:00 0 
7fbf28021000-7fbf2c000000 ---p 00000000 00:00 0 
7fbf2c000000-7fbf2c021000 rw-p 00000000 00:00 0 
7fbf2c021000-7fbf30000000 ---p 00000000 00:00 0 
7fbf30000000-7fbf30002000 r--s 0000d000 08:05 2243065                    /home/devcx/node_modules/netbeans-8.2/java/maven-nblib/netbeans-eventspy.jar
7fbf30002000-7fbf30006000 r--s 00021000 08:05 2242995                    /home/devcx/node_modules/netbeans-8.2/java/maven/lib/maven-model-builder-3.0.5.jar
7fbf30006000-7fbf30022000 r--s 00393000 08:05 8658139                    /usr/lib/jvm/java-8-oracle/jre/lib/ext/cldrdata.jar
7fbf30022000-7fbf30023000 r--s 0000a000 08:05 2243056                    /home/devcx/node_modules/netbeans-8.2/java/maven/lib/maven-embedder-3.0.5.jar
7fbf30023000-7fbf30024000 r--s 00002000 08:05 2243043                    /home/devcx/node_modules/netbeans-8.2/java/maven/lib/wagon-http-shared-2.10.jar
7fbf30024000-7fbf30027000 r--s 00008000 08:05 2242942                    /home/devcx/node_modules/netbeans-8.2/java/maven/lib/maven-settings-builder-3.0.5.jar
7fbf30027000-7fbf3002b000 r--s 00013000 08:05 2243076                    /home/devcx/node_modules/netbeans-8.2/java/maven/lib/aether-api-1.13.1.jar
7fbf3002b000-7fbf3002d000 r--s 0000c000 08:05 2242960                    /home/devcx/node_modules/netbeans-8.2/java/maven/lib/maven-aether-provider-3.0.5.jar
7fbf3002d000-7fbf3002f000 r--s 00000000 08:05 2242726                    /home/devcx/node_modules/netbeans-8.2/java/maven/lib/plexus-component-annotations-1.5.5.jar
7fbf3002f000-7fbf30031000 r--s 00006000 08:05 2242913                    /home/devcx/node_modules/netbeans-8.2/java/maven/lib/aether-connector-wagon-1.13.1.jar
7fbf30031000-7fbf30038000 r--s 0002b000 08:05 2243016                    /home/devcx/node_modules/netbeans-8.2/java/maven/lib/sisu-inject-plexus-2.3.0.jar
7fbf30038000-7fbf30039000 r--s 00002000 08:05 2243085                    /home/devcx/node_modules/netbeans-8.2/java/maven/lib/wagon-file-2.10.jar
7fbf30039000-7fbf30068000 r--s 001c8000 08:05 2243040                    /home/devcx/node_modules/netbeans-8.2/java/maven/lib/wagon-http-2.10-shaded.jar
7fbf30068000-7fbf30087000 r--s 00154000 08:05 2243083                    /home/devcx/node_modules/netbeans-8.2/java/maven/lib/sisu-guava-0.9.9.jar
7fbf30087000-7fbf30260000 r--s 03d5a000 08:05 8658130                    /usr/lib/jvm/java-8-oracle/jre/lib/rt.jar
7fbf30260000-7fbf34000000 rw-p 00000000 00:00 0 
7fbf34000000-7fbf34021000 rw-p 00000000 00:00 0 
7fbf34021000-7fbf38000000 ---p 00000000 00:00 0 
7fbf38000000-7fbf38002000 r--s 0000b000 08:05 2243028                    /home/devcx/node_modules/netbeans-8.2/java/maven/lib/wagon-provider-api-2.10.jar
7fbf38002000-7fbf38006000 r--s 00033000 08:05 2243068                    /home/devcx/node_modules/netbeans-8.2/java/maven/lib/plexus-utils-2.0.6.jar
7fbf38006000-7fbf38008000 r--s 0000b000 08:05 2243041                    /home/devcx/node_modules/netbeans-8.2/java/maven/lib/maven-plugin-api-3.0.5.jar
7fbf38008000-7fbf3800a000 r--s 0000b000 08:05 2243055                    /home/devcx/node_modules/netbeans-8.2/java/maven/lib/maven-artifact-3.0.5.jar
7fbf3800a000-7fbf38010000 r--s 0003f000 08:05 2243071                    /home/devcx/node_modules/netbeans-8.2/java/maven/lib/maven-compat-3.0.5.jar
7fbf38010000-7fbf3801c000 r--s 0007d000 08:05 2243082                    /home/devcx/node_modules/netbeans-8.2/java/maven/lib/maven-core-3.0.5.jar
7fbf3801c000-7fbf38cfd000 rw-p 00000000 00:00 0 
7fbf38cfd000-7fbf38cfe000 ---p 00000000 00:00 0 
7fbf38cfe000-7fbf38dfe000 rw-p 00000000 00:00 0 
7fbf38dfe000-7fbf38dff000 ---p 00000000 00:00 0 
7fbf38dff000-7fbf38eff000 rw-p 00000000 00:00 0 
7fbf38eff000-7fbf38f00000 ---p 00000000 00:00 0 
7fbf38f00000-7fbf39000000 rw-p 00000000 00:00 0 
7fbf39000000-7fbf39890000 rwxp 00000000 00:00 0 
7fbf39890000-7fbf48000000 ---p 00000000 00:00 0 
7fbf48000000-7fbf49043000 rw-p 00000000 00:00 0 
7fbf49043000-7fbf4c000000 ---p 00000000 00:00 0 
7fbf4c000000-7fbf4c003000 r--s 0001d000 08:05 2243069                    /home/devcx/node_modules/netbeans-8.2/java/maven/lib/aether-impl-1.13.1.jar
7fbf4c003000-7fbf4c045000 rw-p 00000000 00:00 0 
7fbf4c045000-7fbf4c046000 ---p 00000000 00:00 0 
7fbf4c046000-7fbf4c170000 rw-p 00000000 00:00 0 
7fbf4c170000-7fbf4c3d8000 ---p 00000000 00:00 0 
7fbf4c3d8000-7fbf4c402000 rw-p 00000000 00:00 0 
7fbf4c402000-7fbf4c669000 ---p 00000000 00:00 0 
7fbf4c669000-7fbf4c6b1000 rw-p 00000000 00:00 0 
7fbf4c6b1000-7fbf4c7b2000 ---p 00000000 00:00 0 
7fbf4c7b2000-7fbf4c7d6000 rw-p 00000000 00:00 0 
7fbf4c7d6000-7fbf4cb73000 ---p 00000000 00:00 0 
7fbf4cb73000-7fbf4cb8e000 r-xp 00000000 08:05 8795852                    /usr/lib/jvm/java-8-oracle/jre/lib/amd64/libzip.so
7fbf4cb8e000-7fbf4cd8e000 ---p 0001b000 08:05 8795852                    /usr/lib/jvm/java-8-oracle/jre/lib/amd64/libzip.so
7fbf4cd8e000-7fbf4cd8f000 rw-p 0001b000 08:05 8795852                    /usr/lib/jvm/java-8-oracle/jre/lib/amd64/libzip.so
7fbf4cd8f000-7fbf4cd9a000 r-xp 00000000 08:05 8912980                    /lib/x86_64-linux-gnu/libnss_files-2.23.so
7fbf4cd9a000-7fbf4cf99000 ---p 0000b000 08:05 8912980                    /lib/x86_64-linux-gnu/libnss_files-2.23.so
7fbf4cf99000-7fbf4cf9a000 r--p 0000a000 08:05 8912980                    /lib/x86_64-linux-gnu/libnss_files-2.23.so
7fbf4cf9a000-7fbf4cf9b000 rw-p 0000b000 08:05 8912980                    /lib/x86_64-linux-gnu/libnss_files-2.23.so
7fbf4cf9b000-7fbf4cfa1000 rw-p 00000000 00:00 0 
7fbf4cfa1000-7fbf4cfac000 r-xp 00000000 08:05 8912983                    /lib/x86_64-linux-gnu/libnss_nis-2.23.so
7fbf4cfac000-7fbf4d1ab000 ---p 0000b000 08:05 8912983                    /lib/x86_64-linux-gnu/libnss_nis-2.23.so
7fbf4d1ab000-7fbf4d1ac000 r--p 0000a000 08:05 8912983                    /lib/x86_64-linux-gnu/libnss_nis-2.23.so
7fbf4d1ac000-7fbf4d1ad000 rw-p 0000b000 08:05 8912983                    /lib/x86_64-linux-gnu/libnss_nis-2.23.so
7fbf4d1ad000-7fbf4d1c3000 r-xp 00000000 08:05 8912910                    /lib/x86_64-linux-gnu/libnsl-2.23.so
7fbf4d1c3000-7fbf4d3c2000 ---p 00016000 08:05 8912910                    /lib/x86_64-linux-gnu/libnsl-2.23.so
7fbf4d3c2000-7fbf4d3c3000 r--p 00015000 08:05 8912910                    /lib/x86_64-linux-gnu/libnsl-2.23.so
7fbf4d3c3000-7fbf4d3c4000 rw-p 00016000 08:05 8912910                    /lib/x86_64-linux-gnu/libnsl-2.23.so
7fbf4d3c4000-7fbf4d3c6000 rw-p 00000000 00:00 0 
7fbf4d3c6000-7fbf4d3ce000 r-xp 00000000 08:05 8912989                    /lib/x86_64-linux-gnu/libnss_compat-2.23.so
7fbf4d3ce000-7fbf4d5cd000 ---p 00008000 08:05 8912989                    /lib/x86_64-linux-gnu/libnss_compat-2.23.so
7fbf4d5cd000-7fbf4d5ce000 r--p 00007000 08:05 8912989                    /lib/x86_64-linux-gnu/libnss_compat-2.23.so
7fbf4d5ce000-7fbf4d5cf000 rw-p 00008000 08:05 8912989                    /lib/x86_64-linux-gnu/libnss_compat-2.23.so
7fbf4d5cf000-7fbf4d5fa000 r-xp 00000000 08:05 8795846                    /usr/lib/jvm/java-8-oracle/jre/lib/amd64/libjava.so
7fbf4d5fa000-7fbf4d7f9000 ---p 0002b000 08:05 8795846                    /usr/lib/jvm/java-8-oracle/jre/lib/amd64/libjava.so
7fbf4d7f9000-7fbf4d7fb000 rw-p 0002a000 08:05 8795846                    /usr/lib/jvm/java-8-oracle/jre/lib/amd64/libjava.so
7fbf4d7fb000-7fbf4d808000 r-xp 00000000 08:05 8795851                    /usr/lib/jvm/java-8-oracle/jre/lib/amd64/libverify.so
7fbf4d808000-7fbf4da08000 ---p 0000d000 08:05 8795851                    /usr/lib/jvm/java-8-oracle/jre/lib/amd64/libverify.so
7fbf4da08000-7fbf4da0a000 rw-p 0000d000 08:05 8795851                    /usr/lib/jvm/java-8-oracle/jre/lib/amd64/libverify.so
7fbf4da0a000-7fbf4da11000 r-xp 00000000 08:05 8912985                    /lib/x86_64-linux-gnu/librt-2.23.so
7fbf4da11000-7fbf4dc10000 ---p 00007000 08:05 8912985                    /lib/x86_64-linux-gnu/librt-2.23.so
7fbf4dc10000-7fbf4dc11000 r--p 00006000 08:05 8912985                    /lib/x86_64-linux-gnu/librt-2.23.so
7fbf4dc11000-7fbf4dc12000 rw-p 00007000 08:05 8912985                    /lib/x86_64-linux-gnu/librt-2.23.so
7fbf4dc12000-7fbf4dd1a000 r-xp 00000000 08:05 8912994                    /lib/x86_64-linux-gnu/libm-2.23.so
7fbf4dd1a000-7fbf4df19000 ---p 00108000 08:05 8912994                    /lib/x86_64-linux-gnu/libm-2.23.so
7fbf4df19000-7fbf4df1a000 r--p 00107000 08:05 8912994                    /lib/x86_64-linux-gnu/libm-2.23.so
7fbf4df1a000-7fbf4df1b000 rw-p 00108000 08:05 8912994                    /lib/x86_64-linux-gnu/libm-2.23.so
7fbf4df1b000-7fbf4ebee000 r-xp 00000000 08:05 8795829                    /usr/lib/jvm/java-8-oracle/jre/lib/amd64/server/libjvm.so
7fbf4ebee000-7fbf4eded000 ---p 00cd3000 08:05 8795829                    /usr/lib/jvm/java-8-oracle/jre/lib/amd64/server/libjvm.so
7fbf4eded000-7fbf4eec7000 rw-p 00cd2000 08:05 8795829                    /usr/lib/jvm/java-8-oracle/jre/lib/amd64/server/libjvm.so
7fbf4eec7000-7fbf4ef12000 rw-p 00000000 00:00 0 
7fbf4ef12000-7fbf4f0d2000 r-xp 00000000 08:05 8917478                    /lib/x86_64-linux-gnu/libc-2.23.so
7fbf4f0d2000-7fbf4f2d2000 ---p 001c0000 08:05 8917478                    /lib/x86_64-linux-gnu/libc-2.23.so
7fbf4f2d2000-7fbf4f2d6000 r--p 001c0000 08:05 8917478                    /lib/x86_64-linux-gnu/libc-2.23.so
7fbf4f2d6000-7fbf4f2d8000 rw-p 001c4000 08:05 8917478                    /lib/x86_64-linux-gnu/libc-2.23.so
7fbf4f2d8000-7fbf4f2dc000 rw-p 00000000 00:00 0 
7fbf4f2dc000-7fbf4f2df000 r-xp 00000000 08:05 8912988                    /lib/x86_64-linux-gnu/libdl-2.23.so
7fbf4f2df000-7fbf4f4de000 ---p 00003000 08:05 8912988                    /lib/x86_64-linux-gnu/libdl-2.23.so
7fbf4f4de000-7fbf4f4df000 r--p 00002000 08:05 8912988                    /lib/x86_64-linux-gnu/libdl-2.23.so
7fbf4f4df000-7fbf4f4e0000 rw-p 00003000 08:05 8912988                    /lib/x86_64-linux-gnu/libdl-2.23.so
7fbf4f4e0000-7fbf4f4f6000 r-xp 00000000 08:05 8657984                    /usr/lib/jvm/java-8-oracle/lib/amd64/jli/libjli.so
7fbf4f4f6000-7fbf4f6f5000 ---p 00016000 08:05 8657984                    /usr/lib/jvm/java-8-oracle/lib/amd64/jli/libjli.so
7fbf4f6f5000-7fbf4f6f6000 rw-p 00015000 08:05 8657984                    /usr/lib/jvm/java-8-oracle/lib/amd64/jli/libjli.so
7fbf4f6f6000-7fbf4f70e000 r-xp 00000000 08:05 8912982                    /lib/x86_64-linux-gnu/libpthread-2.23.so
7fbf4f70e000-7fbf4f90d000 ---p 00018000 08:05 8912982                    /lib/x86_64-linux-gnu/libpthread-2.23.so
7fbf4f90d000-7fbf4f90e000 r--p 00017000 08:05 8912982                    /lib/x86_64-linux-gnu/libpthread-2.23.so
7fbf4f90e000-7fbf4f90f000 rw-p 00018000 08:05 8912982                    /lib/x86_64-linux-gnu/libpthread-2.23.so
7fbf4f90f000-7fbf4f913000 rw-p 00000000 00:00 0 
7fbf4f913000-7fbf4f939000 r-xp 00000000 08:05 8912913                    /lib/x86_64-linux-gnu/ld-2.23.so
7fbf4f939000-7fbf4f93b000 r--s 00009000 08:05 2243086                    /home/devcx/node_modules/netbeans-8.2/java/maven/lib/commons-cli-1.2.jar
7fbf4f93b000-7fbf4f93d000 r--s 00006000 08:05 2242847                    /home/devcx/node_modules/netbeans-8.2/java/maven/lib/maven-repository-metadata-3.0.5.jar
7fbf4f93d000-7fbf4f93f000 r--s 0000a000 08:05 2243057                    /home/devcx/node_modules/netbeans-8.2/java/maven/lib/maven-settings-3.0.5.jar
7fbf4f93f000-7fbf4f940000 r--s 00006000 08:05 2242996                    /home/devcx/node_modules/netbeans-8.2/java/maven/lib/plexus-sec-dispatcher-1.3.jar
7fbf4f940000-7fbf4f941000 r--s 00003000 08:05 2243077                    /home/devcx/node_modules/netbeans-8.2/java/maven/lib/aether-spi-1.13.1.jar
7fbf4f941000-7fbf4f949000 r--s 00050000 08:05 2243027                    /home/devcx/node_modules/netbeans-8.2/java/maven/lib/sisu-guice-3.1.0-no_aop.jar
7fbf4f949000-7fbf4f94b000 r--s 00002000 08:05 2243075                    /home/devcx/node_modules/netbeans-8.2/java/maven/lib/plexus-cipher-1.7.jar
7fbf4f94b000-7fbf4f94d000 r--s 0000d000 08:05 2242997                    /home/devcx/node_modules/netbeans-8.2/java/maven/lib/plexus-interpolation-1.14.jar
7fbf4f94d000-7fbf4fa18000 rw-p 00000000 00:00 0 
7fbf4fa18000-7fbf4fa1b000 ---p 00000000 00:00 0 
7fbf4fa1b000-7fbf4fb1d000 rw-p 00000000 00:00 0 
7fbf4fb1d000-7fbf4fb21000 r--s 0001c000 08:05 2243070                    /home/devcx/node_modules/netbeans-8.2/java/maven/lib/aether-util-1.13.1.jar
7fbf4fb21000-7fbf4fb23000 r--s 00026000 08:05 2243074                    /home/devcx/node_modules/netbeans-8.2/java/maven/lib/maven-model-3.0.5.jar
7fbf4fb23000-7fbf4fb2a000 r--s 0003f000 08:05 2243042                    /home/devcx/node_modules/netbeans-8.2/java/maven/lib/sisu-inject-bean-2.3.0.jar
7fbf4fb2a000-7fbf4fb2c000 r--s 0000a000 08:05 2243030                    /home/devcx/node_modules/netbeans-8.2/java/maven/boot/plexus-classworlds-2.4.jar
7fbf4fb2c000-7fbf4fb34000 rw-s 00000000 08:05 3158507                    /tmp/hsperfdata_devcx/21342
7fbf4fb34000-7fbf4fb35000 rw-p 00000000 00:00 0 
7fbf4fb35000-7fbf4fb36000 r--p 00000000 00:00 0 
7fbf4fb36000-7fbf4fb38000 rw-p 00000000 00:00 0 
7fbf4fb38000-7fbf4fb39000 r--p 00025000 08:05 8912913                    /lib/x86_64-linux-gnu/ld-2.23.so
7fbf4fb39000-7fbf4fb3a000 rw-p 00026000 08:05 8912913                    /lib/x86_64-linux-gnu/ld-2.23.so
7fbf4fb3a000-7fbf4fb3b000 rw-p 00000000 00:00 0 
7fff6baac000-7fff6bacd000 rw-p 00000000 00:00 0                          [stack]
7fff6bbcf000-7fff6bbd1000 r--p 00000000 00:00 0                          [vvar]
7fff6bbd1000-7fff6bbd3000 r-xp 00000000 00:00 0                          [vdso]
ffffffffff600000-ffffffffff601000 r-xp 00000000 00:00 0                  [vsyscall]

VM Arguments:
jvm_args: -Dclassworlds.conf=/home/devcx/node_modules/netbeans-8.2/java/maven/bin/m2.conf -Dmaven.home=/home/devcx/node_modules/netbeans-8.2/java/maven 
java_command: org.codehaus.plexus.classworlds.launcher.Launcher -Dnetbeans.deploy.debugmode=true -Dnetbeans.deploy=true -Dmaven.ext.class.path=/home/devcx/node_modules/netbeans-8.2/java/maven-nblib/netbeans-eventspy.jar package
java_class_path (initial): /home/devcx/node_modules/netbeans-8.2/java/maven/boot/plexus-classworlds-2.4.jar
Launcher Type: SUN_STANDARD

Environment Variables:
JAVA_HOME=/usr/lib/jvm/java-8-oracle
PATH=/home/devcx/bin:/home/devcx/.local/bin:/usr/local/sbin:/usr/local/bin:/usr/sbin:/usr/bin:/sbin:/bin:/usr/games:/usr/local/games:/snap/bin:/usr/lib/jvm/java-8-oracle/bin:/usr/lib/jvm/java-8-oracle/db/bin:/usr/lib/jvm/java-8-oracle/jre/bin
LD_LIBRARY_PATH=/usr/lib/jvm/java-8-oracle/jre/lib/amd64:/usr/lib/jvm/java-8-oracle/jre/lib/i386:
SHELL=/bin/bash
DISPLAY=:0

Signal Handlers:
SIGSEGV: [libjvm.so+0xacbe10], sa_mask[0]=11111111011111111101111111111110, sa_flags=SA_RESTART|SA_SIGINFO
SIGBUS: [libjvm.so+0xacbe10], sa_mask[0]=11111111011111111101111111111110, sa_flags=SA_RESTART|SA_SIGINFO
SIGFPE: [libjvm.so+0x924f90], sa_mask[0]=11111111011111111101111111111110, sa_flags=SA_RESTART|SA_SIGINFO
SIGPIPE: [libjvm.so+0x924f90], sa_mask[0]=11111111011111111101111111111110, sa_flags=SA_RESTART|SA_SIGINFO
SIGXFSZ: [libjvm.so+0x924f90], sa_mask[0]=11111111011111111101111111111110, sa_flags=SA_RESTART|SA_SIGINFO
SIGILL: [libjvm.so+0x924f90], sa_mask[0]=11111111011111111101111111111110, sa_flags=SA_RESTART|SA_SIGINFO
SIGUSR1: SIG_DFL, sa_mask[0]=00000000000000000000000000000000, sa_flags=none
SIGUSR2: [libjvm.so+0x9267d0], sa_mask[0]=00100000000000000000000000000000, sa_flags=SA_RESTART|SA_SIGINFO
SIGHUP: [libjvm.so+0x927bd0], sa_mask[0]=11111111011111111101111111111110, sa_flags=SA_RESTART|SA_SIGINFO
SIGINT: SIG_IGN, sa_mask[0]=00000000000000000000000000000000, sa_flags=none
SIGTERM: [libjvm.so+0x927bd0], sa_mask[0]=11111111011111111101111111111110, sa_flags=SA_RESTART|SA_SIGINFO
SIGQUIT: [libjvm.so+0x927bd0], sa_mask[0]=11111111011111111101111111111110, sa_flags=SA_RESTART|SA_SIGINFO


---------------  S Y S T E M  ---------------

OS:DISTRIB_ID=Ubuntu
DISTRIB_RELEASE=16.04
DISTRIB_CODENAME=xenial
DISTRIB_DESCRIPTION="Ubuntu 16.04.3 LTS"

uname:Linux 4.4.0-101-generic #124-Ubuntu SMP Fri Nov 10 18:29:59 UTC 2017 x86_64
libc:glibc 2.23 NPTL 2.23 
rlimit: STACK 8192k, CORE 0k, NPROC 31392, NOFILE 1048576, AS infinity
load average:1,18 1,13 1,08

/proc/meminfo:
MemTotal:        8077220 kB
MemFree:          887276 kB
MemAvailable:    1221556 kB
Buffers:           36692 kB
Cached:          1266684 kB
SwapCached:       145600 kB
Active:          5246596 kB
Inactive:        1638876 kB
Active(anon):    4892148 kB
Inactive(anon):  1490812 kB
Active(file):     354448 kB
Inactive(file):   148064 kB
Unevictable:         144 kB
Mlocked:             144 kB
SwapTotal:       4882428 kB
SwapFree:        3611132 kB
Dirty:              3188 kB
Writeback:             0 kB
AnonPages:       5516764 kB
Mapped:           457480 kB
Shmem:            800888 kB
Slab:             158208 kB
SReclaimable:     105396 kB
SUnreclaim:        52812 kB
KernelStack:       15264 kB
PageTables:        69180 kB
NFS_Unstable:          0 kB
Bounce:                0 kB
WritebackTmp:          0 kB
CommitLimit:     8921036 kB
Committed_AS:   14483168 kB
VmallocTotal:   34359738367 kB
VmallocUsed:           0 kB
VmallocChunk:          0 kB
HardwareCorrupted:     0 kB
AnonHugePages:   3110912 kB
CmaTotal:              0 kB
CmaFree:               0 kB
HugePages_Total:       0
HugePages_Free:        0
HugePages_Rsvd:        0
HugePages_Surp:        0
Hugepagesize:       2048 kB
DirectMap4k:      172652 kB
DirectMap2M:     8120320 kB


CPU:total 4 (initial active 4) (2 cores per cpu, 2 threads per core) family 6 model 42 stepping 7, cmov, cx8, fxsr, mmx, sse, sse2, sse3, ssse3, sse4.1, sse4.2, popcnt, avx, aes, clmul, ht, tsc, tscinvbit

/proc/cpuinfo:
processor	: 0
vendor_id	: GenuineIntel
cpu family	: 6
model		: 42
model name	: Intel(R) Core(TM) i5-2410M CPU @ 2.30GHz
stepping	: 7
microcode	: 0x25
cpu MHz		: 2699.984
cache size	: 3072 KB
physical id	: 0
siblings	: 4
core id		: 0
cpu cores	: 2
apicid		: 0
initial apicid	: 0
fpu		: yes
fpu_exception	: yes
cpuid level	: 13
wp		: yes
flags		: fpu vme de pse tsc msr pae mce cx8 apic sep mtrr pge mca cmov pat pse36 clflush dts acpi mmx fxsr sse sse2 ss ht tm pbe syscall nx rdtscp lm constant_tsc arch_perfmon pebs bts rep_good nopl xtopology nonstop_tsc aperfmperf eagerfpu pni pclmulqdq dtes64 monitor ds_cpl vmx est tm2 ssse3 cx16 xtpr pdcm pcid sse4_1 sse4_2 x2apic popcnt tsc_deadline_timer aes xsave avx lahf_lm epb tpr_shadow vnmi flexpriority ept vpid xsaveopt dtherm ida arat pln pts
bugs		:
bogomips	: 4589.51
clflush size	: 64
cache_alignment	: 64
address sizes	: 36 bits physical, 48 bits virtual
power management:

processor	: 1
vendor_id	: GenuineIntel
cpu family	: 6
model		: 42
model name	: Intel(R) Core(TM) i5-2410M CPU @ 2.30GHz
stepping	: 7
microcode	: 0x25
cpu MHz		: 2699.984
cache size	: 3072 KB
physical id	: 0
siblings	: 4
core id		: 1
cpu cores	: 2
apicid		: 2
initial apicid	: 2
fpu		: yes
fpu_exception	: yes
cpuid level	: 13
wp		: yes
flags		: fpu vme de pse tsc msr pae mce cx8 apic sep mtrr pge mca cmov pat pse36 clflush dts acpi mmx fxsr sse sse2 ss ht tm pbe syscall nx rdtscp lm constant_tsc arch_perfmon pebs bts rep_good nopl xtopology nonstop_tsc aperfmperf eagerfpu pni pclmulqdq dtes64 monitor ds_cpl vmx est tm2 ssse3 cx16 xtpr pdcm pcid sse4_1 sse4_2 x2apic popcnt tsc_deadline_timer aes xsave avx lahf_lm epb tpr_shadow vnmi flexpriority ept vpid xsaveopt dtherm ida arat pln pts
bugs		:
bogomips	: 4589.51
clflush size	: 64
cache_alignment	: 64
address sizes	: 36 bits physical, 48 bits virtual
power management:

processor	: 2
vendor_id	: GenuineIntel
cpu family	: 6
model		: 42
model name	: Intel(R) Core(TM) i5-2410M CPU @ 2.30GHz
stepping	: 7
microcode	: 0x25
cpu MHz		: 2699.984
cache size	: 3072 KB
physical id	: 0
siblings	: 4
core id		: 0
cpu cores	: 2
apicid		: 1
initial apicid	: 1
fpu		: yes
fpu_exception	: yes
cpuid level	: 13
wp		: yes
flags		: fpu vme de pse tsc msr pae mce cx8 apic sep mtrr pge mca cmov pat pse36 clflush dts acpi mmx fxsr sse sse2 ss ht tm pbe syscall nx rdtscp lm constant_tsc arch_perfmon pebs bts rep_good nopl xtopology nonstop_tsc aperfmperf eagerfpu pni pclmulqdq dtes64 monitor ds_cpl vmx est tm2 ssse3 cx16 xtpr pdcm pcid sse4_1 sse4_2 x2apic popcnt tsc_deadline_timer aes xsave avx lahf_lm epb tpr_shadow vnmi flexpriority ept vpid xsaveopt dtherm ida arat pln pts
bugs		:
bogomips	: 4589.51
clflush size	: 64
cache_alignment	: 64
address sizes	: 36 bits physical, 48 bits virtual
power management:

processor	: 3
vendor_id	: GenuineIntel
cpu family	: 6
model		: 42
model name	: Intel(R) Core(TM) i5-2410M CPU @ 2.30GHz
stepping	: 7
microcode	: 0x25
cpu MHz		: 2699.984
cache size	: 3072 KB
physical id	: 0
siblings	: 4
core id		: 1
cpu cores	: 2
apicid		: 3
initial apicid	: 3
fpu		: yes
fpu_exception	: yes
cpuid level	: 13
wp		: yes
flags		: fpu vme de pse tsc msr pae mce cx8 apic sep mtrr pge mca cmov pat pse36 clflush dts acpi mmx fxsr sse sse2 ss ht tm pbe syscall nx rdtscp lm constant_tsc arch_perfmon pebs bts rep_good nopl xtopology nonstop_tsc aperfmperf eagerfpu pni pclmulqdq dtes64 monitor ds_cpl vmx est tm2 ssse3 cx16 xtpr pdcm pcid sse4_1 sse4_2 x2apic popcnt tsc_deadline_timer aes xsave avx lahf_lm epb tpr_shadow vnmi flexpriority ept vpid xsaveopt dtherm ida arat pln pts
bugs		:
bogomips	: 4589.51
clflush size	: 64
cache_alignment	: 64
address sizes	: 36 bits physical, 48 bits virtual
power management:



Memory: 4k page, physical 8077220k(887276k free), swap 4882428k(3611132k free)

vm_info: Java HotSpot(TM) 64-Bit Server VM (25.151-b12) for linux-amd64 JRE (1.8.0_151-b12), built on Sep  5 2017 19:20:58 by "java_re" with gcc 4.3.0 20080428 (Red Hat 4.3.0-8)

time: Thu Dec  7 15:14:53 2017
elapsed time: 3 seconds (0d 0h 0m 3s)

