#
# A fatal error has been detected by the Java Runtime Environment:
#
#  SIGSEGV (0xb) at pc=0x00007f3be85c2044, pid=11291, tid=0x00007f3bfe139700
#
# JRE version: Java(TM) SE Runtime Environment (8.0_151-b12) (build 1.8.0_151-b12)
# Java VM: Java HotSpot(TM) 64-Bit Server VM (25.151-b12 mixed mode linux-amd64 compressed oops)
# Problematic frame:
# J 1342 C1 org.sonatype.guice.bean.locators.RankedBindings$Itr.hasNext()Z (114 bytes) @ 0x00007f3be85c2044 [0x00007f3be85c13c0+0xc84]
#
# Failed to write core dump. Core dumps have been disabled. To enable core dumping, try "ulimit -c unlimited" before starting Java again
#
# If you would like to submit a bug report, please visit:
#   http://bugreport.java.com/bugreport/crash.jsp
#

---------------  T H R E A D  ---------------

Current thread (0x00007f3bf800a000):  JavaThread "main" [_thread_in_Java, id=11293, stack(0x00007f3bfe039000,0x00007f3bfe13a000)]

siginfo: si_signo: 11 (SIGSEGV), si_code: 2 (SEGV_ACCERR), si_addr: 0x00000000caa03580

Registers:
RAX=0x0000000000000108, RBX=0x00007f3be47827d0, RCX=0x0000000000000000, RDX=0x00000000000017e1
RSP=0x00007f3bfe136a70, RBP=0x00007f3bfe136f18, RSI=0x00000000caa03580, RDI=0x0000000080000000
R8 =0x00007f3be75a8000, R9 =0x00000000db4c4640, R10=0x00000001001125a0, R11=0x00000000daa03548
R12=0x0000000000000000, R13=0x00000000daa03568, R14=0x00007f3bfe136fb8, R15=0x00007f3bf800a000
RIP=0x00007f3be85c2044, EFLAGS=0x0000000000010246, CSGSFS=0x0000000000000033, ERR=0x0000000000000004
  TRAPNO=0x000000000000000e

Top of Stack: (sp=0x00007f3bfe136a70)
0x00007f3bfe136a70:   00007f3bfd4a1c70 00007f3bfccda977
0x00007f3bfe136a80:   00007f3bfe136f18 00007f3be86d928c
0x00007f3bfe136a90:   00000001001212c8 00007f3bf800a000
0x00007f3bfe136aa0:   00007f3bf80e3c80 00000001001212c8
0x00007f3bfe136ab0:   00007f3bfe136ba0 00007f3bfcc689ef
0x00007f3bfe136ac0:   00000000da9f1858 00007f3bfe136b10
0x00007f3bfe136ad0:   00000000daa03568 00000000daa03508
0x00007f3bfe136ae0:   00000000db48a768 00000000da9ffca0
0x00007f3bfe136af0:   00007f3bfe136f18 00000000daa03548
0x00007f3bfe136b00:   00007f3be75a8000 00000000da9f4c18
0x00007f3bfe136b10:   00007f3bfe136f18 00007f3be85168ec
0x00007f3bfe136b20:   00000000daa027f0 00000000db215260
0x00007f3bfe136b30:   2020200a0d3e736c 00007f3bfccda977
0x00007f3bfe136b40:   00000000daa03548 0000000000000009
0x00007f3bfe136b50:   00007f3bfe136f18 00007f3be88979d4
0x00007f3bfe136b60:   00007f3bfe136f18 00007f3be874666c
0x00007f3bfe136b70:   00000000daa00e30 0000000000001220
0x00007f3bfe136b80:   0000000000000000 00000000daa026c8
0x00007f3bfe136b90:   00007f3be75a8000 00007f3bf800a000
0x00007f3bfe136ba0:   00000000daa03548 00000000db4fd4c0
0x00007f3bfe136bb0:   00000000db48a878 00000000daa03528
0x00007f3bfe136bc0:   00007f3bfe136f18 00007f3be851868c
0x00007f3bfe136bd0:   00007f3bfe136f18 00007f3be86739d4
0x00007f3bfe136be0:   00000000da9ebe98 00007f3be83dbaa6
0x00007f3bfe136bf0:   00007f3bfe136f18 00007f3be86da3ac
0x00007f3bfe136c00:   00000000da9ff868 00000000daa03528
0x00007f3bfe136c10:   00007f3bfe136f18 00007f3be86e4a94
0x00007f3bfe136c20:   00007f3bfe136f18 00007f3be85bef84
0x00007f3bfe136c30:   00007f3bfe136d18 00007f3be871996c
0x00007f3bfe136c40:   00007f3bfe136f18 00007f3be8719334
0x00007f3bfe136c50:   00007f3bfe136d30 00007f3bf800a000
0x00007f3bfe136c60:   00007f3bfe136f18 00007f3be86ac1c4 

Instructions: (pc=0x00007f3be85c2044)
0x00007f3be85c2024:   00 00 f0 48 0f b1 3b 0f 85 43 02 00 00 48 bf d0
0x00007f3be85c2034:   27 78 e4 3b 7f 00 00 ff 87 c0 02 00 00 8b 76 0c
0x00007f3be85c2044:   48 3b 06 48 8b fe 48 bb d0 27 78 e4 3b 7f 00 00
0x00007f3be85c2054:   8b 7f 08 48 c1 e7 03 48 3b bb e0 02 00 00 75 0d 

Register to memory mapping:

RAX=0x0000000000000108 is an unknown value
RBX=0x00007f3be47827d0 is pointing into metadata
RCX=0x0000000000000000 is an unknown value
RDX=0x00000000000017e1 is an unknown value
RSP=0x00007f3bfe136a70 is pointing into the stack for thread: 0x00007f3bf800a000
RBP=0x00007f3bfe136f18 is pointing into the stack for thread: 0x00007f3bf800a000
RSI=0x00000000caa03580 is an unallocated location in the heap
RDI=0x0000000080000000 is an unknown value
R8 =0x00007f3be75a8000 is an unknown value
R9 =0x00000000db4c4640 is an oop
org.sonatype.guice.bean.locators.RankedSequence 
 - klass: 'org/sonatype/guice/bean/locators/RankedSequence'
R10=0x00000001001125a0 is pointing into metadata
R11=0x00000000daa03548 is an oop
org.sonatype.guice.bean.locators.LocatedBeans$Itr 
 - klass: 'org/sonatype/guice/bean/locators/LocatedBeans$Itr'
R12=0x0000000000000000 is an unknown value
R13=0x00000000daa03568 is an oop
org.sonatype.guice.bean.locators.RankedBindings$Itr 
 - klass: 'org/sonatype/guice/bean/locators/RankedBindings$Itr'
R14=0x00007f3bfe136fb8 is pointing into the stack for thread: 0x00007f3bf800a000
R15=0x00007f3bf800a000 is a thread


Stack: [0x00007f3bfe039000,0x00007f3bfe13a000],  sp=0x00007f3bfe136a70,  free space=1014k
Native frames: (J=compiled Java code, j=interpreted, Vv=VM code, C=native code)
J 1342 C1 org.sonatype.guice.bean.locators.RankedBindings$Itr.hasNext()Z (114 bytes) @ 0x00007f3be85c2044 [0x00007f3be85c13c0+0xc84]
J 1082 C1 org.sonatype.guice.bean.locators.LocatedBeans$Itr.hasNext()Z (169 bytes) @ 0x00007f3be85168ec [0x00007f3be85167a0+0x14c]
J 1083 C1 org.sonatype.guice.plexus.locators.RealmFilter$FilteredItr.hasNext()Z (85 bytes) @ 0x00007f3be851868c [0x00007f3be8517ea0+0x7ec]
J 1343 C1 org.sonatype.guice.plexus.locators.DefaultPlexusBeans$Itr.hasNext()Z (10 bytes) @ 0x00007f3be85bef84 [0x00007f3be85bee80+0x104]
J 1593 C1 org.sonatype.guice.bean.locators.EntryListAdapter$ValueIterator.hasNext()Z (10 bytes) @ 0x00007f3be86ac1c4 [0x00007f3be86ac0c0+0x104]
J 1983 C1 org.apache.maven.model.profile.DefaultProfileSelector.isActive(Lorg/apache/maven/model/Profile;Lorg/apache/maven/model/profile/ProfileActivationContext;Lorg/apache/maven/model/building/ModelProblemCollector;)Z (99 bytes) @ 0x00007f3be8774a8c [0x00007f3be8774920+0x16c]
J 2415 C1 org.apache.maven.model.profile.DefaultProfileSelector.getActiveProfiles(Ljava/util/Collection;Lorg/apache/maven/model/profile/ProfileActivationContext;Lorg/apache/maven/model/building/ModelProblemCollector;)Ljava/util/List; (223 bytes) @ 0x00007f3be8857cfc [0x00007f3be8857880+0x47c]
j  org.apache.maven.model.building.DefaultModelBuilder.build(Lorg/apache/maven/model/building/ModelBuildingRequest;Ljava/util/Collection;)Lorg/apache/maven/model/building/ModelBuildingResult;+298
j  org.apache.maven.model.building.DefaultModelBuilder.build(Lorg/apache/maven/model/building/ModelBuildingRequest;)Lorg/apache/maven/model/building/ModelBuildingResult;+9
j  org.apache.maven.repository.internal.DefaultArtifactDescriptorReader.loadPom(Lorg/sonatype/aether/RepositorySystemSession;Lorg/sonatype/aether/resolution/ArtifactDescriptorRequest;Lorg/sonatype/aether/resolution/ArtifactDescriptorResult;)Lorg/apache/maven/model/Model;+523
J 2504 C1 org.apache.maven.repository.internal.DefaultArtifactDescriptorReader.readArtifactDescriptor(Lorg/sonatype/aether/RepositorySystemSession;Lorg/sonatype/aether/resolution/ArtifactDescriptorRequest;)Lorg/sonatype/aether/resolution/ArtifactDescriptorResult; (449 bytes) @ 0x00007f3be8885364 [0x00007f3be8885260+0x104]
j  org.sonatype.aether.impl.internal.DefaultDependencyCollector.process(Lorg/sonatype/aether/impl/internal/DefaultDependencyCollector$Args;Ljava/util/List;Ljava/util/List;Lorg/sonatype/aether/collection/DependencySelector;Lorg/sonatype/aether/collection/DependencyManager;Lorg/sonatype/aether/collection/DependencyTraverser;)V+596
j  org.sonatype.aether.impl.internal.DefaultDependencyCollector.collectDependencies(Lorg/sonatype/aether/RepositorySystemSession;Lorg/sonatype/aether/collection/CollectRequest;)Lorg/sonatype/aether/collection/CollectResult;+656
j  org.sonatype.aether.impl.internal.DefaultRepositorySystem.collectDependencies(Lorg/sonatype/aether/RepositorySystemSession;Lorg/sonatype/aether/collection/CollectRequest;)Lorg/sonatype/aether/collection/CollectResult;+11
j  org.apache.maven.plugin.internal.DefaultPluginDependenciesResolver.resolve(Lorg/apache/maven/model/Plugin;Lorg/sonatype/aether/artifact/Artifact;Lorg/sonatype/aether/graph/DependencyFilter;Ljava/util/List;Lorg/sonatype/aether/RepositorySystemSession;)Lorg/sonatype/aether/graph/DependencyNode;+318
j  org.apache.maven.plugin.internal.DefaultMavenPluginManager.createPluginRealm(Lorg/apache/maven/plugin/descriptor/PluginDescriptor;Lorg/apache/maven/execution/MavenSession;Ljava/lang/ClassLoader;Ljava/util/Map;Lorg/sonatype/aether/graph/DependencyFilter;)V+86
j  org.apache.maven.plugin.internal.DefaultMavenPluginManager.setupPluginRealm(Lorg/apache/maven/plugin/descriptor/PluginDescriptor;Lorg/apache/maven/execution/MavenSession;Ljava/lang/ClassLoader;Ljava/util/List;Lorg/sonatype/aether/graph/DependencyFilter;)V+150
j  org.apache.maven.plugin.DefaultBuildPluginManager.getPluginRealm(Lorg/apache/maven/execution/MavenSession;Lorg/apache/maven/plugin/descriptor/PluginDescriptor;)Lorg/codehaus/plexus/classworlds/realm/ClassRealm;+20
j  org.apache.maven.plugin.DefaultBuildPluginManager.executeMojo(Lorg/apache/maven/execution/MavenSession;Lorg/apache/maven/plugin/MojoExecution;)V+21
j  org.apache.maven.lifecycle.internal.MojoExecutor.execute(Lorg/apache/maven/execution/MavenSession;Lorg/apache/maven/plugin/MojoExecution;Lorg/apache/maven/lifecycle/internal/ProjectIndex;Lorg/apache/maven/lifecycle/internal/DependencyContext;)V+215
j  org.apache.maven.lifecycle.internal.MojoExecutor.execute(Lorg/apache/maven/execution/MavenSession;Lorg/apache/maven/plugin/MojoExecution;Lorg/apache/maven/lifecycle/internal/ProjectIndex;Lorg/apache/maven/lifecycle/internal/DependencyContext;Lorg/apache/maven/lifecycle/internal/PhaseRecorder;)V+6
j  org.apache.maven.lifecycle.internal.MojoExecutor.execute(Lorg/apache/maven/execution/MavenSession;Ljava/util/List;Lorg/apache/maven/lifecycle/internal/ProjectIndex;)V+60
j  org.apache.maven.lifecycle.internal.LifecycleModuleBuilder.buildProject(Lorg/apache/maven/execution/MavenSession;Lorg/apache/maven/execution/MavenSession;Lorg/apache/maven/lifecycle/internal/ReactorContext;Lorg/apache/maven/project/MavenProject;Lorg/apache/maven/lifecycle/internal/TaskSegment;)V+107
j  org.apache.maven.lifecycle.internal.LifecycleModuleBuilder.buildProject(Lorg/apache/maven/execution/MavenSession;Lorg/apache/maven/lifecycle/internal/ReactorContext;Lorg/apache/maven/project/MavenProject;Lorg/apache/maven/lifecycle/internal/TaskSegment;)V+7
j  org.apache.maven.lifecycle.internal.LifecycleStarter.singleThreadedBuild(Lorg/apache/maven/execution/MavenSession;Lorg/apache/maven/lifecycle/internal/ReactorContext;Lorg/apache/maven/lifecycle/internal/ProjectBuildList;Ljava/util/List;Lorg/apache/maven/lifecycle/internal/ReactorBuildStatus;)V+77
j  org.apache.maven.lifecycle.internal.LifecycleStarter.execute(Lorg/apache/maven/execution/MavenSession;)V+421
j  org.apache.maven.DefaultMaven.doExecute(Lorg/apache/maven/execution/MavenExecutionRequest;)Lorg/apache/maven/execution/MavenExecutionResult;+585
j  org.apache.maven.DefaultMaven.execute(Lorg/apache/maven/execution/MavenExecutionRequest;)Lorg/apache/maven/execution/MavenExecutionResult;+11
j  org.apache.maven.cli.MavenCli.execute(Lorg/apache/maven/cli/MavenCli$CliRequest;)I+19
j  org.apache.maven.cli.MavenCli.doMain(Lorg/apache/maven/cli/MavenCli$CliRequest;)I+53
j  org.apache.maven.cli.MavenCli.main([Ljava/lang/String;Lorg/codehaus/plexus/classworlds/ClassWorld;)I+18
v  ~StubRoutines::call_stub
V  [libjvm.so+0x693e76]  JavaCalls::call_helper(JavaValue*, methodHandle*, JavaCallArguments*, Thread*)+0x1056
V  [libjvm.so+0x9a0837]  Reflection::invoke(instanceKlassHandle, methodHandle, Handle, bool, objArrayHandle, BasicType, objArrayHandle, bool, Thread*)+0x5d7
V  [libjvm.so+0x9a3f47]  Reflection::invoke_method(oopDesc*, Handle, objArrayHandle, Thread*)+0x147
V  [libjvm.so+0x72752b]  JVM_InvokeMethod+0x26b
j  sun.reflect.NativeMethodAccessorImpl.invoke0(Ljava/lang/reflect/Method;Ljava/lang/Object;[Ljava/lang/Object;)Ljava/lang/Object;+0
j  sun.reflect.NativeMethodAccessorImpl.invoke(Ljava/lang/Object;[Ljava/lang/Object;)Ljava/lang/Object;+100
j  sun.reflect.DelegatingMethodAccessorImpl.invoke(Ljava/lang/Object;[Ljava/lang/Object;)Ljava/lang/Object;+6
j  java.lang.reflect.Method.invoke(Ljava/lang/Object;[Ljava/lang/Object;)Ljava/lang/Object;+56
j  org.codehaus.plexus.classworlds.launcher.Launcher.launchEnhanced([Ljava/lang/String;)V+45
j  org.codehaus.plexus.classworlds.launcher.Launcher.launch([Ljava/lang/String;)V+2
j  org.codehaus.plexus.classworlds.launcher.Launcher.mainWithExitCode([Ljava/lang/String;)I+97
j  org.codehaus.plexus.classworlds.launcher.Launcher.main([Ljava/lang/String;)V+1
v  ~StubRoutines::call_stub
V  [libjvm.so+0x693e76]  JavaCalls::call_helper(JavaValue*, methodHandle*, JavaCallArguments*, Thread*)+0x1056
V  [libjvm.so+0x6d5292]  jni_invoke_static(JNIEnv_*, JavaValue*, _jobject*, JNICallType, _jmethodID*, JNI_ArgumentPusher*, Thread*)+0x362
V  [libjvm.so+0x6f1afa]  jni_CallStaticVoidMethod+0x17a
C  [libjli.so+0x80ff]  JavaMain+0x81f
C  [libpthread.so.0+0x76ba]  start_thread+0xca


---------------  P R O C E S S  ---------------

Java Threads: ( => current thread )
  0x00007f3bf85ee000 JavaThread "process reaper" daemon [_thread_blocked, id=11308, stack(0x00007f3be4486000,0x00007f3be44bf000)]
  0x00007f3bf80d3800 JavaThread "Service Thread" daemon [_thread_blocked, id=11305, stack(0x00007f3be4a6d000,0x00007f3be4b6e000)]
  0x00007f3bf80be000 JavaThread "C1 CompilerThread2" daemon [_thread_in_native, id=11304, stack(0x00007f3be4b6e000,0x00007f3be4c6f000)]
  0x00007f3bf80bc800 JavaThread "C2 CompilerThread1" daemon [_thread_in_native, id=11303, stack(0x00007f3be4c6f000,0x00007f3be4d70000)]
  0x00007f3bf80b9800 JavaThread "C2 CompilerThread0" daemon [_thread_in_native, id=11302, stack(0x00007f3be4d70000,0x00007f3be4e71000)]
  0x00007f3bf80b8000 JavaThread "Signal Dispatcher" daemon [_thread_blocked, id=11301, stack(0x00007f3be4e71000,0x00007f3be4f72000)]
  0x00007f3bf8084000 JavaThread "Finalizer" daemon [_thread_blocked, id=11300, stack(0x00007f3be524b000,0x00007f3be534c000)]
  0x00007f3bf807f800 JavaThread "Reference Handler" daemon [_thread_blocked, id=11299, stack(0x00007f3be534c000,0x00007f3be544d000)]
=>0x00007f3bf800a000 JavaThread "main" [_thread_in_Java, id=11293, stack(0x00007f3bfe039000,0x00007f3bfe13a000)]

Other Threads:
  0x00007f3bf8077800 VMThread [stack: 0x00007f3be544d000,0x00007f3be554e000] [id=11298]
  0x00007f3bf80de000 WatcherThread [stack: 0x00007f3be496c000,0x00007f3be4a6d000] [id=11306]

VM state:not at safepoint (normal execution)

VM Mutex/Monitor currently owned by a thread: None

Heap:
 PSYoungGen      total 68608K, used 66106K [0x00000000d6f00000, 0x00000000db700000, 0x0000000100000000)
  eden space 63488K, 96% used [0x00000000d6f00000,0x00000000daa928b0,0x00000000dad00000)
  from space 5120K, 99% used [0x00000000db200000,0x00000000db6fc030,0x00000000db700000)
  to   space 5120K, 0% used [0x00000000dad00000,0x00000000dad00000,0x00000000db200000)
 ParOldGen       total 84992K, used 3835K [0x0000000084c00000, 0x0000000089f00000, 0x00000000d6f00000)
  object space 84992K, 4% used [0x0000000084c00000,0x0000000084fbeea8,0x0000000089f00000)
 Metaspace       used 14821K, capacity 15180K, committed 15232K, reserved 1062912K
  class space    used 1747K, capacity 1876K, committed 1920K, reserved 1048576K

Card table byte_map: [0x00007f3be79ce000,0x00007f3be7da9000] byte_map_base: 0x00007f3be75a8000

Marking Bits: (ParMarkBitMap*) 0x00007f3bfd504f80
 Begin Bits: [0x00007f3bd4260000, 0x00007f3bd6130000)
 End Bits:   [0x00007f3bd6130000, 0x00007f3bd8000000)

Polling page: 0x00007f3bfe155000

CodeCache: size=245760Kb used=7916Kb max_used=7929Kb free=237843Kb
 bounds [0x00007f3be8169000, 0x00007f3be8939000, 0x00007f3bf7169000]
 total_blobs=3004 nmethods=2666 adapters=251
 compilation: enabled

Compilation events (10 events):
Event: 2,759 Thread 0x00007f3bf80be000 nmethod 2674 0x00007f3be8926bd0 code [0x00007f3be8926d80, 0x00007f3be89273a8]
Event: 2,759 Thread 0x00007f3bf80be000 2677       3       org.codehaus.plexus.interpolation.MapBasedValueSource::<init> (11 bytes)
Event: 2,759 Thread 0x00007f3bf80be000 nmethod 2677 0x00007f3be8922710 code [0x00007f3be8922880, 0x00007f3be8922ad0]
Event: 2,759 Thread 0x00007f3bf80be000 2676       3       org.apache.maven.model.building.DefaultModelProblemCollector::setRootModel (6 bytes)
Event: 2,760 Thread 0x00007f3bf80be000 nmethod 2676 0x00007f3be8916a50 code [0x00007f3be8916ba0, 0x00007f3be8916d10]
Event: 2,760 Thread 0x00007f3bf80be000 2670       3       java.lang.Boolean::toString (15 bytes)
Event: 2,760 Thread 0x00007f3bf80be000 nmethod 2670 0x00007f3be8926810 code [0x00007f3be8926980, 0x00007f3be8926b50]
Event: 2,760 Thread 0x00007f3bf80be000 2679       3       org.apache.maven.model.building.FileModelSource::<init> (27 bytes)
Event: 2,761 Thread 0x00007f3bf80be000 nmethod 2679 0x00007f3be8927590 code [0x00007f3be89277a0, 0x00007f3be89281b8]
Event: 2,761 Thread 0x00007f3bf80be000 2680   !   3       org.apache.maven.model.building.DefaultModelBuilder::readModel (538 bytes)

GC Heap History (8 events):
Event: 0,708 GC heap before
{Heap before GC invocations=1 (full 0):
 PSYoungGen      total 36864K, used 31744K [0x00000000d6f00000, 0x00000000d9800000, 0x0000000100000000)
  eden space 31744K, 100% used [0x00000000d6f00000,0x00000000d8e00000,0x00000000d8e00000)
  from space 5120K, 0% used [0x00000000d9300000,0x00000000d9300000,0x00000000d9800000)
  to   space 5120K, 0% used [0x00000000d8e00000,0x00000000d8e00000,0x00000000d9300000)
 ParOldGen       total 84992K, used 0K [0x0000000084c00000, 0x0000000089f00000, 0x00000000d6f00000)
  object space 84992K, 0% used [0x0000000084c00000,0x0000000084c00000,0x0000000089f00000)
 Metaspace       used 7779K, capacity 7982K, committed 8192K, reserved 1056768K
  class space    used 978K, capacity 1021K, committed 1024K, reserved 1048576K
Event: 0,714 GC heap after
Heap after GC invocations=1 (full 0):
 PSYoungGen      total 36864K, used 4614K [0x00000000d6f00000, 0x00000000d9800000, 0x0000000100000000)
  eden space 31744K, 0% used [0x00000000d6f00000,0x00000000d6f00000,0x00000000d8e00000)
  from space 5120K, 90% used [0x00000000d8e00000,0x00000000d9281b78,0x00000000d9300000)
  to   space 5120K, 0% used [0x00000000d9300000,0x00000000d9300000,0x00000000d9800000)
 ParOldGen       total 84992K, used 8K [0x0000000084c00000, 0x0000000089f00000, 0x00000000d6f00000)
  object space 84992K, 0% used [0x0000000084c00000,0x0000000084c02000,0x0000000089f00000)
 Metaspace       used 7779K, capacity 7982K, committed 8192K, reserved 1056768K
  class space    used 978K, capacity 1021K, committed 1024K, reserved 1048576K
}
Event: 1,397 GC heap before
{Heap before GC invocations=2 (full 0):
 PSYoungGen      total 36864K, used 36358K [0x00000000d6f00000, 0x00000000d9800000, 0x0000000100000000)
  eden space 31744K, 100% used [0x00000000d6f00000,0x00000000d8e00000,0x00000000d8e00000)
  from space 5120K, 90% used [0x00000000d8e00000,0x00000000d9281b78,0x00000000d9300000)
  to   space 5120K, 0% used [0x00000000d9300000,0x00000000d9300000,0x00000000d9800000)
 ParOldGen       total 84992K, used 8K [0x0000000084c00000, 0x0000000089f00000, 0x00000000d6f00000)
  object space 84992K, 0% used [0x0000000084c00000,0x0000000084c02000,0x0000000089f00000)
 Metaspace       used 13036K, capacity 13424K, committed 13568K, reserved 1060864K
  class space    used 1603K, capacity 1723K, committed 1792K, reserved 1048576K
Event: 1,406 GC heap after
Heap after GC invocations=2 (full 0):
 PSYoungGen      total 36864K, used 5113K [0x00000000d6f00000, 0x00000000db700000, 0x0000000100000000)
  eden space 31744K, 0% used [0x00000000d6f00000,0x00000000d6f00000,0x00000000d8e00000)
  from space 5120K, 99% used [0x00000000d9300000,0x00000000d97fe780,0x00000000d9800000)
  to   space 5120K, 0% used [0x00000000d8e00000,0x00000000d8e00000,0x00000000d9300000)
 ParOldGen       total 84992K, used 1646K [0x0000000084c00000, 0x0000000089f00000, 0x00000000d6f00000)
  object space 84992K, 1% used [0x0000000084c00000,0x0000000084d9bb48,0x0000000089f00000)
 Metaspace       used 13036K, capacity 13424K, committed 13568K, reserved 1060864K
  class space    used 1603K, capacity 1723K, committed 1792K, reserved 1048576K
}
Event: 1,840 GC heap before
{Heap before GC invocations=3 (full 0):
 PSYoungGen      total 36864K, used 36857K [0x00000000d6f00000, 0x00000000db700000, 0x0000000100000000)
  eden space 31744K, 100% used [0x00000000d6f00000,0x00000000d8e00000,0x00000000d8e00000)
  from space 5120K, 99% used [0x00000000d9300000,0x00000000d97fe780,0x00000000d9800000)
  to   space 5120K, 0% used [0x00000000d8e00000,0x00000000d8e00000,0x00000000d9300000)
 ParOldGen       total 84992K, used 1646K [0x0000000084c00000, 0x0000000089f00000, 0x00000000d6f00000)
  object space 84992K, 1% used [0x0000000084c00000,0x0000000084d9bb48,0x0000000089f00000)
 Metaspace       used 13457K, capacity 13866K, committed 14080K, reserved 1060864K
  class space    used 1633K, capacity 1761K, committed 1792K, reserved 1048576K
Event: 1,857 GC heap after
Heap after GC invocations=3 (full 0):
 PSYoungGen      total 36864K, used 5088K [0x00000000d6f00000, 0x00000000db700000, 0x0000000100000000)
  eden space 31744K, 0% used [0x00000000d6f00000,0x00000000d6f00000,0x00000000d8e00000)
  from space 5120K, 99% used [0x00000000d8e00000,0x00000000d92f8020,0x00000000d9300000)
  to   space 5120K, 0% used [0x00000000db200000,0x00000000db200000,0x00000000db700000)
 ParOldGen       total 84992K, used 2563K [0x0000000084c00000, 0x0000000089f00000, 0x00000000d6f00000)
  object space 84992K, 3% used [0x0000000084c00000,0x0000000084e80ea8,0x0000000089f00000)
 Metaspace       used 13457K, capacity 13866K, committed 14080K, reserved 1060864K
  class space    used 1633K, capacity 1761K, committed 1792K, reserved 1048576K
}
Event: 2,144 GC heap before
{Heap before GC invocations=4 (full 0):
 PSYoungGen      total 36864K, used 36832K [0x00000000d6f00000, 0x00000000db700000, 0x0000000100000000)
  eden space 31744K, 100% used [0x00000000d6f00000,0x00000000d8e00000,0x00000000d8e00000)
  from space 5120K, 99% used [0x00000000d8e00000,0x00000000d92f8020,0x00000000d9300000)
  to   space 5120K, 0% used [0x00000000db200000,0x00000000db200000,0x00000000db700000)
 ParOldGen       total 84992K, used 2563K [0x0000000084c00000, 0x0000000089f00000, 0x00000000d6f00000)
  object space 84992K, 3% used [0x0000000084c00000,0x0000000084e80ea8,0x0000000089f00000)
 Metaspace       used 13605K, capacity 14012K, committed 14080K, reserved 1060864K
  class space    used 1636K, capacity 1764K, committed 1792K, reserved 1048576K
Event: 2,164 GC heap after
Heap after GC invocations=4 (full 0):
 PSYoungGen      total 68608K, used 5104K [0x00000000d6f00000, 0x00000000db700000, 0x0000000100000000)
  eden space 63488K, 0% used [0x00000000d6f00000,0x00000000d6f00000,0x00000000dad00000)
  from space 5120K, 99% used [0x00000000db200000,0x00000000db6fc030,0x00000000db700000)
  to   space 5120K, 0% used [0x00000000dad00000,0x00000000dad00000,0x00000000db200000)
 ParOldGen       total 84992K, used 3835K [0x0000000084c00000, 0x0000000089f00000, 0x00000000d6f00000)
  object space 84992K, 4% used [0x0000000084c00000,0x0000000084fbeea8,0x0000000089f00000)
 Metaspace       used 13605K, capacity 14012K, committed 14080K, reserved 1060864K
  class space    used 1636K, capacity 1764K, committed 1792K, reserved 1048576K
}

Deoptimization events (10 events):
Event: 2,180 Thread 0x00007f3bf800a000 Uncommon trap: reason=speculate_class_check action=maybe_recompile pc=0x00007f3be8790c78 method=java.nio.charset.CharsetDecoder.decode(Ljava/nio/ByteBuffer;Ljava/nio/CharBuffer;Z)Ljava/nio/charset/CoderResult; @ 57
Event: 2,181 Thread 0x00007f3bf800a000 Uncommon trap: reason=speculate_class_check action=maybe_recompile pc=0x00007f3be8790c78 method=java.nio.charset.CharsetDecoder.decode(Ljava/nio/ByteBuffer;Ljava/nio/CharBuffer;Z)Ljava/nio/charset/CoderResult; @ 57
Event: 2,204 Thread 0x00007f3bf800a000 Uncommon trap: reason=unstable_if action=reinterpret pc=0x00007f3be84d1ef0 method=java.util.HashMap.hash(Ljava/lang/Object;)I @ 1
Event: 2,280 Thread 0x00007f3bf800a000 Uncommon trap: reason=bimorphic action=maybe_recompile pc=0x00007f3be87496d0 method=java.util.regex.Pattern$Curly.match0(Ljava/util/regex/Matcher;IILjava/lang/CharSequence;)Z @ 170
Event: 2,280 Thread 0x00007f3bf800a000 Uncommon trap: reason=bimorphic action=maybe_recompile pc=0x00007f3be87496d0 method=java.util.regex.Pattern$Curly.match0(Ljava/util/regex/Matcher;IILjava/lang/CharSequence;)Z @ 170
Event: 2,281 Thread 0x00007f3bf800a000 Uncommon trap: reason=bimorphic action=maybe_recompile pc=0x00007f3be87496d0 method=java.util.regex.Pattern$Curly.match0(Ljava/util/regex/Matcher;IILjava/lang/CharSequence;)Z @ 170
Event: 2,281 Thread 0x00007f3bf800a000 Uncommon trap: reason=bimorphic action=maybe_recompile pc=0x00007f3be87496d0 method=java.util.regex.Pattern$Curly.match0(Ljava/util/regex/Matcher;IILjava/lang/CharSequence;)Z @ 170
Event: 2,730 Thread 0x00007f3bf800a000 Uncommon trap: reason=class_check action=maybe_recompile pc=0x00007f3be88a44ac method=org.apache.maven.model.interpolation.StringSearchModelInterpolator$InterpolateObjectAction.interpolateMapField(Ljava/lang/Object;Ljava/lang/reflect/Field;)V @ 126
Event: 2,730 Thread 0x00007f3bf800a000 Uncommon trap: reason=class_check action=maybe_recompile pc=0x00007f3be88a44ac method=org.apache.maven.model.interpolation.StringSearchModelInterpolator$InterpolateObjectAction.interpolateMapField(Ljava/lang/Object;Ljava/lang/reflect/Field;)V @ 126
Event: 2,730 Thread 0x00007f3bf800a000 Uncommon trap: reason=class_check action=maybe_recompile pc=0x00007f3be88a44ac method=org.apache.maven.model.interpolation.StringSearchModelInterpolator$InterpolateObjectAction.interpolateMapField(Ljava/lang/Object;Ljava/lang/reflect/Field;)V @ 126

Internal exceptions (10 events):
Event: 0,779 Thread 0x00007f3bf800a000 Exception <a 'java/lang/NoClassDefFoundError': org/slf4j/LoggerFactory> (0x00000000d7149a58) thrown at [/HUDSON/workspace/8-2-build-linux-amd64/jdk8u151/9699/hotspot/src/share/vm/classfile/systemDictionary.cpp, line 199]
Event: 0,779 Thread 0x00007f3bf800a000 Exception <a 'java/lang/NoClassDefFoundError'> (0x00000000d7149a58) thrown at [/HUDSON/workspace/8-2-build-linux-amd64/jdk8u151/9699/hotspot/src/share/vm/oops/instanceKlass.cpp, line 964]
Event: 1,166 Thread 0x00007f3bf800a000 Exception <a 'java/lang/NoSuchFieldError': method resolution failed> (0x00000000d860eb00) thrown at [/HUDSON/workspace/8-2-build-linux-amd64/jdk8u151/9699/hotspot/src/share/vm/prims/methodHandles.cpp, line 1146]
Event: 1,169 Thread 0x00007f3bf800a000 Exception <a 'java/lang/NoSuchFieldError': method resolution failed> (0x00000000d861c4e8) thrown at [/HUDSON/workspace/8-2-build-linux-amd64/jdk8u151/9699/hotspot/src/share/vm/prims/methodHandles.cpp, line 1146]
Event: 1,434 Thread 0x00007f3bf800a000 Implicit null exception at 0x00007f3be850c535 to 0x00007f3be850c719
Event: 1,434 Thread 0x00007f3bf800a000 Implicit null exception at 0x00007f3be849382f to 0x00007f3be8493899
Event: 1,903 Thread 0x00007f3bf800a000 Implicit null exception at 0x00007f3be87530fe to 0x00007f3be8753419
Event: 2,204 Thread 0x00007f3bf800a000 Implicit null exception at 0x00007f3be84d1e58 to 0x00007f3be84d1ee6
Event: 2,410 Thread 0x00007f3bf800a000 Exception <a 'java/lang/NoClassDefFoundError': org/slf4j/Logger> (0x00000000d84c3cb8) thrown at [/HUDSON/workspace/8-2-build-linux-amd64/jdk8u151/9699/hotspot/src/share/vm/oops/constantPool.cpp, line 235]
Event: 2,536 Thread 0x00007f3bf800a000 Exception <a 'java/lang/NoClassDefFoundError': org/slf4j/Logger> (0x00000000d8c85608) thrown at [/HUDSON/workspace/8-2-build-linux-amd64/jdk8u151/9699/hotspot/src/share/vm/oops/constantPool.cpp, line 235]

Events (10 events):
Event: 2,730 Thread 0x00007f3bf800a000 DEOPT UNPACKING pc=0x00007f3be816e229 sp=0x00007f3bfe135d18 mode 2
Event: 2,730 Thread 0x00007f3bf800a000 Uncommon trap: trap_request=0xffffffde fr.pc=0x00007f3be88a44ac
Event: 2,730 Thread 0x00007f3bf800a000 DEOPT PACKING pc=0x00007f3be88a44ac sp=0x00007f3bfe135dc0
Event: 2,730 Thread 0x00007f3bf800a000 DEOPT UNPACKING pc=0x00007f3be816e229 sp=0x00007f3bfe135d18 mode 2
Event: 2,739 loading class java/util/AbstractList$1
Event: 2,739 loading class java/util/AbstractList$1 done
Event: 2,748 loading class org/apache/maven/repository/internal/RelocatedArtifact
Event: 2,748 loading class org/apache/maven/repository/internal/RelocatedArtifact done
Event: 2,750 Executing VM operation: ForceSafepoint
Event: 2,750 Executing VM operation: ForceSafepoint done


Dynamic libraries:
00400000-00401000 r-xp 00000000 08:05 8532988                            /usr/lib/jvm/java-8-oracle/bin/java
00600000-00601000 rw-p 00000000 08:05 8532988                            /usr/lib/jvm/java-8-oracle/bin/java
008c8000-008e9000 rw-p 00000000 00:00 0                                  [heap]
84c00000-89f00000 rw-p 00000000 00:00 0 
89f00000-d6f00000 ---p 00000000 00:00 0 
d6f00000-db700000 rw-p 00000000 00:00 0 
db700000-100000000 ---p 00000000 00:00 0 
100000000-1001e0000 rw-p 00000000 00:00 0 
1001e0000-140000000 ---p 00000000 00:00 0 
7f3ba4000000-7f3ba4021000 rw-p 00000000 00:00 0 
7f3ba4021000-7f3ba8000000 ---p 00000000 00:00 0 
7f3ba8fff000-7f3bac000000 rw-p 00000000 00:00 0 
7f3bac000000-7f3bac021000 rw-p 00000000 00:00 0 
7f3bac021000-7f3bb0000000 ---p 00000000 00:00 0 
7f3bb0000000-7f3bb0021000 rw-p 00000000 00:00 0 
7f3bb0021000-7f3bb4000000 ---p 00000000 00:00 0 
7f3bb4000000-7f3bb4d7c000 rw-p 00000000 00:00 0 
7f3bb4d7c000-7f3bb8000000 ---p 00000000 00:00 0 
7f3bb8000000-7f3bb8c7c000 rw-p 00000000 00:00 0 
7f3bb8c7c000-7f3bbc000000 ---p 00000000 00:00 0 
7f3bbc000000-7f3bbc021000 rw-p 00000000 00:00 0 
7f3bbc021000-7f3bc0000000 ---p 00000000 00:00 0 
7f3bc0000000-7f3bc0d0d000 rw-p 00000000 00:00 0 
7f3bc0d0d000-7f3bc4000000 ---p 00000000 00:00 0 
7f3bc4000000-7f3bc4021000 rw-p 00000000 00:00 0 
7f3bc4021000-7f3bc8000000 ---p 00000000 00:00 0 
7f3bc8000000-7f3bc8021000 rw-p 00000000 00:00 0 
7f3bc8021000-7f3bcc000000 ---p 00000000 00:00 0 
7f3bcc000000-7f3bcc021000 rw-p 00000000 00:00 0 
7f3bcc021000-7f3bd0000000 ---p 00000000 00:00 0 
7f3bd0000000-7f3bd0021000 rw-p 00000000 00:00 0 
7f3bd0021000-7f3bd4000000 ---p 00000000 00:00 0 
7f3bd4060000-7f3bd4160000 rw-p 00000000 00:00 0 
7f3bd4160000-7f3bd4260000 ---p 00000000 00:00 0 
7f3bd4260000-7f3bd8000000 rw-p 00000000 00:00 0 
7f3bd8000000-7f3bd8021000 rw-p 00000000 00:00 0 
7f3bd8021000-7f3bdc000000 ---p 00000000 00:00 0 
7f3bdc000000-7f3bdc021000 rw-p 00000000 00:00 0 
7f3bdc021000-7f3be0000000 ---p 00000000 00:00 0 
7f3be0000000-7f3be0021000 rw-p 00000000 00:00 0 
7f3be0021000-7f3be4000000 ---p 00000000 00:00 0 
7f3be4043000-7f3be4045000 r--s 00002000 08:05 2760932                    /home/devcx/.m2/repository/org/codehaus/plexus/plexus-compiler-javac/1.8.1/plexus-compiler-javac-1.8.1.jar
7f3be4045000-7f3be4047000 r--s 00000000 08:05 2760934                    /home/devcx/.m2/repository/org/codehaus/plexus/plexus-compiler-manager/1.8.1/plexus-compiler-manager-1.8.1.jar
7f3be4047000-7f3be4048000 r--s 00004000 08:05 2760931                    /home/devcx/.m2/repository/org/codehaus/plexus/plexus-compiler-api/1.8.1/plexus-compiler-api-1.8.1.jar
7f3be4048000-7f3be404a000 r--s 00006000 08:05 2107206                    /home/devcx/.m2/repository/org/apache/maven/plugins/maven-compiler-plugin/2.3.2/maven-compiler-plugin-2.3.2.jar
7f3be404a000-7f3be404c000 r--s 0000d000 08:05 2632035                    /home/devcx/.m2/repository/org/codehaus/plexus/plexus-interpolation/1.13/plexus-interpolation-1.13.jar
7f3be404c000-7f3be404d000 r--s 00001000 08:05 2632034                    /home/devcx/.m2/repository/org/sonatype/plexus/plexus-build-api/0.0.4/plexus-build-api-0.0.4.jar
7f3be404d000-7f3be404f000 r--s 00009000 08:05 2632032                    /home/devcx/.m2/repository/org/apache/maven/shared/maven-filtering/1.0/maven-filtering-1.0.jar
7f3be404f000-7f3be4053000 r--s 00033000 08:05 2632031                    /home/devcx/.m2/repository/org/codehaus/plexus/plexus-utils/2.0.5/plexus-utils-2.0.5.jar
7f3be4053000-7f3be4056000 r--s 0001b000 08:05 2632024                    /home/devcx/.m2/repository/junit/junit/3.8.1/junit-3.8.1.jar
7f3be4056000-7f3be4058000 r--s 00002000 08:05 2632025                    /home/devcx/.m2/repository/org/codehaus/plexus/plexus-interactivity-api/1.0-alpha-4/plexus-interactivity-api-1.0-alpha-4.jar
7f3be4058000-7f3be405a000 r--s 00006000 08:05 2632026                    /home/devcx/.m2/repository/commons-cli/commons-cli/1.0/commons-cli-1.0.jar
7f3be405a000-7f3be405b000 r--s 00001000 08:05 2632023                    /home/devcx/.m2/repository/org/apache/maven/doxia/doxia-sink-api/1.0-alpha-7/doxia-sink-api-1.0-alpha-7.jar
7f3be405b000-7f3be405c000 r--s 00002000 08:05 2632022                    /home/devcx/.m2/repository/org/apache/maven/reporting/maven-reporting-api/2.0.6/maven-reporting-api-2.0.6.jar
7f3be405c000-7f3be405e000 r--s 00005000 08:05 1972623                    /home/devcx/.m2/repository/org/apache/maven/plugins/maven-resources-plugin/2.5/maven-resources-plugin-2.5.jar
7f3be405e000-7f3be406f000 r-xp 00000000 08:05 8795859                    /usr/lib/jvm/java-8-oracle/jre/lib/amd64/libnio.so
7f3be406f000-7f3be426e000 ---p 00011000 08:05 8795859                    /usr/lib/jvm/java-8-oracle/jre/lib/amd64/libnio.so
7f3be426e000-7f3be426f000 rw-p 00010000 08:05 8795859                    /usr/lib/jvm/java-8-oracle/jre/lib/amd64/libnio.so
7f3be426f000-7f3be4286000 r-xp 00000000 08:05 8795856                    /usr/lib/jvm/java-8-oracle/jre/lib/amd64/libnet.so
7f3be4286000-7f3be4485000 ---p 00017000 08:05 8795856                    /usr/lib/jvm/java-8-oracle/jre/lib/amd64/libnet.so
7f3be4485000-7f3be4486000 rw-p 00016000 08:05 8795856                    /usr/lib/jvm/java-8-oracle/jre/lib/amd64/libnet.so
7f3be4486000-7f3be4489000 ---p 00000000 00:00 0 
7f3be4489000-7f3be44bf000 rw-p 00000000 00:00 0 
7f3be44bf000-7f3be44c0000 r--p 00000000 00:00 0 
7f3be44c0000-7f3be46c0000 rw-p 00000000 00:00 0 
7f3be46c0000-7f3be46c5000 r--s 0009a000 08:05 8658135                    /usr/lib/jvm/java-8-oracle/jre/lib/jsse.jar
7f3be46c5000-7f3be48c5000 rw-p 00000000 00:00 0 
7f3be48c5000-7f3be48c7000 r--s 0000d000 08:05 2243065                    /home/devcx/node_modules/netbeans-8.2/java/maven-nblib/netbeans-eventspy.jar
7f3be48c7000-7f3be48cb000 r--s 00021000 08:05 2242995                    /home/devcx/node_modules/netbeans-8.2/java/maven/lib/maven-model-builder-3.0.5.jar
7f3be48cb000-7f3be48d5000 r--s 00116000 08:05 8658146                    /usr/lib/jvm/java-8-oracle/jre/lib/ext/localedata.jar
7f3be48d5000-7f3be48f1000 r--s 00393000 08:05 8658139                    /usr/lib/jvm/java-8-oracle/jre/lib/ext/cldrdata.jar
7f3be48f1000-7f3be48f2000 r--s 0000a000 08:05 2243056                    /home/devcx/node_modules/netbeans-8.2/java/maven/lib/maven-embedder-3.0.5.jar
7f3be48f2000-7f3be48f3000 r--s 00002000 08:05 2243043                    /home/devcx/node_modules/netbeans-8.2/java/maven/lib/wagon-http-shared-2.10.jar
7f3be48f3000-7f3be48f6000 r--s 00008000 08:05 2242942                    /home/devcx/node_modules/netbeans-8.2/java/maven/lib/maven-settings-builder-3.0.5.jar
7f3be48f6000-7f3be48fa000 r--s 00013000 08:05 2243076                    /home/devcx/node_modules/netbeans-8.2/java/maven/lib/aether-api-1.13.1.jar
7f3be48fa000-7f3be48fc000 r--s 0000c000 08:05 2242960                    /home/devcx/node_modules/netbeans-8.2/java/maven/lib/maven-aether-provider-3.0.5.jar
7f3be48fc000-7f3be48fe000 r--s 00000000 08:05 2242726                    /home/devcx/node_modules/netbeans-8.2/java/maven/lib/plexus-component-annotations-1.5.5.jar
7f3be48fe000-7f3be4900000 r--s 00006000 08:05 2242913                    /home/devcx/node_modules/netbeans-8.2/java/maven/lib/aether-connector-wagon-1.13.1.jar
7f3be4900000-7f3be4907000 r--s 0002b000 08:05 2243016                    /home/devcx/node_modules/netbeans-8.2/java/maven/lib/sisu-inject-plexus-2.3.0.jar
7f3be4907000-7f3be4908000 r--s 00002000 08:05 2243085                    /home/devcx/node_modules/netbeans-8.2/java/maven/lib/wagon-file-2.10.jar
7f3be4908000-7f3be490a000 r--s 0000b000 08:05 2243028                    /home/devcx/node_modules/netbeans-8.2/java/maven/lib/wagon-provider-api-2.10.jar
7f3be490a000-7f3be490e000 r--s 00033000 08:05 2243068                    /home/devcx/node_modules/netbeans-8.2/java/maven/lib/plexus-utils-2.0.6.jar
7f3be490e000-7f3be493d000 r--s 001c8000 08:05 2243040                    /home/devcx/node_modules/netbeans-8.2/java/maven/lib/wagon-http-2.10-shaded.jar
7f3be493d000-7f3be493f000 r--s 0000b000 08:05 2243041                    /home/devcx/node_modules/netbeans-8.2/java/maven/lib/maven-plugin-api-3.0.5.jar
7f3be493f000-7f3be4941000 r--s 0000b000 08:05 2243055                    /home/devcx/node_modules/netbeans-8.2/java/maven/lib/maven-artifact-3.0.5.jar
7f3be4941000-7f3be494d000 r--s 0007d000 08:05 2243082                    /home/devcx/node_modules/netbeans-8.2/java/maven/lib/maven-core-3.0.5.jar
7f3be494d000-7f3be496c000 r--s 00154000 08:05 2243083                    /home/devcx/node_modules/netbeans-8.2/java/maven/lib/sisu-guava-0.9.9.jar
7f3be496c000-7f3be496d000 ---p 00000000 00:00 0 
7f3be496d000-7f3be4a6d000 rw-p 00000000 00:00 0 
7f3be4a6d000-7f3be4a70000 ---p 00000000 00:00 0 
7f3be4a70000-7f3be4b6e000 rw-p 00000000 00:00 0 
7f3be4b6e000-7f3be4b71000 ---p 00000000 00:00 0 
7f3be4b71000-7f3be4c6f000 rw-p 00000000 00:00 0 
7f3be4c6f000-7f3be4c72000 ---p 00000000 00:00 0 
7f3be4c72000-7f3be4d70000 rw-p 00000000 00:00 0 
7f3be4d70000-7f3be4d73000 ---p 00000000 00:00 0 
7f3be4d73000-7f3be4e71000 rw-p 00000000 00:00 0 
7f3be4e71000-7f3be4e74000 ---p 00000000 00:00 0 
7f3be4e74000-7f3be4f72000 rw-p 00000000 00:00 0 
7f3be4f72000-7f3be524b000 r--p 00000000 08:05 8258452                    /usr/lib/locale/locale-archive
7f3be524b000-7f3be524e000 ---p 00000000 00:00 0 
7f3be524e000-7f3be534c000 rw-p 00000000 00:00 0 
7f3be534c000-7f3be534f000 ---p 00000000 00:00 0 
7f3be534f000-7f3be544d000 rw-p 00000000 00:00 0 
7f3be544d000-7f3be544e000 ---p 00000000 00:00 0 
7f3be544e000-7f3be650f000 rw-p 00000000 00:00 0 
7f3be650f000-7f3be66e8000 r--s 03d5a000 08:05 8658130                    /usr/lib/jvm/java-8-oracle/jre/lib/rt.jar
7f3be66e8000-7f3be7338000 rw-p 00000000 00:00 0 
7f3be7338000-7f3be7339000 ---p 00000000 00:00 0 
7f3be7339000-7f3be7439000 rw-p 00000000 00:00 0 
7f3be7439000-7f3be743a000 ---p 00000000 00:00 0 
7f3be743a000-7f3be753a000 rw-p 00000000 00:00 0 
7f3be753a000-7f3be753b000 ---p 00000000 00:00 0 
7f3be753b000-7f3be763b000 rw-p 00000000 00:00 0 
7f3be763b000-7f3be763c000 ---p 00000000 00:00 0 
7f3be763c000-7f3be7766000 rw-p 00000000 00:00 0 
7f3be7766000-7f3be79ce000 ---p 00000000 00:00 0 
7f3be79ce000-7f3be79f8000 rw-p 00000000 00:00 0 
7f3be79f8000-7f3be7c5f000 ---p 00000000 00:00 0 
7f3be7c5f000-7f3be7c84000 rw-p 00000000 00:00 0 
7f3be7c84000-7f3be7da8000 ---p 00000000 00:00 0 
7f3be7da8000-7f3be7dc9000 rw-p 00000000 00:00 0 
7f3be7dc9000-7f3be8169000 ---p 00000000 00:00 0 
7f3be8169000-7f3be8939000 rwxp 00000000 00:00 0 
7f3be8939000-7f3bf7169000 ---p 00000000 00:00 0 
7f3bf7169000-7f3bf7184000 r-xp 00000000 08:05 8795852                    /usr/lib/jvm/java-8-oracle/jre/lib/amd64/libzip.so
7f3bf7184000-7f3bf7384000 ---p 0001b000 08:05 8795852                    /usr/lib/jvm/java-8-oracle/jre/lib/amd64/libzip.so
7f3bf7384000-7f3bf7385000 rw-p 0001b000 08:05 8795852                    /usr/lib/jvm/java-8-oracle/jre/lib/amd64/libzip.so
7f3bf7385000-7f3bf7390000 r-xp 00000000 08:05 8912980                    /lib/x86_64-linux-gnu/libnss_files-2.23.so
7f3bf7390000-7f3bf758f000 ---p 0000b000 08:05 8912980                    /lib/x86_64-linux-gnu/libnss_files-2.23.so
7f3bf758f000-7f3bf7590000 r--p 0000a000 08:05 8912980                    /lib/x86_64-linux-gnu/libnss_files-2.23.so
7f3bf7590000-7f3bf7591000 rw-p 0000b000 08:05 8912980                    /lib/x86_64-linux-gnu/libnss_files-2.23.so
7f3bf7591000-7f3bf7597000 rw-p 00000000 00:00 0 
7f3bf7597000-7f3bf75a2000 r-xp 00000000 08:05 8912983                    /lib/x86_64-linux-gnu/libnss_nis-2.23.so
7f3bf75a2000-7f3bf77a1000 ---p 0000b000 08:05 8912983                    /lib/x86_64-linux-gnu/libnss_nis-2.23.so
7f3bf77a1000-7f3bf77a2000 r--p 0000a000 08:05 8912983                    /lib/x86_64-linux-gnu/libnss_nis-2.23.so
7f3bf77a2000-7f3bf77a3000 rw-p 0000b000 08:05 8912983                    /lib/x86_64-linux-gnu/libnss_nis-2.23.so
7f3bf77a3000-7f3bf77b9000 r-xp 00000000 08:05 8912910                    /lib/x86_64-linux-gnu/libnsl-2.23.so
7f3bf77b9000-7f3bf79b8000 ---p 00016000 08:05 8912910                    /lib/x86_64-linux-gnu/libnsl-2.23.so
7f3bf79b8000-7f3bf79b9000 r--p 00015000 08:05 8912910                    /lib/x86_64-linux-gnu/libnsl-2.23.so
7f3bf79b9000-7f3bf79ba000 rw-p 00016000 08:05 8912910                    /lib/x86_64-linux-gnu/libnsl-2.23.so
7f3bf79ba000-7f3bf79bc000 rw-p 00000000 00:00 0 
7f3bf79bc000-7f3bf79c4000 r-xp 00000000 08:05 8912989                    /lib/x86_64-linux-gnu/libnss_compat-2.23.so
7f3bf79c4000-7f3bf7bc3000 ---p 00008000 08:05 8912989                    /lib/x86_64-linux-gnu/libnss_compat-2.23.so
7f3bf7bc3000-7f3bf7bc4000 r--p 00007000 08:05 8912989                    /lib/x86_64-linux-gnu/libnss_compat-2.23.so
7f3bf7bc4000-7f3bf7bc5000 rw-p 00008000 08:05 8912989                    /lib/x86_64-linux-gnu/libnss_compat-2.23.so
7f3bf7bc5000-7f3bf7bf0000 r-xp 00000000 08:05 8795846                    /usr/lib/jvm/java-8-oracle/jre/lib/amd64/libjava.so
7f3bf7bf0000-7f3bf7def000 ---p 0002b000 08:05 8795846                    /usr/lib/jvm/java-8-oracle/jre/lib/amd64/libjava.so
7f3bf7def000-7f3bf7df1000 rw-p 0002a000 08:05 8795846                    /usr/lib/jvm/java-8-oracle/jre/lib/amd64/libjava.so
7f3bf7df1000-7f3bf7dfe000 r-xp 00000000 08:05 8795851                    /usr/lib/jvm/java-8-oracle/jre/lib/amd64/libverify.so
7f3bf7dfe000-7f3bf7ffe000 ---p 0000d000 08:05 8795851                    /usr/lib/jvm/java-8-oracle/jre/lib/amd64/libverify.so
7f3bf7ffe000-7f3bf8000000 rw-p 0000d000 08:05 8795851                    /usr/lib/jvm/java-8-oracle/jre/lib/amd64/libverify.so
7f3bf8000000-7f3bf8b20000 rw-p 00000000 00:00 0 
7f3bf8b20000-7f3bfc000000 ---p 00000000 00:00 0 
7f3bfc000000-7f3bfc006000 r--s 0003f000 08:05 2243071                    /home/devcx/node_modules/netbeans-8.2/java/maven/lib/maven-compat-3.0.5.jar
7f3bfc006000-7f3bfc009000 r--s 0001d000 08:05 2243069                    /home/devcx/node_modules/netbeans-8.2/java/maven/lib/aether-impl-1.13.1.jar
7f3bfc009000-7f3bfc02a000 rw-p 00000000 00:00 0 
7f3bfc02a000-7f3bfc031000 r-xp 00000000 08:05 8912985                    /lib/x86_64-linux-gnu/librt-2.23.so
7f3bfc031000-7f3bfc230000 ---p 00007000 08:05 8912985                    /lib/x86_64-linux-gnu/librt-2.23.so
7f3bfc230000-7f3bfc231000 r--p 00006000 08:05 8912985                    /lib/x86_64-linux-gnu/librt-2.23.so
7f3bfc231000-7f3bfc232000 rw-p 00007000 08:05 8912985                    /lib/x86_64-linux-gnu/librt-2.23.so
7f3bfc232000-7f3bfc33a000 r-xp 00000000 08:05 8912994                    /lib/x86_64-linux-gnu/libm-2.23.so
7f3bfc33a000-7f3bfc539000 ---p 00108000 08:05 8912994                    /lib/x86_64-linux-gnu/libm-2.23.so
7f3bfc539000-7f3bfc53a000 r--p 00107000 08:05 8912994                    /lib/x86_64-linux-gnu/libm-2.23.so
7f3bfc53a000-7f3bfc53b000 rw-p 00108000 08:05 8912994                    /lib/x86_64-linux-gnu/libm-2.23.so
7f3bfc53b000-7f3bfd20e000 r-xp 00000000 08:05 8795829                    /usr/lib/jvm/java-8-oracle/jre/lib/amd64/server/libjvm.so
7f3bfd20e000-7f3bfd40d000 ---p 00cd3000 08:05 8795829                    /usr/lib/jvm/java-8-oracle/jre/lib/amd64/server/libjvm.so
7f3bfd40d000-7f3bfd4e7000 rw-p 00cd2000 08:05 8795829                    /usr/lib/jvm/java-8-oracle/jre/lib/amd64/server/libjvm.so
7f3bfd4e7000-7f3bfd532000 rw-p 00000000 00:00 0 
7f3bfd532000-7f3bfd6f2000 r-xp 00000000 08:05 8917478                    /lib/x86_64-linux-gnu/libc-2.23.so
7f3bfd6f2000-7f3bfd8f2000 ---p 001c0000 08:05 8917478                    /lib/x86_64-linux-gnu/libc-2.23.so
7f3bfd8f2000-7f3bfd8f6000 r--p 001c0000 08:05 8917478                    /lib/x86_64-linux-gnu/libc-2.23.so
7f3bfd8f6000-7f3bfd8f8000 rw-p 001c4000 08:05 8917478                    /lib/x86_64-linux-gnu/libc-2.23.so
7f3bfd8f8000-7f3bfd8fc000 rw-p 00000000 00:00 0 
7f3bfd8fc000-7f3bfd8ff000 r-xp 00000000 08:05 8912988                    /lib/x86_64-linux-gnu/libdl-2.23.so
7f3bfd8ff000-7f3bfdafe000 ---p 00003000 08:05 8912988                    /lib/x86_64-linux-gnu/libdl-2.23.so
7f3bfdafe000-7f3bfdaff000 r--p 00002000 08:05 8912988                    /lib/x86_64-linux-gnu/libdl-2.23.so
7f3bfdaff000-7f3bfdb00000 rw-p 00003000 08:05 8912988                    /lib/x86_64-linux-gnu/libdl-2.23.so
7f3bfdb00000-7f3bfdb16000 r-xp 00000000 08:05 8657984                    /usr/lib/jvm/java-8-oracle/lib/amd64/jli/libjli.so
7f3bfdb16000-7f3bfdd15000 ---p 00016000 08:05 8657984                    /usr/lib/jvm/java-8-oracle/lib/amd64/jli/libjli.so
7f3bfdd15000-7f3bfdd16000 rw-p 00015000 08:05 8657984                    /usr/lib/jvm/java-8-oracle/lib/amd64/jli/libjli.so
7f3bfdd16000-7f3bfdd2e000 r-xp 00000000 08:05 8912982                    /lib/x86_64-linux-gnu/libpthread-2.23.so
7f3bfdd2e000-7f3bfdf2d000 ---p 00018000 08:05 8912982                    /lib/x86_64-linux-gnu/libpthread-2.23.so
7f3bfdf2d000-7f3bfdf2e000 r--p 00017000 08:05 8912982                    /lib/x86_64-linux-gnu/libpthread-2.23.so
7f3bfdf2e000-7f3bfdf2f000 rw-p 00018000 08:05 8912982                    /lib/x86_64-linux-gnu/libpthread-2.23.so
7f3bfdf2f000-7f3bfdf33000 rw-p 00000000 00:00 0 
7f3bfdf33000-7f3bfdf59000 r-xp 00000000 08:05 8912913                    /lib/x86_64-linux-gnu/ld-2.23.so
7f3bfdf59000-7f3bfdf5b000 r--s 00009000 08:05 2243086                    /home/devcx/node_modules/netbeans-8.2/java/maven/lib/commons-cli-1.2.jar
7f3bfdf5b000-7f3bfdf5d000 r--s 00006000 08:05 2242847                    /home/devcx/node_modules/netbeans-8.2/java/maven/lib/maven-repository-metadata-3.0.5.jar
7f3bfdf5d000-7f3bfdf5f000 r--s 0000a000 08:05 2243057                    /home/devcx/node_modules/netbeans-8.2/java/maven/lib/maven-settings-3.0.5.jar
7f3bfdf5f000-7f3bfdf60000 r--s 00006000 08:05 2242996                    /home/devcx/node_modules/netbeans-8.2/java/maven/lib/plexus-sec-dispatcher-1.3.jar
7f3bfdf60000-7f3bfdf68000 r--s 00050000 08:05 2243027                    /home/devcx/node_modules/netbeans-8.2/java/maven/lib/sisu-guice-3.1.0-no_aop.jar
7f3bfdf68000-7f3bfdf6a000 r--s 00002000 08:05 2243075                    /home/devcx/node_modules/netbeans-8.2/java/maven/lib/plexus-cipher-1.7.jar
7f3bfdf6a000-7f3bfdf6e000 r--s 0001c000 08:05 2243070                    /home/devcx/node_modules/netbeans-8.2/java/maven/lib/aether-util-1.13.1.jar
7f3bfdf6e000-7f3bfe039000 rw-p 00000000 00:00 0 
7f3bfe039000-7f3bfe03c000 ---p 00000000 00:00 0 
7f3bfe03c000-7f3bfe13e000 rw-p 00000000 00:00 0 
7f3bfe13e000-7f3bfe13f000 r--s 00003000 08:05 2243077                    /home/devcx/node_modules/netbeans-8.2/java/maven/lib/aether-spi-1.13.1.jar
7f3bfe13f000-7f3bfe141000 r--s 0000d000 08:05 2242997                    /home/devcx/node_modules/netbeans-8.2/java/maven/lib/plexus-interpolation-1.14.jar
7f3bfe141000-7f3bfe143000 r--s 00026000 08:05 2243074                    /home/devcx/node_modules/netbeans-8.2/java/maven/lib/maven-model-3.0.5.jar
7f3bfe143000-7f3bfe14a000 r--s 0003f000 08:05 2243042                    /home/devcx/node_modules/netbeans-8.2/java/maven/lib/sisu-inject-bean-2.3.0.jar
7f3bfe14a000-7f3bfe14c000 r--s 0000a000 08:05 2243030                    /home/devcx/node_modules/netbeans-8.2/java/maven/boot/plexus-classworlds-2.4.jar
7f3bfe14c000-7f3bfe154000 rw-s 00000000 08:05 3156056                    /tmp/hsperfdata_devcx/11291
7f3bfe154000-7f3bfe155000 rw-p 00000000 00:00 0 
7f3bfe155000-7f3bfe156000 r--p 00000000 00:00 0 
7f3bfe156000-7f3bfe158000 rw-p 00000000 00:00 0 
7f3bfe158000-7f3bfe159000 r--p 00025000 08:05 8912913                    /lib/x86_64-linux-gnu/ld-2.23.so
7f3bfe159000-7f3bfe15a000 rw-p 00026000 08:05 8912913                    /lib/x86_64-linux-gnu/ld-2.23.so
7f3bfe15a000-7f3bfe15b000 rw-p 00000000 00:00 0 
7ffde11fe000-7ffde121f000 rw-p 00000000 00:00 0                          [stack]
7ffde13e9000-7ffde13eb000 r--p 00000000 00:00 0                          [vvar]
7ffde13eb000-7ffde13ed000 r-xp 00000000 00:00 0                          [vdso]
ffffffffff600000-ffffffffff601000 r-xp 00000000 00:00 0                  [vsyscall]

VM Arguments:
jvm_args: -Dclassworlds.conf=/home/devcx/node_modules/netbeans-8.2/java/maven/bin/m2.conf -Dmaven.home=/home/devcx/node_modules/netbeans-8.2/java/maven 
java_command: org.codehaus.plexus.classworlds.launcher.Launcher -Dnetbeans.deploy=true -Dmaven.ext.class.path=/home/devcx/node_modules/netbeans-8.2/java/maven-nblib/netbeans-eventspy.jar package
java_class_path (initial): /home/devcx/node_modules/netbeans-8.2/java/maven/boot/plexus-classworlds-2.4.jar
Launcher Type: SUN_STANDARD

Environment Variables:
JAVA_HOME=/usr/lib/jvm/java-8-oracle
PATH=/home/devcx/bin:/home/devcx/.local/bin:/usr/local/sbin:/usr/local/bin:/usr/sbin:/usr/bin:/sbin:/bin:/usr/games:/usr/local/games:/snap/bin:/usr/lib/jvm/java-8-oracle/bin:/usr/lib/jvm/java-8-oracle/db/bin:/usr/lib/jvm/java-8-oracle/jre/bin
LD_LIBRARY_PATH=/usr/lib/jvm/java-8-oracle/jre/lib/amd64:/usr/lib/jvm/java-8-oracle/jre/lib/i386:
SHELL=/bin/bash
DISPLAY=:0

Signal Handlers:
SIGSEGV: [libjvm.so+0xacbe10], sa_mask[0]=11111111011111111101111111111110, sa_flags=SA_RESTART|SA_SIGINFO
SIGBUS: [libjvm.so+0xacbe10], sa_mask[0]=11111111011111111101111111111110, sa_flags=SA_RESTART|SA_SIGINFO
SIGFPE: [libjvm.so+0x924f90], sa_mask[0]=11111111011111111101111111111110, sa_flags=SA_RESTART|SA_SIGINFO
SIGPIPE: [libjvm.so+0x924f90], sa_mask[0]=11111111011111111101111111111110, sa_flags=SA_RESTART|SA_SIGINFO
SIGXFSZ: [libjvm.so+0x924f90], sa_mask[0]=11111111011111111101111111111110, sa_flags=SA_RESTART|SA_SIGINFO
SIGILL: [libjvm.so+0x924f90], sa_mask[0]=11111111011111111101111111111110, sa_flags=SA_RESTART|SA_SIGINFO
SIGUSR1: SIG_DFL, sa_mask[0]=00000000000000000000000000000000, sa_flags=none
SIGUSR2: [libjvm.so+0x9267d0], sa_mask[0]=00100000000000000000000000000000, sa_flags=SA_RESTART|SA_SIGINFO
SIGHUP: [libjvm.so+0x927bd0], sa_mask[0]=11111111011111111101111111111110, sa_flags=SA_RESTART|SA_SIGINFO
SIGINT: SIG_IGN, sa_mask[0]=00000000000000000000000000000000, sa_flags=none
SIGTERM: [libjvm.so+0x927bd0], sa_mask[0]=11111111011111111101111111111110, sa_flags=SA_RESTART|SA_SIGINFO
SIGQUIT: [libjvm.so+0x927bd0], sa_mask[0]=11111111011111111101111111111110, sa_flags=SA_RESTART|SA_SIGINFO


---------------  S Y S T E M  ---------------

OS:DISTRIB_ID=Ubuntu
DISTRIB_RELEASE=16.04
DISTRIB_CODENAME=xenial
DISTRIB_DESCRIPTION="Ubuntu 16.04.3 LTS"

uname:Linux 4.4.0-101-generic #124-Ubuntu SMP Fri Nov 10 18:29:59 UTC 2017 x86_64
libc:glibc 2.23 NPTL 2.23 
rlimit: STACK 8192k, CORE 0k, NPROC 31392, NOFILE 1048576, AS infinity
load average:0,89 0,95 0,89

/proc/meminfo:
MemTotal:        8077220 kB
MemFree:         1623064 kB
MemAvailable:    4096628 kB
Buffers:          210408 kB
Cached:          2847268 kB
SwapCached:            0 kB
Active:          4438744 kB
Inactive:        1686212 kB
Active(anon):    3088716 kB
Inactive(anon):   421064 kB
Active(file):    1350028 kB
Inactive(file):  1265148 kB
Unevictable:         120 kB
Mlocked:             120 kB
SwapTotal:       4882428 kB
SwapFree:        4882428 kB
Dirty:               596 kB
Writeback:             0 kB
AnonPages:       3067464 kB
Mapped:           550336 kB
Shmem:            442504 kB
Slab:             204324 kB
SReclaimable:     158636 kB
SUnreclaim:        45688 kB
KernelStack:       13504 kB
PageTables:        56496 kB
NFS_Unstable:          0 kB
Bounce:                0 kB
WritebackTmp:          0 kB
CommitLimit:     8921036 kB
Committed_AS:   10129732 kB
VmallocTotal:   34359738367 kB
VmallocUsed:           0 kB
VmallocChunk:          0 kB
HardwareCorrupted:     0 kB
AnonHugePages:   1527808 kB
CmaTotal:              0 kB
CmaFree:               0 kB
HugePages_Total:       0
HugePages_Free:        0
HugePages_Rsvd:        0
HugePages_Surp:        0
Hugepagesize:       2048 kB
DirectMap4k:      193132 kB
DirectMap2M:     8099840 kB


CPU:total 4 (initial active 4) (2 cores per cpu, 2 threads per core) family 6 model 42 stepping 7, cmov, cx8, fxsr, mmx, sse, sse2, sse3, ssse3, sse4.1, sse4.2, popcnt, avx, aes, clmul, ht, tsc, tscinvbit

/proc/cpuinfo:
processor	: 0
vendor_id	: GenuineIntel
cpu family	: 6
model		: 42
model name	: Intel(R) Core(TM) i5-2410M CPU @ 2.30GHz
stepping	: 7
microcode	: 0x25
cpu MHz		: 2699.984
cache size	: 3072 KB
physical id	: 0
siblings	: 4
core id		: 0
cpu cores	: 2
apicid		: 0
initial apicid	: 0
fpu		: yes
fpu_exception	: yes
cpuid level	: 13
wp		: yes
flags		: fpu vme de pse tsc msr pae mce cx8 apic sep mtrr pge mca cmov pat pse36 clflush dts acpi mmx fxsr sse sse2 ss ht tm pbe syscall nx rdtscp lm constant_tsc arch_perfmon pebs bts rep_good nopl xtopology nonstop_tsc aperfmperf eagerfpu pni pclmulqdq dtes64 monitor ds_cpl vmx est tm2 ssse3 cx16 xtpr pdcm pcid sse4_1 sse4_2 x2apic popcnt tsc_deadline_timer aes xsave avx lahf_lm epb tpr_shadow vnmi flexpriority ept vpid xsaveopt dtherm ida arat pln pts
bugs		:
bogomips	: 4589.89
clflush size	: 64
cache_alignment	: 64
address sizes	: 36 bits physical, 48 bits virtual
power management:

processor	: 1
vendor_id	: GenuineIntel
cpu family	: 6
model		: 42
model name	: Intel(R) Core(TM) i5-2410M CPU @ 2.30GHz
stepping	: 7
microcode	: 0x25
cpu MHz		: 2699.984
cache size	: 3072 KB
physical id	: 0
siblings	: 4
core id		: 1
cpu cores	: 2
apicid		: 2
initial apicid	: 2
fpu		: yes
fpu_exception	: yes
cpuid level	: 13
wp		: yes
flags		: fpu vme de pse tsc msr pae mce cx8 apic sep mtrr pge mca cmov pat pse36 clflush dts acpi mmx fxsr sse sse2 ss ht tm pbe syscall nx rdtscp lm constant_tsc arch_perfmon pebs bts rep_good nopl xtopology nonstop_tsc aperfmperf eagerfpu pni pclmulqdq dtes64 monitor ds_cpl vmx est tm2 ssse3 cx16 xtpr pdcm pcid sse4_1 sse4_2 x2apic popcnt tsc_deadline_timer aes xsave avx lahf_lm epb tpr_shadow vnmi flexpriority ept vpid xsaveopt dtherm ida arat pln pts
bugs		:
bogomips	: 4589.89
clflush size	: 64
cache_alignment	: 64
address sizes	: 36 bits physical, 48 bits virtual
power management:

processor	: 2
vendor_id	: GenuineIntel
cpu family	: 6
model		: 42
model name	: Intel(R) Core(TM) i5-2410M CPU @ 2.30GHz
stepping	: 7
microcode	: 0x25
cpu MHz		: 2699.984
cache size	: 3072 KB
physical id	: 0
siblings	: 4
core id		: 0
cpu cores	: 2
apicid		: 1
initial apicid	: 1
fpu		: yes
fpu_exception	: yes
cpuid level	: 13
wp		: yes
flags		: fpu vme de pse tsc msr pae mce cx8 apic sep mtrr pge mca cmov pat pse36 clflush dts acpi mmx fxsr sse sse2 ss ht tm pbe syscall nx rdtscp lm constant_tsc arch_perfmon pebs bts rep_good nopl xtopology nonstop_tsc aperfmperf eagerfpu pni pclmulqdq dtes64 monitor ds_cpl vmx est tm2 ssse3 cx16 xtpr pdcm pcid sse4_1 sse4_2 x2apic popcnt tsc_deadline_timer aes xsave avx lahf_lm epb tpr_shadow vnmi flexpriority ept vpid xsaveopt dtherm ida arat pln pts
bugs		:
bogomips	: 4589.89
clflush size	: 64
cache_alignment	: 64
address sizes	: 36 bits physical, 48 bits virtual
power management:

processor	: 3
vendor_id	: GenuineIntel
cpu family	: 6
model		: 42
model name	: Intel(R) Core(TM) i5-2410M CPU @ 2.30GHz
stepping	: 7
microcode	: 0x25
cpu MHz		: 2699.984
cache size	: 3072 KB
physical id	: 0
siblings	: 4
core id		: 1
cpu cores	: 2
apicid		: 3
initial apicid	: 3
fpu		: yes
fpu_exception	: yes
cpuid level	: 13
wp		: yes
flags		: fpu vme de pse tsc msr pae mce cx8 apic sep mtrr pge mca cmov pat pse36 clflush dts acpi mmx fxsr sse sse2 ss ht tm pbe syscall nx rdtscp lm constant_tsc arch_perfmon pebs bts rep_good nopl xtopology nonstop_tsc aperfmperf eagerfpu pni pclmulqdq dtes64 monitor ds_cpl vmx est tm2 ssse3 cx16 xtpr pdcm pcid sse4_1 sse4_2 x2apic popcnt tsc_deadline_timer aes xsave avx lahf_lm epb tpr_shadow vnmi flexpriority ept vpid xsaveopt dtherm ida arat pln pts
bugs		:
bogomips	: 4589.89
clflush size	: 64
cache_alignment	: 64
address sizes	: 36 bits physical, 48 bits virtual
power management:



Memory: 4k page, physical 8077220k(1623064k free), swap 4882428k(4882428k free)

vm_info: Java HotSpot(TM) 64-Bit Server VM (25.151-b12) for linux-amd64 JRE (1.8.0_151-b12), built on Sep  5 2017 19:20:58 by "java_re" with gcc 4.3.0 20080428 (Red Hat 4.3.0-8)

time: Wed Nov 22 19:04:09 2017
elapsed time: 2 seconds (0d 0h 0m 2s)

