#
# A fatal error has been detected by the Java Runtime Environment:
#
#  SIGSEGV (0xb) at pc=0x00007f69dc8d7fd5, pid=18890, tid=0x00007f69da3b5700
#
# JRE version: Java(TM) SE Runtime Environment (8.0_151-b12) (build 1.8.0_151-b12)
# Java VM: Java HotSpot(TM) 64-Bit Server VM (25.151-b12 mixed mode linux-amd64 compressed oops)
# Problematic frame:
# V  [libjvm.so+0x64bfd5]  InstanceKlass::oop_follow_contents(ParCompactionManager*, oopDesc*)+0x2d5
#
# Failed to write core dump. Core dumps have been disabled. To enable core dumping, try "ulimit -c unlimited" before starting Java again
#
# If you would like to submit a bug report, please visit:
#   http://bugreport.java.com/bugreport/crash.jsp
#

---------------  T H R E A D  ---------------

Current thread (0x00007f69d4021000):  GCTaskThread [stack: 0x00007f69da2b5000,0x00007f69da3b6000] [id=18894]

siginfo: si_signo: 11 (SIGSEGV), si_code: 128 (SI_KERNEL), si_addr: 0x0000000000000000

Registers:
RAX=0x00007f69c1260000, RBX=0x0000000048802258, RCX=0x000000000000000b, RDX=0x007fffffffe1e011
RSP=0x00007f69da3b4980, RBP=0x00007f69da3b49e0, RSI=0x0000000000000800, RDI=0x00000001000016d0
R8 =0x00000000e6b50df0, R9 =0x1000000000000000, R10=0x0000000000000003, R11=0x00007f69dd251f60
R12=0x00007f69dd255f80, R13=0x00000000e6b50dec, R14=0x00007f69d4021320, R15=0x00007f69d40748c0
RIP=0x00007f69dc8d7fd5, EFLAGS=0x0000000000010206, CSGSFS=0x0000000000000033, ERR=0x0000000000000000
  TRAPNO=0x000000000000000d

Top of Stack: (sp=0x00007f69da3b4980)
0x00007f69da3b4980:   000000000000000f 00000000e6b50de0
0x00007f69da3b4990:   0000000100001938 0000000100001940
0x00007f69da3b49a0:   00007f69dd20aae8 00007f69d4074900
0x00007f69da3b49b0:   00000000850f18d0 00007f69dd251f60
0x00007f69da3b49c0:   00007f69d40748c0 00007f69d40748c0
0x00007f69da3b49d0:   00007f69d4021320 00007f69dcde1168
0x00007f69da3b49e0:   00007f69da3b4b70 00007f69dcc0bea2
0x00007f69da3b49f0:   00000000da930728 0000000000000005
0x00007f69da3b4a00:   00007f69d40748d0 00007f69da3b4b20
0x00007f69da3b4a10:   00007f69da3b4af0 00007f69da3b4ad0
0x00007f69da3b4a20:   00007f69da3b4ac0 00007f69da3b4ab0
0x00007f69da3b4a30:   00007f69da3b4aa0 00007f69da3b4a90
0x00007f69da3b4a40:   00007f69da3b4aa0 00007f69d4074980
0x00007f69da3b4a50:   00000000e73eb1b5 00007f69dd2560f0
0x00007f69da3b4a60:   00000000e748c095 00007f69d4074f60
0x00007f69da3b4a70:   00007f69d4074f00 00000000e752ff38
0x00007f69da3b4a80:   00007f69d4074900 00007f69da3b4b38
0x00007f69da3b4a90:   00007f69da3b4ab0 00007f69dcc25abe
0x00007f69da3b4aa0:   00007f69d4073960 00000000e752ff88
0x00007f69da3b4ab0:   00007f69da3b4b30 00007f69dcc266d8
0x00007f69da3b4ac0:   00007f69da3b4b20 00007f69d4074f00
0x00007f69da3b4ad0:   00007f69da3b4b30 00007f69dc8df210
0x00007f69da3b4ae0:   00007f69d4021f28 0000000000000000
0x00007f69da3b4af0:   00000000e6b58000 00007f69d40748c0
0x00007f69da3b4b00:   00007f69da3b4b30 00007f69dcc19f8c
0x00007f69da3b4b10:   00007f69d4074f00 000000000000001f
0x00007f69da3b4b20:   00000000000000f8 00007f69d40a9450
0x00007f69da3b4b30:   00007f69da3b4b70 00000000e6b50de0
0x00007f69da3b4b40:   00007f69da3b4bb0 00007f69d4026c10
0x00007f69da3b4b50:   00007f69da3b4c30 00007f69d40748c0
0x00007f69da3b4b60:   00007f69d4021320 00007f69dcde1168
0x00007f69da3b4b70:   00007f69da3b4c70 00007f69dcbf1408 

Instructions: (pc=0x00007f69dc8d7fd5)
0x00007f69dc8d7fb5:   49 8b 44 24 30 48 c1 ee 03 48 d3 ee 48 89 f2 89
0x00007f69dc8d7fc5:   f1 be 01 00 00 00 83 e1 3f 48 c1 ea 06 48 d3 e6
0x00007f69dc8d7fd5:   48 85 34 d0 75 95 48 8b 05 ce dd 92 00 0f b6 10
0x00007f69dc8d7fe5:   84 d2 0f 85 b3 01 00 00 48 8b 7b 08 8b 77 08 83 

Register to memory mapping:

RAX=0x00007f69c1260000 is pointing into the stack for thread: 0x00007f69d4084000
RBX=0x0000000048802258 is an unknown value
RCX=0x000000000000000b is an unknown value
RDX=0x007fffffffe1e011 is an unknown value
RSP=0x00007f69da3b4980 is an unknown value
RBP=0x00007f69da3b49e0 is an unknown value
RSI=0x0000000000000800 is an unknown value
RDI=0x00000001000016d0 is pointing into metadata
R8 =0x00000000e6b50df0 is an unknown value
R9 =0x1000000000000000 is an unknown value
R10=0x0000000000000003 is an unknown value
R11=0x00007f69dd251f60: <offset 0xfc5f60> in /usr/lib/jvm/java-8-oracle/jre/lib/amd64/server/libjvm.so at 0x00007f69dc28c000
R12=0x00007f69dd255f80: <offset 0xfc9f80> in /usr/lib/jvm/java-8-oracle/jre/lib/amd64/server/libjvm.so at 0x00007f69dc28c000
R13=0x00000000e6b50dec is an unknown value
R14=0x00007f69d4021320 is an unknown value
R15=0x00007f69d40748c0 is an unknown value


Stack: [0x00007f69da2b5000,0x00007f69da3b6000],  sp=0x00007f69da3b4980,  free space=1022k
Native frames: (J=compiled Java code, j=interpreted, Vv=VM code, C=native code)
V  [libjvm.so+0x64bfd5]  InstanceKlass::oop_follow_contents(ParCompactionManager*, oopDesc*)+0x2d5
V  [libjvm.so+0x97fea2]  ParCompactionManager::follow_marking_stacks()+0x232
V  [libjvm.so+0x965408]  MarkFromRootsTask::do_it(GCTaskManager*, unsigned int)+0x88
V  [libjvm.so+0x5daecf]  GCTaskThread::run()+0x12f
V  [libjvm.so+0x92a728]  java_start(Thread*)+0x108


---------------  P R O C E S S  ---------------

Java Threads: ( => current thread )
  0x00007f69d4a2e000 JavaThread "resolver-4" daemon [_thread_blocked, id=18993, stack(0x00007f69b3cfd000,0x00007f69b3dfe000)]
  0x00007f69d47f8000 JavaThread "resolver-3" daemon [_thread_blocked, id=18992, stack(0x00007f69b3dfe000,0x00007f69b3eff000)]
  0x00007f69d4a24800 JavaThread "resolver-2" daemon [_thread_blocked, id=18991, stack(0x00007f69b3eff000,0x00007f69b4000000)]
  0x00007f69d4a24000 JavaThread "resolver-1" daemon [_thread_blocked, id=18990, stack(0x00007f69b8023000,0x00007f69b8124000)]
  0x00007f69d45fe000 JavaThread "process reaper" daemon [_thread_blocked, id=18911, stack(0x00007f69c0437000,0x00007f69c0470000)]
  0x00007f69d40c1800 JavaThread "Service Thread" daemon [_thread_blocked, id=18904, stack(0x00007f69c0981000,0x00007f69c0a82000)]
  0x00007f69d40be000 JavaThread "C1 CompilerThread2" daemon [_thread_blocked, id=18903, stack(0x00007f69c0a82000,0x00007f69c0b83000)]
  0x00007f69d40bc800 JavaThread "C2 CompilerThread1" daemon [_thread_blocked, id=18902, stack(0x00007f69c0b83000,0x00007f69c0c84000)]
  0x00007f69d40b9800 JavaThread "C2 CompilerThread0" daemon [_thread_blocked, id=18901, stack(0x00007f69c0c84000,0x00007f69c0d85000)]
  0x00007f69d40b8000 JavaThread "Signal Dispatcher" daemon [_thread_blocked, id=18900, stack(0x00007f69c0d85000,0x00007f69c0e86000)]
  0x00007f69d4084000 JavaThread "Finalizer" daemon [_thread_blocked, id=18899, stack(0x00007f69c115f000,0x00007f69c1260000)]
  0x00007f69d407f800 JavaThread "Reference Handler" daemon [_thread_blocked, id=18898, stack(0x00007f69d80a6000,0x00007f69d81a7000)]
  0x00007f69d400a000 JavaThread "main" [_thread_blocked, id=18892, stack(0x00007f69ddd8a000,0x00007f69dde8b000)]

Other Threads:
  0x00007f69d4077800 VMThread [stack: 0x00007f69d81a7000,0x00007f69d82a8000] [id=18897]
  0x00007f69d40c4000 WatcherThread [stack: 0x00007f69c0880000,0x00007f69c0981000] [id=18905]

=>0x00007f69d4021000 (exited) GCTaskThread [stack: 0x00007f69da2b5000,0x00007f69da3b6000] [id=18894]

VM state:at safepoint (normal execution)

VM Mutex/Monitor currently owned by a thread:  ([mutex/lock_event])
[0x00007f69d4006240] Threads_lock - owner thread: 0x00007f69d4077800
[0x00007f69d4006740] Heap_lock - owner thread: 0x00007f69d400a000

Heap:
 PSYoungGen      total 190976K, used 12293K [0x00000000d6f00000, 0x00000000e7780000, 0x0000000100000000)
  eden space 178176K, 0% used [0x00000000d6f00000,0x00000000d6f00000,0x00000000e1d00000)
  from space 12800K, 96% used [0x00000000e6b00000,0x00000000e77014d0,0x00000000e7780000)
  to   space 15360K, 0% used [0x00000000e5980000,0x00000000e5980000,0x00000000e6880000)
 ParOldGen       total 74752K, used 19366K [0x0000000084c00000, 0x0000000089500000, 0x00000000d6f00000)
  object space 74752K, 25% used [0x0000000084c00000,0x0000000085ee9a78,0x0000000089500000)
 Metaspace       used 25970K, capacity 26708K, committed 26880K, reserved 1073152K
  class space    used 3094K, capacity 3311K, committed 3328K, reserved 1048576K

Card table byte_map: [0x00007f69da749000,0x00007f69dab24000] byte_map_base: 0x00007f69da323000

Marking Bits: (ParMarkBitMap*) 0x00007f69dd255f80
 Begin Bits: [0x00007f69c1260000, 0x00007f69c3130000)
 End Bits:   [0x00007f69c3130000, 0x00007f69c5000000)

Polling page: 0x00007f69ddea6000

CodeCache: size=245760Kb used=12537Kb max_used=13892Kb free=233222Kb
 bounds [0x00007f69c5000000, 0x00007f69c5da0000, 0x00007f69d4000000]
 total_blobs=4506 nmethods=4132 adapters=287
 compilation: enabled

Compilation events (10 events):
Event: 7,538 Thread 0x00007f69d40be000 nmethod 4450 0x00007f69c537af90 code [0x00007f69c537b0e0, 0x00007f69c537b1f0]
Event: 7,539 Thread 0x00007f69d40be000 4452       3       java.util.concurrent.ConcurrentHashMap::remove (8 bytes)
Event: 7,540 Thread 0x00007f69d40be000 nmethod 4452 0x00007f69c5252c50 code [0x00007f69c5252dc0, 0x00007f69c5252fe8]
Event: 7,540 Thread 0x00007f69d40be000 4453       3       org.sonatype.aether.impl.internal.SimpleLocalRepositoryManager::getPathForArtifact (172 bytes)
Event: 7,540 Thread 0x00007f69d40bc800 nmethod 4433 0x00007f69c5542b50 code [0x00007f69c5543160, 0x00007f69c5543e10]
Event: 7,541 Thread 0x00007f69d40bc800 4443 %     4       java.util.IdentityHashMap::clear @ 17 (39 bytes)
Event: 7,545 Thread 0x00007f69d40be000 nmethod 4453 0x00007f69c5478810 code [0x00007f69c5478d40, 0x00007f69c547c358]
Event: 7,547 Thread 0x00007f69d40bc800 nmethod 4443% 0x00007f69c527bad0 code [0x00007f69c527bc20, 0x00007f69c527bdf8]
Event: 7,547 Thread 0x00007f69d40bc800 4451       4       org.sonatype.guice.bean.locators.LocatedBeans$Itr::hasNext (169 bytes)
Event: 7,551 Thread 0x00007f69d40be000 4464       3       java.lang.Integer::parseInt (261 bytes)

GC Heap History (10 events):
Event: 3,623 GC heap after
Heap after GC invocations=5 (full 0):
 PSYoungGen      total 68608K, used 5120K [0x00000000d6f00000, 0x00000000dfe00000, 0x0000000100000000)
  eden space 63488K, 0% used [0x00000000d6f00000,0x00000000d6f00000,0x00000000dad00000)
  from space 5120K, 100% used [0x00000000dad00000,0x00000000db200000,0x00000000db200000)
  to   space 9728K, 0% used [0x00000000df480000,0x00000000df480000,0x00000000dfe00000)
 ParOldGen       total 84992K, used 8242K [0x0000000084c00000, 0x0000000089f00000, 0x00000000d6f00000)
  object space 84992K, 9% used [0x0000000084c00000,0x000000008540c858,0x0000000089f00000)
 Metaspace       used 18424K, capacity 19000K, committed 19072K, reserved 1067008K
  class space    used 2259K, capacity 2428K, committed 2432K, reserved 1048576K
}
Event: 4,695 GC heap before
{Heap before GC invocations=6 (full 0):
 PSYoungGen      total 68608K, used 68608K [0x00000000d6f00000, 0x00000000dfe00000, 0x0000000100000000)
  eden space 63488K, 100% used [0x00000000d6f00000,0x00000000dad00000,0x00000000dad00000)
  from space 5120K, 100% used [0x00000000dad00000,0x00000000db200000,0x00000000db200000)
  to   space 9728K, 0% used [0x00000000df480000,0x00000000df480000,0x00000000dfe00000)
 ParOldGen       total 84992K, used 8242K [0x0000000084c00000, 0x0000000089f00000, 0x00000000d6f00000)
  object space 84992K, 9% used [0x0000000084c00000,0x000000008540c858,0x0000000089f00000)
 Metaspace       used 19970K, capacity 20504K, committed 20736K, reserved 1067008K
  class space    used 2377K, capacity 2524K, committed 2560K, reserved 1048576K
Event: 4,733 GC heap after
Heap after GC invocations=6 (full 0):
 PSYoungGen      total 131584K, used 9720K [0x00000000d6f00000, 0x00000000e0800000, 0x0000000100000000)
  eden space 121856K, 0% used [0x00000000d6f00000,0x00000000d6f00000,0x00000000de600000)
  from space 9728K, 99% used [0x00000000df480000,0x00000000dfdfe318,0x00000000dfe00000)
  to   space 14848K, 0% used [0x00000000de600000,0x00000000de600000,0x00000000df480000)
 ParOldGen       total 84992K, used 14882K [0x0000000084c00000, 0x0000000089f00000, 0x00000000d6f00000)
  object space 84992K, 17% used [0x0000000084c00000,0x0000000085a88bb0,0x0000000089f00000)
 Metaspace       used 19970K, capacity 20504K, committed 20736K, reserved 1067008K
  class space    used 2377K, capacity 2524K, committed 2560K, reserved 1048576K
}
Event: 5,251 GC heap before
{Heap before GC invocations=7 (full 0):
 PSYoungGen      total 131584K, used 43941K [0x00000000d6f00000, 0x00000000e0800000, 0x0000000100000000)
  eden space 121856K, 28% used [0x00000000d6f00000,0x00000000d906b3e0,0x00000000de600000)
  from space 9728K, 99% used [0x00000000df480000,0x00000000dfdfe318,0x00000000dfe00000)
  to   space 14848K, 0% used [0x00000000de600000,0x00000000de600000,0x00000000df480000)
 ParOldGen       total 84992K, used 14882K [0x0000000084c00000, 0x0000000089f00000, 0x00000000d6f00000)
  object space 84992K, 17% used [0x0000000084c00000,0x0000000085a88bb0,0x0000000089f00000)
 Metaspace       used 20612K, capacity 21154K, committed 21296K, reserved 1069056K
  class space    used 2446K, capacity 2637K, committed 2688K, reserved 1048576K
Event: 5,273 GC heap after
Heap after GC invocations=7 (full 0):
 PSYoungGen      total 136704K, used 9272K [0x00000000d6f00000, 0x00000000e7900000, 0x0000000100000000)
  eden space 121856K, 0% used [0x00000000d6f00000,0x00000000d6f00000,0x00000000de600000)
  from space 14848K, 62% used [0x00000000de600000,0x00000000def0e048,0x00000000df480000)
  to   space 14336K, 0% used [0x00000000e6b00000,0x00000000e6b00000,0x00000000e7900000)
 ParOldGen       total 84992K, used 17328K [0x0000000084c00000, 0x0000000089f00000, 0x00000000d6f00000)
  object space 84992K, 20% used [0x0000000084c00000,0x0000000085cec3f0,0x0000000089f00000)
 Metaspace       used 20612K, capacity 21154K, committed 21296K, reserved 1069056K
  class space    used 2446K, capacity 2637K, committed 2688K, reserved 1048576K
}
Event: 5,274 GC heap before
{Heap before GC invocations=8 (full 1):
 PSYoungGen      total 136704K, used 9272K [0x00000000d6f00000, 0x00000000e7900000, 0x0000000100000000)
  eden space 121856K, 0% used [0x00000000d6f00000,0x00000000d6f00000,0x00000000de600000)
  from space 14848K, 62% used [0x00000000de600000,0x00000000def0e048,0x00000000df480000)
  to   space 14336K, 0% used [0x00000000e6b00000,0x00000000e6b00000,0x00000000e7900000)
 ParOldGen       total 84992K, used 17328K [0x0000000084c00000, 0x0000000089f00000, 0x00000000d6f00000)
  object space 84992K, 20% used [0x0000000084c00000,0x0000000085cec3f0,0x0000000089f00000)
 Metaspace       used 20612K, capacity 21154K, committed 21296K, reserved 1069056K
  class space    used 2446K, capacity 2637K, committed 2688K, reserved 1048576K
Event: 5,434 GC heap after
Heap after GC invocations=8 (full 1):
 PSYoungGen      total 136704K, used 0K [0x00000000d6f00000, 0x00000000e7900000, 0x0000000100000000)
  eden space 121856K, 0% used [0x00000000d6f00000,0x00000000d6f00000,0x00000000de600000)
  from space 14848K, 0% used [0x00000000de600000,0x00000000de600000,0x00000000df480000)
  to   space 14336K, 0% used [0x00000000e6b00000,0x00000000e6b00000,0x00000000e7900000)
 ParOldGen       total 74752K, used 19358K [0x0000000084c00000, 0x0000000089500000, 0x00000000d6f00000)
  object space 74752K, 25% used [0x0000000084c00000,0x0000000085ee7a78,0x0000000089500000)
 Metaspace       used 20612K, capacity 21154K, committed 21296K, reserved 1069056K
  class space    used 2446K, capacity 2637K, committed 2688K, reserved 1048576K
}
Event: 7,556 GC heap before
{Heap before GC invocations=9 (full 1):
 PSYoungGen      total 136704K, used 93560K [0x00000000d6f00000, 0x00000000e7900000, 0x0000000100000000)
  eden space 121856K, 76% used [0x00000000d6f00000,0x00000000dca5e1e8,0x00000000de600000)
  from space 14848K, 0% used [0x00000000de600000,0x00000000de600000,0x00000000df480000)
  to   space 14336K, 0% used [0x00000000e6b00000,0x00000000e6b00000,0x00000000e7900000)
 ParOldGen       total 74752K, used 19358K [0x0000000084c00000, 0x0000000089500000, 0x00000000d6f00000)
  object space 74752K, 25% used [0x0000000084c00000,0x0000000085ee7a78,0x0000000089500000)
 Metaspace       used 25970K, capacity 26708K, committed 26880K, reserved 1073152K
  class space    used 3094K, capacity 3311K, committed 3328K, reserved 1048576K
Event: 7,577 GC heap after
Heap after GC invocations=9 (full 1):
 PSYoungGen      total 190976K, used 12293K [0x00000000d6f00000, 0x00000000e7780000, 0x0000000100000000)
  eden space 178176K, 0% used [0x00000000d6f00000,0x00000000d6f00000,0x00000000e1d00000)
  from space 12800K, 96% used [0x00000000e6b00000,0x00000000e77014d0,0x00000000e7780000)
  to   space 15360K, 0% used [0x00000000e5980000,0x00000000e5980000,0x00000000e6880000)
 ParOldGen       total 74752K, used 19366K [0x0000000084c00000, 0x0000000089500000, 0x00000000d6f00000)
  object space 74752K, 25% used [0x0000000084c00000,0x0000000085ee9a78,0x0000000089500000)
 Metaspace       used 25970K, capacity 26708K, committed 26880K, reserved 1073152K
  class space    used 3094K, capacity 3311K, committed 3328K, reserved 1048576K
}
Event: 7,577 GC heap before
{Heap before GC invocations=10 (full 2):
 PSYoungGen      total 190976K, used 12293K [0x00000000d6f00000, 0x00000000e7780000, 0x0000000100000000)
  eden space 178176K, 0% used [0x00000000d6f00000,0x00000000d6f00000,0x00000000e1d00000)
  from space 12800K, 96% used [0x00000000e6b00000,0x00000000e77014d0,0x00000000e7780000)
  to   space 15360K, 0% used [0x00000000e5980000,0x00000000e5980000,0x00000000e6880000)
 ParOldGen       total 74752K, used 19366K [0x0000000084c00000, 0x0000000089500000, 0x00000000d6f00000)
  object space 74752K, 25% used [0x0000000084c00000,0x0000000085ee9a78,0x0000000089500000)
 Metaspace       used 25970K, capacity 26708K, committed 26880K, reserved 1073152K
  class space    used 3094K, capacity 3311K, committed 3328K, reserved 1048576K

Deoptimization events (10 events):
Event: 7,414 Thread 0x00007f69d469e000 Uncommon trap: reason=class_check action=maybe_recompile pc=0x00007f69c5ad352c method=java.util.Hashtable.put(Ljava/lang/Object;Ljava/lang/Object;)Ljava/lang/Object; @ 18
Event: 7,414 Thread 0x00007f69d469e000 Uncommon trap: reason=class_check action=maybe_recompile pc=0x00007f69c5ad352c method=java.util.Hashtable.put(Ljava/lang/Object;Ljava/lang/Object;)Ljava/lang/Object; @ 18
Event: 7,414 Thread 0x00007f69d469e000 Uncommon trap: reason=class_check action=maybe_recompile pc=0x00007f69c5ad352c method=java.util.Hashtable.put(Ljava/lang/Object;Ljava/lang/Object;)Ljava/lang/Object; @ 18
Event: 7,415 Thread 0x00007f69d469e000 Uncommon trap: reason=class_check action=maybe_recompile pc=0x00007f69c5ad352c method=java.util.Hashtable.put(Ljava/lang/Object;Ljava/lang/Object;)Ljava/lang/Object; @ 18
Event: 7,415 Thread 0x00007f69d469e000 Uncommon trap: reason=class_check action=maybe_recompile pc=0x00007f69c568b184 method=java.util.Hashtable.addEntry(ILjava/lang/Object;Ljava/lang/Object;I)V @ 38
Event: 7,415 Thread 0x00007f69d469e000 Uncommon trap: reason=class_check action=maybe_recompile pc=0x00007f69c568b184 method=java.util.Hashtable.addEntry(ILjava/lang/Object;Ljava/lang/Object;I)V @ 38
Event: 7,435 Thread 0x00007f69d469e000 Uncommon trap: reason=class_check action=maybe_recompile pc=0x00007f69c568b184 method=java.util.Hashtable.addEntry(ILjava/lang/Object;Ljava/lang/Object;I)V @ 38
Event: 7,549 Thread 0x00007f69d400a000 Uncommon trap: reason=unstable_if action=reinterpret pc=0x00007f69c5729154 method=java.lang.String.charAt(I)C @ 10
Event: 7,550 Thread 0x00007f69d400a000 Uncommon trap: reason=bimorphic action=maybe_recompile pc=0x00007f69c5d64638 method=java.util.regex.Pattern$CharProperty.match(Ljava/util/regex/Matcher;ILjava/lang/CharSequence;)Z @ 37
Event: 7,550 Thread 0x00007f69d400a000 Uncommon trap: reason=bimorphic action=maybe_recompile pc=0x00007f69c5d64638 method=java.util.regex.Pattern$CharProperty.match(Ljava/util/regex/Matcher;ILjava/lang/CharSequence;)Z @ 37

Internal exceptions (10 events):
Event: 6,125 Thread 0x00007f69d400a000 Exception <a 'java/io/FileNotFoundException'> (0x00000000d966c988) thrown at [/HUDSON/workspace/8-2-build-linux-amd64/jdk8u151/9699/hotspot/src/share/vm/prims/jni.cpp, line 709]
Event: 6,125 Thread 0x00007f69d400a000 Exception <a 'java/io/FileNotFoundException'> (0x00000000d966d630) thrown at [/HUDSON/workspace/8-2-build-linux-amd64/jdk8u151/9699/hotspot/src/share/vm/prims/jni.cpp, line 709]
Event: 6,125 Thread 0x00007f69d400a000 Exception <a 'java/io/FileNotFoundException'> (0x00000000d966e2f0) thrown at [/HUDSON/workspace/8-2-build-linux-amd64/jdk8u151/9699/hotspot/src/share/vm/prims/jni.cpp, line 709]
Event: 6,125 Thread 0x00007f69d400a000 Exception <a 'java/io/FileNotFoundException'> (0x00000000d966efb8) thrown at [/HUDSON/workspace/8-2-build-linux-amd64/jdk8u151/9699/hotspot/src/share/vm/prims/jni.cpp, line 709]
Event: 6,125 Thread 0x00007f69d400a000 Exception <a 'java/io/FileNotFoundException'> (0x00000000d966fc58) thrown at [/HUDSON/workspace/8-2-build-linux-amd64/jdk8u151/9699/hotspot/src/share/vm/prims/jni.cpp, line 709]
Event: 6,135 Thread 0x00007f69d400a000 Exception <a 'java/io/FileNotFoundException'> (0x00000000d9670900) thrown at [/HUDSON/workspace/8-2-build-linux-amd64/jdk8u151/9699/hotspot/src/share/vm/prims/jni.cpp, line 709]
Event: 6,135 Thread 0x00007f69d400a000 Exception <a 'java/io/FileNotFoundException'> (0x00000000d96715c0) thrown at [/HUDSON/workspace/8-2-build-linux-amd64/jdk8u151/9699/hotspot/src/share/vm/prims/jni.cpp, line 709]
Event: 6,135 Thread 0x00007f69d400a000 Exception <a 'java/io/FileNotFoundException'> (0x00000000d96722b0) thrown at [/HUDSON/workspace/8-2-build-linux-amd64/jdk8u151/9699/hotspot/src/share/vm/prims/jni.cpp, line 709]
Event: 6,645 Thread 0x00007f69d400a000 Exception <a 'java/lang/NoClassDefFoundError': org/slf4j/Logger> (0x00000000dacd6328) thrown at [/HUDSON/workspace/8-2-build-linux-amd64/jdk8u151/9699/hotspot/src/share/vm/oops/constantPool.cpp, line 235]
Event: 6,807 Thread 0x00007f69d4a24800 Implicit null exception at 0x00007f69c576f448 to 0x00007f69c576f501

Events (10 events):
Event: 7,549 Thread 0x00007f69d400a000 Uncommon trap: trap_request=0xffffff65 fr.pc=0x00007f69c5729154
Event: 7,549 Thread 0x00007f69d400a000 DEOPT PACKING pc=0x00007f69c5729154 sp=0x00007f69dde87f70
Event: 7,549 Thread 0x00007f69d400a000 DEOPT UNPACKING pc=0x00007f69c5005229 sp=0x00007f69dde87ee8 mode 2
Event: 7,550 Thread 0x00007f69d400a000 Uncommon trap: trap_request=0xffffffc6 fr.pc=0x00007f69c5d64638
Event: 7,550 Thread 0x00007f69d400a000 DEOPT PACKING pc=0x00007f69c5d64638 sp=0x00007f69dde87fe0
Event: 7,550 Thread 0x00007f69d400a000 DEOPT UNPACKING pc=0x00007f69c5005229 sp=0x00007f69dde87f98 mode 2
Event: 7,550 Thread 0x00007f69d400a000 Uncommon trap: trap_request=0xffffffc6 fr.pc=0x00007f69c5d64638
Event: 7,550 Thread 0x00007f69d400a000 DEOPT PACKING pc=0x00007f69c5d64638 sp=0x00007f69dde87ea0
Event: 7,550 Thread 0x00007f69d400a000 DEOPT UNPACKING pc=0x00007f69c5005229 sp=0x00007f69dde87e58 mode 2
Event: 7,556 Executing VM operation: ParallelGCSystemGC


Dynamic libraries:
00400000-00401000 r-xp 00000000 08:05 8532988                            /usr/lib/jvm/java-8-oracle/bin/java
00600000-00601000 rw-p 00000000 08:05 8532988                            /usr/lib/jvm/java-8-oracle/bin/java
02048000-02069000 rw-p 00000000 00:00 0                                  [heap]
84c00000-89500000 rw-p 00000000 00:00 0 
89500000-d6f00000 ---p 00000000 00:00 0 
d6f00000-e7780000 rw-p 00000000 00:00 0 
e7780000-100000000 ---p 00000000 00:00 0 
100000000-100340000 rw-p 00000000 00:00 0 
100340000-140000000 ---p 00000000 00:00 0 
7f6964000000-7f6964021000 rw-p 00000000 00:00 0 
7f6964021000-7f6968000000 ---p 00000000 00:00 0 
7f6968000000-7f6968021000 rw-p 00000000 00:00 0 
7f6968021000-7f696c000000 ---p 00000000 00:00 0 
7f696c000000-7f696c021000 rw-p 00000000 00:00 0 
7f696c021000-7f6970000000 ---p 00000000 00:00 0 
7f6970000000-7f6970021000 rw-p 00000000 00:00 0 
7f6970021000-7f6974000000 ---p 00000000 00:00 0 
7f6974000000-7f6974021000 rw-p 00000000 00:00 0 
7f6974021000-7f6978000000 ---p 00000000 00:00 0 
7f6978000000-7f6978021000 rw-p 00000000 00:00 0 
7f6978021000-7f697c000000 ---p 00000000 00:00 0 
7f697c000000-7f697c021000 rw-p 00000000 00:00 0 
7f697c021000-7f6980000000 ---p 00000000 00:00 0 
7f6980000000-7f6980021000 rw-p 00000000 00:00 0 
7f6980021000-7f6984000000 ---p 00000000 00:00 0 
7f6984000000-7f6984021000 rw-p 00000000 00:00 0 
7f6984021000-7f6988000000 ---p 00000000 00:00 0 
7f6988000000-7f6988021000 rw-p 00000000 00:00 0 
7f6988021000-7f698c000000 ---p 00000000 00:00 0 
7f698c000000-7f698ce35000 rw-p 00000000 00:00 0 
7f698ce35000-7f6990000000 ---p 00000000 00:00 0 
7f6990000000-7f6990b45000 rw-p 00000000 00:00 0 
7f6990b45000-7f6994000000 ---p 00000000 00:00 0 
7f6994000000-7f6994021000 rw-p 00000000 00:00 0 
7f6994021000-7f6998000000 ---p 00000000 00:00 0 
7f6998000000-7f6998e01000 rw-p 00000000 00:00 0 
7f6998e01000-7f699c000000 ---p 00000000 00:00 0 
7f699c000000-7f699c021000 rw-p 00000000 00:00 0 
7f699c021000-7f69a0000000 ---p 00000000 00:00 0 
7f69a0000000-7f69a0021000 rw-p 00000000 00:00 0 
7f69a0021000-7f69a4000000 ---p 00000000 00:00 0 
7f69a4000000-7f69a4021000 rw-p 00000000 00:00 0 
7f69a4021000-7f69a8000000 ---p 00000000 00:00 0 
7f69a8000000-7f69a8021000 rw-p 00000000 00:00 0 
7f69a8021000-7f69ac000000 ---p 00000000 00:00 0 
7f69ac000000-7f69ac021000 rw-p 00000000 00:00 0 
7f69ac021000-7f69b0000000 ---p 00000000 00:00 0 
7f69b39fa000-7f69b39fd000 ---p 00000000 00:00 0 
7f69b39fd000-7f69b3afb000 rw-p 00000000 00:00 0 
7f69b3afb000-7f69b3afe000 ---p 00000000 00:00 0 
7f69b3afe000-7f69b3bfc000 rw-p 00000000 00:00 0 
7f69b3bfc000-7f69b3bff000 ---p 00000000 00:00 0 
7f69b3bff000-7f69b3cfd000 rw-p 00000000 00:00 0 
7f69b3cfd000-7f69b3d00000 ---p 00000000 00:00 0 
7f69b3d00000-7f69b3dfe000 rw-p 00000000 00:00 0 
7f69b3dfe000-7f69b3e01000 ---p 00000000 00:00 0 
7f69b3e01000-7f69b3eff000 rw-p 00000000 00:00 0 
7f69b3eff000-7f69b3f02000 ---p 00000000 00:00 0 
7f69b3f02000-7f69b4000000 rw-p 00000000 00:00 0 
7f69b4000000-7f69b4021000 rw-p 00000000 00:00 0 
7f69b4021000-7f69b8000000 ---p 00000000 00:00 0 
7f69b8023000-7f69b8026000 ---p 00000000 00:00 0 
7f69b8026000-7f69b8224000 rw-p 00000000 00:00 0 
7f69b8224000-7f69b8324000 ---p 00000000 00:00 0 
7f69b8383000-7f69b8583000 rw-p 00000000 00:00 0 
7f69b8583000-7f69b8783000 rw-p 00000000 00:00 0 
7f69b8783000-7f69b8983000 rw-p 00000000 00:00 0 
7f69b8a20000-7f69b8c20000 rw-p 00000000 00:00 0 
7f69b8c20000-7f69b8c22000 r--s 0000d000 08:05 2632035                    /home/devcx/.m2/repository/org/codehaus/plexus/plexus-interpolation/1.13/plexus-interpolation-1.13.jar
7f69b8c22000-7f69b8c23000 r--s 00001000 08:05 2632034                    /home/devcx/.m2/repository/org/sonatype/plexus/plexus-build-api/0.0.4/plexus-build-api-0.0.4.jar
7f69b8c23000-7f69b8c25000 r--s 00009000 08:05 2632032                    /home/devcx/.m2/repository/org/apache/maven/shared/maven-filtering/1.0/maven-filtering-1.0.jar
7f69b8d09000-7f69b8d0a000 r--s 00002000 08:05 2761673                    /home/devcx/.m2/repository/org/apache/maven/reporting/maven-reporting-api/2.0.9/maven-reporting-api-2.0.9.jar
7f69b8d0a000-7f69b8d0d000 r--s 00034000 08:05 2761667                    /home/devcx/.m2/repository/org/codehaus/plexus/plexus-utils/2.1/plexus-utils-2.1.jar
7f69b8d0d000-7f69b8d0f000 r--s 00006000 08:05 2761666                    /home/devcx/.m2/repository/org/apache/maven/shared/maven-common-artifact-filters/1.3/maven-common-artifact-filters-1.3.jar
7f69b8d0f000-7f69b8d11000 r--s 0000d000 08:05 2761664                    /home/devcx/.m2/repository/org/apache/maven/surefire/maven-surefire-common/2.10/maven-surefire-common-2.10.jar
7f69b8d11000-7f69b8d16000 r--s 00023000 08:05 2761663                    /home/devcx/.m2/repository/org/apache/maven/surefire/surefire-api/2.10/surefire-api-2.10.jar
7f69b8d16000-7f69b8d18000 r--s 00007000 08:05 2371089                    /home/devcx/.m2/repository/org/apache/maven/surefire/surefire-booter/2.10/surefire-booter-2.10.jar
7f69b8d18000-7f69b8d1a000 r--s 00006000 08:05 1972656                    /home/devcx/.m2/repository/org/apache/maven/plugins/maven-surefire-plugin/2.10/maven-surefire-plugin-2.10.jar
7f69b8d1a000-7f69b8d1f000 r--s 00041000 08:05 3022216                    /home/devcx/.m2/repository/commons-lang/commons-lang/2.6/commons-lang-2.6.jar
7f69b8d1f000-7f69b8d2d000 r--s 0007f000 08:05 3022215                    /home/devcx/.m2/repository/commons-collections/commons-collections/3.2.1/commons-collections-3.2.1.jar
7f69b8d2d000-7f69b8d2f000 r--s 00006000 08:05 3022214                    /home/devcx/.m2/repository/org/apache/maven/shared/maven-invoker/2.0.11/maven-invoker-2.0.11.jar
7f69b8d2f000-7f69b8d30000 r--s 00007000 08:05 2895379                    /home/devcx/.m2/repository/org/apache/maven/shared/maven-plugin-testing-harness/1.1/maven-plugin-testing-harness-1.1.jar
7f69b8d30000-7f69b8d32000 r--s 00006000 08:05 2895376                    /home/devcx/.m2/repository/org/apache/maven/shared/maven-common-artifact-filters/1.2/maven-common-artifact-filters-1.2.jar
7f69b8d32000-7f69b8d34000 r--s 00007000 08:05 2895375                    /home/devcx/.m2/repository/org/apache/maven/shared/maven-dependency-tree/1.2/maven-dependency-tree-1.2.jar
7f69b8d34000-7f69b8d36000 r--s 00009000 08:05 2895373                    /home/devcx/.m2/repository/asm/asm/3.0/asm-3.0.jar
7f69b8d36000-7f69b8d38000 r--s 00005000 08:05 2895372                    /home/devcx/.m2/repository/org/apache/maven/shared/maven-dependency-analyzer/1.2/maven-dependency-analyzer-1.2.jar
7f69b8d38000-7f69b8d3b000 r--s 0000c000 08:05 2895369                    /home/devcx/.m2/repository/org/codehaus/plexus/plexus-io/2.0/plexus-io-2.0.jar
7f69b8d3b000-7f69b8d3d000 r--s 00008000 08:05 2895367                    /home/devcx/.m2/repository/org/apache/maven/shared/maven-shared-io/1.1/maven-shared-io-1.1.jar
7f69b8d3d000-7f69b8d3f000 r--s 00008000 08:05 2895366                    /home/devcx/.m2/repository/org/apache/maven/shared/file-management/1.2.1/file-management-1.2.1.jar
7f69b8d3f000-7f69b8d43000 r--s 00034000 08:05 2895365                    /home/devcx/.m2/repository/org/codehaus/plexus/plexus-utils/3.0/plexus-utils-3.0.jar
7f69b8d43000-7f69b8d47000 r--s 00028000 08:05 2762729                    /home/devcx/.m2/repository/org/codehaus/plexus/plexus-archiver/2.0/plexus-archiver-2.0.jar
7f69b8d47000-7f69b8d49000 r--s 00004000 08:05 2895361                    /home/devcx/.m2/repository/org/apache/maven/doxia/doxia-module-xhtml/1.0/doxia-module-xhtml-1.0.jar
7f69b8d49000-7f69b8d4a000 r--s 00006000 08:05 2895359                    /home/devcx/.m2/repository/org/apache/maven/doxia/doxia-module-xdoc/1.0/doxia-module-xdoc-1.0.jar
7f69b8d4a000-7f69b8d4b000 r--s 00004000 08:05 2895358                    /home/devcx/.m2/repository/org/apache/maven/doxia/doxia-module-fml/1.0/doxia-module-fml-1.0.jar
7f69b8d4b000-7f69b8d4d000 r--s 0000a000 08:05 2762726                    /home/devcx/.m2/repository/org/apache/maven/doxia/doxia-module-apt/1.0/doxia-module-apt-1.0.jar
7f69b8d4d000-7f69b8d4e000 r--s 0000b000 08:05 2762723                    /home/devcx/.m2/repository/org/apache/maven/doxia/doxia-decoration-model/1.0/doxia-decoration-model-1.0.jar
7f69b8d4e000-7f69b8d56000 r--s 00058000 08:05 2762722                    /home/devcx/.m2/repository/org/apache/velocity/velocity/1.5/velocity-1.5.jar
7f69b8d56000-7f69b8d57000 r--s 00001000 08:05 2762720                    /home/devcx/.m2/repository/org/codehaus/plexus/plexus-velocity/1.1.7/plexus-velocity-1.1.7.jar
7f69b8d57000-7f69b8d58000 r--s 00002000 08:05 2762719                    /home/devcx/.m2/repository/org/codehaus/plexus/plexus-i18n/1.0-beta-7/plexus-i18n-1.0-beta-7.jar
7f69b8d58000-7f69b8d5a000 r--s 0000a000 08:05 2762716                    /home/devcx/.m2/repository/org/apache/maven/doxia/doxia-site-renderer/1.0/doxia-site-renderer-1.0.jar
7f69b8d5a000-7f69b8d5b000 r--s 00002000 08:05 2762715                    /home/devcx/.m2/repository/org/apache/maven/doxia/doxia-sink-api/1.0/doxia-sink-api-1.0.jar
7f69b8d5b000-7f69b8d60000 r--s 00016000 08:05 2499151                    /home/devcx/.m2/repository/xml-apis/xml-apis/1.0.b2/xml-apis-1.0.b2.jar
7f69b8d60000-7f69b8d62000 r--s 0000e000 08:05 2762714                    /home/devcx/.m2/repository/oro/oro/2.0.8/oro-2.0.8.jar
7f69b8d62000-7f69b8d64000 r--s 00008000 08:05 2895349                    /home/devcx/.m2/repository/commons-logging/commons-logging/1.0.4/commons-logging-1.0.4.jar
7f69b8d64000-7f69b8d68000 r--s 00026000 08:05 2895348                    /home/devcx/.m2/repository/commons-digester/commons-digester/1.6/commons-digester-1.6.jar
7f69b8d68000-7f69b8d6d000 r--s 0002a000 08:05 2895347                    /home/devcx/.m2/repository/commons-beanutils/commons-beanutils/1.7.0/commons-beanutils-1.7.0.jar
7f69b8d6d000-7f69b8d70000 r--s 00014000 08:05 2895345                    /home/devcx/.m2/repository/commons-validator/commons-validator/1.2.0/commons-validator-1.2.0.jar
7f69b8d70000-7f69b8d73000 r--s 00018000 08:05 2895343                    /home/devcx/.m2/repository/commons-io/commons-io/1.4/commons-io-1.4.jar
7f69b8d73000-7f69b8d75000 r--s 00009000 08:05 2895342                    /home/devcx/.m2/repository/org/apache/maven/shared/maven-doxia-tools/1.0.2/maven-doxia-tools-1.0.2.jar
7f69b8d75000-7f69b8d78000 r--s 0000b000 08:05 2762710                    /home/devcx/.m2/repository/org/apache/maven/doxia/doxia-core/1.0/doxia-core-1.0.jar
7f69b8d78000-7f69b8d7a000 r--s 00004000 08:05 2762709                    /home/devcx/.m2/repository/org/apache/maven/reporting/maven-reporting-impl/2.0.5/maven-reporting-impl-2.0.5.jar
7f69b8d7a000-7f69b8d7b000 r--s 00002000 08:05 2762708                    /home/devcx/.m2/repository/org/apache/maven/reporting/maven-reporting-api/3.0/maven-reporting-api-3.0.jar
7f69b8d7b000-7f69b8d7e000 r--s 0001e000 08:05 2107234                    /home/devcx/.m2/repository/org/apache/maven/plugins/maven-dependency-plugin/2.3/maven-dependency-plugin-2.3.jar
7f69b8d7e000-7f69b8df8000 r--s 010f7000 08:05 8533095                    /usr/lib/jvm/java-8-oracle/lib/tools.jar
7f69b8df8000-7f69b8dfa000 r--s 00002000 08:05 2760932                    /home/devcx/.m2/repository/org/codehaus/plexus/plexus-compiler-javac/1.8.1/plexus-compiler-javac-1.8.1.jar
7f69b8dfa000-7f69b8dfc000 r--s 00000000 08:05 2760934                    /home/devcx/.m2/repository/org/codehaus/plexus/plexus-compiler-manager/1.8.1/plexus-compiler-manager-1.8.1.jar
7f69b8dfc000-7f69b8dfd000 r--s 00004000 08:05 2760931                    /home/devcx/.m2/repository/org/codehaus/plexus/plexus-compiler-api/1.8.1/plexus-compiler-api-1.8.1.jar
7f69b8dfd000-7f69b8dff000 r--s 00006000 08:05 2107206                    /home/devcx/.m2/repository/org/apache/maven/plugins/maven-compiler-plugin/2.3.2/maven-compiler-plugin-2.3.2.jar
7f69b8dff000-7f69b8fff000 rw-p 00000000 00:00 0 
7f69b8fff000-7f69bc000000 rw-p 00000000 00:00 0 
7f69bc000000-7f69bc28e000 rw-p 00000000 00:00 0 
7f69bc28e000-7f69c0000000 ---p 00000000 00:00 0 
7f69c0000000-7f69c0004000 r--s 00033000 08:05 2632031                    /home/devcx/.m2/repository/org/codehaus/plexus/plexus-utils/2.0.5/plexus-utils-2.0.5.jar
7f69c0004000-7f69c0007000 r--s 0001b000 08:05 2632024                    /home/devcx/.m2/repository/junit/junit/3.8.1/junit-3.8.1.jar
7f69c0007000-7f69c0009000 r--s 00002000 08:05 2632025                    /home/devcx/.m2/repository/org/codehaus/plexus/plexus-interactivity-api/1.0-alpha-4/plexus-interactivity-api-1.0-alpha-4.jar
7f69c0009000-7f69c000b000 r--s 00006000 08:05 2632026                    /home/devcx/.m2/repository/commons-cli/commons-cli/1.0/commons-cli-1.0.jar
7f69c000b000-7f69c000c000 r--s 00001000 08:05 2632023                    /home/devcx/.m2/repository/org/apache/maven/doxia/doxia-sink-api/1.0-alpha-7/doxia-sink-api-1.0-alpha-7.jar
7f69c000c000-7f69c000d000 r--s 00002000 08:05 2632022                    /home/devcx/.m2/repository/org/apache/maven/reporting/maven-reporting-api/2.0.6/maven-reporting-api-2.0.6.jar
7f69c000d000-7f69c000f000 r--s 00005000 08:05 1972623                    /home/devcx/.m2/repository/org/apache/maven/plugins/maven-resources-plugin/2.5/maven-resources-plugin-2.5.jar
7f69c000f000-7f69c0020000 r-xp 00000000 08:05 8795859                    /usr/lib/jvm/java-8-oracle/jre/lib/amd64/libnio.so
7f69c0020000-7f69c021f000 ---p 00011000 08:05 8795859                    /usr/lib/jvm/java-8-oracle/jre/lib/amd64/libnio.so
7f69c021f000-7f69c0220000 rw-p 00010000 08:05 8795859                    /usr/lib/jvm/java-8-oracle/jre/lib/amd64/libnio.so
7f69c0220000-7f69c0237000 r-xp 00000000 08:05 8795856                    /usr/lib/jvm/java-8-oracle/jre/lib/amd64/libnet.so
7f69c0237000-7f69c0436000 ---p 00017000 08:05 8795856                    /usr/lib/jvm/java-8-oracle/jre/lib/amd64/libnet.so
7f69c0436000-7f69c0437000 rw-p 00016000 08:05 8795856                    /usr/lib/jvm/java-8-oracle/jre/lib/amd64/libnet.so
7f69c0437000-7f69c043a000 ---p 00000000 00:00 0 
7f69c043a000-7f69c0470000 rw-p 00000000 00:00 0 
7f69c0470000-7f69c0471000 r--p 00000000 00:00 0 
7f69c0471000-7f69c0671000 rw-p 00000000 00:00 0 
7f69c0671000-7f69c0676000 r--s 0009a000 08:05 8658135                    /usr/lib/jvm/java-8-oracle/jre/lib/jsse.jar
7f69c0676000-7f69c0876000 rw-p 00000000 00:00 0 
7f69c0876000-7f69c0880000 r--s 00116000 08:05 8658146                    /usr/lib/jvm/java-8-oracle/jre/lib/ext/localedata.jar
7f69c0880000-7f69c0881000 ---p 00000000 00:00 0 
7f69c0881000-7f69c0981000 rw-p 00000000 00:00 0 
7f69c0981000-7f69c0984000 ---p 00000000 00:00 0 
7f69c0984000-7f69c0a82000 rw-p 00000000 00:00 0 
7f69c0a82000-7f69c0a85000 ---p 00000000 00:00 0 
7f69c0a85000-7f69c0b83000 rw-p 00000000 00:00 0 
7f69c0b83000-7f69c0b86000 ---p 00000000 00:00 0 
7f69c0b86000-7f69c0c84000 rw-p 00000000 00:00 0 
7f69c0c84000-7f69c0c87000 ---p 00000000 00:00 0 
7f69c0c87000-7f69c0d85000 rw-p 00000000 00:00 0 
7f69c0d85000-7f69c0d88000 ---p 00000000 00:00 0 
7f69c0d88000-7f69c0e86000 rw-p 00000000 00:00 0 
7f69c0e86000-7f69c115f000 r--p 00000000 08:05 8258452                    /usr/lib/locale/locale-archive
7f69c115f000-7f69c1162000 ---p 00000000 00:00 0 
7f69c1162000-7f69c5000000 rw-p 00000000 00:00 0 
7f69c5000000-7f69c5da0000 rwxp 00000000 00:00 0 
7f69c5da0000-7f69d4000000 ---p 00000000 00:00 0 
7f69d4000000-7f69d4fa1000 rw-p 00000000 00:00 0 
7f69d4fa1000-7f69d8000000 ---p 00000000 00:00 0 
7f69d8000000-7f69d8002000 r--s 0000d000 08:05 2243065                    /home/devcx/node_modules/netbeans-8.2/java/maven-nblib/netbeans-eventspy.jar
7f69d8002000-7f69d8006000 r--s 00021000 08:05 2242995                    /home/devcx/node_modules/netbeans-8.2/java/maven/lib/maven-model-builder-3.0.5.jar
7f69d8006000-7f69d8022000 r--s 00393000 08:05 8658139                    /usr/lib/jvm/java-8-oracle/jre/lib/ext/cldrdata.jar
7f69d8022000-7f69d8023000 r--s 0000a000 08:05 2243056                    /home/devcx/node_modules/netbeans-8.2/java/maven/lib/maven-embedder-3.0.5.jar
7f69d8023000-7f69d8024000 r--s 00002000 08:05 2243043                    /home/devcx/node_modules/netbeans-8.2/java/maven/lib/wagon-http-shared-2.10.jar
7f69d8024000-7f69d8027000 r--s 00008000 08:05 2242942                    /home/devcx/node_modules/netbeans-8.2/java/maven/lib/maven-settings-builder-3.0.5.jar
7f69d8027000-7f69d802b000 r--s 00013000 08:05 2243076                    /home/devcx/node_modules/netbeans-8.2/java/maven/lib/aether-api-1.13.1.jar
7f69d802b000-7f69d802d000 r--s 0000c000 08:05 2242960                    /home/devcx/node_modules/netbeans-8.2/java/maven/lib/maven-aether-provider-3.0.5.jar
7f69d802d000-7f69d802f000 r--s 00000000 08:05 2242726                    /home/devcx/node_modules/netbeans-8.2/java/maven/lib/plexus-component-annotations-1.5.5.jar
7f69d802f000-7f69d8031000 r--s 00006000 08:05 2242913                    /home/devcx/node_modules/netbeans-8.2/java/maven/lib/aether-connector-wagon-1.13.1.jar
7f69d8031000-7f69d8038000 r--s 0002b000 08:05 2243016                    /home/devcx/node_modules/netbeans-8.2/java/maven/lib/sisu-inject-plexus-2.3.0.jar
7f69d8038000-7f69d8039000 r--s 00002000 08:05 2243085                    /home/devcx/node_modules/netbeans-8.2/java/maven/lib/wagon-file-2.10.jar
7f69d8039000-7f69d803b000 r--s 0000b000 08:05 2243028                    /home/devcx/node_modules/netbeans-8.2/java/maven/lib/wagon-provider-api-2.10.jar
7f69d803b000-7f69d803f000 r--s 00033000 08:05 2243068                    /home/devcx/node_modules/netbeans-8.2/java/maven/lib/plexus-utils-2.0.6.jar
7f69d803f000-7f69d806e000 r--s 001c8000 08:05 2243040                    /home/devcx/node_modules/netbeans-8.2/java/maven/lib/wagon-http-2.10-shaded.jar
7f69d806e000-7f69d8070000 r--s 0000b000 08:05 2243041                    /home/devcx/node_modules/netbeans-8.2/java/maven/lib/maven-plugin-api-3.0.5.jar
7f69d8070000-7f69d8072000 r--s 0000b000 08:05 2243055                    /home/devcx/node_modules/netbeans-8.2/java/maven/lib/maven-artifact-3.0.5.jar
7f69d8072000-7f69d8078000 r--s 0003f000 08:05 2243071                    /home/devcx/node_modules/netbeans-8.2/java/maven/lib/maven-compat-3.0.5.jar
7f69d8078000-7f69d8084000 r--s 0007d000 08:05 2243082                    /home/devcx/node_modules/netbeans-8.2/java/maven/lib/maven-core-3.0.5.jar
7f69d8084000-7f69d80a3000 r--s 00154000 08:05 2243083                    /home/devcx/node_modules/netbeans-8.2/java/maven/lib/sisu-guava-0.9.9.jar
7f69d80a3000-7f69d80a6000 r--s 0001d000 08:05 2243069                    /home/devcx/node_modules/netbeans-8.2/java/maven/lib/aether-impl-1.13.1.jar
7f69d80a6000-7f69d80a9000 ---p 00000000 00:00 0 
7f69d80a9000-7f69d81a7000 rw-p 00000000 00:00 0 
7f69d81a7000-7f69d81a8000 ---p 00000000 00:00 0 
7f69d81a8000-7f69d928a000 rw-p 00000000 00:00 0 
7f69d928a000-7f69d9463000 r--s 03d5a000 08:05 8658130                    /usr/lib/jvm/java-8-oracle/jre/lib/rt.jar
7f69d9463000-7f69da0b3000 rw-p 00000000 00:00 0 
7f69da0b3000-7f69da0b4000 ---p 00000000 00:00 0 
7f69da0b4000-7f69da1b4000 rw-p 00000000 00:00 0 
7f69da1b4000-7f69da1b5000 ---p 00000000 00:00 0 
7f69da1b5000-7f69da2b5000 rw-p 00000000 00:00 0 
7f69da2b5000-7f69da2b6000 ---p 00000000 00:00 0 
7f69da2b6000-7f69da3b6000 rw-p 00000000 00:00 0 
7f69da3b6000-7f69da3b7000 ---p 00000000 00:00 0 
7f69da3b7000-7f69da4dc000 rw-p 00000000 00:00 0 
7f69da4dc000-7f69da749000 ---p 00000000 00:00 0 
7f69da749000-7f69da76e000 rw-p 00000000 00:00 0 
7f69da76e000-7f69da9da000 ---p 00000000 00:00 0 
7f69da9da000-7f69daa5f000 rw-p 00000000 00:00 0 
7f69daa5f000-7f69dab23000 ---p 00000000 00:00 0 
7f69dab23000-7f69dab5b000 rw-p 00000000 00:00 0 
7f69dab5b000-7f69daee4000 ---p 00000000 00:00 0 
7f69daee4000-7f69daeff000 r-xp 00000000 08:05 8795852                    /usr/lib/jvm/java-8-oracle/jre/lib/amd64/libzip.so
7f69daeff000-7f69db0ff000 ---p 0001b000 08:05 8795852                    /usr/lib/jvm/java-8-oracle/jre/lib/amd64/libzip.so
7f69db0ff000-7f69db100000 rw-p 0001b000 08:05 8795852                    /usr/lib/jvm/java-8-oracle/jre/lib/amd64/libzip.so
7f69db100000-7f69db10b000 r-xp 00000000 08:05 8912980                    /lib/x86_64-linux-gnu/libnss_files-2.23.so
7f69db10b000-7f69db30a000 ---p 0000b000 08:05 8912980                    /lib/x86_64-linux-gnu/libnss_files-2.23.so
7f69db30a000-7f69db30b000 r--p 0000a000 08:05 8912980                    /lib/x86_64-linux-gnu/libnss_files-2.23.so
7f69db30b000-7f69db30c000 rw-p 0000b000 08:05 8912980                    /lib/x86_64-linux-gnu/libnss_files-2.23.so
7f69db30c000-7f69db312000 rw-p 00000000 00:00 0 
7f69db312000-7f69db31d000 r-xp 00000000 08:05 8912983                    /lib/x86_64-linux-gnu/libnss_nis-2.23.so
7f69db31d000-7f69db51c000 ---p 0000b000 08:05 8912983                    /lib/x86_64-linux-gnu/libnss_nis-2.23.so
7f69db51c000-7f69db51d000 r--p 0000a000 08:05 8912983                    /lib/x86_64-linux-gnu/libnss_nis-2.23.so
7f69db51d000-7f69db51e000 rw-p 0000b000 08:05 8912983                    /lib/x86_64-linux-gnu/libnss_nis-2.23.so
7f69db51e000-7f69db534000 r-xp 00000000 08:05 8912910                    /lib/x86_64-linux-gnu/libnsl-2.23.so
7f69db534000-7f69db733000 ---p 00016000 08:05 8912910                    /lib/x86_64-linux-gnu/libnsl-2.23.so
7f69db733000-7f69db734000 r--p 00015000 08:05 8912910                    /lib/x86_64-linux-gnu/libnsl-2.23.so
7f69db734000-7f69db735000 rw-p 00016000 08:05 8912910                    /lib/x86_64-linux-gnu/libnsl-2.23.so
7f69db735000-7f69db737000 rw-p 00000000 00:00 0 
7f69db737000-7f69db73f000 r-xp 00000000 08:05 8912989                    /lib/x86_64-linux-gnu/libnss_compat-2.23.so
7f69db73f000-7f69db93e000 ---p 00008000 08:05 8912989                    /lib/x86_64-linux-gnu/libnss_compat-2.23.so
7f69db93e000-7f69db93f000 r--p 00007000 08:05 8912989                    /lib/x86_64-linux-gnu/libnss_compat-2.23.so
7f69db93f000-7f69db940000 rw-p 00008000 08:05 8912989                    /lib/x86_64-linux-gnu/libnss_compat-2.23.so
7f69db940000-7f69db96b000 r-xp 00000000 08:05 8795846                    /usr/lib/jvm/java-8-oracle/jre/lib/amd64/libjava.so
7f69db96b000-7f69dbb6a000 ---p 0002b000 08:05 8795846                    /usr/lib/jvm/java-8-oracle/jre/lib/amd64/libjava.so
7f69dbb6a000-7f69dbb6c000 rw-p 0002a000 08:05 8795846                    /usr/lib/jvm/java-8-oracle/jre/lib/amd64/libjava.so
7f69dbb6c000-7f69dbb79000 r-xp 00000000 08:05 8795851                    /usr/lib/jvm/java-8-oracle/jre/lib/amd64/libverify.so
7f69dbb79000-7f69dbd79000 ---p 0000d000 08:05 8795851                    /usr/lib/jvm/java-8-oracle/jre/lib/amd64/libverify.so
7f69dbd79000-7f69dbd7b000 rw-p 0000d000 08:05 8795851                    /usr/lib/jvm/java-8-oracle/jre/lib/amd64/libverify.so
7f69dbd7b000-7f69dbd82000 r-xp 00000000 08:05 8912985                    /lib/x86_64-linux-gnu/librt-2.23.so
7f69dbd82000-7f69dbf81000 ---p 00007000 08:05 8912985                    /lib/x86_64-linux-gnu/librt-2.23.so
7f69dbf81000-7f69dbf82000 r--p 00006000 08:05 8912985                    /lib/x86_64-linux-gnu/librt-2.23.so
7f69dbf82000-7f69dbf83000 rw-p 00007000 08:05 8912985                    /lib/x86_64-linux-gnu/librt-2.23.so
7f69dbf83000-7f69dc08b000 r-xp 00000000 08:05 8912994                    /lib/x86_64-linux-gnu/libm-2.23.so
7f69dc08b000-7f69dc28a000 ---p 00108000 08:05 8912994                    /lib/x86_64-linux-gnu/libm-2.23.so
7f69dc28a000-7f69dc28b000 r--p 00107000 08:05 8912994                    /lib/x86_64-linux-gnu/libm-2.23.so
7f69dc28b000-7f69dc28c000 rw-p 00108000 08:05 8912994                    /lib/x86_64-linux-gnu/libm-2.23.so
7f69dc28c000-7f69dcf5f000 r-xp 00000000 08:05 8795829                    /usr/lib/jvm/java-8-oracle/jre/lib/amd64/server/libjvm.so
7f69dcf5f000-7f69dd15e000 ---p 00cd3000 08:05 8795829                    /usr/lib/jvm/java-8-oracle/jre/lib/amd64/server/libjvm.so
7f69dd15e000-7f69dd238000 rw-p 00cd2000 08:05 8795829                    /usr/lib/jvm/java-8-oracle/jre/lib/amd64/server/libjvm.so
7f69dd238000-7f69dd283000 rw-p 00000000 00:00 0 
7f69dd283000-7f69dd443000 r-xp 00000000 08:05 8917478                    /lib/x86_64-linux-gnu/libc-2.23.so
7f69dd443000-7f69dd643000 ---p 001c0000 08:05 8917478                    /lib/x86_64-linux-gnu/libc-2.23.so
7f69dd643000-7f69dd647000 r--p 001c0000 08:05 8917478                    /lib/x86_64-linux-gnu/libc-2.23.so
7f69dd647000-7f69dd649000 rw-p 001c4000 08:05 8917478                    /lib/x86_64-linux-gnu/libc-2.23.so
7f69dd649000-7f69dd64d000 rw-p 00000000 00:00 0 
7f69dd64d000-7f69dd650000 r-xp 00000000 08:05 8912988                    /lib/x86_64-linux-gnu/libdl-2.23.so
7f69dd650000-7f69dd84f000 ---p 00003000 08:05 8912988                    /lib/x86_64-linux-gnu/libdl-2.23.so
7f69dd84f000-7f69dd850000 r--p 00002000 08:05 8912988                    /lib/x86_64-linux-gnu/libdl-2.23.so
7f69dd850000-7f69dd851000 rw-p 00003000 08:05 8912988                    /lib/x86_64-linux-gnu/libdl-2.23.so
7f69dd851000-7f69dd867000 r-xp 00000000 08:05 8657984                    /usr/lib/jvm/java-8-oracle/lib/amd64/jli/libjli.so
7f69dd867000-7f69dda66000 ---p 00016000 08:05 8657984                    /usr/lib/jvm/java-8-oracle/lib/amd64/jli/libjli.so
7f69dda66000-7f69dda67000 rw-p 00015000 08:05 8657984                    /usr/lib/jvm/java-8-oracle/lib/amd64/jli/libjli.so
7f69dda67000-7f69dda7f000 r-xp 00000000 08:05 8912982                    /lib/x86_64-linux-gnu/libpthread-2.23.so
7f69dda7f000-7f69ddc7e000 ---p 00018000 08:05 8912982                    /lib/x86_64-linux-gnu/libpthread-2.23.so
7f69ddc7e000-7f69ddc7f000 r--p 00017000 08:05 8912982                    /lib/x86_64-linux-gnu/libpthread-2.23.so
7f69ddc7f000-7f69ddc80000 rw-p 00018000 08:05 8912982                    /lib/x86_64-linux-gnu/libpthread-2.23.so
7f69ddc80000-7f69ddc84000 rw-p 00000000 00:00 0 
7f69ddc84000-7f69ddcaa000 r-xp 00000000 08:05 8912913                    /lib/x86_64-linux-gnu/ld-2.23.so
7f69ddcaa000-7f69ddcac000 r--s 00009000 08:05 2243086                    /home/devcx/node_modules/netbeans-8.2/java/maven/lib/commons-cli-1.2.jar
7f69ddcac000-7f69ddcae000 r--s 00006000 08:05 2242847                    /home/devcx/node_modules/netbeans-8.2/java/maven/lib/maven-repository-metadata-3.0.5.jar
7f69ddcae000-7f69ddcb0000 r--s 0000a000 08:05 2243057                    /home/devcx/node_modules/netbeans-8.2/java/maven/lib/maven-settings-3.0.5.jar
7f69ddcb0000-7f69ddcb1000 r--s 00006000 08:05 2242996                    /home/devcx/node_modules/netbeans-8.2/java/maven/lib/plexus-sec-dispatcher-1.3.jar
7f69ddcb1000-7f69ddcb9000 r--s 00050000 08:05 2243027                    /home/devcx/node_modules/netbeans-8.2/java/maven/lib/sisu-guice-3.1.0-no_aop.jar
7f69ddcb9000-7f69ddcbb000 r--s 00002000 08:05 2243075                    /home/devcx/node_modules/netbeans-8.2/java/maven/lib/plexus-cipher-1.7.jar
7f69ddcbb000-7f69ddcbf000 r--s 0001c000 08:05 2243070                    /home/devcx/node_modules/netbeans-8.2/java/maven/lib/aether-util-1.13.1.jar
7f69ddcbf000-7f69ddd8a000 rw-p 00000000 00:00 0 
7f69ddd8a000-7f69ddd8d000 ---p 00000000 00:00 0 
7f69ddd8d000-7f69dde8f000 rw-p 00000000 00:00 0 
7f69dde8f000-7f69dde90000 r--s 00003000 08:05 2243077                    /home/devcx/node_modules/netbeans-8.2/java/maven/lib/aether-spi-1.13.1.jar
7f69dde90000-7f69dde92000 r--s 0000d000 08:05 2242997                    /home/devcx/node_modules/netbeans-8.2/java/maven/lib/plexus-interpolation-1.14.jar
7f69dde92000-7f69dde94000 r--s 00026000 08:05 2243074                    /home/devcx/node_modules/netbeans-8.2/java/maven/lib/maven-model-3.0.5.jar
7f69dde94000-7f69dde9b000 r--s 0003f000 08:05 2243042                    /home/devcx/node_modules/netbeans-8.2/java/maven/lib/sisu-inject-bean-2.3.0.jar
7f69dde9b000-7f69dde9d000 r--s 0000a000 08:05 2243030                    /home/devcx/node_modules/netbeans-8.2/java/maven/boot/plexus-classworlds-2.4.jar
7f69dde9d000-7f69ddea5000 rw-s 00000000 08:05 3154105                    /tmp/hsperfdata_devcx/18890
7f69ddea5000-7f69ddea6000 rw-p 00000000 00:00 0 
7f69ddea6000-7f69ddea7000 ---p 00000000 00:00 0 
7f69ddea7000-7f69ddea9000 rw-p 00000000 00:00 0 
7f69ddea9000-7f69ddeaa000 r--p 00025000 08:05 8912913                    /lib/x86_64-linux-gnu/ld-2.23.so
7f69ddeaa000-7f69ddeab000 rw-p 00026000 08:05 8912913                    /lib/x86_64-linux-gnu/ld-2.23.so
7f69ddeab000-7f69ddeac000 rw-p 00000000 00:00 0 
7ffded070000-7ffded091000 rw-p 00000000 00:00 0                          [stack]
7ffded0b0000-7ffded0b2000 r--p 00000000 00:00 0                          [vvar]
7ffded0b2000-7ffded0b4000 r-xp 00000000 00:00 0                          [vdso]
ffffffffff600000-ffffffffff601000 r-xp 00000000 00:00 0                  [vsyscall]

VM Arguments:
jvm_args: -Dclassworlds.conf=/home/devcx/node_modules/netbeans-8.2/java/maven/bin/m2.conf -Dmaven.home=/home/devcx/node_modules/netbeans-8.2/java/maven 
java_command: org.codehaus.plexus.classworlds.launcher.Launcher -Dmaven.ext.class.path=/home/devcx/node_modules/netbeans-8.2/java/maven-nblib/netbeans-eventspy.jar install
java_class_path (initial): /home/devcx/node_modules/netbeans-8.2/java/maven/boot/plexus-classworlds-2.4.jar
Launcher Type: SUN_STANDARD

Environment Variables:
JAVA_HOME=/usr/lib/jvm/java-8-oracle
PATH=/home/devcx/bin:/home/devcx/.local/bin:/usr/local/sbin:/usr/local/bin:/usr/sbin:/usr/bin:/sbin:/bin:/usr/games:/usr/local/games:/snap/bin:/usr/lib/jvm/java-8-oracle/bin:/usr/lib/jvm/java-8-oracle/db/bin:/usr/lib/jvm/java-8-oracle/jre/bin
LD_LIBRARY_PATH=/usr/lib/jvm/java-8-oracle/jre/lib/amd64:/usr/lib/jvm/java-8-oracle/jre/lib/i386:
SHELL=/bin/bash
DISPLAY=:0

Signal Handlers:
SIGSEGV: [libjvm.so+0xacbe10], sa_mask[0]=11111111011111111101111111111110, sa_flags=SA_RESTART|SA_SIGINFO
SIGBUS: [libjvm.so+0xacbe10], sa_mask[0]=11111111011111111101111111111110, sa_flags=SA_RESTART|SA_SIGINFO
SIGFPE: [libjvm.so+0x924f90], sa_mask[0]=11111111011111111101111111111110, sa_flags=SA_RESTART|SA_SIGINFO
SIGPIPE: [libjvm.so+0x924f90], sa_mask[0]=11111111011111111101111111111110, sa_flags=SA_RESTART|SA_SIGINFO
SIGXFSZ: [libjvm.so+0x924f90], sa_mask[0]=11111111011111111101111111111110, sa_flags=SA_RESTART|SA_SIGINFO
SIGILL: [libjvm.so+0x924f90], sa_mask[0]=11111111011111111101111111111110, sa_flags=SA_RESTART|SA_SIGINFO
SIGUSR1: SIG_DFL, sa_mask[0]=00000000000000000000000000000000, sa_flags=none
SIGUSR2: [libjvm.so+0x9267d0], sa_mask[0]=00100000000000000000000000000000, sa_flags=SA_RESTART|SA_SIGINFO
SIGHUP: [libjvm.so+0x927bd0], sa_mask[0]=11111111011111111101111111111110, sa_flags=SA_RESTART|SA_SIGINFO
SIGINT: SIG_IGN, sa_mask[0]=00000000000000000000000000000000, sa_flags=none
SIGTERM: [libjvm.so+0x927bd0], sa_mask[0]=11111111011111111101111111111110, sa_flags=SA_RESTART|SA_SIGINFO
SIGQUIT: [libjvm.so+0x927bd0], sa_mask[0]=11111111011111111101111111111110, sa_flags=SA_RESTART|SA_SIGINFO


---------------  S Y S T E M  ---------------

OS:DISTRIB_ID=Ubuntu
DISTRIB_RELEASE=16.04
DISTRIB_CODENAME=xenial
DISTRIB_DESCRIPTION="Ubuntu 16.04.3 LTS"

uname:Linux 4.4.0-101-generic #124-Ubuntu SMP Fri Nov 10 18:29:59 UTC 2017 x86_64
libc:glibc 2.23 NPTL 2.23 
rlimit: STACK 8192k, CORE 0k, NPROC 31392, NOFILE 1048576, AS infinity
load average:3,07 9,28 6,93

/proc/meminfo:
MemTotal:        8077220 kB
MemFree:         2476972 kB
MemAvailable:    4591796 kB
Buffers:          247960 kB
Cached:          2736688 kB
SwapCached:        86096 kB
Active:          3419908 kB
Inactive:        1847848 kB
Active(anon):    1952624 kB
Inactive(anon):  1068860 kB
Active(file):    1467284 kB
Inactive(file):   778988 kB
Unevictable:         192 kB
Mlocked:             192 kB
SwapTotal:       4882428 kB
SwapFree:        4620404 kB
Dirty:              2548 kB
Writeback:             0 kB
AnonPages:       2206892 kB
Mapped:           397604 kB
Shmem:            738292 kB
Slab:             221732 kB
SReclaimable:     173956 kB
SUnreclaim:        47776 kB
KernelStack:       10352 kB
PageTables:        43312 kB
NFS_Unstable:          0 kB
Bounce:                0 kB
WritebackTmp:          0 kB
CommitLimit:     8921036 kB
Committed_AS:    7739852 kB
VmallocTotal:   34359738367 kB
VmallocUsed:           0 kB
VmallocChunk:          0 kB
HardwareCorrupted:     0 kB
AnonHugePages:   1349632 kB
CmaTotal:              0 kB
CmaFree:               0 kB
HugePages_Total:       0
HugePages_Free:        0
HugePages_Rsvd:        0
HugePages_Surp:        0
Hugepagesize:       2048 kB
DirectMap4k:      197228 kB
DirectMap2M:     8095744 kB


CPU:total 4 (initial active 4) (2 cores per cpu, 2 threads per core) family 6 model 42 stepping 7, cmov, cx8, fxsr, mmx, sse, sse2, sse3, ssse3, sse4.1, sse4.2, popcnt, avx, aes, clmul, ht, tsc, tscinvbit

/proc/cpuinfo:
processor	: 0
vendor_id	: GenuineIntel
cpu family	: 6
model		: 42
model name	: Intel(R) Core(TM) i5-2410M CPU @ 2.30GHz
stepping	: 7
microcode	: 0x25
cpu MHz		: 2699.984
cache size	: 3072 KB
physical id	: 0
siblings	: 4
core id		: 0
cpu cores	: 2
apicid		: 0
initial apicid	: 0
fpu		: yes
fpu_exception	: yes
cpuid level	: 13
wp		: yes
flags		: fpu vme de pse tsc msr pae mce cx8 apic sep mtrr pge mca cmov pat pse36 clflush dts acpi mmx fxsr sse sse2 ss ht tm pbe syscall nx rdtscp lm constant_tsc arch_perfmon pebs bts rep_good nopl xtopology nonstop_tsc aperfmperf eagerfpu pni pclmulqdq dtes64 monitor ds_cpl vmx est tm2 ssse3 cx16 xtpr pdcm pcid sse4_1 sse4_2 x2apic popcnt tsc_deadline_timer aes xsave avx lahf_lm epb tpr_shadow vnmi flexpriority ept vpid xsaveopt dtherm ida arat pln pts
bugs		:
bogomips	: 4589.60
clflush size	: 64
cache_alignment	: 64
address sizes	: 36 bits physical, 48 bits virtual
power management:

processor	: 1
vendor_id	: GenuineIntel
cpu family	: 6
model		: 42
model name	: Intel(R) Core(TM) i5-2410M CPU @ 2.30GHz
stepping	: 7
microcode	: 0x25
cpu MHz		: 2699.984
cache size	: 3072 KB
physical id	: 0
siblings	: 4
core id		: 1
cpu cores	: 2
apicid		: 2
initial apicid	: 2
fpu		: yes
fpu_exception	: yes
cpuid level	: 13
wp		: yes
flags		: fpu vme de pse tsc msr pae mce cx8 apic sep mtrr pge mca cmov pat pse36 clflush dts acpi mmx fxsr sse sse2 ss ht tm pbe syscall nx rdtscp lm constant_tsc arch_perfmon pebs bts rep_good nopl xtopology nonstop_tsc aperfmperf eagerfpu pni pclmulqdq dtes64 monitor ds_cpl vmx est tm2 ssse3 cx16 xtpr pdcm pcid sse4_1 sse4_2 x2apic popcnt tsc_deadline_timer aes xsave avx lahf_lm epb tpr_shadow vnmi flexpriority ept vpid xsaveopt dtherm ida arat pln pts
bugs		:
bogomips	: 4589.60
clflush size	: 64
cache_alignment	: 64
address sizes	: 36 bits physical, 48 bits virtual
power management:

processor	: 2
vendor_id	: GenuineIntel
cpu family	: 6
model		: 42
model name	: Intel(R) Core(TM) i5-2410M CPU @ 2.30GHz
stepping	: 7
microcode	: 0x25
cpu MHz		: 2699.984
cache size	: 3072 KB
physical id	: 0
siblings	: 4
core id		: 0
cpu cores	: 2
apicid		: 1
initial apicid	: 1
fpu		: yes
fpu_exception	: yes
cpuid level	: 13
wp		: yes
flags		: fpu vme de pse tsc msr pae mce cx8 apic sep mtrr pge mca cmov pat pse36 clflush dts acpi mmx fxsr sse sse2 ss ht tm pbe syscall nx rdtscp lm constant_tsc arch_perfmon pebs bts rep_good nopl xtopology nonstop_tsc aperfmperf eagerfpu pni pclmulqdq dtes64 monitor ds_cpl vmx est tm2 ssse3 cx16 xtpr pdcm pcid sse4_1 sse4_2 x2apic popcnt tsc_deadline_timer aes xsave avx lahf_lm epb tpr_shadow vnmi flexpriority ept vpid xsaveopt dtherm ida arat pln pts
bugs		:
bogomips	: 4589.60
clflush size	: 64
cache_alignment	: 64
address sizes	: 36 bits physical, 48 bits virtual
power management:

processor	: 3
vendor_id	: GenuineIntel
cpu family	: 6
model		: 42
model name	: Intel(R) Core(TM) i5-2410M CPU @ 2.30GHz
stepping	: 7
microcode	: 0x25
cpu MHz		: 2699.984
cache size	: 3072 KB
physical id	: 0
siblings	: 4
core id		: 1
cpu cores	: 2
apicid		: 3
initial apicid	: 3
fpu		: yes
fpu_exception	: yes
cpuid level	: 13
wp		: yes
flags		: fpu vme de pse tsc msr pae mce cx8 apic sep mtrr pge mca cmov pat pse36 clflush dts acpi mmx fxsr sse sse2 ss ht tm pbe syscall nx rdtscp lm constant_tsc arch_perfmon pebs bts rep_good nopl xtopology nonstop_tsc aperfmperf eagerfpu pni pclmulqdq dtes64 monitor ds_cpl vmx est tm2 ssse3 cx16 xtpr pdcm pcid sse4_1 sse4_2 x2apic popcnt tsc_deadline_timer aes xsave avx lahf_lm epb tpr_shadow vnmi flexpriority ept vpid xsaveopt dtherm ida arat pln pts
bugs		:
bogomips	: 4589.60
clflush size	: 64
cache_alignment	: 64
address sizes	: 36 bits physical, 48 bits virtual
power management:



Memory: 4k page, physical 8077220k(2476972k free), swap 4882428k(4620404k free)

vm_info: Java HotSpot(TM) 64-Bit Server VM (25.151-b12) for linux-amd64 JRE (1.8.0_151-b12), built on Sep  5 2017 19:20:58 by "java_re" with gcc 4.3.0 20080428 (Red Hat 4.3.0-8)

time: Tue Nov 28 18:07:13 2017
elapsed time: 7 seconds (0d 0h 0m 7s)

